---------------------------------------------
Log C:\Program Files (x86)\Steam\steamapps\common\DayZServer\ServerProfile\crash_2020-07-10_14-23-42.log started at 10.07. 14:33:55



------------------------------------
NCC-1701, 10.07 2020 14:33:55
NULL pointer to instance
Class:      'CustomMission'
Function: 'StartingEquipSetup'
Stack trace:
$CurrentDir:mpmissions\dayzOffline.chernarusplus\init.c:100
scripts/5_Mission/mission\missionserver.c:370
scripts/5_Mission/mission\missionserver.c:405
scripts/5_Mission/mission\missionserver.c:164
scripts/3_Game/dayzgame.c:1293

Runtime mode
CLI params: config serverDZ.cfg profiles ServerProfile limitFPS 30 


------------------------------------
NCC-1701, 10.07 2020 14:44:31
NULL pointer to instance
Class:      'CustomMission'
Function: 'StartingEquipSetup'
Stack trace:
$CurrentDir:mpmissions\dayzOffline.chernarusplus\init.c:100
scripts/5_Mission/mission\missionserver.c:370
scripts/5_Mission/mission\missionserver.c:405
scripts/5_Mission/mission\missionserver.c:164
scripts/3_Game/dayzgame.c:1293

Runtime mode
CLI params: config serverDZ.cfg profiles ServerProfile limitFPS 30 


------------------------------------
NCC-1701, 10.07 2020 14:56:22
NULL pointer to instance
Class:      'CustomMission'
Function: 'StartingEquipSetup'
Stack trace:
$CurrentDir:mpmissions\dayzOffline.chernarusplus\init.c:100
scripts/5_Mission/mission\missionserver.c:379
scripts/5_Mission/mission\missionserver.c:405
scripts/5_Mission/mission\missionserver.c:164
scripts/3_Game/dayzgame.c:1293

Runtime mode
CLI params: config serverDZ.cfg profiles ServerProfile limitFPS 30 


------------------------------------
NCC-1701, 10.07 2020 14:58:42
NULL pointer to instance
Class:      'CustomMission'
Function: 'StartingEquipSetup'
Stack trace:
$CurrentDir:mpmissions\dayzOffline.chernarusplus\init.c:100
scripts/5_Mission/mission\missionserver.c:379
scripts/5_Mission/mission\missionserver.c:405
scripts/5_Mission/mission\missionserver.c:164
scripts/3_Game/dayzgame.c:1293

Runtime mode
CLI params: config serverDZ.cfg profiles ServerProfile limitFPS 30 


------------------------------------
NCC-1701, 10.07 2020 16:03:12
NULL pointer to instance
Class:      'CustomMission'
Function: 'StartingEquipSetup'
Stack trace:
$CurrentDir:mpmissions\dayzOffline.chernarusplus\init.c:100
scripts/5_Mission/mission\missionserver.c:370
scripts/5_Mission/mission\missionserver.c:405
scripts/5_Mission/mission\missionserver.c:164
scripts/3_Game/dayzgame.c:1293

Runtime mode
CLI params: config serverDZ.cfg profiles ServerProfile limitFPS 30 


------------------------------------
NCC-1701, 10.07 2020 16:06:00
NULL pointer to instance
Class:      'CustomMission'
Function: 'StartingEquipSetup'
Stack trace:
$CurrentDir:mpmissions\dayzOffline.chernarusplus\init.c:100
scripts/5_Mission/mission\missionserver.c:370
scripts/5_Mission/mission\missionserver.c:405
scripts/5_Mission/mission\missionserver.c:164
scripts/3_Game/dayzgame.c:1293

Runtime mode
CLI params: config serverDZ.cfg profiles ServerProfile limitFPS 30 
