---------------------------------------------
Log C:\Program Files (x86)\Steam\steamapps\common\DayZServer\ServerProfile\crash_2020-07-10_16-24-55.log started at 10.07. 16:26:54



------------------------------------
NCC-1701, 10.07 2020 16:26:54
NULL pointer to instance
Class:      'CustomMission'
Function: 'StartingEquipSetup'
Stack trace:
$CurrentDir:mpmissions\dayzOffline.chernarusplus\init.c:100
scripts/5_Mission/mission\missionserver.c:379
scripts/5_Mission/mission\missionserver.c:405
scripts/5_Mission/mission\missionserver.c:164
scripts/3_Game/dayzgame.c:1293

Runtime mode
CLI params: config serverDZ.cfg profiles ServerProfile limitFPS 30 


------------------------------------
NCC-1701, 10.07 2020 16:27:56
NULL pointer to instance
Class:      'CustomMission'
Function: 'StartingEquipSetup'
Stack trace:
$CurrentDir:mpmissions\dayzOffline.chernarusplus\init.c:100
scripts/5_Mission/mission\missionserver.c:379
scripts/5_Mission/mission\missionserver.c:405
scripts/5_Mission/mission\missionserver.c:164
scripts/3_Game/dayzgame.c:1293

Runtime mode
CLI params: config serverDZ.cfg profiles ServerProfile limitFPS 30 


------------------------------------
NCC-1701, 10.07 2020 16:40:57
NULL pointer to instance
Class:      'CustomMission'
Function: 'StartingEquipSetup'
Stack trace:
$CurrentDir:mpmissions\dayzOffline.chernarusplus\init.c:100
scripts/5_Mission/mission\missionserver.c:370
scripts/5_Mission/mission\missionserver.c:405
scripts/5_Mission/mission\missionserver.c:164
scripts/3_Game/dayzgame.c:1293

Runtime mode
CLI params: config serverDZ.cfg profiles ServerProfile limitFPS 30 


------------------------------------
NCC-1701, 10.07 2020 19:00:09
NULL pointer to instance
Class:      'CustomMission'
Function: 'StartingEquipSetup'
Stack trace:
$CurrentDir:mpmissions\dayzOffline.chernarusplus\init.c:100
scripts/5_Mission/mission\missionserver.c:370
scripts/5_Mission/mission\missionserver.c:405
scripts/5_Mission/mission\missionserver.c:164
scripts/3_Game/dayzgame.c:1293

Runtime mode
CLI params: config serverDZ.cfg profiles ServerProfile limitFPS 30 


------------------------------------
NCC-1701, 10.07 2020 20:53:01
NULL pointer to instance
Class:      'CustomMission'
Function: 'StartingEquipSetup'
Stack trace:
$CurrentDir:mpmissions\dayzOffline.chernarusplus\init.c:100
scripts/5_Mission/mission\missionserver.c:379
scripts/5_Mission/mission\missionserver.c:405
scripts/5_Mission/mission\missionserver.c:164
scripts/3_Game/dayzgame.c:1293

Runtime mode
CLI params: config serverDZ.cfg profiles ServerProfile limitFPS 30 


------------------------------------
NCC-1701, 10.07 2020 20:55:02
NULL pointer to instance
Class:      'CustomMission'
Function: 'StartingEquipSetup'
Stack trace:
$CurrentDir:mpmissions\dayzOffline.chernarusplus\init.c:100
scripts/5_Mission/mission\missionserver.c:379
scripts/5_Mission/mission\missionserver.c:405
scripts/5_Mission/mission\missionserver.c:164
scripts/3_Game/dayzgame.c:1293

Runtime mode
CLI params: config serverDZ.cfg profiles ServerProfile limitFPS 30 


------------------------------------
NCC-1701, 10.07 2020 20:57:49
NULL pointer to instance
Class:      'CustomMission'
Function: 'StartingEquipSetup'
Stack trace:
$CurrentDir:mpmissions\dayzOffline.chernarusplus\init.c:100
scripts/5_Mission/mission\missionserver.c:370
scripts/5_Mission/mission\missionserver.c:405
scripts/5_Mission/mission\missionserver.c:164
scripts/3_Game/dayzgame.c:1293

Runtime mode
CLI params: config serverDZ.cfg profiles ServerProfile limitFPS 30 


------------------------------------
NCC-1701, 10.07 2020 21:03:57
NULL pointer to instance
Class:      'CustomMission'
Function: 'StartingEquipSetup'
Stack trace:
$CurrentDir:mpmissions\dayzOffline.chernarusplus\init.c:100
scripts/5_Mission/mission\missionserver.c:370
scripts/5_Mission/mission\missionserver.c:405
scripts/5_Mission/mission\missionserver.c:164
scripts/3_Game/dayzgame.c:1293

Runtime mode
CLI params: config serverDZ.cfg profiles ServerProfile limitFPS 30 


------------------------------------
NCC-1701, 10.07 2020 21:05:45
NULL pointer to instance
Class:      'CustomMission'
Function: 'StartingEquipSetup'
Stack trace:
$CurrentDir:mpmissions\dayzOffline.chernarusplus\init.c:100
scripts/5_Mission/mission\missionserver.c:370
scripts/5_Mission/mission\missionserver.c:405
scripts/5_Mission/mission\missionserver.c:164
scripts/3_Game/dayzgame.c:1293

Runtime mode
CLI params: config serverDZ.cfg profiles ServerProfile limitFPS 30 


------------------------------------
NCC-1701, 10.07 2020 21:11:42
NULL pointer to instance
Class:      'CustomMission'
Function: 'StartingEquipSetup'
Stack trace:
$CurrentDir:mpmissions\dayzOffline.chernarusplus\init.c:100
scripts/5_Mission/mission\missionserver.c:370
scripts/5_Mission/mission\missionserver.c:405
scripts/5_Mission/mission\missionserver.c:164
scripts/3_Game/dayzgame.c:1293

Runtime mode
CLI params: config serverDZ.cfg profiles ServerProfile limitFPS 30 
