---------------------------------------------
Log C:\Program Files (x86)\Steam\steamapps\common\DayZServer\ServerProfile\crash_2020-07-11_07-40-39.log started at 11.07. 07:41:45



------------------------------------
NCC-1701, 11.07 2020 07:41:45
NULL pointer to instance
Class:      'CustomMission'
Function: 'StartingEquipSetup'
Stack trace:
$CurrentDir:mpmissions\dayzOffline.chernarusplus\init.c:100
scripts/5_Mission/mission\missionserver.c:379
scripts/5_Mission/mission\missionserver.c:405
scripts/5_Mission/mission\missionserver.c:164
scripts/3_Game/dayzgame.c:1293

Runtime mode
CLI params: config serverDZ.cfg profiles ServerProfile limitFPS 120 


------------------------------------
NCC-1701, 11.07 2020 07:55:27
NULL pointer to instance
Class:      'CustomMission'
Function: 'StartingEquipSetup'
Stack trace:
$CurrentDir:mpmissions\dayzOffline.chernarusplus\init.c:100
scripts/5_Mission/mission\missionserver.c:379
scripts/5_Mission/mission\missionserver.c:405
scripts/5_Mission/mission\missionserver.c:164
scripts/3_Game/dayzgame.c:1293

Runtime mode
CLI params: config serverDZ.cfg profiles ServerProfile limitFPS 120 
