

=====================================================================
== C:\Program Files (x86)\Steam\steamapps\common\DayZServer\DayZServer_x64.exe
== DayZServer_x64.exe  -config=serverDZ.cfg -profiles=ServerProfile -limitFPS=30
=====================================================================
Exe timestamp: 2020/07/10 13:13:22
Current time:  2020/07/10 16:24:55

Version 1.08.153258
16:24:55.897 [Inputs] Loading inputs default "bin/constants.xml"
16:24:55.897 [Inputs] Loading inputs default "bin/specific.xml"
16:24:55.897 !!! [Inputs] Invalid input name used "UAUIInspectItem" for context "ui" in "bin/specific.xml"
16:24:55.897 [Inputs] Loading inputs cfg "ServerProfile\Users\Survivor\Server.core.xml"
16:24:55.897 !!! [Inputs] Cannot read inputs cfg "ServerProfile\Users\Survivor\Server.core.xml", parser error
16:24:55.897 [Inputs] Loading inputs cfg "bin/core.xml"
16:24:55.897 !!! [Inputs] Cannot load input preset "user", file does not exist
16:24:55.897 [Inputs] Exporting inputs cfg "ServerProfile\Users\Survivor\Server.core.xml"
16:25:08.897 [CE][Hive] :: Initializing OFFLINE
16:25:08.897 [CE][Hive] :: Loading core data ... 
16:25:08.897 [CE][CoreData] :: 7 root classes, 18 defaults, 0 updaters...
16:25:08.928 [CE][offlineDB] :: Conversion of characters started.
16:25:08.959 [CE][offlineDB] :: Processing 0 players.
16:25:08.959 [CE][offlineDB] :: Conversion of characters successfully completed.
16:25:11.19 [CE] :: WARNING :: Preset map "optics" is EMPTY.
16:25:11.19 [CE] :: WARNING :: Preset (attachments) with name 'bagsCity' was not found.
16:25:11.19 [CE] :: WARNING :: Preset (attachments) with name 'bagsCity' was not found.
16:25:11.19 [CE] :: WARNING :: Preset (attachments) with name 'bagsCity' was not found.
16:25:11.19 [CE] :: WARNING :: Preset (attachments) with name 'bagsCity' was not found.
16:25:11.19 [CE] :: WARNING :: Preset (attachments) with name 'bagsCity' was not found.
16:25:11.19 [CE] :: WARNING :: Preset (attachments) with name 'bagsCity' was not found.
16:25:11.19 [CE] :: WARNING :: Preset (attachments) with name 'bagsCity' was not found.
16:25:11.19 [CE] :: WARNING :: Preset (attachments) with name 'bagsCity' was not found.
16:25:11.19 [CE] :: WARNING :: Preset (attachments) with name 'bagsCity' was not found.
16:25:11.19 [CE] :: WARNING :: Preset (attachments) with name 'bagsCity' was not found.
16:25:11.19 [CE] :: WARNING :: Preset (attachments) with name 'bagsCity' was not found.
16:25:11.19 [CE] :: WARNING :: Preset (attachments) with name 'bagsCity' was not found.
16:25:11.19 [CE] :: WARNING :: Preset (attachments) with name 'bagsCity' was not found.
16:25:11.19 [CE] :: WARNING :: Preset (attachments) with name 'bagsCity' was not found.
16:25:11.19 [CE] :: WARNING :: Preset (attachments) with name 'hatsCitySkate' was not found.
16:25:11.19 [CE] :: WARNING :: Preset (attachments) with name 'bagsCity' was not found.
16:25:11.19 [CE] :: WARNING :: Preset (attachments) with name 'hatsCitySkate' was not found.
16:25:11.19 [CE] :: WARNING :: Preset (attachments) with name 'bagsCity' was not found.
16:25:11.19 [CE] :: WARNING :: Preset (attachments) with name 'hatsCitySkate' was not found.
16:25:11.19 [CE] :: WARNING :: Preset (attachments) with name 'bagsCity' was not found.
16:25:11.19 [CE] :: WARNING :: Preset (attachments) with name 'bagsCity' was not found.
16:25:11.19 [CE] :: WARNING :: Preset (attachments) with name 'bagsCity' was not found.
16:25:11.19 [CE] :: WARNING :: Preset (attachments) with name 'bagsCity' was not found.
16:25:11.19 [CE] :: WARNING :: Preset (attachments) with name 'bagsCity' was not found.
16:25:11.19 [CE] :: WARNING :: Preset (attachments) with name 'bagsCity' was not found.
16:25:11.19 [CE] :: WARNING :: Preset (attachments) with name 'bagsCity' was not found.
16:25:11.19 [CE] :: WARNING :: Preset (attachments) with name 'bagsCity' was not found.
16:25:11.19 [CE] :: WARNING :: Preset (attachments) with name 'bagsCity' was not found.
16:25:11.19 [CE] :: WARNING :: Preset (attachments) with name 'bagsCity' was not found.
16:25:11.19 [CE] :: WARNING :: Preset (attachments) with name 'bagsCity' was not found.
16:25:11.19 [CE] :: WARNING :: Preset (attachments) with name 'bagsCity' was not found.
16:25:11.19 [CE] :: WARNING :: Preset (attachments) with name 'bagsCity' was not found.
16:25:11.19 [CE] :: WARNING :: Preset (attachments) with name 'bagsCity' was not found.
16:25:11.19 [CE] :: WARNING :: Preset (attachments) with name 'bagsCity' was not found.
16:25:11.19 [CE] :: WARNING :: Preset (attachments) with name 'bagsCity' was not found.
16:25:11.19 [CE] :: WARNING :: Preset (attachments) with name 'bagsCity' was not found.
16:25:11.19 [CE] :: WARNING :: Preset (attachments) with name 'bagsCity' was not found.
16:25:11.19 [CE] :: WARNING :: Preset (attachments) with name 'bagsCity' was not found.
16:25:11.19 [CE] :: WARNING :: Preset (attachments) with name 'bagsCity' was not found.
16:25:11.19 [CE] :: WARNING :: Preset (attachments) with name 'bagsCity' was not found.
16:25:11.19 [CE] :: WARNING :: Preset (attachments) with name 'bagsCity' was not found.
16:25:11.19 [CE] :: WARNING :: Preset (attachments) with name 'bagsCity' was not found.
16:25:11.19 [CE] :: WARNING :: Preset (attachments) with name 'bagsCity' was not found.
16:25:11.19 [CE] :: WARNING :: Preset (attachments) with name 'bagsCity' was not found.
16:25:11.19 [CE] :: WARNING :: Preset (attachments) with name 'bagsCity' was not found.
16:25:11.19 [CE] :: WARNING :: Preset (attachments) with name 'hatsMotorbike' was not found.
16:25:11.19 [CE] :: WARNING :: Preset (attachments) with name 'hatsMotorbike' was not found.
16:25:11.19 [CE] :: WARNING :: Preset (attachments) with name 'hatsMotorbike' was not found.
16:25:11.19 [CE] :: WARNING :: Preset (attachments) with name 'hatsCitySkate' was not found.
16:25:11.19 [CE] :: WARNING :: Preset (attachments) with name 'bagsCity' was not found.
16:25:11.19 [CE] :: WARNING :: Preset (attachments) with name 'hatsCitySkate' was not found.
16:25:11.19 [CE] :: WARNING :: Preset (attachments) with name 'bagsCity' was not found.
16:25:11.19 [CE] :: WARNING :: Preset (attachments) with name 'hatsCitySkate' was not found.
16:25:11.19 [CE] :: WARNING :: Preset (attachments) with name 'bagsCity' was not found.
16:25:11.19 [CE] :: WARNING :: Preset (attachments) with name 'hatsCitySkate' was not found.
16:25:11.19 [CE] :: WARNING :: Preset (attachments) with name 'bagsCity' was not found.
16:25:11.19 [CE] :: WARNING :: Preset (attachments) with name 'hatsIndustrial' was not found.
16:25:11.19 [CE] :: WARNING :: Preset (attachments) with name 'bagsIndustrial' was not found.
16:25:11.19 [CE] :: WARNING :: Preset (attachments) with name 'hatsIndustrial' was not found.
16:25:11.19 [CE] :: WARNING :: Preset (attachments) with name 'bagsIndustrial' was not found.
16:25:11.19 [CE] :: WARNING :: Preset (attachments) with name 'hatsIndustrial' was not found.
16:25:11.19 [CE] :: WARNING :: Preset (attachments) with name 'bagsIndustrial' was not found.
16:25:11.19 [CE] :: WARNING :: Preset (attachments) with name 'hatsIndustrial' was not found.
16:25:11.19 [CE] :: WARNING :: Preset (attachments) with name 'bagsIndustrial' was not found.
16:25:11.19 [CE] :: WARNING :: Preset (attachments) with name 'hatsIndustrial' was not found.
16:25:11.19 [CE] :: WARNING :: Preset (attachments) with name 'bagsIndustrial' was not found.
16:25:11.19 [CE] :: WARNING :: Preset (attachments) with name 'hatsIndustrial' was not found.
16:25:11.19 [CE] :: WARNING :: Preset (attachments) with name 'bagsIndustrial' was not found.
16:25:11.19 [CE] :: WARNING :: Preset (attachments) with name 'hatsIndustrial' was not found.
16:25:11.19 [CE] :: WARNING :: Preset (attachments) with name 'bagsIndustrial' was not found.
16:25:11.19 [CE] :: WARNING :: Preset (attachments) with name 'hatsIndustrial' was not found.
16:25:11.19 [CE] :: WARNING :: Preset (attachments) with name 'bagsIndustrial' was not found.
16:25:11.19 [CE] :: WARNING :: Preset (attachments) with name 'hatsIndustrial' was not found.
16:25:11.19 [CE] :: WARNING :: Preset (attachments) with name 'bagsIndustrial' was not found.
16:25:11.19 [CE] :: WARNING :: Preset (attachments) with name 'hatsIndustrial' was not found.
16:25:11.19 [CE] :: WARNING :: Preset (attachments) with name 'bagsIndustrial' was not found.
16:25:11.19 [CE] :: WARNING :: Preset (attachments) with name 'hatsIndustrial' was not found.
16:25:11.19 [CE] :: WARNING :: Preset (attachments) with name 'bagsIndustrial' was not found.
16:25:11.19 [CE] :: WARNING :: Preset (attachments) with name 'hatsIndustrial' was not found.
16:25:11.19 [CE] :: WARNING :: Preset (attachments) with name 'bagsIndustrial' was not found.
16:25:11.19 [CE] :: WARNING :: Preset (attachments) with name 'hatsIndustrial' was not found.
16:25:11.19 [CE] :: WARNING :: Preset (attachments) with name 'bagsIndustrial' was not found.
16:25:11.19 [CE] :: WARNING :: Preset (attachments) with name 'hatsIndustrial' was not found.
16:25:11.19 [CE] :: WARNING :: Preset (attachments) with name 'bagsIndustrial' was not found.
16:25:11.19 [CE] :: WARNING :: Preset (attachments) with name 'hatsIndustrial' was not found.
16:25:11.19 [CE] :: WARNING :: Preset (attachments) with name 'bagsIndustrial' was not found.
16:25:11.19 [CE] :: WARNING :: Preset (attachments) with name 'hatsIndustrial' was not found.
16:25:11.19 [CE] :: WARNING :: Preset (attachments) with name 'bagsIndustrial' was not found.
16:25:11.19 [CE] :: WARNING :: Preset (attachments) with name 'hatsIndustrial' was not found.
16:25:11.19 [CE] :: WARNING :: Preset (attachments) with name 'bagsIndustrial' was not found.
16:25:11.19 [CE] :: WARNING :: Preset (attachments) with name 'hatsIndustrial' was not found.
16:25:11.19 [CE] :: WARNING :: Preset (attachments) with name 'bagsIndustrial' was not found.
16:25:11.19 [CE] :: WARNING :: Preset (attachments) with name 'hatsIndustrial' was not found.
16:25:11.19 [CE] :: WARNING :: Preset (attachments) with name 'bagsIndustrial' was not found.
16:25:11.19 [CE] :: WARNING :: Preset (attachments) with name 'hatsIndustrial' was not found.
16:25:11.19 [CE] :: WARNING :: Preset (attachments) with name 'bagsIndustrial' was not found.
16:25:11.19 [CE] :: WARNING :: Preset (attachments) with name 'hatsIndustrial' was not found.
16:25:11.19 [CE] :: WARNING :: Preset (attachments) with name 'bagsIndustrial' was not found.
16:25:11.19 [CE] :: WARNING :: Preset (attachments) with name 'hatsIndustrial' was not found.
16:25:11.19 [CE] :: WARNING :: Preset (attachments) with name 'bagsIndustrial' was not found.
16:25:11.19 [CE] :: WARNING :: Preset (attachments) with name 'hatsIndustrial' was not found.
16:25:11.19 [CE] :: WARNING :: Preset (attachments) with name 'bagsIndustrial' was not found.
16:25:11.19 [CE] :: WARNING :: Preset (attachments) with name 'hatsIndustrial' was not found.
16:25:11.19 [CE] :: WARNING :: Preset (attachments) with name 'bagsIndustrial' was not found.
16:25:11.19 [CE] :: WARNING :: Preset (attachments) with name 'hatsIndustrial' was not found.
16:25:11.19 [CE] :: WARNING :: Preset (attachments) with name 'bagsIndustrial' was not found.
16:25:11.19 [CE] :: WARNING :: Preset (attachments) with name 'hatsIndustrial' was not found.
16:25:11.19 [CE] :: WARNING :: Preset (attachments) with name 'bagsIndustrial' was not found.
16:25:11.19 [CE] :: WARNING :: Preset (attachments) with name 'hatsFirefighter' was not found.
16:25:11.19 [CE] :: WARNING :: Preset (attachments) with name 'hatsMedic' was not found.
16:25:11.19 [CE] :: WARNING :: Preset (attachments) with name 'hatsMedic' was not found.
16:25:11.19 [CE] :: WARNING :: Preset (attachments) with name 'hatsPolice' was not found.
16:25:11.19 [CE] :: WARNING :: Preset (attachments) with name 'vestsPolice' was not found.
16:25:11.19 [CE] :: WARNING :: Preset (attachments) with name 'hatsPolice' was not found.
16:25:11.19 [CE] :: WARNING :: Preset (attachments) with name 'vestsPolice' was not found.
16:25:11.19 [CE] :: WARNING :: Preset (attachments) with name 'hatsPolice' was not found.
16:25:11.19 [CE] :: WARNING :: Preset (attachments) with name 'vestsPolice' was not found.
16:25:11.19 [CE] :: WARNING :: Preset (attachments) with name 'hatsPrisoner' was not found.
16:25:11.19 [CE] :: WARNING :: Preset (attachments) with name 'hatsFarm' was not found.
16:25:11.19 [CE] :: WARNING :: Preset (attachments) with name 'hatsFarm' was not found.
16:25:11.19 [CE] :: WARNING :: Preset (attachments) with name 'hatsFarm' was not found.
16:25:11.19 [CE] :: WARNING :: Preset (attachments) with name 'hatsFarm' was not found.
16:25:11.19 [CE] :: WARNING :: Preset (attachments) with name 'hatsFarm' was not found.
16:25:11.19 [CE] :: WARNING :: Preset (attachments) with name 'hatsFarm' was not found.
16:25:11.19 [CE] :: WARNING :: Preset (attachments) with name 'hatsFarm' was not found.
16:25:11.19 [CE] :: WARNING :: Preset (attachments) with name 'hatsFarm' was not found.
16:25:11.19 [CE] :: WARNING :: Preset (attachments) with name 'hatsFarm' was not found.
16:25:11.19 [CE] :: WARNING :: Preset (attachments) with name 'hatsFarm' was not found.
16:25:11.19 [CE] :: WARNING :: Preset (attachments) with name 'hatsFarm' was not found.
16:25:11.19 [CE] :: WARNING :: Preset (attachments) with name 'hatsFarm' was not found.
16:25:11.19 [CE] :: WARNING :: Preset (attachments) with name 'hatsFarm' was not found.
16:25:11.19 [CE] :: WARNING :: Preset (attachments) with name 'hatsFarm' was not found.
16:25:11.19 [CE] :: WARNING :: Preset (attachments) with name 'hatsFarm' was not found.
16:25:11.19 [CE] :: WARNING :: Preset (attachments) with name 'hatsFarm' was not found.
16:25:11.19 [CE] :: WARNING :: Preset (attachments) with name 'hatsFarm' was not found.
16:25:11.19 [CE] :: WARNING :: Preset (attachments) with name 'hatsFarm' was not found.
16:25:11.19 [CE] :: WARNING :: Preset (attachments) with name 'hatsFarm' was not found.
16:25:11.19 [CE] :: WARNING :: Preset (attachments) with name 'hatsFarm' was not found.
16:25:11.19 [CE] :: WARNING :: Preset (attachments) with name 'hatsFarm' was not found.
16:25:11.19 [CE] :: WARNING :: Preset (attachments) with name 'hatsFarm' was not found.
16:25:11.19 [CE] :: WARNING :: Preset (attachments) with name 'hatsFarm' was not found.
16:25:11.19 [CE] :: WARNING :: Preset (attachments) with name 'hatsFarm' was not found.
16:25:11.19 [CE] :: WARNING :: Preset (attachments) with name 'hatsFarm' was not found.
16:25:11.19 [CE] :: WARNING :: Preset (attachments) with name 'hatsFarm' was not found.
16:25:11.19 [CE] :: WARNING :: Preset (attachments) with name 'hatsFarm' was not found.
16:25:11.19 [CE] :: WARNING :: Preset (attachments) with name 'hatsFarm' was not found.
16:25:11.19 [CE] :: WARNING :: Preset (attachments) with name 'hatsFarm' was not found.
16:25:11.19 [CE] :: WARNING :: Preset (attachments) with name 'hatsFarm' was not found.
16:25:11.19 [CE] :: WARNING :: Preset (attachments) with name 'hatsFarm' was not found.
16:25:11.19 [CE] :: WARNING :: Preset (attachments) with name 'hatsFarm' was not found.
16:25:11.19 [CE] :: WARNING :: Preset (attachments) with name 'hatsFarm' was not found.
16:25:11.19 [CE][TypeSetup] :: 263 classes setuped...
16:25:11.98 [CE][RegisterBind] :: 0 classes binded...
16:25:11.98 [CE][RegisterConfig] :: 2924 config classes registered, 1 sub-counters...
16:25:11.98 [CE][Hive] :: Loading map data ... 
16:25:11.129 !!! [CE] :: Unknown category: 'vehicleparts'.
16:25:11.129 !!! [CE] :: Unknown category: 'vehicleparts'.
16:25:11.129 !!! [CE] :: Unknown category: 'vehicleparts'.
16:25:11.129 !!! [CE] :: Unknown category: 'vehicleparts'.
16:25:11.129 !!! [CE] :: Unknown category: 'vehicleparts'.
16:25:11.129 !!! [CE] :: Unknown category: 'vehicleparts'.
16:25:11.129 !!! [CE] :: Unknown category: 'vehicleparts'.
16:25:11.129 !!! [CE] :: Unknown category: 'vehicleparts'.
16:25:11.129 !!! [CE] :: Unknown category: 'vehicleparts'.
16:25:11.129 !!! [CE] :: Unknown category: 'vehicleparts'.
16:25:11.129 !!! [CE] :: Unknown category: 'vehicleparts'.
16:25:11.129 !!! [CE] :: Unknown category: 'vehicleparts'.
16:25:11.129 !!! [CE] :: Unknown category: 'vehicleparts'.
16:25:11.129 !!! [CE] :: Unknown category: 'vehicleparts'.
16:25:11.129 !!! [CE] :: Unknown category: 'vehicleparts'.
16:25:11.129 !!! [CE] :: Unknown category: 'vehicleparts'.
16:25:11.129 !!! [CE] :: Unknown category: 'vehicleparts'.
16:25:11.129 !!! [CE] :: Unknown category: 'vehicleparts'.
16:25:11.129 !!! [CE] :: Unknown category: 'vehicleparts'.
16:25:11.129 !!! [CE] :: Unknown category: 'vehicleparts'.
16:25:11.129 !!! [CE] :: Unknown category: 'vehicleparts'.
16:25:11.129 !!! [CE] :: Unknown category: 'vehicleparts'.
16:25:11.129 !!! [CE] :: Unknown category: 'vehicleparts'.
16:25:11.129 !!! [CE] :: Unknown category: 'vehicleparts'.
16:25:11.129 [CE][LoadPrototype] :: loaded 329 prototypes
16:25:11.129   701 containers, 9117 points
16:25:11.129   24 dispatches, 90 proxies
16:25:11.129 !!! [CE][LoadPrototype] 12 groups have no points...
16:25:11.129 !!![CE][LoadPrototype]  3 groups have wrong points...
16:25:11.129 [CE][LoadPrototype] :: last group name: Land_Lunapark_Autodrome...
16:25:11.144 [CE][LoadPrototype] :: loaded 0 prototypes
16:25:11.144   0 containers, 0 points
16:25:11.144   0 dispatches, 0 proxies
16:25:11.144 [CE][LoadPrototype] :: last group name: Rail9...
16:25:11.644 [CE][LoadMap] "Group" :: loaded 11599 groups, largest group range: 34.2
16:25:11.660 [CE][LoadMap] "Dirt" :: loaded 0 groups, largest group range: 34.2
16:25:12.66 [CE][Links] found 1896 total links between groups, of 11599
16:25:12.66 [CE][LoadClusters] "Cluster" :: Loading files...
16:25:12.254 [CE][LoadClusters] :: file: "mapgroupcluster.xml", 9 types, 50000 instances
16:25:12.441 [CE][LoadClusters] :: file: "mapgroupcluster01", 9 types, 50000 instances
16:25:12.644 [CE][LoadClusters] :: file: "mapgroupcluster02", 9 types, 50000 instances
16:25:12.847 [CE][LoadClusters] :: file: "mapgroupcluster03", 9 types, 50000 instances
16:25:12.941 [CE][LoadClusters] :: file: "mapgroupcluster04", 9 types, 17229 instances
16:25:12.941 [CE][Storage] ver:0 stamp:0, valid:NO, name:"mpmissions\dayzOffline.chernarusplus\storage_1\data\types.bin"
16:25:12.941 [CE][Storage] ver:0 stamp:0, valid:NO, name:"mpmissions\dayzOffline.chernarusplus\storage_1\data\types.001"
16:25:12.941 [CE][Storage] ver:0 stamp:0, valid:NO, name:"mpmissions\dayzOffline.chernarusplus\storage_1\data\types.002"
16:25:12.957 [CE][offlineDB] :: Loaded 37 dynamic events 216 total types 0 total positions.
16:25:12.972 !!! [CE] :: Unknown usage: 'Lunapark'.
16:25:12.972 [CE][Storage] ver:0 stamp:0, valid:NO, name:"mpmissions\dayzOffline.chernarusplus\storage_1\data\events.bin"
16:25:12.972 [CE][Storage] ver:0 stamp:0, valid:NO, name:"mpmissions\dayzOffline.chernarusplus\storage_1\data\events.001"
16:25:12.972 [CE][Storage] ver:0 stamp:0, valid:NO, name:"mpmissions\dayzOffline.chernarusplus\storage_1\data\events.002"
16:25:12.972 [CE][Storage] ver:0 stamp:0, valid:NO, name:"mpmissions\dayzOffline.chernarusplus\storage_1\data\dynamic_000.bin"
16:25:12.972 [CE][Storage] ver:0 stamp:0, valid:NO, name:"mpmissions\dayzOffline.chernarusplus\storage_1\data\dynamic_000.001"
16:25:12.972 [CE][Storage] ver:0 stamp:0, valid:NO, name:"mpmissions\dayzOffline.chernarusplus\storage_1\data\dynamic_000.002"
16:25:12.972 [CE][Storage] ver:0 stamp:0, valid:NO, name:"mpmissions\dayzOffline.chernarusplus\storage_1\data\dynamic_001.bin"
16:25:12.972 [CE][Storage] ver:0 stamp:0, valid:NO, name:"mpmissions\dayzOffline.chernarusplus\storage_1\data\dynamic_001.001"
16:25:12.972 [CE][Storage] ver:0 stamp:0, valid:NO, name:"mpmissions\dayzOffline.chernarusplus\storage_1\data\dynamic_001.002"
16:25:12.972 [CE][Storage] ver:0 stamp:0, valid:NO, name:"mpmissions\dayzOffline.chernarusplus\storage_1\data\dynamic_002.bin"
16:25:12.972 [CE][Storage] ver:0 stamp:0, valid:NO, name:"mpmissions\dayzOffline.chernarusplus\storage_1\data\dynamic_002.001"
16:25:12.972 [CE][Storage] ver:0 stamp:0, valid:NO, name:"mpmissions\dayzOffline.chernarusplus\storage_1\data\dynamic_002.002"
16:25:12.972 [CE][Storage] ver:0 stamp:0, valid:NO, name:"mpmissions\dayzOffline.chernarusplus\storage_1\data\dynamic_003.bin"
16:25:12.972 [CE][Storage] ver:0 stamp:0, valid:NO, name:"mpmissions\dayzOffline.chernarusplus\storage_1\data\dynamic_003.001"
16:25:12.972 [CE][Storage] ver:0 stamp:0, valid:NO, name:"mpmissions\dayzOffline.chernarusplus\storage_1\data\dynamic_003.002"
16:25:12.972 [CE][Storage] ver:0 stamp:0, valid:NO, name:"mpmissions\dayzOffline.chernarusplus\storage_1\data\dynamic_004.bin"
16:25:12.972 [CE][Storage] ver:0 stamp:0, valid:NO, name:"mpmissions\dayzOffline.chernarusplus\storage_1\data\dynamic_004.001"
16:25:12.972 [CE][Storage] ver:0 stamp:0, valid:NO, name:"mpmissions\dayzOffline.chernarusplus\storage_1\data\dynamic_004.002"
16:25:12.972 [CE][Storage] ver:0 stamp:0, valid:NO, name:"mpmissions\dayzOffline.chernarusplus\storage_1\data\dynamic_005.bin"
16:25:12.972 [CE][Storage] ver:0 stamp:0, valid:NO, name:"mpmissions\dayzOffline.chernarusplus\storage_1\data\dynamic_005.001"
16:25:12.972 [CE][Storage] ver:0 stamp:0, valid:NO, name:"mpmissions\dayzOffline.chernarusplus\storage_1\data\dynamic_005.002"
16:25:12.972 [CE][Storage] ver:0 stamp:0, valid:NO, name:"mpmissions\dayzOffline.chernarusplus\storage_1\data\dynamic_006.bin"
16:25:12.972 [CE][Storage] ver:0 stamp:0, valid:NO, name:"mpmissions\dayzOffline.chernarusplus\storage_1\data\dynamic_006.001"
16:25:12.972 [CE][Storage] ver:0 stamp:0, valid:NO, name:"mpmissions\dayzOffline.chernarusplus\storage_1\data\dynamic_006.002"
16:25:12.972 [CE][Storage] ver:0 stamp:0, valid:NO, name:"mpmissions\dayzOffline.chernarusplus\storage_1\data\dynamic_007.bin"
16:25:12.972 [CE][Storage] ver:0 stamp:0, valid:NO, name:"mpmissions\dayzOffline.chernarusplus\storage_1\data\dynamic_007.001"
16:25:12.972 [CE][Storage] ver:0 stamp:0, valid:NO, name:"mpmissions\dayzOffline.chernarusplus\storage_1\data\dynamic_007.002"
16:25:12.972 [CE][Storage] ver:0 stamp:0, valid:NO, name:"mpmissions\dayzOffline.chernarusplus\storage_1\data\dynamic_008.bin"
16:25:12.972 [CE][Storage] ver:0 stamp:0, valid:NO, name:"mpmissions\dayzOffline.chernarusplus\storage_1\data\dynamic_008.001"
16:25:12.972 [CE][Storage] ver:0 stamp:0, valid:NO, name:"mpmissions\dayzOffline.chernarusplus\storage_1\data\dynamic_008.002"
16:25:12.972 [CE][Storage] ver:0 stamp:0, valid:NO, name:"mpmissions\dayzOffline.chernarusplus\storage_1\data\dynamic_009.bin"
16:25:12.972 [CE][Storage] ver:0 stamp:0, valid:NO, name:"mpmissions\dayzOffline.chernarusplus\storage_1\data\dynamic_009.001"
16:25:12.972 [CE][Storage] ver:0 stamp:0, valid:NO, name:"mpmissions\dayzOffline.chernarusplus\storage_1\data\dynamic_009.002"
16:25:12.972 [CE][Storage] ver:0 stamp:0, valid:NO, name:"mpmissions\dayzOffline.chernarusplus\storage_1\data\dynamic_010.bin"
16:25:12.972 [CE][Storage] ver:0 stamp:0, valid:NO, name:"mpmissions\dayzOffline.chernarusplus\storage_1\data\dynamic_010.001"
16:25:12.972 [CE][Storage] ver:0 stamp:0, valid:NO, name:"mpmissions\dayzOffline.chernarusplus\storage_1\data\dynamic_010.002"
16:25:12.972 [CE][Storage] ver:0 stamp:0, valid:NO, name:"mpmissions\dayzOffline.chernarusplus\storage_1\data\dynamic_011.bin"
16:25:12.972 [CE][Storage] ver:0 stamp:0, valid:NO, name:"mpmissions\dayzOffline.chernarusplus\storage_1\data\dynamic_011.001"
16:25:12.972 [CE][Storage] ver:0 stamp:0, valid:NO, name:"mpmissions\dayzOffline.chernarusplus\storage_1\data\dynamic_011.002"
16:25:12.972 [CE][Storage] ver:0 stamp:0, valid:NO, name:"mpmissions\dayzOffline.chernarusplus\storage_1\data\vehicles.bin"
16:25:12.972 [CE][Storage] ver:0 stamp:0, valid:NO, name:"mpmissions\dayzOffline.chernarusplus\storage_1\data\vehicles.001"
16:25:12.972 [CE][Storage] ver:0 stamp:0, valid:NO, name:"mpmissions\dayzOffline.chernarusplus\storage_1\data\vehicles.002"
16:25:12.972 [CE][Hive] :: Empty storage folder, reinitializing ... 
16:25:12.972 [CE][Hive] :: Initializing ... 
16:25:12.988 [CE][InitializeMap] :: initialized: 0
16:25:12.988 [CE][Hive] :: Initializing spawners ... 
16:25:14.113 [CE][LootRespawner] (PRIDummy) :: Item [0] causing search overtime: "HatchbackHood_WhiteRust"
16:25:14.113 [CE][LootRespawner] (PRIDummy) :: Item [1] causing search overtime: "HatchbackHood_WhiteRust"
16:25:14.113 [CE][LootRespawner] (PRIDummy) :: Item [2] causing search overtime: "HatchbackHood_WhiteRust"
16:25:14.113 [CE][LootRespawner] (PRIDummy) :: Item [3] causing search overtime: "HatchbackHood_WhiteRust"
16:25:14.113 [CE][LootRespawner] (PRIDummy) :: Item [4] causing search overtime: "HatchbackHood_WhiteRust"
16:25:14.113 [CE][LootRespawner] (PRIDummy) :: Item [5] causing search overtime: "HatchbackHood_WhiteRust"
16:25:14.113 [CE][LootRespawner] (PRIDummy) :: Item [6] causing search overtime: "HatchbackHood_WhiteRust"
16:25:14.113 [CE][LootRespawner] (PRIDummy) :: Item [7] causing search overtime: "HatchbackHood_WhiteRust"
16:25:14.113 [CE][LootRespawner] (PRIDummy) :: Item [8] causing search overtime: "HatchbackHood_WhiteRust"
16:25:14.113 [CE][LootRespawner] (PRIDummy) :: Item [9] causing search overtime: "HatchbackHood_WhiteRust"
16:25:14.113 [CE][LootRespawner] (PRIDummy) :: Item [10] causing search overtime: "HatchbackHood_WhiteRust"
16:25:14.113 [CE][LootRespawner] (PRIDummy) :: Item [11] causing search overtime: "HatchbackHood_WhiteRust"
16:25:14.113 [CE][LootRespawner] (PRIDummy) :: Item [12] causing search overtime: "HatchbackHood_WhiteRust"
16:25:14.113 [CE][LootRespawner] (PRIDummy) :: Item [13] causing search overtime: "HatchbackHood_WhiteRust"
16:25:14.113 [CE][LootRespawner] (PRIDummy) :: Item [14] causing search overtime: "HatchbackHood_WhiteRust"
16:25:14.113 [CE][LootRespawner] (PRIDummy) :: Item [15] causing search overtime: "HatchbackHood_WhiteRust"
16:25:14.113 [CE][LootRespawner] (PRIDummy) :: Item [16] causing search overtime: "HatchbackHood_WhiteRust"
16:25:14.113 [CE][LootRespawner] (PRIDummy) :: Item [17] causing search overtime: "HatchbackHood_WhiteRust"
16:25:14.113 [CE][LootRespawner] (PRIDummy) :: Item [18] causing search overtime: "HatchbackHood_WhiteRust"
16:25:14.129 [CE][LootRespawner] (PRIDummy) :: Item [19] causing search overtime: "CivSedanTrunk_WineRust"
16:25:15.785 [CE][LootRespawner] (PRIDummy) :: Item [0] is hard to place, performance drops: "PrisonerCap"
16:25:15.785 [CE][LootRespawner] (PRIDummy) :: Item [1] is hard to place, performance drops: "PrisonerCap"
16:25:15.785 [CE][LootRespawner] (PRIDummy) :: Item [2] is hard to place, performance drops: "PrisonerCap"
16:25:15.785 [CE][LootRespawner] (PRIDummy) :: Item [3] is hard to place, performance drops: "PrisonerCap"
16:25:15.785 [CE][LootRespawner] (PRIDummy) :: Item [4] is hard to place, performance drops: "PrisonerCap"
16:25:15.785 [CE][LootRespawner] (PRIDummy) :: Item [5] is hard to place, performance drops: "PrisonerCap"
16:25:15.785 [CE][LootRespawner] (PRIDummy) :: Item [6] is hard to place, performance drops: "PrisonerCap"
16:25:15.785 [CE][LootRespawner] (PRIDummy) :: Item [7] is hard to place, performance drops: "PrisonerCap"
16:25:15.785 [CE][LootRespawner] (PRIDummy) :: Item [8] is hard to place, performance drops: "PrisonerCap"
16:25:15.785 [CE][LootRespawner] (PRIDummy) :: Item [9] is hard to place, performance drops: "PrisonerCap"
16:25:15.785 [CE][LootRespawner] (PRIDummy) :: Item [10] is hard to place, performance drops: "PrisonerCap"
16:25:15.785 [CE][LootRespawner] (PRIDummy) :: Item [11] is hard to place, performance drops: "PrisonerCap"
16:25:15.785 [CE][LootRespawner] (PRIDummy) :: Item [12] is hard to place, performance drops: "PrisonerCap"
16:25:15.785 [CE][LootRespawner] (PRIDummy) :: Item [13] is hard to place, performance drops: "PrisonerCap"
16:25:15.785 [CE][LootRespawner] (PRIDummy) :: Item [14] is hard to place, performance drops: "PrisonerCap"
16:25:15.785 [CE][LootRespawner] (PRIDummy) :: Item [15] is hard to place, performance drops: "PrisonerCap"
16:25:15.785 [CE][LootRespawner] (PRIDummy) :: Item [16] is hard to place, performance drops: "PrisonerCap"
16:25:15.785 [CE][LootRespawner] (PRIDummy) :: Item [17] is hard to place, performance drops: "PrisonerCap"
16:25:15.785 [CE][LootRespawner] (PRIDummy) :: Item [18] is hard to place, performance drops: "PrisonerCap"
16:25:15.785 [CE][LootRespawner] (PRIDummy) :: Item [19] is hard to place, performance drops: "PrisonerCap"
16:25:19.37 [CE][LootRespawner] (PRIDummy) :: Initially (re)spawned:20826, Nominal:20826, Total in Map: 19383 at 4 (sec)
16:25:19.37   tests:21069, repeats:87 fails:156, overtime:1418
16:25:19.37 [CE][Links] found 0 total links between groups, of 1
16:25:19.37 [CE][SpawnRandomLoot] (StaticHeliCrash) :: ChildType: Wreck_Mi8, lootmin: 10, lootmax: 20, wanted: 15
16:25:19.52 [CE][Links] found 0 total links between groups, of 2
16:25:19.52 [CE][SpawnRandomLoot] (StaticHeliCrash) :: ChildType: Wreck_UH1Y, lootmin: 10, lootmax: 20, wanted: 16
16:25:19.52 [CE][Links] found 0 total links between groups, of 3
16:25:19.52 [CE][SpawnRandomLoot] (StaticHeliCrash) :: ChildType: Wreck_UH1Y, lootmin: 10, lootmax: 20, wanted: 18
16:25:19.52 !!! [CE][VehicleRespawner] (PRIPoliceCar) :: Respawning: "StaticPoliceCar" - There are not enough positions in "cfgeventspawns.xml", 0 < 10
16:25:19.240 [CE][DynEvent] :: 37 types
16:25:19.240 [00] AmbientHen
16:25:19.240   Primary Spawner: "Ambient", active: yes, repeat: 1
16:25:19.240 [01] AnimalBear
16:25:19.240   Primary Spawner: "Animal", active: yes, repeat: 1
16:25:19.240 [02] AnimalCow
16:25:19.240   Primary Spawner: "Animal", active: yes, repeat: 1
16:25:19.240 [03] AnimalDeer
16:25:19.240   Primary Spawner: "Animal", active: yes, repeat: 1
16:25:19.240 [04] AnimalGoat
16:25:19.240   Primary Spawner: "Animal", active: yes, repeat: 1
16:25:19.240 [05] AnimalPig
16:25:19.240   Primary Spawner: "Animal", active: yes, repeat: 1
16:25:19.240 [06] AnimalRoeDeer
16:25:19.240   Primary Spawner: "Animal", active: yes, repeat: 1
16:25:19.240 [07] AnimalSheep
16:25:19.240   Primary Spawner: "Animal", active: yes, repeat: 1
16:25:19.240 [08] AnimalWildBoar
16:25:19.240   Primary Spawner: "Animal", active: yes, repeat: 1
16:25:19.240 [09] AnimalWolf
16:25:19.240   Primary Spawner: "Animal", active: yes, repeat: 1
16:25:19.240 [10] InfectedArmy
16:25:19.240   Primary Spawner: "Infected", active: yes, repeat: 1
16:25:19.240 [11] InfectedCity
16:25:19.240   Primary Spawner: "Infected", active: yes, repeat: 1
16:25:19.240 [12] InfectedFirefighter
16:25:19.240   Primary Spawner: "Infected", active: yes, repeat: 1
16:25:19.240 [13] InfectedIndustrial
16:25:19.240   Primary Spawner: "Infected", active: yes, repeat: 1
16:25:19.240 [14] InfectedMedic
16:25:19.240   Primary Spawner: "Infected", active: yes, repeat: 1
16:25:19.240 [15] InfectedPolice
16:25:19.240   Primary Spawner: "Infected", active: yes, repeat: 1
16:25:19.240 [16] InfectedPrisoner
16:25:19.240   Primary Spawner: "Infected", active: yes, repeat: 1
16:25:19.240 [17] InfectedReligious
16:25:19.240   Primary Spawner: "Infected", active: yes, repeat: 1
16:25:19.240 [18] InfectedSolitude
16:25:19.240   Primary Spawner: "Infected", active: yes, repeat: 1
16:25:19.240 [19] InfectedVillage
16:25:19.240   Primary Spawner: "Infected", active: yes, repeat: 1
16:25:19.240 [20] ItemPlanks
16:25:19.240   Primary Spawner: "Item", active: yes, repeat: 1
16:25:19.240 [21] Loot
16:25:19.240   Primary Spawner: "Loot", active: yes, repeat: 2
16:25:19.240 [22] StaticHeliCrash
16:25:19.240   Primary Spawner: "Vehicle", active: yes, repeat: 1
16:25:19.240   Secondary Spawner: "Infected", active: yes, repeat: 1
16:25:19.240 [23] StaticPoliceCar
16:25:19.240   Primary Spawner: "Vehicle", active: yes, repeat: 1
16:25:19.240 [24] TrajectoryApple
16:25:19.240   Primary Spawner: "Trajectory", active: yes, repeat: 1
16:25:19.240 [25] TrajectoryCanina
16:25:19.240   Primary Spawner: "Trajectory", active: yes, repeat: 1
16:25:19.240 [26] TrajectoryConiferous
16:25:19.240   Primary Spawner: "Trajectory", active: yes, repeat: 1
16:25:19.240 [27] TrajectoryDeciduous
16:25:19.240   Primary Spawner: "Trajectory", active: yes, repeat: 1
16:25:19.240 [28] TrajectoryHumus
16:25:19.240   Primary Spawner: "Trajectory", active: yes, repeat: 1
16:25:19.240 [29] TrajectoryPear
16:25:19.240   Primary Spawner: "Trajectory", active: yes, repeat: 1
16:25:19.240 [30] TrajectoryPlum
16:25:19.240   Primary Spawner: "Trajectory", active: yes, repeat: 1
16:25:19.240 [31] TrajectorySambucus
16:25:19.240   Primary Spawner: "Trajectory", active: yes, repeat: 1
16:25:19.240 [32] TrajectoryStones
16:25:19.240   Primary Spawner: "Trajectory", active: yes, repeat: 1
16:25:19.240 [33] VehicleCivilianSedan
16:25:19.240   Primary Spawner: "Vehicle", active: yes, repeat: 1
16:25:19.240 [34] VehicleHatchback02
16:25:19.240   Primary Spawner: "Vehicle", active: yes, repeat: 1
16:25:19.240 [35] VehicleOffroadHatchback
16:25:19.240   Primary Spawner: "Vehicle", active: yes, repeat: 1
16:25:19.240 [36] VehicleSedan02
16:25:19.240   Primary Spawner: "Vehicle", active: yes, repeat: 1
16:25:19.240 [CE][Hive] :: Initializing of spawners done.
16:25:19.240 [CE][Hive] :: Init sequence finished.
16:25:19.240 Player connect enabled
16:25:19.443 [IdleMode] Entering IN - save processed
16:26:15.996 [Login]: Adding player Survivor (121482799) to login queue at position 0
16:26:15.996 [LoginMachine]: Add player Survivor (121482799)
16:26:15.996 [StateMachine]: Player Survivor (dpnid 121482799 uid ) Entering AuthPlayerLoginState
16:26:16.231 [StateMachine]: Player Survivor (dpnid 121482799 uid ) Entering WaitAuthPlayerLoginState
16:26:17.996 Player Survivor connected (id=BvAfWEwkf1BS22gq16ncvW4M3Ycn_607DPSKzJe9pnU=).
16:26:17.996 Player "Survivor" is connected (steamID=76561198073956794)
16:26:20.543 [StateMachine]: Player Survivor (dpnid 121482799 uid BvAfWEwkf1BS22gq16ncvW4M3Ycn_607DPSKzJe9pnU=) Entering DBGetLoginTimeLoginState
16:26:20.668 [StateMachine]: Player Survivor (dpnid 121482799 uid BvAfWEwkf1BS22gq16ncvW4M3Ycn_607DPSKzJe9pnU=) Entering DBWaitLoginTimeLoginState
16:26:21.699 [IdleMode] Leaving OUT
16:26:35.698 [StateMachine]: Player Survivor (dpnid 121482799 uid BvAfWEwkf1BS22gq16ncvW4M3Ycn_607DPSKzJe9pnU=) Entering DBGetCharacterLoginState
16:26:35.823 [StateMachine]: Player Survivor (dpnid 121482799 uid BvAfWEwkf1BS22gq16ncvW4M3Ycn_607DPSKzJe9pnU=) Entering CreateNetObjectsLoginState
16:26:35.886 [StateMachine]: Player Survivor (dpnid 121482799 uid BvAfWEwkf1BS22gq16ncvW4M3Ycn_607DPSKzJe9pnU=) Entering PreloadCamLoginState
16:26:35.933 [StateMachine]: Player Survivor (dpnid 121482799 uid BvAfWEwkf1BS22gq16ncvW4M3Ycn_607DPSKzJe9pnU=) Entering WaitPreloadCamLoginState
16:26:52.118 [StateMachine]: Player Survivor (dpnid 121482799 uid BvAfWEwkf1BS22gq16ncvW4M3Ycn_607DPSKzJe9pnU=) Entering GetNewCharLoginState
16:26:55.08 <CREATE NEW CHAR>:
    charID 1
    playerID 1
    dpnid 121482799
    uid BvAfWEwkf1BS22gq16ncvW4M3Ycn_607DPSKzJe9pnU=
16:27:21.178 [Login]: Adding player Survivor (1092528890) to login queue at position 0
16:27:21.178 [LoginMachine]: Add player Survivor (1092528890)
16:27:21.178 [StateMachine]: Player Survivor (dpnid 1092528890 uid ) Entering AuthPlayerLoginState
16:27:21.397 [StateMachine]: Player Survivor (dpnid 1092528890 uid ) Entering WaitAuthPlayerLoginState
16:27:22.881 Player Survivor (2) connected (id=7NDJh96K6x1RxBha65ocGyIjcIR-hGhT0OTk52eEsiI=).
16:27:22.881 Player "Survivor (2)" is connected (steamID=76561197988278919)
16:27:25.06 [StateMachine]: Player Survivor (dpnid 1092528890 uid 7NDJh96K6x1RxBha65ocGyIjcIR-hGhT0OTk52eEsiI=) Entering DBGetLoginTimeLoginState
16:27:25.116 [StateMachine]: Player Survivor (dpnid 1092528890 uid 7NDJh96K6x1RxBha65ocGyIjcIR-hGhT0OTk52eEsiI=) Entering DBWaitLoginTimeLoginState
16:27:40.161 [StateMachine]: Player Survivor (dpnid 1092528890 uid 7NDJh96K6x1RxBha65ocGyIjcIR-hGhT0OTk52eEsiI=) Entering DBGetCharacterLoginState
16:27:40.271 [StateMachine]: Player Survivor (dpnid 1092528890 uid 7NDJh96K6x1RxBha65ocGyIjcIR-hGhT0OTk52eEsiI=) Entering CreateNetObjectsLoginState
16:27:40.333 [StateMachine]: Player Survivor (dpnid 1092528890 uid 7NDJh96K6x1RxBha65ocGyIjcIR-hGhT0OTk52eEsiI=) Entering PreloadCamLoginState
16:27:40.396 [StateMachine]: Player Survivor (dpnid 1092528890 uid 7NDJh96K6x1RxBha65ocGyIjcIR-hGhT0OTk52eEsiI=) Entering WaitPreloadCamLoginState
16:27:56.895 [StateMachine]: Player Survivor (dpnid 1092528890 uid 7NDJh96K6x1RxBha65ocGyIjcIR-hGhT0OTk52eEsiI=) Entering GetNewCharLoginState
16:27:56.988 <CREATE NEW CHAR>:
    charID 2
    playerID 2
    dpnid 1092528890
    uid 7NDJh96K6x1RxBha65ocGyIjcIR-hGhT0OTk52eEsiI=
16:29:00.500 [Disconnect]: Start script disconnect 121482799 (dbCharacterId 1 dbPlayerId 1) logoutTime 15
16:29:01.828 [Disconnect]: Client 121482799 disconnecting
16:29:01.828 [Disconnect]: Client 121482799 early disconnect
16:29:01.875 [Disconnect]: Start script disconnect 121482799 (dbCharacterId 1 dbPlayerId 1) logoutTime 15
16:29:02.703 [Disconnect]: Remove player info 121482799
16:29:02.750 [Disconnect]: Player destroy 121482799 
16:29:15.562 [Disconnect]: Finish script disconnect -1
16:29:23.30 [Login]: Adding player Survivor (308533345) to login queue at position 0
16:29:23.30 [LoginMachine]: Add player Survivor (308533345)
16:29:23.30 [StateMachine]: Player Survivor (dpnid 308533345 uid ) Entering AuthPlayerLoginState
16:29:23.296 [StateMachine]: Player Survivor (dpnid 308533345 uid ) Entering WaitAuthPlayerLoginState
16:29:25.14 Player Survivor connected (id=BvAfWEwkf1BS22gq16ncvW4M3Ycn_607DPSKzJe9pnU=).
16:29:25.14 Player "Survivor" is connected (steamID=76561198073956794)
16:29:27.639 [StateMachine]: Player Survivor (dpnid 308533345 uid BvAfWEwkf1BS22gq16ncvW4M3Ycn_607DPSKzJe9pnU=) Entering DBGetLoginTimeLoginState
16:29:27.748 [StateMachine]: Player Survivor (dpnid 308533345 uid BvAfWEwkf1BS22gq16ncvW4M3Ycn_607DPSKzJe9pnU=) Entering DBWaitLoginTimeLoginState
16:29:42.794 [StateMachine]: Player Survivor (dpnid 308533345 uid BvAfWEwkf1BS22gq16ncvW4M3Ycn_607DPSKzJe9pnU=) Entering DBGetCharacterLoginState
16:29:42.919 [StateMachine]: Player Survivor (dpnid 308533345 uid BvAfWEwkf1BS22gq16ncvW4M3Ycn_607DPSKzJe9pnU=) Entering CreateNetObjectsLoginState
16:29:42.982 [StateMachine]: Player Survivor (dpnid 308533345 uid BvAfWEwkf1BS22gq16ncvW4M3Ycn_607DPSKzJe9pnU=) Entering PreloadCamLoginState
16:29:43.29 [StateMachine]: Player Survivor (dpnid 308533345 uid BvAfWEwkf1BS22gq16ncvW4M3Ycn_607DPSKzJe9pnU=) Entering WaitPreloadCamLoginState
16:29:45.404 [StateMachine]: Player Survivor (dpnid 308533345 uid BvAfWEwkf1BS22gq16ncvW4M3Ycn_607DPSKzJe9pnU=) Entering GetLoadedCharLoginState
16:29:45.482 <LOAD EXISTING CHAR>:
    charID 1
    playerID 1
    dpnid 308533345
    uid BvAfWEwkf1BS22gq16ncvW4M3Ycn_607DPSKzJe9pnU=
16:40:36.758 [Login]: Adding player Survivor (136409052) to login queue at position 0
16:40:36.758 [LoginMachine]: Add player Survivor (136409052)
16:40:36.758 [StateMachine]: Player Survivor (dpnid 136409052 uid ) Entering AuthPlayerLoginState
16:40:37.39 [StateMachine]: Player Survivor (dpnid 136409052 uid ) Entering WaitAuthPlayerLoginState
16:40:38.492 Player Survivor (3) connected (id=g2dFRpJHjkFhN2nNo1Kv_jZt_jD5Wo4vMF7lAR14vy4=).
16:40:38.492 Player "Survivor (3)" is connected (steamID=76561197980071063)
16:40:40.23 [StateMachine]: Player Survivor (dpnid 136409052 uid g2dFRpJHjkFhN2nNo1Kv_jZt_jD5Wo4vMF7lAR14vy4=) Entering DBGetLoginTimeLoginState
16:40:40.148 [StateMachine]: Player Survivor (dpnid 136409052 uid g2dFRpJHjkFhN2nNo1Kv_jZt_jD5Wo4vMF7lAR14vy4=) Entering DBWaitLoginTimeLoginState
16:40:55.166 [StateMachine]: Player Survivor (dpnid 136409052 uid g2dFRpJHjkFhN2nNo1Kv_jZt_jD5Wo4vMF7lAR14vy4=) Entering DBGetCharacterLoginState
16:40:55.291 [StateMachine]: Player Survivor (dpnid 136409052 uid g2dFRpJHjkFhN2nNo1Kv_jZt_jD5Wo4vMF7lAR14vy4=) Entering CreateNetObjectsLoginState
16:40:55.353 [StateMachine]: Player Survivor (dpnid 136409052 uid g2dFRpJHjkFhN2nNo1Kv_jZt_jD5Wo4vMF7lAR14vy4=) Entering PreloadCamLoginState
16:40:55.400 [StateMachine]: Player Survivor (dpnid 136409052 uid g2dFRpJHjkFhN2nNo1Kv_jZt_jD5Wo4vMF7lAR14vy4=) Entering WaitPreloadCamLoginState
16:40:57.56 [StateMachine]: Player Survivor (dpnid 136409052 uid g2dFRpJHjkFhN2nNo1Kv_jZt_jD5Wo4vMF7lAR14vy4=) Entering GetNewCharLoginState
16:40:57.150 <CREATE NEW CHAR>:
    charID 3
    playerID 3
    dpnid 136409052
    uid g2dFRpJHjkFhN2nNo1Kv_jZt_jD5Wo4vMF7lAR14vy4=
17:17:14.493 [CE][Links] found 0 total links between groups, of 4
17:17:14.493 [CE][SpawnRandomLoot] (StaticHeliCrash) :: ChildType: Wreck_UH1Y, lootmin: 10, lootmax: 20, wanted: 18
17:17:14.509 [CE][Links] found 0 total links between groups, of 5
17:17:14.509 [CE][SpawnRandomLoot] (StaticHeliCrash) :: ChildType: Wreck_UH1Y, lootmin: 10, lootmax: 20, wanted: 18
17:17:14.524 [CE][Links] found 0 total links between groups, of 6
17:17:14.524 [CE][SpawnRandomLoot] (StaticHeliCrash) :: ChildType: Wreck_UH1Y, lootmin: 10, lootmax: 20, wanted: 10
17:35:06.611 [Disconnect]: Start script disconnect 136409052 (dbCharacterId 3 dbPlayerId 3) logoutTime 15
17:35:08.205 [Disconnect]: Client 136409052 disconnecting
17:35:08.205 [Disconnect]: Client 136409052 early disconnect
17:35:08.220 [Disconnect]: Start script disconnect 136409052 (dbCharacterId 3 dbPlayerId 3) logoutTime 15
17:35:18.360 [Disconnect]: No packets from 136409052
17:35:18.360 [Disconnect]: Already in progress 136409052 
17:35:21.626 [Disconnect]: Finish script disconnect 136409052
17:35:21.626 [Disconnect]: DisconnectPlayerFinish 136409052
17:35:21.626 [Disconnect]: Remove player info 136409052
17:35:21.657 [Disconnect]: Player destroy 136409052 
17:35:52.296 [Login]: Adding player Survivor (21391337) to login queue at position 0
17:35:52.296 [LoginMachine]: Add player Survivor (21391337)
17:35:52.296 [StateMachine]: Player Survivor (dpnid 21391337 uid ) Entering AuthPlayerLoginState
17:35:52.561 [StateMachine]: Player Survivor (dpnid 21391337 uid ) Entering WaitAuthPlayerLoginState
17:35:54.14 Player Survivor (3) connected (id=g2dFRpJHjkFhN2nNo1Kv_jZt_jD5Wo4vMF7lAR14vy4=).
17:35:54.14 Player "Survivor (3)" is connected (steamID=76561197980071063)
17:35:54.748 [StateMachine]: Player Survivor (dpnid 21391337 uid g2dFRpJHjkFhN2nNo1Kv_jZt_jD5Wo4vMF7lAR14vy4=) Entering DBGetLoginTimeLoginState
17:35:54.858 [StateMachine]: Player Survivor (dpnid 21391337 uid g2dFRpJHjkFhN2nNo1Kv_jZt_jD5Wo4vMF7lAR14vy4=) Entering DBWaitLoginTimeLoginState
17:36:09.888 [StateMachine]: Player Survivor (dpnid 21391337 uid g2dFRpJHjkFhN2nNo1Kv_jZt_jD5Wo4vMF7lAR14vy4=) Entering DBGetCharacterLoginState
17:36:10.13 [StateMachine]: Player Survivor (dpnid 21391337 uid g2dFRpJHjkFhN2nNo1Kv_jZt_jD5Wo4vMF7lAR14vy4=) Entering CreateNetObjectsLoginState
17:36:10.91 [StateMachine]: Player Survivor (dpnid 21391337 uid g2dFRpJHjkFhN2nNo1Kv_jZt_jD5Wo4vMF7lAR14vy4=) Entering PreloadCamLoginState
17:36:10.123 [StateMachine]: Player Survivor (dpnid 21391337 uid g2dFRpJHjkFhN2nNo1Kv_jZt_jD5Wo4vMF7lAR14vy4=) Entering WaitPreloadCamLoginState
17:36:28.512 [StateMachine]: Player Survivor (dpnid 21391337 uid g2dFRpJHjkFhN2nNo1Kv_jZt_jD5Wo4vMF7lAR14vy4=) Entering GetLoadedCharLoginState
17:36:28.606 <LOAD EXISTING CHAR>:
    charID 3
    playerID 3
    dpnid 21391337
    uid g2dFRpJHjkFhN2nNo1Kv_jZt_jD5Wo4vMF7lAR14vy4=
18:02:44.120 !!! [CE][Point] Removing 7269.494629, 12751.640625 from CaninaBush2
18:07:03.384 [CE][Links] found 0 total links between groups, of 7
18:07:03.384 [CE][SpawnRandomLoot] (StaticHeliCrash) :: ChildType: Wreck_Mi8, lootmin: 10, lootmax: 20, wanted: 19
18:07:03.415 [CE][Links] found 0 total links between groups, of 8
18:07:03.415 [CE][SpawnRandomLoot] (StaticHeliCrash) :: ChildType: Wreck_UH1Y, lootmin: 10, lootmax: 20, wanted: 14
18:07:03.431 [CE][Links] found 2 total links between groups, of 9
18:07:03.431 [CE][SpawnRandomLoot] (StaticHeliCrash) :: ChildType: Wreck_Mi8, lootmin: 10, lootmax: 20, wanted: 11
18:30:47.987 !!! [CE][Point] Removing 8275.707031, 2464.159180 from Land_Boat_Small2
18:58:29.377 [CE][Links] found 4 total links between groups, of 10
18:58:29.377 [CE][SpawnRandomLoot] (StaticHeliCrash) :: ChildType: Wreck_Mi8, lootmin: 10, lootmax: 20, wanted: 11
18:58:29.393 [CE][Links] found 6 total links between groups, of 11
18:58:29.393 [CE][SpawnRandomLoot] (StaticHeliCrash) :: ChildType: Wreck_Mi8, lootmin: 10, lootmax: 20, wanted: 18
18:58:29.409 [CE][Links] found 8 total links between groups, of 12
18:58:29.409 [CE][SpawnRandomLoot] (StaticHeliCrash) :: ChildType: Wreck_UH1Y, lootmin: 10, lootmax: 20, wanted: 19
18:59:49.224 [Login]: Adding player Survivor (28629226) to login queue at position 0
18:59:49.224 [LoginMachine]: Add player Survivor (28629226)
18:59:49.224 [StateMachine]: Player Survivor (dpnid 28629226 uid ) Entering AuthPlayerLoginState
18:59:49.459 [StateMachine]: Player Survivor (dpnid 28629226 uid ) Entering WaitAuthPlayerLoginState
18:59:51.162 Player Survivor (4) connected (id=Vhnx0c62d7_GbpGdbpwaxNkeYxa0MkaiNJ4yueo4Tv4=).
18:59:51.162 Player "Survivor (4)" is connected (steamID=76561198123513865)
18:59:51.802 [StateMachine]: Player Survivor (dpnid 28629226 uid Vhnx0c62d7_GbpGdbpwaxNkeYxa0MkaiNJ4yueo4Tv4=) Entering DBGetLoginTimeLoginState
18:59:51.912 [StateMachine]: Player Survivor (dpnid 28629226 uid Vhnx0c62d7_GbpGdbpwaxNkeYxa0MkaiNJ4yueo4Tv4=) Entering DBWaitLoginTimeLoginState
19:00:06.973 [StateMachine]: Player Survivor (dpnid 28629226 uid Vhnx0c62d7_GbpGdbpwaxNkeYxa0MkaiNJ4yueo4Tv4=) Entering DBGetCharacterLoginState
19:00:07.98 [StateMachine]: Player Survivor (dpnid 28629226 uid Vhnx0c62d7_GbpGdbpwaxNkeYxa0MkaiNJ4yueo4Tv4=) Entering CreateNetObjectsLoginState
19:00:07.161 [StateMachine]: Player Survivor (dpnid 28629226 uid Vhnx0c62d7_GbpGdbpwaxNkeYxa0MkaiNJ4yueo4Tv4=) Entering PreloadCamLoginState
19:00:07.207 [StateMachine]: Player Survivor (dpnid 28629226 uid Vhnx0c62d7_GbpGdbpwaxNkeYxa0MkaiNJ4yueo4Tv4=) Entering WaitPreloadCamLoginState
19:00:09.348 [StateMachine]: Player Survivor (dpnid 28629226 uid Vhnx0c62d7_GbpGdbpwaxNkeYxa0MkaiNJ4yueo4Tv4=) Entering GetNewCharLoginState
19:00:09.473 <CREATE NEW CHAR>:
    charID 4
    playerID 4
    dpnid 28629226
    uid Vhnx0c62d7_GbpGdbpwaxNkeYxa0MkaiNJ4yueo4Tv4=
19:12:51.470 !!! [CE][Point] Removing 9272.072266, 8817.533203 from Haybale
19:18:18.324 !!! [CE][Point] Removing 4265.117676, 11564.023438 from PiceaAbies_fallenB
19:22:38.541 !!! [CE][Point] Removing 4043.375977, 11708.241211 from CaninaBush1
19:22:38.541 !!! [CE][Point] Removing 4044.176514, 11708.757813 from CaninaBush1
19:22:38.541 !!! [CE][Point] Removing 4040.262695, 11716.059570 from CaninaBush1
19:23:45.490 !!! [CE][Point] Removing 4040.262695, 11716.059570 from CaninaBush1
19:25:23.421 !!! [CE][Point] Removing 4043.375977, 11708.241211 from CaninaBush1
19:25:23.421 !!! [CE][Point] Removing 4044.176514, 11708.757813 from CaninaBush1
19:25:23.421 !!! [CE][Point] Removing 4040.547119, 11714.532227 from CaninaBush1
19:25:24.827 !!! [CE][Point] Removing 4606.951660, 9548.872070 from PearTree2
19:32:36.690 !!! [CE][Point] Removing 4039.852051, 11713.980469 from CaninaBush1
19:32:36.690 !!! [CE][Point] Removing 4039.028320, 11714.323242 from CaninaBush1
19:35:25.804 !!! [CE][Point] Removing 4039.852051, 11713.980469 from CaninaBush1
19:35:26.226 !!! [CE][Point] Removing 4206.154297, 11708.895508 from PiceaAbies_3d
19:49:43.889 [CE][Links] found 8 total links between groups, of 13
19:49:43.889 [CE][SpawnRandomLoot] (StaticHeliCrash) :: ChildType: Wreck_UH1Y, lootmin: 10, lootmax: 20, wanted: 15
19:49:43.904 [CE][Links] found 8 total links between groups, of 14
19:49:43.904 [CE][SpawnRandomLoot] (StaticHeliCrash) :: ChildType: Wreck_UH1Y, lootmin: 10, lootmax: 20, wanted: 12
19:49:43.920 [CE][Links] found 8 total links between groups, of 15
19:49:43.920 [CE][SpawnRandomLoot] (StaticHeliCrash) :: ChildType: Wreck_UH1Y, lootmin: 10, lootmax: 20, wanted: 17
19:52:33.721 !!! [CE][Point] Removing 4017.649658, 10531.114258 from PinusSylvestris_fallenc
19:58:40.72 !!! [CE][Point] Removing 4016.050049, 10477.935547 from PinusSylvestris_fallenc
20:22:49.305 !!! [CE][Point] Removing 3156.251709, 10299.886719 from PlumTree1
20:25:23.342 !!! [CE][Point] Removing 2225.433594, 10974.164063 from AppleTree2
20:30:34.243 !!! [CE][Point] Removing 2087.290527, 13255.509766 from PiceaAbies_fallenB
20:41:22.967 [CE][Links] found 8 total links between groups, of 16
20:41:22.967 [CE][SpawnRandomLoot] (StaticHeliCrash) :: ChildType: Wreck_Mi8, lootmin: 10, lootmax: 20, wanted: 10
20:41:22.967 [CE][Links] found 8 total links between groups, of 17
20:41:22.967 [CE][SpawnRandomLoot] (StaticHeliCrash) :: ChildType: Wreck_UH1Y, lootmin: 10, lootmax: 20, wanted: 16
20:41:22.983 [CE][Links] found 8 total links between groups, of 18
20:41:22.983 [CE][SpawnRandomLoot] (StaticHeliCrash) :: ChildType: Wreck_Mi8, lootmin: 10, lootmax: 20, wanted: 15
20:52:45.391 Respawn: Add player Survivor (308533345) to respawn machine
20:52:45.391 [StateMachine]: Player Survivor (dpnid 308533345 uid ) Entering GetCharacterRespawnState
20:52:45.454 [StateMachine]: Player Survivor (dpnid 308533345 uid ) Entering PreloadCamRespawnState
20:52:45.501 [StateMachine]: Player Survivor (dpnid 308533345 uid ) Entering WaitPreloadCamRespawnState
20:53:01.109 [StateMachine]: Player Survivor (dpnid 308533345 uid ) Entering GetNewCharRespawnState
20:53:01.203 <RESPAWN NEW CHAR>:
    charID 1
    playerID 1
    dpnid 308533345
    uid BvAfWEwkf1BS22gq16ncvW4M3Ycn_607DPSKzJe9pnU=
20:54:46.884 Respawn: Add player Survivor (308533345) to respawn machine
20:54:46.884 [StateMachine]: Player Survivor (dpnid 308533345 uid ) Entering GetCharacterRespawnState
20:54:46.930 [StateMachine]: Player Survivor (dpnid 308533345 uid ) Entering PreloadCamRespawnState
20:54:46.993 [StateMachine]: Player Survivor (dpnid 308533345 uid ) Entering WaitPreloadCamRespawnState
20:55:02.461 [StateMachine]: Player Survivor (dpnid 308533345 uid ) Entering GetNewCharRespawnState
20:55:02.554 <RESPAWN NEW CHAR>:
    charID 1
    playerID 1
    dpnid 308533345
    uid BvAfWEwkf1BS22gq16ncvW4M3Ycn_607DPSKzJe9pnU=
20:57:33.982 Respawn: Add player Survivor (3) (21391337) to respawn machine
20:57:33.982 [StateMachine]: Player Survivor (3) (dpnid 21391337 uid ) Entering GetCharacterRespawnState
20:57:34.44 [StateMachine]: Player Survivor (3) (dpnid 21391337 uid ) Entering PreloadCamRespawnState
20:57:34.107 [StateMachine]: Player Survivor (3) (dpnid 21391337 uid ) Entering WaitPreloadCamRespawnState
20:57:49.465 [StateMachine]: Player Survivor (3) (dpnid 21391337 uid ) Entering GetNewCharRespawnState
20:57:49.575 <RESPAWN NEW CHAR>:
    charID 3
    playerID 3
    dpnid 21391337
    uid g2dFRpJHjkFhN2nNo1Kv_jZt_jD5Wo4vMF7lAR14vy4=
21:03:23.772 Respawn: Add player Survivor (3) (21391337) to respawn machine
21:03:23.772 [StateMachine]: Player Survivor (3) (dpnid 21391337 uid ) Entering GetCharacterRespawnState
21:03:23.834 [StateMachine]: Player Survivor (3) (dpnid 21391337 uid ) Entering PreloadCamRespawnState
21:03:23.881 [StateMachine]: Player Survivor (3) (dpnid 21391337 uid ) Entering WaitPreloadCamRespawnState
21:03:25.600 [Disconnect]: Client 21391337 disconnecting
21:03:25.600 [Disconnect]: Client 21391337 early disconnect
21:03:25.616 [Disconnect]: Start script disconnect 21391337 (dbCharacterId 3 dbPlayerId 3) logoutTime 15
21:03:25.616 [Disconnect]: Finish script disconnect 21391337
21:03:25.616 [Disconnect]: DisconnectPlayerFinish 21391337
21:03:25.616 [Disconnect]: Remove player info 21391337
21:03:25.662 [Disconnect]: Player destroy 21391337 
21:03:35.302 [Login]: Adding player Survivor (1746852339) to login queue at position 0
21:03:35.302 [LoginMachine]: Add player Survivor (1746852339)
21:03:35.302 [StateMachine]: Player Survivor (dpnid 1746852339 uid ) Entering AuthPlayerLoginState
21:03:35.568 [StateMachine]: Player Survivor (dpnid 1746852339 uid ) Entering WaitAuthPlayerLoginState
21:03:36.990 Player Survivor (3) connected (id=g2dFRpJHjkFhN2nNo1Kv_jZt_jD5Wo4vMF7lAR14vy4=).
21:03:36.990 Player "Survivor (3)" is connected (steamID=76561197980071063)
21:03:39.818 [StateMachine]: Player Survivor (dpnid 1746852339 uid g2dFRpJHjkFhN2nNo1Kv_jZt_jD5Wo4vMF7lAR14vy4=) Entering DBGetLoginTimeLoginState
21:03:39.927 [StateMachine]: Player Survivor (dpnid 1746852339 uid g2dFRpJHjkFhN2nNo1Kv_jZt_jD5Wo4vMF7lAR14vy4=) Entering DBWaitLoginTimeLoginState
21:03:54.989 [StateMachine]: Player Survivor (dpnid 1746852339 uid g2dFRpJHjkFhN2nNo1Kv_jZt_jD5Wo4vMF7lAR14vy4=) Entering DBGetCharacterLoginState
21:03:55.98 [StateMachine]: Player Survivor (dpnid 1746852339 uid g2dFRpJHjkFhN2nNo1Kv_jZt_jD5Wo4vMF7lAR14vy4=) Entering CreateNetObjectsLoginState
21:03:55.145 [StateMachine]: Player Survivor (dpnid 1746852339 uid g2dFRpJHjkFhN2nNo1Kv_jZt_jD5Wo4vMF7lAR14vy4=) Entering PreloadCamLoginState
21:03:55.207 [StateMachine]: Player Survivor (dpnid 1746852339 uid g2dFRpJHjkFhN2nNo1Kv_jZt_jD5Wo4vMF7lAR14vy4=) Entering WaitPreloadCamLoginState
21:03:57.51 [StateMachine]: Player Survivor (dpnid 1746852339 uid g2dFRpJHjkFhN2nNo1Kv_jZt_jD5Wo4vMF7lAR14vy4=) Entering GetNewCharLoginState
21:03:57.145 <CREATE NEW CHAR>:
    charID 3
    playerID 3
    dpnid 1746852339
    uid g2dFRpJHjkFhN2nNo1Kv_jZt_jD5Wo4vMF7lAR14vy4=
21:05:23.889 Player Unknown (21391337) kicked from server: 6 (Timeout)
21:05:23.889 [StateMachine]: Kick player Survivor (3) (dpnid 21391337 uid ) State WaitPreloadCamRespawnState Error Timeout
21:05:30.389 Respawn: Add player Survivor (3) (1746852339) to respawn machine
21:05:30.389 [StateMachine]: Player Survivor (3) (dpnid 1746852339 uid ) Entering GetCharacterRespawnState
21:05:30.436 [StateMachine]: Player Survivor (3) (dpnid 1746852339 uid ) Entering PreloadCamRespawnState
21:05:30.483 [StateMachine]: Player Survivor (3) (dpnid 1746852339 uid ) Entering WaitPreloadCamRespawnState
21:05:45.888 [StateMachine]: Player Survivor (3) (dpnid 1746852339 uid ) Entering GetNewCharRespawnState
21:05:45.981 <RESPAWN NEW CHAR>:
    charID 3
    playerID 3
    dpnid 1746852339
    uid g2dFRpJHjkFhN2nNo1Kv_jZt_jD5Wo4vMF7lAR14vy4=
21:11:26.944 Respawn: Add player Survivor (3) (1746852339) to respawn machine
21:11:26.944 [StateMachine]: Player Survivor (3) (dpnid 1746852339 uid ) Entering GetCharacterRespawnState
21:11:26.991 [StateMachine]: Player Survivor (3) (dpnid 1746852339 uid ) Entering PreloadCamRespawnState
21:11:27.53 [StateMachine]: Player Survivor (3) (dpnid 1746852339 uid ) Entering WaitPreloadCamRespawnState
21:11:42.615 [StateMachine]: Player Survivor (3) (dpnid 1746852339 uid ) Entering GetNewCharRespawnState
21:11:42.724 <RESPAWN NEW CHAR>:
    charID 3
    playerID 3
    dpnid 1746852339
    uid g2dFRpJHjkFhN2nNo1Kv_jZt_jD5Wo4vMF7lAR14vy4=
21:16:28.612 !!! [CE][Point] Removing 13314.263672, 12987.889648 from AppleTree1
21:19:45.864 !!! [CE][Point] Removing 11162.427734, 2436.680664 from Land_Boat_Small1
21:20:56.875 !!! [CE][Point] Removing 7014.945801, 12762.762695 from PearTree3
21:30:33.463 [Disconnect]: Start script disconnect 1746852339 (dbCharacterId 3 dbPlayerId 3) logoutTime 15
21:30:39.275 [Disconnect]: Client 1746852339 disconnecting
21:30:39.275 [Disconnect]: Client 1746852339 early disconnect
21:30:39.291 [Disconnect]: Start script disconnect 1746852339 (dbCharacterId 3 dbPlayerId 3) logoutTime 15
21:30:48.478 [Disconnect]: Finish script disconnect 1746852339
21:30:48.478 [Disconnect]: DisconnectPlayerFinish 1746852339
21:30:48.478 [Disconnect]: Remove player info 1746852339
21:30:48.540 [Disconnect]: Player destroy 1746852339 
21:30:54.337 [Login]: Adding player Survivor (1238358889) to login queue at position 0
21:30:54.337 [LoginMachine]: Add player Survivor (1238358889)
21:30:54.337 [StateMachine]: Player Survivor (dpnid 1238358889 uid ) Entering AuthPlayerLoginState
21:30:54.602 [StateMachine]: Player Survivor (dpnid 1238358889 uid ) Entering WaitAuthPlayerLoginState
21:30:56.40 Player Survivor (3) connected (id=g2dFRpJHjkFhN2nNo1Kv_jZt_jD5Wo4vMF7lAR14vy4=).
21:30:56.40 Player "Survivor (3)" is connected (steamID=76561197980071063)
21:30:59.368 [StateMachine]: Player Survivor (dpnid 1238358889 uid g2dFRpJHjkFhN2nNo1Kv_jZt_jD5Wo4vMF7lAR14vy4=) Entering DBGetLoginTimeLoginState
21:30:59.477 [StateMachine]: Player Survivor (dpnid 1238358889 uid g2dFRpJHjkFhN2nNo1Kv_jZt_jD5Wo4vMF7lAR14vy4=) Entering DBWaitLoginTimeLoginState
21:31:14.492 [StateMachine]: Player Survivor (dpnid 1238358889 uid g2dFRpJHjkFhN2nNo1Kv_jZt_jD5Wo4vMF7lAR14vy4=) Entering DBGetCharacterLoginState
21:31:14.601 [StateMachine]: Player Survivor (dpnid 1238358889 uid g2dFRpJHjkFhN2nNo1Kv_jZt_jD5Wo4vMF7lAR14vy4=) Entering CreateNetObjectsLoginState
21:31:14.679 [StateMachine]: Player Survivor (dpnid 1238358889 uid g2dFRpJHjkFhN2nNo1Kv_jZt_jD5Wo4vMF7lAR14vy4=) Entering PreloadCamLoginState
21:31:14.695 [StateMachine]: Player Survivor (dpnid 1238358889 uid g2dFRpJHjkFhN2nNo1Kv_jZt_jD5Wo4vMF7lAR14vy4=) Entering WaitPreloadCamLoginState
21:31:32.694 [StateMachine]: Player Survivor (dpnid 1238358889 uid g2dFRpJHjkFhN2nNo1Kv_jZt_jD5Wo4vMF7lAR14vy4=) Entering GetLoadedCharLoginState
21:31:32.787 <LOAD EXISTING CHAR>:
    charID 3
    playerID 3
    dpnid 1238358889
    uid g2dFRpJHjkFhN2nNo1Kv_jZt_jD5Wo4vMF7lAR14vy4=
21:33:39.373 [CE][Links] found 8 total links between groups, of 19
21:33:39.373 [CE][SpawnRandomLoot] (StaticHeliCrash) :: ChildType: Wreck_UH1Y, lootmin: 10, lootmax: 20, wanted: 19
21:33:39.373 [CE][Links] found 8 total links between groups, of 20
21:33:39.373 [CE][SpawnRandomLoot] (StaticHeliCrash) :: ChildType: Wreck_Mi8, lootmin: 10, lootmax: 20, wanted: 13
21:33:39.373 [CE][Links] found 8 total links between groups, of 21
21:33:39.373 [CE][SpawnRandomLoot] (StaticHeliCrash) :: ChildType: Wreck_Mi8, lootmin: 10, lootmax: 20, wanted: 18
21:40:47.454 !!! [CE][Point] Removing 7269.494629, 12751.640625 from CaninaBush2
21:42:27.119 !!! [CE][Point] Removing 2548.843750, 9591.302734 from QuercusRobur_2d
21:42:27.869 !!! [CE][Point] Removing 7014.945801, 12762.762695 from PearTree3
21:46:58.117 !!! [CE][Point] Removing 4869.984863, 12959.974609 from Haybale
22:09:57.965 !!! [CE][Point] Removing 13339.621094, 11969.760742 from Land_Boat_Small1
22:15:31.694 !!! [CE][Point] Removing 4040.262695, 11716.059570 from CaninaBush1
22:15:31.694 !!! [CE][Point] Removing 4032.880371, 11725.343750 from CaninaBush1
22:20:03.488 !!! [CE][Point] Removing 4046.750977, 11704.527344 from CaninaBush1
22:20:03.488 !!! [CE][Point] Removing 4046.291260, 11702.719727 from CaninaBush1
22:20:03.488 !!! [CE][Point] Removing 4040.547119, 11714.532227 from CaninaBush1
22:21:13.187 !!! [CE][Point] Removing 4040.262695, 11716.059570 from CaninaBush1
22:24:01.129 !!! [CE][Point] Removing 4040.262695, 11716.059570 from CaninaBush1
22:24:34.96 !!! [CE][Point] Removing 3942.298828, 11888.929688 from Stones
22:25:42.419 [CE][Links] found 12 total links between groups, of 22
22:25:42.419 [CE][SpawnRandomLoot] (StaticHeliCrash) :: ChildType: Wreck_Mi8, lootmin: 10, lootmax: 20, wanted: 12
22:25:42.451 [CE][Links] found 14 total links between groups, of 23
22:25:42.451 [CE][SpawnRandomLoot] (StaticHeliCrash) :: ChildType: Wreck_Mi8, lootmin: 10, lootmax: 20, wanted: 17
22:25:42.451 [CE][Links] found 18 total links between groups, of 24
22:25:42.451 [CE][SpawnRandomLoot] (StaticHeliCrash) :: ChildType: Wreck_Mi8, lootmin: 10, lootmax: 20, wanted: 12
22:30:17.213 !!! [CE][Point] Removing 4039.852051, 11713.980469 from CaninaBush1
22:31:25.740 !!! [CE][Point] Removing 4032.769287, 11724.267578 from CaninaBush1
23:00:48.735 !!! [CE][Point] Removing 3699.554932, 8937.796875 from PearTree3
23:09:06.202 !!! [CE][Point] Removing 3595.038330, 8453.205078 from PearTree2
23:10:46.352 !!! [CE][Point] Removing 3626.370605, 8036.680664 from Haybale
23:19:11.490 [CE][Links] found 18 total links between groups, of 25
23:19:11.490 [CE][SpawnRandomLoot] (StaticHeliCrash) :: ChildType: Wreck_UH1Y, lootmin: 10, lootmax: 20, wanted: 14
23:19:11.522 [CE][Links] found 18 total links between groups, of 26
23:19:11.522 [CE][SpawnRandomLoot] (StaticHeliCrash) :: ChildType: Wreck_UH1Y, lootmin: 10, lootmax: 20, wanted: 15
23:19:11.537 [CE][Links] found 18 total links between groups, of 27
23:19:11.537 [CE][SpawnRandomLoot] (StaticHeliCrash) :: ChildType: Wreck_UH1Y, lootmin: 10, lootmax: 20, wanted: 14
23:32:04.81 !!! [CE][Point] Removing 3626.906982, 8037.812988 from Haybale
23:39:45.739 [Disconnect]: Start script disconnect 1238358889 (dbCharacterId 3 dbPlayerId 3) logoutTime 15
23:39:54.583 [Disconnect]: Client 1238358889 disconnecting
23:39:54.583 [Disconnect]: Client 1238358889 early disconnect
23:39:54.598 [Disconnect]: Start script disconnect 1238358889 (dbCharacterId 3 dbPlayerId 3) logoutTime 15
23:40:00.770 [Disconnect]: Finish script disconnect 1238358889
23:40:00.770 [Disconnect]: DisconnectPlayerFinish 1238358889
23:40:00.770 [Disconnect]: Remove player info 1238358889
23:40:00.817 [Disconnect]: Player destroy 1238358889 
23:43:53.647 Player Survivor (308533345) kicked from server: 3 (Client not responding)
23:43:53.647 Player Survivor (2) (1092528890) kicked from server: 3 (Client not responding)
23:43:53.647 [Disconnect]: Client 308533345 early disconnect
23:43:53.647 [Disconnect]: Client 1092528890 early disconnect
23:43:53.695 [Disconnect]: Start script disconnect 308533345 (dbCharacterId 1 dbPlayerId 1) logoutTime 15
23:43:53.695 [Disconnect]: Start script disconnect 1092528890 (dbCharacterId 2 dbPlayerId 2) logoutTime 15
23:43:54.506 [Disconnect]: Remove player info 1092528890
23:43:54.553 [Disconnect]: Remove player info 308533345
23:43:54.553 [Disconnect]: Player destroy 1092528890 
23:43:54.553 [Disconnect]: Player destroy 308533345 
23:43:57.616 Player Survivor (4) (28629226) kicked from server: 3 (Client not responding)
23:43:57.632 [Disconnect]: Client 28629226 early disconnect
23:43:57.679 [Disconnect]: Start script disconnect 28629226 (dbCharacterId 4 dbPlayerId 4) logoutTime 15
23:43:58.585 [Disconnect]: Remove player info 28629226
23:43:58.631 [Disconnect]: Player destroy 28629226 
23:44:08.740 [Disconnect]: Finish script disconnect -1
23:44:08.740 [Disconnect]: Finish script disconnect -1
23:44:12.694 [Disconnect]: Finish script disconnect -1
23:45:32.296 [IdleMode] Entering IN - save processed
 5:59:18.850  --- Termination successfully completed --- 
