

=====================================================================
== C:\Program Files (x86)\Steam\steamapps\common\DayZServer\DayZServer_x64.exe
== DayZServer_x64.exe  -config=serverDZ.cfg -profiles=ServerProfile -limitFPS=120
=====================================================================
Exe timestamp: 2020/07/10 13:13:22
Current time:  2020/07/11 08:37:11

Version 1.08.153258
 8:37:11.533 [Inputs] Loading inputs default "bin/constants.xml"
 8:37:11.533 [Inputs] Loading inputs default "bin/specific.xml"
 8:37:11.533 !!! [Inputs] Invalid input name used "UAUIInspectItem" for context "ui" in "bin/specific.xml"
 8:37:11.533 [Inputs] Loading inputs cfg "ServerProfile\Users\Survivor\Server.core.xml"
 8:37:11.533 !!! [Inputs] Cannot read inputs cfg "ServerProfile\Users\Survivor\Server.core.xml", parser error
 8:37:11.533 [Inputs] Loading inputs cfg "bin/core.xml"
 8:37:11.533 !!! [Inputs] Cannot load input preset "user", file does not exist
 8:37:11.533 [Inputs] Exporting inputs cfg "ServerProfile\Users\Survivor\Server.core.xml"
 8:37:24.746 [CE][Hive] :: Initializing OFFLINE
 8:37:24.746 [CE][Hive] :: Loading core data ... 
 8:37:24.761 [CE][CoreData] :: 7 root classes, 18 defaults, 0 updaters...
 8:37:26.761 [CE] :: WARNING :: Preset map "optics" is EMPTY.
 8:37:26.761 [CE] :: WARNING :: Preset (attachments) with name 'bagsCity' was not found.
 8:37:26.761 [CE] :: WARNING :: Preset (attachments) with name 'bagsCity' was not found.
 8:37:26.761 [CE] :: WARNING :: Preset (attachments) with name 'bagsCity' was not found.
 8:37:26.761 [CE] :: WARNING :: Preset (attachments) with name 'bagsCity' was not found.
 8:37:26.761 [CE] :: WARNING :: Preset (attachments) with name 'bagsCity' was not found.
 8:37:26.761 [CE] :: WARNING :: Preset (attachments) with name 'bagsCity' was not found.
 8:37:26.761 [CE] :: WARNING :: Preset (attachments) with name 'bagsCity' was not found.
 8:37:26.761 [CE] :: WARNING :: Preset (attachments) with name 'bagsCity' was not found.
 8:37:26.761 [CE] :: WARNING :: Preset (attachments) with name 'bagsCity' was not found.
 8:37:26.761 [CE] :: WARNING :: Preset (attachments) with name 'bagsCity' was not found.
 8:37:26.761 [CE] :: WARNING :: Preset (attachments) with name 'bagsCity' was not found.
 8:37:26.761 [CE] :: WARNING :: Preset (attachments) with name 'bagsCity' was not found.
 8:37:26.761 [CE] :: WARNING :: Preset (attachments) with name 'bagsCity' was not found.
 8:37:26.761 [CE] :: WARNING :: Preset (attachments) with name 'bagsCity' was not found.
 8:37:26.761 [CE] :: WARNING :: Preset (attachments) with name 'hatsCitySkate' was not found.
 8:37:26.761 [CE] :: WARNING :: Preset (attachments) with name 'bagsCity' was not found.
 8:37:26.761 [CE] :: WARNING :: Preset (attachments) with name 'hatsCitySkate' was not found.
 8:37:26.761 [CE] :: WARNING :: Preset (attachments) with name 'bagsCity' was not found.
 8:37:26.761 [CE] :: WARNING :: Preset (attachments) with name 'hatsCitySkate' was not found.
 8:37:26.761 [CE] :: WARNING :: Preset (attachments) with name 'bagsCity' was not found.
 8:37:26.761 [CE] :: WARNING :: Preset (attachments) with name 'bagsCity' was not found.
 8:37:26.761 [CE] :: WARNING :: Preset (attachments) with name 'bagsCity' was not found.
 8:37:26.761 [CE] :: WARNING :: Preset (attachments) with name 'bagsCity' was not found.
 8:37:26.761 [CE] :: WARNING :: Preset (attachments) with name 'bagsCity' was not found.
 8:37:26.761 [CE] :: WARNING :: Preset (attachments) with name 'bagsCity' was not found.
 8:37:26.761 [CE] :: WARNING :: Preset (attachments) with name 'bagsCity' was not found.
 8:37:26.761 [CE] :: WARNING :: Preset (attachments) with name 'bagsCity' was not found.
 8:37:26.761 [CE] :: WARNING :: Preset (attachments) with name 'bagsCity' was not found.
 8:37:26.761 [CE] :: WARNING :: Preset (attachments) with name 'bagsCity' was not found.
 8:37:26.761 [CE] :: WARNING :: Preset (attachments) with name 'bagsCity' was not found.
 8:37:26.761 [CE] :: WARNING :: Preset (attachments) with name 'bagsCity' was not found.
 8:37:26.761 [CE] :: WARNING :: Preset (attachments) with name 'bagsCity' was not found.
 8:37:26.761 [CE] :: WARNING :: Preset (attachments) with name 'bagsCity' was not found.
 8:37:26.761 [CE] :: WARNING :: Preset (attachments) with name 'bagsCity' was not found.
 8:37:26.761 [CE] :: WARNING :: Preset (attachments) with name 'bagsCity' was not found.
 8:37:26.761 [CE] :: WARNING :: Preset (attachments) with name 'bagsCity' was not found.
 8:37:26.761 [CE] :: WARNING :: Preset (attachments) with name 'bagsCity' was not found.
 8:37:26.761 [CE] :: WARNING :: Preset (attachments) with name 'bagsCity' was not found.
 8:37:26.761 [CE] :: WARNING :: Preset (attachments) with name 'bagsCity' was not found.
 8:37:26.761 [CE] :: WARNING :: Preset (attachments) with name 'bagsCity' was not found.
 8:37:26.761 [CE] :: WARNING :: Preset (attachments) with name 'bagsCity' was not found.
 8:37:26.761 [CE] :: WARNING :: Preset (attachments) with name 'bagsCity' was not found.
 8:37:26.761 [CE] :: WARNING :: Preset (attachments) with name 'bagsCity' was not found.
 8:37:26.761 [CE] :: WARNING :: Preset (attachments) with name 'bagsCity' was not found.
 8:37:26.761 [CE] :: WARNING :: Preset (attachments) with name 'bagsCity' was not found.
 8:37:26.761 [CE] :: WARNING :: Preset (attachments) with name 'hatsMotorbike' was not found.
 8:37:26.761 [CE] :: WARNING :: Preset (attachments) with name 'hatsMotorbike' was not found.
 8:37:26.761 [CE] :: WARNING :: Preset (attachments) with name 'hatsMotorbike' was not found.
 8:37:26.761 [CE] :: WARNING :: Preset (attachments) with name 'hatsCitySkate' was not found.
 8:37:26.761 [CE] :: WARNING :: Preset (attachments) with name 'bagsCity' was not found.
 8:37:26.761 [CE] :: WARNING :: Preset (attachments) with name 'hatsCitySkate' was not found.
 8:37:26.761 [CE] :: WARNING :: Preset (attachments) with name 'bagsCity' was not found.
 8:37:26.761 [CE] :: WARNING :: Preset (attachments) with name 'hatsCitySkate' was not found.
 8:37:26.761 [CE] :: WARNING :: Preset (attachments) with name 'bagsCity' was not found.
 8:37:26.761 [CE] :: WARNING :: Preset (attachments) with name 'hatsCitySkate' was not found.
 8:37:26.761 [CE] :: WARNING :: Preset (attachments) with name 'bagsCity' was not found.
 8:37:26.761 [CE] :: WARNING :: Preset (attachments) with name 'hatsIndustrial' was not found.
 8:37:26.761 [CE] :: WARNING :: Preset (attachments) with name 'bagsIndustrial' was not found.
 8:37:26.761 [CE] :: WARNING :: Preset (attachments) with name 'hatsIndustrial' was not found.
 8:37:26.761 [CE] :: WARNING :: Preset (attachments) with name 'bagsIndustrial' was not found.
 8:37:26.761 [CE] :: WARNING :: Preset (attachments) with name 'hatsIndustrial' was not found.
 8:37:26.761 [CE] :: WARNING :: Preset (attachments) with name 'bagsIndustrial' was not found.
 8:37:26.761 [CE] :: WARNING :: Preset (attachments) with name 'hatsIndustrial' was not found.
 8:37:26.761 [CE] :: WARNING :: Preset (attachments) with name 'bagsIndustrial' was not found.
 8:37:26.761 [CE] :: WARNING :: Preset (attachments) with name 'hatsIndustrial' was not found.
 8:37:26.761 [CE] :: WARNING :: Preset (attachments) with name 'bagsIndustrial' was not found.
 8:37:26.761 [CE] :: WARNING :: Preset (attachments) with name 'hatsIndustrial' was not found.
 8:37:26.761 [CE] :: WARNING :: Preset (attachments) with name 'bagsIndustrial' was not found.
 8:37:26.761 [CE] :: WARNING :: Preset (attachments) with name 'hatsIndustrial' was not found.
 8:37:26.761 [CE] :: WARNING :: Preset (attachments) with name 'bagsIndustrial' was not found.
 8:37:26.761 [CE] :: WARNING :: Preset (attachments) with name 'hatsIndustrial' was not found.
 8:37:26.761 [CE] :: WARNING :: Preset (attachments) with name 'bagsIndustrial' was not found.
 8:37:26.761 [CE] :: WARNING :: Preset (attachments) with name 'hatsIndustrial' was not found.
 8:37:26.761 [CE] :: WARNING :: Preset (attachments) with name 'bagsIndustrial' was not found.
 8:37:26.761 [CE] :: WARNING :: Preset (attachments) with name 'hatsIndustrial' was not found.
 8:37:26.761 [CE] :: WARNING :: Preset (attachments) with name 'bagsIndustrial' was not found.
 8:37:26.761 [CE] :: WARNING :: Preset (attachments) with name 'hatsIndustrial' was not found.
 8:37:26.761 [CE] :: WARNING :: Preset (attachments) with name 'bagsIndustrial' was not found.
 8:37:26.761 [CE] :: WARNING :: Preset (attachments) with name 'hatsIndustrial' was not found.
 8:37:26.761 [CE] :: WARNING :: Preset (attachments) with name 'bagsIndustrial' was not found.
 8:37:26.761 [CE] :: WARNING :: Preset (attachments) with name 'hatsIndustrial' was not found.
 8:37:26.761 [CE] :: WARNING :: Preset (attachments) with name 'bagsIndustrial' was not found.
 8:37:26.761 [CE] :: WARNING :: Preset (attachments) with name 'hatsIndustrial' was not found.
 8:37:26.761 [CE] :: WARNING :: Preset (attachments) with name 'bagsIndustrial' was not found.
 8:37:26.761 [CE] :: WARNING :: Preset (attachments) with name 'hatsIndustrial' was not found.
 8:37:26.761 [CE] :: WARNING :: Preset (attachments) with name 'bagsIndustrial' was not found.
 8:37:26.761 [CE] :: WARNING :: Preset (attachments) with name 'hatsIndustrial' was not found.
 8:37:26.761 [CE] :: WARNING :: Preset (attachments) with name 'bagsIndustrial' was not found.
 8:37:26.761 [CE] :: WARNING :: Preset (attachments) with name 'hatsIndustrial' was not found.
 8:37:26.761 [CE] :: WARNING :: Preset (attachments) with name 'bagsIndustrial' was not found.
 8:37:26.761 [CE] :: WARNING :: Preset (attachments) with name 'hatsIndustrial' was not found.
 8:37:26.761 [CE] :: WARNING :: Preset (attachments) with name 'bagsIndustrial' was not found.
 8:37:26.761 [CE] :: WARNING :: Preset (attachments) with name 'hatsIndustrial' was not found.
 8:37:26.761 [CE] :: WARNING :: Preset (attachments) with name 'bagsIndustrial' was not found.
 8:37:26.761 [CE] :: WARNING :: Preset (attachments) with name 'hatsIndustrial' was not found.
 8:37:26.761 [CE] :: WARNING :: Preset (attachments) with name 'bagsIndustrial' was not found.
 8:37:26.761 [CE] :: WARNING :: Preset (attachments) with name 'hatsIndustrial' was not found.
 8:37:26.761 [CE] :: WARNING :: Preset (attachments) with name 'bagsIndustrial' was not found.
 8:37:26.761 [CE] :: WARNING :: Preset (attachments) with name 'hatsIndustrial' was not found.
 8:37:26.761 [CE] :: WARNING :: Preset (attachments) with name 'bagsIndustrial' was not found.
 8:37:26.761 [CE] :: WARNING :: Preset (attachments) with name 'hatsIndustrial' was not found.
 8:37:26.761 [CE] :: WARNING :: Preset (attachments) with name 'bagsIndustrial' was not found.
 8:37:26.761 [CE] :: WARNING :: Preset (attachments) with name 'hatsIndustrial' was not found.
 8:37:26.761 [CE] :: WARNING :: Preset (attachments) with name 'bagsIndustrial' was not found.
 8:37:26.761 [CE] :: WARNING :: Preset (attachments) with name 'hatsIndustrial' was not found.
 8:37:26.761 [CE] :: WARNING :: Preset (attachments) with name 'bagsIndustrial' was not found.
 8:37:26.761 [CE] :: WARNING :: Preset (attachments) with name 'hatsIndustrial' was not found.
 8:37:26.761 [CE] :: WARNING :: Preset (attachments) with name 'bagsIndustrial' was not found.
 8:37:26.761 [CE] :: WARNING :: Preset (attachments) with name 'hatsFirefighter' was not found.
 8:37:26.761 [CE] :: WARNING :: Preset (attachments) with name 'hatsMedic' was not found.
 8:37:26.761 [CE] :: WARNING :: Preset (attachments) with name 'hatsMedic' was not found.
 8:37:26.761 [CE] :: WARNING :: Preset (attachments) with name 'hatsPolice' was not found.
 8:37:26.761 [CE] :: WARNING :: Preset (attachments) with name 'vestsPolice' was not found.
 8:37:26.761 [CE] :: WARNING :: Preset (attachments) with name 'hatsPolice' was not found.
 8:37:26.761 [CE] :: WARNING :: Preset (attachments) with name 'vestsPolice' was not found.
 8:37:26.761 [CE] :: WARNING :: Preset (attachments) with name 'hatsPolice' was not found.
 8:37:26.761 [CE] :: WARNING :: Preset (attachments) with name 'vestsPolice' was not found.
 8:37:26.761 [CE] :: WARNING :: Preset (attachments) with name 'hatsPrisoner' was not found.
 8:37:26.761 [CE] :: WARNING :: Preset (attachments) with name 'hatsFarm' was not found.
 8:37:26.761 [CE] :: WARNING :: Preset (attachments) with name 'hatsFarm' was not found.
 8:37:26.761 [CE] :: WARNING :: Preset (attachments) with name 'hatsFarm' was not found.
 8:37:26.761 [CE] :: WARNING :: Preset (attachments) with name 'hatsFarm' was not found.
 8:37:26.761 [CE] :: WARNING :: Preset (attachments) with name 'hatsFarm' was not found.
 8:37:26.761 [CE] :: WARNING :: Preset (attachments) with name 'hatsFarm' was not found.
 8:37:26.761 [CE] :: WARNING :: Preset (attachments) with name 'hatsFarm' was not found.
 8:37:26.761 [CE] :: WARNING :: Preset (attachments) with name 'hatsFarm' was not found.
 8:37:26.761 [CE] :: WARNING :: Preset (attachments) with name 'hatsFarm' was not found.
 8:37:26.761 [CE] :: WARNING :: Preset (attachments) with name 'hatsFarm' was not found.
 8:37:26.761 [CE] :: WARNING :: Preset (attachments) with name 'hatsFarm' was not found.
 8:37:26.761 [CE] :: WARNING :: Preset (attachments) with name 'hatsFarm' was not found.
 8:37:26.761 [CE] :: WARNING :: Preset (attachments) with name 'hatsFarm' was not found.
 8:37:26.761 [CE] :: WARNING :: Preset (attachments) with name 'hatsFarm' was not found.
 8:37:26.761 [CE] :: WARNING :: Preset (attachments) with name 'hatsFarm' was not found.
 8:37:26.761 [CE] :: WARNING :: Preset (attachments) with name 'hatsFarm' was not found.
 8:37:26.761 [CE] :: WARNING :: Preset (attachments) with name 'hatsFarm' was not found.
 8:37:26.761 [CE] :: WARNING :: Preset (attachments) with name 'hatsFarm' was not found.
 8:37:26.761 [CE] :: WARNING :: Preset (attachments) with name 'hatsFarm' was not found.
 8:37:26.761 [CE] :: WARNING :: Preset (attachments) with name 'hatsFarm' was not found.
 8:37:26.761 [CE] :: WARNING :: Preset (attachments) with name 'hatsFarm' was not found.
 8:37:26.761 [CE] :: WARNING :: Preset (attachments) with name 'hatsFarm' was not found.
 8:37:26.761 [CE] :: WARNING :: Preset (attachments) with name 'hatsFarm' was not found.
 8:37:26.761 [CE] :: WARNING :: Preset (attachments) with name 'hatsFarm' was not found.
 8:37:26.761 [CE] :: WARNING :: Preset (attachments) with name 'hatsFarm' was not found.
 8:37:26.761 [CE] :: WARNING :: Preset (attachments) with name 'hatsFarm' was not found.
 8:37:26.761 [CE] :: WARNING :: Preset (attachments) with name 'hatsFarm' was not found.
 8:37:26.761 [CE] :: WARNING :: Preset (attachments) with name 'hatsFarm' was not found.
 8:37:26.761 [CE] :: WARNING :: Preset (attachments) with name 'hatsFarm' was not found.
 8:37:26.761 [CE] :: WARNING :: Preset (attachments) with name 'hatsFarm' was not found.
 8:37:26.761 [CE] :: WARNING :: Preset (attachments) with name 'hatsFarm' was not found.
 8:37:26.761 [CE] :: WARNING :: Preset (attachments) with name 'hatsFarm' was not found.
 8:37:26.761 [CE] :: WARNING :: Preset (attachments) with name 'hatsFarm' was not found.
 8:37:26.761 [CE][TypeSetup] :: 263 classes setuped...
 8:37:26.839 [CE][RegisterBind] :: 0 classes binded...
 8:37:26.839 [CE][RegisterConfig] :: 2924 config classes registered, 1 sub-counters...
 8:37:26.839 [CE][Hive] :: Loading map data ... 
 8:37:26.902 !!! [CE] :: Unknown category: 'vehicleparts'.
 8:37:26.902 !!! [CE] :: Unknown category: 'vehicleparts'.
 8:37:26.902 !!! [CE] :: Unknown category: 'vehicleparts'.
 8:37:26.902 !!! [CE] :: Unknown category: 'vehicleparts'.
 8:37:26.902 !!! [CE] :: Unknown category: 'vehicleparts'.
 8:37:26.902 !!! [CE] :: Unknown category: 'vehicleparts'.
 8:37:26.902 !!! [CE] :: Unknown category: 'vehicleparts'.
 8:37:26.902 !!! [CE] :: Unknown category: 'vehicleparts'.
 8:37:26.902 !!! [CE] :: Unknown category: 'vehicleparts'.
 8:37:26.902 !!! [CE] :: Unknown category: 'vehicleparts'.
 8:37:26.902 !!! [CE] :: Unknown category: 'vehicleparts'.
 8:37:26.902 !!! [CE] :: Unknown category: 'vehicleparts'.
 8:37:26.902 !!! [CE] :: Unknown category: 'vehicleparts'.
 8:37:26.902 !!! [CE] :: Unknown category: 'vehicleparts'.
 8:37:26.902 !!! [CE] :: Unknown category: 'vehicleparts'.
 8:37:26.902 !!! [CE] :: Unknown category: 'vehicleparts'.
 8:37:26.902 !!! [CE] :: Unknown category: 'vehicleparts'.
 8:37:26.902 !!! [CE] :: Unknown category: 'vehicleparts'.
 8:37:26.902 !!! [CE] :: Unknown category: 'vehicleparts'.
 8:37:26.902 !!! [CE] :: Unknown category: 'vehicleparts'.
 8:37:26.902 !!! [CE] :: Unknown category: 'vehicleparts'.
 8:37:26.902 !!! [CE] :: Unknown category: 'vehicleparts'.
 8:37:26.902 !!! [CE] :: Unknown category: 'vehicleparts'.
 8:37:26.902 !!! [CE] :: Unknown category: 'vehicleparts'.
 8:37:26.902 [CE][LoadPrototype] :: loaded 329 prototypes
 8:37:26.902   701 containers, 9117 points
 8:37:26.902   24 dispatches, 90 proxies
 8:37:26.902 !!! [CE][LoadPrototype] 12 groups have no points...
 8:37:26.902 !!![CE][LoadPrototype]  3 groups have wrong points...
 8:37:26.902 [CE][LoadPrototype] :: last group name: Land_Lunapark_Autodrome...
 8:37:26.917 [CE][LoadPrototype] :: loaded 0 prototypes
 8:37:26.917   0 containers, 0 points
 8:37:26.917   0 dispatches, 0 proxies
 8:37:26.917 [CE][LoadPrototype] :: last group name: Rail9...
 8:37:27.464 [CE][LoadMap] "Group" :: loaded 11599 groups, largest group range: 34.2
 8:37:27.464 [CE][LoadMap] "Dirt" :: loaded 0 groups, largest group range: 34.2
 8:37:27.886 [CE][Links] found 1896 total links between groups, of 11599
 8:37:27.886 [CE][LoadClusters] "Cluster" :: Loading files...
 8:37:28.136 [CE][LoadClusters] :: file: "mapgroupcluster.xml", 9 types, 50000 instances
 8:37:28.402 [CE][LoadClusters] :: file: "mapgroupcluster01", 9 types, 50000 instances
 8:37:28.683 [CE][LoadClusters] :: file: "mapgroupcluster02", 9 types, 50000 instances
 8:37:28.948 [CE][LoadClusters] :: file: "mapgroupcluster03", 9 types, 50000 instances
 8:37:29.58 [CE][LoadClusters] :: file: "mapgroupcluster04", 9 types, 17229 instances
 8:37:29.58 [CE][Storage] ver:21 stamp:79, valid:yes, name:"mpmissions\dayzOffline.chernarusplus\storage_1\data\types.bin"
 8:37:29.73 [CE][Storage] ver:21 stamp:19, valid:yes, name:"mpmissions\dayzOffline.chernarusplus\storage_1\data\types.001"
 8:37:29.73 [CE][Storage] ver:21 stamp:20, valid:yes, name:"mpmissions\dayzOffline.chernarusplus\storage_1\data\types.002"
 8:37:29.73 [CE][Storage] Restoring file "mpmissions\dayzOffline.chernarusplus\storage_1\data\types.bin".
 8:37:29.105 [CE][offlineDB] :: Loaded 37 dynamic events 216 total types 0 total positions.
 8:37:29.136 !!! [CE] :: Unknown usage: 'Lunapark'.
 8:37:29.151 [CE][Storage] ver:21 stamp:79, valid:yes, name:"mpmissions\dayzOffline.chernarusplus\storage_1\data\events.bin"
 8:37:29.151 [CE][Storage] ver:21 stamp:19, valid:yes, name:"mpmissions\dayzOffline.chernarusplus\storage_1\data\events.001"
 8:37:29.151 [CE][Storage] ver:21 stamp:20, valid:yes, name:"mpmissions\dayzOffline.chernarusplus\storage_1\data\events.002"
 8:37:29.151 [CE][Storage] Restoring file "mpmissions\dayzOffline.chernarusplus\storage_1\data\events.bin".
 8:37:29.151 [CE][DynamicEvent] Load  Events:[37] Primary spawners: 37 Secondary spawners: 1
 8:37:29.151 [CE][Storage] ver:25 stamp:79, valid:yes, name:"mpmissions\dayzOffline.chernarusplus\storage_1\data\dynamic_000.bin"
 8:37:29.167 [CE][Storage] ver:25 stamp:19, valid:yes, name:"mpmissions\dayzOffline.chernarusplus\storage_1\data\dynamic_000.001"
 8:37:29.167 [CE][Storage] ver:25 stamp:20, valid:yes, name:"mpmissions\dayzOffline.chernarusplus\storage_1\data\dynamic_000.002"
 8:37:29.167 [CE][Storage] Restoring file "mpmissions\dayzOffline.chernarusplus\storage_1\data\dynamic_000.bin" 892 items.
 8:37:29.589   892 items loaded.
 8:37:29.589 [CE][Storage] ver:25 stamp:79, valid:yes, name:"mpmissions\dayzOffline.chernarusplus\storage_1\data\dynamic_001.bin"
 8:37:29.605 [CE][Storage] ver:25 stamp:19, valid:yes, name:"mpmissions\dayzOffline.chernarusplus\storage_1\data\dynamic_001.001"
 8:37:29.605 [CE][Storage] ver:25 stamp:20, valid:yes, name:"mpmissions\dayzOffline.chernarusplus\storage_1\data\dynamic_001.002"
 8:37:29.605 [CE][Storage] Restoring file "mpmissions\dayzOffline.chernarusplus\storage_1\data\dynamic_001.bin" 1631 items.
 8:37:29.980   1631 items loaded.
 8:37:29.995 [CE][Storage] ver:25 stamp:79, valid:yes, name:"mpmissions\dayzOffline.chernarusplus\storage_1\data\dynamic_002.bin"
 8:37:29.995 [CE][Storage] ver:25 stamp:19, valid:yes, name:"mpmissions\dayzOffline.chernarusplus\storage_1\data\dynamic_002.001"
 8:37:30.11 [CE][Storage] ver:25 stamp:20, valid:yes, name:"mpmissions\dayzOffline.chernarusplus\storage_1\data\dynamic_002.002"
 8:37:30.11 [CE][Storage] Restoring file "mpmissions\dayzOffline.chernarusplus\storage_1\data\dynamic_002.bin" 2569 items.
 8:37:30.511   2569 items loaded.
 8:37:30.511 [CE][Storage] ver:25 stamp:79, valid:yes, name:"mpmissions\dayzOffline.chernarusplus\storage_1\data\dynamic_003.bin"
 8:37:30.526 [CE][Storage] ver:25 stamp:19, valid:yes, name:"mpmissions\dayzOffline.chernarusplus\storage_1\data\dynamic_003.001"
 8:37:30.542 [CE][Storage] ver:25 stamp:20, valid:yes, name:"mpmissions\dayzOffline.chernarusplus\storage_1\data\dynamic_003.002"
 8:37:30.542 [CE][Storage] Restoring file "mpmissions\dayzOffline.chernarusplus\storage_1\data\dynamic_003.bin" 2060 items.
 8:37:30.948   2060 items loaded.
 8:37:30.948 [CE][Storage] ver:25 stamp:79, valid:yes, name:"mpmissions\dayzOffline.chernarusplus\storage_1\data\dynamic_004.bin"
 8:37:30.948 [CE][Storage] ver:25 stamp:19, valid:yes, name:"mpmissions\dayzOffline.chernarusplus\storage_1\data\dynamic_004.001"
 8:37:30.964 [CE][Storage] ver:25 stamp:20, valid:yes, name:"mpmissions\dayzOffline.chernarusplus\storage_1\data\dynamic_004.002"
 8:37:30.964 [CE][Storage] Restoring file "mpmissions\dayzOffline.chernarusplus\storage_1\data\dynamic_004.bin" 1915 items.
 8:37:31.308   1915 items loaded.
 8:37:31.308 [CE][Storage] ver:25 stamp:79, valid:yes, name:"mpmissions\dayzOffline.chernarusplus\storage_1\data\dynamic_005.bin"
 8:37:31.308 [CE][Storage] ver:25 stamp:19, valid:yes, name:"mpmissions\dayzOffline.chernarusplus\storage_1\data\dynamic_005.001"
 8:37:31.323 [CE][Storage] ver:25 stamp:20, valid:yes, name:"mpmissions\dayzOffline.chernarusplus\storage_1\data\dynamic_005.002"
 8:37:31.323 [CE][Storage] Restoring file "mpmissions\dayzOffline.chernarusplus\storage_1\data\dynamic_005.bin" 2147 items.
 8:37:31.698   2147 items loaded.
 8:37:31.698 [CE][Storage] ver:25 stamp:79, valid:yes, name:"mpmissions\dayzOffline.chernarusplus\storage_1\data\dynamic_006.bin"
 8:37:31.714 [CE][Storage] ver:25 stamp:19, valid:yes, name:"mpmissions\dayzOffline.chernarusplus\storage_1\data\dynamic_006.001"
 8:37:31.714 [CE][Storage] ver:25 stamp:20, valid:yes, name:"mpmissions\dayzOffline.chernarusplus\storage_1\data\dynamic_006.002"
 8:37:31.714 [CE][Storage] Restoring file "mpmissions\dayzOffline.chernarusplus\storage_1\data\dynamic_006.bin" 1492 items.
 8:37:31.995   1492 items loaded.
 8:37:31.995 [CE][Storage] ver:25 stamp:79, valid:yes, name:"mpmissions\dayzOffline.chernarusplus\storage_1\data\dynamic_007.bin"
 8:37:31.995 [CE][Storage] ver:25 stamp:19, valid:yes, name:"mpmissions\dayzOffline.chernarusplus\storage_1\data\dynamic_007.001"
 8:37:31.995 [CE][Storage] ver:25 stamp:20, valid:yes, name:"mpmissions\dayzOffline.chernarusplus\storage_1\data\dynamic_007.002"
 8:37:32.11 [CE][Storage] Restoring file "mpmissions\dayzOffline.chernarusplus\storage_1\data\dynamic_007.bin" 1476 items.
 8:37:32.292   1476 items loaded.
 8:37:32.292 [CE][Storage] ver:25 stamp:79, valid:yes, name:"mpmissions\dayzOffline.chernarusplus\storage_1\data\dynamic_008.bin"
 8:37:32.292 [CE][Storage] ver:25 stamp:19, valid:yes, name:"mpmissions\dayzOffline.chernarusplus\storage_1\data\dynamic_008.001"
 8:37:32.292 [CE][Storage] ver:25 stamp:20, valid:yes, name:"mpmissions\dayzOffline.chernarusplus\storage_1\data\dynamic_008.002"
 8:37:32.292 [CE][Storage] Restoring file "mpmissions\dayzOffline.chernarusplus\storage_1\data\dynamic_008.bin" 2096 items.
 8:37:32.729   2096 items loaded.
 8:37:32.729 [CE][Storage] ver:25 stamp:79, valid:yes, name:"mpmissions\dayzOffline.chernarusplus\storage_1\data\dynamic_009.bin"
 8:37:32.745 [CE][Storage] ver:25 stamp:19, valid:yes, name:"mpmissions\dayzOffline.chernarusplus\storage_1\data\dynamic_009.001"
 8:37:32.745 [CE][Storage] ver:25 stamp:20, valid:yes, name:"mpmissions\dayzOffline.chernarusplus\storage_1\data\dynamic_009.002"
 8:37:32.745 [CE][Storage] Restoring file "mpmissions\dayzOffline.chernarusplus\storage_1\data\dynamic_009.bin" 2711 items.
 8:37:33.292   2711 items loaded.
 8:37:33.292 [CE][Storage] ver:25 stamp:79, valid:yes, name:"mpmissions\dayzOffline.chernarusplus\storage_1\data\dynamic_010.bin"
 8:37:33.292 [CE][Storage] ver:25 stamp:19, valid:yes, name:"mpmissions\dayzOffline.chernarusplus\storage_1\data\dynamic_010.001"
 8:37:33.307 [CE][Storage] ver:25 stamp:20, valid:yes, name:"mpmissions\dayzOffline.chernarusplus\storage_1\data\dynamic_010.002"
 8:37:33.307 [CE][Storage] Restoring file "mpmissions\dayzOffline.chernarusplus\storage_1\data\dynamic_010.bin" 1683 items.
 8:37:33.651   1683 items loaded.
 8:37:33.651 [CE][Storage] ver:25 stamp:79, valid:yes, name:"mpmissions\dayzOffline.chernarusplus\storage_1\data\dynamic_011.bin"
 8:37:33.651 [CE][Storage] ver:25 stamp:19, valid:yes, name:"mpmissions\dayzOffline.chernarusplus\storage_1\data\dynamic_011.001"
 8:37:33.651 [CE][Storage] ver:25 stamp:20, valid:yes, name:"mpmissions\dayzOffline.chernarusplus\storage_1\data\dynamic_011.002"
 8:37:33.651 [CE][Storage] Restoring file "mpmissions\dayzOffline.chernarusplus\storage_1\data\dynamic_011.bin" 161 items.
 8:37:33.682   161 items loaded.
 8:37:33.698 [CE][Storage] ver:25 stamp:79, valid:yes, name:"mpmissions\dayzOffline.chernarusplus\storage_1\data\vehicles.bin"
 8:37:33.698 [CE][Storage] ver:25 stamp:19, valid:yes, name:"mpmissions\dayzOffline.chernarusplus\storage_1\data\vehicles.001"
 8:37:33.698 [CE][Storage] ver:25 stamp:20, valid:yes, name:"mpmissions\dayzOffline.chernarusplus\storage_1\data\vehicles.002"
 8:37:33.698 [CE][Storage] Restoring file "mpmissions\dayzOffline.chernarusplus\storage_1\data\vehicles.bin" 94 items.
 8:37:34.182   94 items loaded.
 8:37:34.229 [CE][Hive] :: Storage load took:5.08 seconds, recovery stamp:79
 8:37:34.229   entity: 23616, building: 0
 8:37:34.229   no lifetime: 41
 8:37:34.229 [CE][Hive] :: Initializing ... 
 8:37:34.229 [CE][InitializeMap] :: initialized: 0
 8:37:34.229 [CE][Hive] :: Initializing spawners ... 
 8:37:35.151 [CE][LootRespawner] (PRIDummy) :: Initially (re)spawned:0, Nominal:20826, Total in Map: 20964 at 0 (sec)
 8:37:35.151   tests:0, repeats:0 fails:0, overtime:0
 8:37:35.151 [CE][DynEvent] :: 37 types
 8:37:35.151 [00] AmbientHen
 8:37:35.151   Primary Spawner: "Ambient", active: yes, repeat: 1
 8:37:35.151 [01] AnimalBear
 8:37:35.151   Primary Spawner: "Animal", active: yes, repeat: 1
 8:37:35.151 [02] AnimalCow
 8:37:35.151   Primary Spawner: "Animal", active: yes, repeat: 1
 8:37:35.151 [03] AnimalDeer
 8:37:35.151   Primary Spawner: "Animal", active: yes, repeat: 1
 8:37:35.151 [04] AnimalGoat
 8:37:35.151   Primary Spawner: "Animal", active: yes, repeat: 1
 8:37:35.151 [05] AnimalPig
 8:37:35.151   Primary Spawner: "Animal", active: yes, repeat: 1
 8:37:35.151 [06] AnimalRoeDeer
 8:37:35.151   Primary Spawner: "Animal", active: yes, repeat: 1
 8:37:35.151 [07] AnimalSheep
 8:37:35.151   Primary Spawner: "Animal", active: yes, repeat: 1
 8:37:35.151 [08] AnimalWildBoar
 8:37:35.151   Primary Spawner: "Animal", active: yes, repeat: 1
 8:37:35.151 [09] AnimalWolf
 8:37:35.151   Primary Spawner: "Animal", active: yes, repeat: 1
 8:37:35.151 [10] InfectedArmy
 8:37:35.151   Primary Spawner: "Infected", active: yes, repeat: 1
 8:37:35.151 [11] InfectedCity
 8:37:35.151   Primary Spawner: "Infected", active: yes, repeat: 1
 8:37:35.151 [12] InfectedFirefighter
 8:37:35.151   Primary Spawner: "Infected", active: yes, repeat: 1
 8:37:35.151 [13] InfectedIndustrial
 8:37:35.151   Primary Spawner: "Infected", active: yes, repeat: 1
 8:37:35.151 [14] InfectedMedic
 8:37:35.151   Primary Spawner: "Infected", active: yes, repeat: 1
 8:37:35.151 [15] InfectedPolice
 8:37:35.151   Primary Spawner: "Infected", active: yes, repeat: 1
 8:37:35.151 [16] InfectedPrisoner
 8:37:35.151   Primary Spawner: "Infected", active: yes, repeat: 1
 8:37:35.151 [17] InfectedReligious
 8:37:35.151   Primary Spawner: "Infected", active: yes, repeat: 1
 8:37:35.151 [18] InfectedSolitude
 8:37:35.151   Primary Spawner: "Infected", active: yes, repeat: 1
 8:37:35.151 [19] InfectedVillage
 8:37:35.151   Primary Spawner: "Infected", active: yes, repeat: 1
 8:37:35.151 [20] ItemPlanks
 8:37:35.151   Primary Spawner: "Item", active: yes, repeat: 1
 8:37:35.151 [21] Loot
 8:37:35.151   Primary Spawner: "Loot", active: yes, repeat: 2
 8:37:35.151 [22] StaticHeliCrash
 8:37:35.151   Primary Spawner: "Vehicle", active: yes, repeat: 1
 8:37:35.151   Secondary Spawner: "Infected", active: yes, repeat: 1
 8:37:35.151 [23] StaticPoliceCar
 8:37:35.151   Primary Spawner: "Vehicle", active: yes, repeat: 1
 8:37:35.151 [24] TrajectoryApple
 8:37:35.151   Primary Spawner: "Trajectory", active: yes, repeat: 1
 8:37:35.151 [25] TrajectoryCanina
 8:37:35.151   Primary Spawner: "Trajectory", active: yes, repeat: 1
 8:37:35.151 [26] TrajectoryConiferous
 8:37:35.151   Primary Spawner: "Trajectory", active: yes, repeat: 1
 8:37:35.151 [27] TrajectoryDeciduous
 8:37:35.151   Primary Spawner: "Trajectory", active: yes, repeat: 1
 8:37:35.151 [28] TrajectoryHumus
 8:37:35.151   Primary Spawner: "Trajectory", active: yes, repeat: 1
 8:37:35.151 [29] TrajectoryPear
 8:37:35.151   Primary Spawner: "Trajectory", active: yes, repeat: 1
 8:37:35.151 [30] TrajectoryPlum
 8:37:35.151   Primary Spawner: "Trajectory", active: yes, repeat: 1
 8:37:35.151 [31] TrajectorySambucus
 8:37:35.151   Primary Spawner: "Trajectory", active: yes, repeat: 1
 8:37:35.151 [32] TrajectoryStones
 8:37:35.151   Primary Spawner: "Trajectory", active: yes, repeat: 1
 8:37:35.151 [33] VehicleCivilianSedan
 8:37:35.151   Primary Spawner: "Vehicle", active: yes, repeat: 1
 8:37:35.151 [34] VehicleHatchback02
 8:37:35.151   Primary Spawner: "Vehicle", active: yes, repeat: 1
 8:37:35.151 [35] VehicleOffroadHatchback
 8:37:35.151   Primary Spawner: "Vehicle", active: yes, repeat: 1
 8:37:35.151 [36] VehicleSedan02
 8:37:35.151   Primary Spawner: "Vehicle", active: yes, repeat: 1
 8:37:35.151 [CE][Hive] :: Initializing of spawners done.
 8:37:35.151 [CE][Hive] :: Init sequence finished.
 8:37:35.151 Player connect enabled
 8:37:35.823 [IdleMode] Entering IN - save processed
 8:38:07.102 [Login]: Adding player Survivor (39294536) to login queue at position 0
 8:38:07.102 [LoginMachine]: Add player Survivor (39294536)
 8:38:07.102 [StateMachine]: Player Survivor (dpnid 39294536 uid ) Entering AuthPlayerLoginState
 8:38:07.305 [StateMachine]: Player Survivor (dpnid 39294536 uid ) Entering WaitAuthPlayerLoginState
 8:38:08.883 Player Survivor connected (id=BvAfWEwkf1BS22gq16ncvW4M3Ycn_607DPSKzJe9pnU=).
 8:38:08.883 Player "Survivor" is connected (steamID=76561198073956794)
 8:38:09.492 [StateMachine]: Player Survivor (dpnid 39294536 uid BvAfWEwkf1BS22gq16ncvW4M3Ycn_607DPSKzJe9pnU=) Entering DBGetLoginTimeLoginState
 8:38:09.508 [IdleMode] Leaving OUT
 8:38:09.524 [StateMachine]: Player Survivor (dpnid 39294536 uid BvAfWEwkf1BS22gq16ncvW4M3Ycn_607DPSKzJe9pnU=) Entering DBWaitLoginTimeLoginState
 8:38:24.517 [StateMachine]: Player Survivor (dpnid 39294536 uid BvAfWEwkf1BS22gq16ncvW4M3Ycn_607DPSKzJe9pnU=) Entering DBGetCharacterLoginState
 8:38:24.564 [StateMachine]: Player Survivor (dpnid 39294536 uid BvAfWEwkf1BS22gq16ncvW4M3Ycn_607DPSKzJe9pnU=) Entering CreateNetObjectsLoginState
 8:38:24.580 [StateMachine]: Player Survivor (dpnid 39294536 uid BvAfWEwkf1BS22gq16ncvW4M3Ycn_607DPSKzJe9pnU=) Entering PreloadCamLoginState
 8:38:24.595 [StateMachine]: Player Survivor (dpnid 39294536 uid BvAfWEwkf1BS22gq16ncvW4M3Ycn_607DPSKzJe9pnU=) Entering WaitPreloadCamLoginState
 8:38:41.314 [StateMachine]: Player Survivor (dpnid 39294536 uid BvAfWEwkf1BS22gq16ncvW4M3Ycn_607DPSKzJe9pnU=) Entering GetLoadedCharLoginState
 8:38:44.142 <LOAD EXISTING CHAR>:
    charID 1
    playerID 1
    dpnid 39294536
    uid BvAfWEwkf1BS22gq16ncvW4M3Ycn_607DPSKzJe9pnU=
 8:41:32.454 [CE][LootRespawner] (PRIDummy) :: Item [0] causing search overtime: "Hatchback_02_Door_1_1_BlueRust"
 8:42:01.877 [CE][LootRespawner] (PRIDummy) :: Item [1] causing search overtime: "Hatchback_02_Door_1_1_BlueRust"
 8:42:01.986 [CE][LootRespawner] (PRIDummy) :: Item [2] causing search overtime: "Hatchback_02_Door_1_1_RedRust"
 8:42:02.95 [CE][LootRespawner] (PRIDummy) :: Item [3] causing search overtime: "Hatchback_02_Door_1_1_BlackRust"
 8:42:31.298 [CE][LootRespawner] (PRIDummy) :: Item [4] causing search overtime: "Hatchback_02_Door_1_1_BlueRust"
 8:42:31.408 [CE][LootRespawner] (PRIDummy) :: Item [5] causing search overtime: "Hatchback_02_Door_1_1_BlackRust"
 8:42:31.517 [CE][LootRespawner] (PRIDummy) :: Item [6] causing search overtime: "Hatchback_02_Door_1_1_RedRust"
 8:43:00.720 [CE][LootRespawner] (PRIDummy) :: Item [7] causing search overtime: "Hatchback_02_Door_1_1_BlueRust"
 8:43:00.830 [CE][LootRespawner] (PRIDummy) :: Item [8] causing search overtime: "Hatchback_02_Door_1_1_BlackRust"
 8:43:00.939 [CE][LootRespawner] (PRIDummy) :: Item [9] causing search overtime: "Hatchback_02_Door_1_1_RedRust"
 8:43:30.158 [CE][LootRespawner] (PRIDummy) :: Item [10] causing search overtime: "Hatchback_02_Door_1_1_BlueRust"
 8:43:30.267 [CE][LootRespawner] (PRIDummy) :: Item [11] causing search overtime: "Hatchback_02_Door_1_1_BlackRust"
 8:43:30.377 [CE][LootRespawner] (PRIDummy) :: Item [12] causing search overtime: "Hatchback_02_Door_1_1_RedRust"
 8:43:59.580 [CE][LootRespawner] (PRIDummy) :: Item [13] causing search overtime: "Hatchback_02_Door_1_1_BlueRust"
 8:43:59.689 [CE][LootRespawner] (PRIDummy) :: Item [14] causing search overtime: "Hatchback_02_Door_1_1_BlackRust"
