

=====================================================================
== C:\Program Files (x86)\Steam\steamapps\common\DayZServer\DayZServer_x64.exe
== DayZServer_x64.exe  -config=serverDZ.cfg -profiles=ServerProfile -limitFPS=30
=====================================================================
Exe timestamp: 2020/07/10 13:13:22
Current time:  2020/07/11 06:27:21

Version 1.08.153258
 6:27:21.928 [Inputs] Loading inputs default "bin/constants.xml"
 6:27:21.928 [Inputs] Loading inputs default "bin/specific.xml"
 6:27:21.928 !!! [Inputs] Invalid input name used "UAUIInspectItem" for context "ui" in "bin/specific.xml"
 6:27:21.928 [Inputs] Loading inputs cfg "ServerProfile\Users\Survivor\Server.core.xml"
 6:27:21.928 !!! [Inputs] Cannot read inputs cfg "ServerProfile\Users\Survivor\Server.core.xml", parser error
 6:27:21.928 [Inputs] Loading inputs cfg "bin/core.xml"
 6:27:21.928 !!! [Inputs] Cannot load input preset "user", file does not exist
 6:27:21.928 [Inputs] Exporting inputs cfg "ServerProfile\Users\Survivor\Server.core.xml"
 6:27:34.834 [CE][Hive] :: Initializing OFFLINE
 6:27:34.834 [CE][Hive] :: Loading core data ... 
 6:27:34.834 [CE][CoreData] :: 7 root classes, 18 defaults, 0 updaters...
 6:27:34.881 [CE][offlineDB] :: Conversion of characters started.
 6:27:34.912 [CE][offlineDB] :: Processing 0 players.
 6:27:34.912 [CE][offlineDB] :: Conversion of characters successfully completed.
 6:27:36.976 [CE] :: WARNING :: Preset map "optics" is EMPTY.
 6:27:36.976 [CE] :: WARNING :: Preset (attachments) with name 'bagsCity' was not found.
 6:27:36.976 [CE] :: WARNING :: Preset (attachments) with name 'bagsCity' was not found.
 6:27:36.976 [CE] :: WARNING :: Preset (attachments) with name 'bagsCity' was not found.
 6:27:36.976 [CE] :: WARNING :: Preset (attachments) with name 'bagsCity' was not found.
 6:27:36.976 [CE] :: WARNING :: Preset (attachments) with name 'bagsCity' was not found.
 6:27:36.976 [CE] :: WARNING :: Preset (attachments) with name 'bagsCity' was not found.
 6:27:36.976 [CE] :: WARNING :: Preset (attachments) with name 'bagsCity' was not found.
 6:27:36.976 [CE] :: WARNING :: Preset (attachments) with name 'bagsCity' was not found.
 6:27:36.976 [CE] :: WARNING :: Preset (attachments) with name 'bagsCity' was not found.
 6:27:36.976 [CE] :: WARNING :: Preset (attachments) with name 'bagsCity' was not found.
 6:27:36.976 [CE] :: WARNING :: Preset (attachments) with name 'bagsCity' was not found.
 6:27:36.976 [CE] :: WARNING :: Preset (attachments) with name 'bagsCity' was not found.
 6:27:36.976 [CE] :: WARNING :: Preset (attachments) with name 'bagsCity' was not found.
 6:27:36.976 [CE] :: WARNING :: Preset (attachments) with name 'bagsCity' was not found.
 6:27:36.976 [CE] :: WARNING :: Preset (attachments) with name 'hatsCitySkate' was not found.
 6:27:36.976 [CE] :: WARNING :: Preset (attachments) with name 'bagsCity' was not found.
 6:27:36.976 [CE] :: WARNING :: Preset (attachments) with name 'hatsCitySkate' was not found.
 6:27:36.976 [CE] :: WARNING :: Preset (attachments) with name 'bagsCity' was not found.
 6:27:36.976 [CE] :: WARNING :: Preset (attachments) with name 'hatsCitySkate' was not found.
 6:27:36.976 [CE] :: WARNING :: Preset (attachments) with name 'bagsCity' was not found.
 6:27:36.976 [CE] :: WARNING :: Preset (attachments) with name 'bagsCity' was not found.
 6:27:36.976 [CE] :: WARNING :: Preset (attachments) with name 'bagsCity' was not found.
 6:27:36.976 [CE] :: WARNING :: Preset (attachments) with name 'bagsCity' was not found.
 6:27:36.976 [CE] :: WARNING :: Preset (attachments) with name 'bagsCity' was not found.
 6:27:36.976 [CE] :: WARNING :: Preset (attachments) with name 'bagsCity' was not found.
 6:27:36.976 [CE] :: WARNING :: Preset (attachments) with name 'bagsCity' was not found.
 6:27:36.976 [CE] :: WARNING :: Preset (attachments) with name 'bagsCity' was not found.
 6:27:36.976 [CE] :: WARNING :: Preset (attachments) with name 'bagsCity' was not found.
 6:27:36.976 [CE] :: WARNING :: Preset (attachments) with name 'bagsCity' was not found.
 6:27:36.976 [CE] :: WARNING :: Preset (attachments) with name 'bagsCity' was not found.
 6:27:36.976 [CE] :: WARNING :: Preset (attachments) with name 'bagsCity' was not found.
 6:27:36.976 [CE] :: WARNING :: Preset (attachments) with name 'bagsCity' was not found.
 6:27:36.976 [CE] :: WARNING :: Preset (attachments) with name 'bagsCity' was not found.
 6:27:36.976 [CE] :: WARNING :: Preset (attachments) with name 'bagsCity' was not found.
 6:27:36.976 [CE] :: WARNING :: Preset (attachments) with name 'bagsCity' was not found.
 6:27:36.976 [CE] :: WARNING :: Preset (attachments) with name 'bagsCity' was not found.
 6:27:36.976 [CE] :: WARNING :: Preset (attachments) with name 'bagsCity' was not found.
 6:27:36.976 [CE] :: WARNING :: Preset (attachments) with name 'bagsCity' was not found.
 6:27:36.976 [CE] :: WARNING :: Preset (attachments) with name 'bagsCity' was not found.
 6:27:36.976 [CE] :: WARNING :: Preset (attachments) with name 'bagsCity' was not found.
 6:27:36.976 [CE] :: WARNING :: Preset (attachments) with name 'bagsCity' was not found.
 6:27:36.976 [CE] :: WARNING :: Preset (attachments) with name 'bagsCity' was not found.
 6:27:36.976 [CE] :: WARNING :: Preset (attachments) with name 'bagsCity' was not found.
 6:27:36.976 [CE] :: WARNING :: Preset (attachments) with name 'bagsCity' was not found.
 6:27:36.976 [CE] :: WARNING :: Preset (attachments) with name 'bagsCity' was not found.
 6:27:36.976 [CE] :: WARNING :: Preset (attachments) with name 'hatsMotorbike' was not found.
 6:27:36.976 [CE] :: WARNING :: Preset (attachments) with name 'hatsMotorbike' was not found.
 6:27:36.976 [CE] :: WARNING :: Preset (attachments) with name 'hatsMotorbike' was not found.
 6:27:36.976 [CE] :: WARNING :: Preset (attachments) with name 'hatsCitySkate' was not found.
 6:27:36.976 [CE] :: WARNING :: Preset (attachments) with name 'bagsCity' was not found.
 6:27:36.976 [CE] :: WARNING :: Preset (attachments) with name 'hatsCitySkate' was not found.
 6:27:36.976 [CE] :: WARNING :: Preset (attachments) with name 'bagsCity' was not found.
 6:27:36.976 [CE] :: WARNING :: Preset (attachments) with name 'hatsCitySkate' was not found.
 6:27:36.976 [CE] :: WARNING :: Preset (attachments) with name 'bagsCity' was not found.
 6:27:36.976 [CE] :: WARNING :: Preset (attachments) with name 'hatsCitySkate' was not found.
 6:27:36.976 [CE] :: WARNING :: Preset (attachments) with name 'bagsCity' was not found.
 6:27:36.976 [CE] :: WARNING :: Preset (attachments) with name 'hatsIndustrial' was not found.
 6:27:36.976 [CE] :: WARNING :: Preset (attachments) with name 'bagsIndustrial' was not found.
 6:27:36.976 [CE] :: WARNING :: Preset (attachments) with name 'hatsIndustrial' was not found.
 6:27:36.976 [CE] :: WARNING :: Preset (attachments) with name 'bagsIndustrial' was not found.
 6:27:36.976 [CE] :: WARNING :: Preset (attachments) with name 'hatsIndustrial' was not found.
 6:27:36.976 [CE] :: WARNING :: Preset (attachments) with name 'bagsIndustrial' was not found.
 6:27:36.976 [CE] :: WARNING :: Preset (attachments) with name 'hatsIndustrial' was not found.
 6:27:36.976 [CE] :: WARNING :: Preset (attachments) with name 'bagsIndustrial' was not found.
 6:27:36.976 [CE] :: WARNING :: Preset (attachments) with name 'hatsIndustrial' was not found.
 6:27:36.976 [CE] :: WARNING :: Preset (attachments) with name 'bagsIndustrial' was not found.
 6:27:36.976 [CE] :: WARNING :: Preset (attachments) with name 'hatsIndustrial' was not found.
 6:27:36.976 [CE] :: WARNING :: Preset (attachments) with name 'bagsIndustrial' was not found.
 6:27:36.976 [CE] :: WARNING :: Preset (attachments) with name 'hatsIndustrial' was not found.
 6:27:36.976 [CE] :: WARNING :: Preset (attachments) with name 'bagsIndustrial' was not found.
 6:27:36.976 [CE] :: WARNING :: Preset (attachments) with name 'hatsIndustrial' was not found.
 6:27:36.976 [CE] :: WARNING :: Preset (attachments) with name 'bagsIndustrial' was not found.
 6:27:36.976 [CE] :: WARNING :: Preset (attachments) with name 'hatsIndustrial' was not found.
 6:27:36.976 [CE] :: WARNING :: Preset (attachments) with name 'bagsIndustrial' was not found.
 6:27:36.976 [CE] :: WARNING :: Preset (attachments) with name 'hatsIndustrial' was not found.
 6:27:36.976 [CE] :: WARNING :: Preset (attachments) with name 'bagsIndustrial' was not found.
 6:27:36.976 [CE] :: WARNING :: Preset (attachments) with name 'hatsIndustrial' was not found.
 6:27:36.976 [CE] :: WARNING :: Preset (attachments) with name 'bagsIndustrial' was not found.
 6:27:36.976 [CE] :: WARNING :: Preset (attachments) with name 'hatsIndustrial' was not found.
 6:27:36.976 [CE] :: WARNING :: Preset (attachments) with name 'bagsIndustrial' was not found.
 6:27:36.976 [CE] :: WARNING :: Preset (attachments) with name 'hatsIndustrial' was not found.
 6:27:36.976 [CE] :: WARNING :: Preset (attachments) with name 'bagsIndustrial' was not found.
 6:27:36.976 [CE] :: WARNING :: Preset (attachments) with name 'hatsIndustrial' was not found.
 6:27:36.976 [CE] :: WARNING :: Preset (attachments) with name 'bagsIndustrial' was not found.
 6:27:36.976 [CE] :: WARNING :: Preset (attachments) with name 'hatsIndustrial' was not found.
 6:27:36.976 [CE] :: WARNING :: Preset (attachments) with name 'bagsIndustrial' was not found.
 6:27:36.976 [CE] :: WARNING :: Preset (attachments) with name 'hatsIndustrial' was not found.
 6:27:36.976 [CE] :: WARNING :: Preset (attachments) with name 'bagsIndustrial' was not found.
 6:27:36.976 [CE] :: WARNING :: Preset (attachments) with name 'hatsIndustrial' was not found.
 6:27:36.976 [CE] :: WARNING :: Preset (attachments) with name 'bagsIndustrial' was not found.
 6:27:36.976 [CE] :: WARNING :: Preset (attachments) with name 'hatsIndustrial' was not found.
 6:27:36.976 [CE] :: WARNING :: Preset (attachments) with name 'bagsIndustrial' was not found.
 6:27:36.976 [CE] :: WARNING :: Preset (attachments) with name 'hatsIndustrial' was not found.
 6:27:36.976 [CE] :: WARNING :: Preset (attachments) with name 'bagsIndustrial' was not found.
 6:27:36.976 [CE] :: WARNING :: Preset (attachments) with name 'hatsIndustrial' was not found.
 6:27:36.976 [CE] :: WARNING :: Preset (attachments) with name 'bagsIndustrial' was not found.
 6:27:36.976 [CE] :: WARNING :: Preset (attachments) with name 'hatsIndustrial' was not found.
 6:27:36.976 [CE] :: WARNING :: Preset (attachments) with name 'bagsIndustrial' was not found.
 6:27:36.976 [CE] :: WARNING :: Preset (attachments) with name 'hatsIndustrial' was not found.
 6:27:36.976 [CE] :: WARNING :: Preset (attachments) with name 'bagsIndustrial' was not found.
 6:27:36.976 [CE] :: WARNING :: Preset (attachments) with name 'hatsIndustrial' was not found.
 6:27:36.976 [CE] :: WARNING :: Preset (attachments) with name 'bagsIndustrial' was not found.
 6:27:36.976 [CE] :: WARNING :: Preset (attachments) with name 'hatsIndustrial' was not found.
 6:27:36.976 [CE] :: WARNING :: Preset (attachments) with name 'bagsIndustrial' was not found.
 6:27:36.976 [CE] :: WARNING :: Preset (attachments) with name 'hatsIndustrial' was not found.
 6:27:36.976 [CE] :: WARNING :: Preset (attachments) with name 'bagsIndustrial' was not found.
 6:27:36.976 [CE] :: WARNING :: Preset (attachments) with name 'hatsIndustrial' was not found.
 6:27:36.976 [CE] :: WARNING :: Preset (attachments) with name 'bagsIndustrial' was not found.
 6:27:36.976 [CE] :: WARNING :: Preset (attachments) with name 'hatsFirefighter' was not found.
 6:27:36.976 [CE] :: WARNING :: Preset (attachments) with name 'hatsMedic' was not found.
 6:27:36.976 [CE] :: WARNING :: Preset (attachments) with name 'hatsMedic' was not found.
 6:27:36.976 [CE] :: WARNING :: Preset (attachments) with name 'hatsPolice' was not found.
 6:27:36.976 [CE] :: WARNING :: Preset (attachments) with name 'vestsPolice' was not found.
 6:27:36.976 [CE] :: WARNING :: Preset (attachments) with name 'hatsPolice' was not found.
 6:27:36.976 [CE] :: WARNING :: Preset (attachments) with name 'vestsPolice' was not found.
 6:27:36.976 [CE] :: WARNING :: Preset (attachments) with name 'hatsPolice' was not found.
 6:27:36.976 [CE] :: WARNING :: Preset (attachments) with name 'vestsPolice' was not found.
 6:27:36.976 [CE] :: WARNING :: Preset (attachments) with name 'hatsPrisoner' was not found.
 6:27:36.976 [CE] :: WARNING :: Preset (attachments) with name 'hatsFarm' was not found.
 6:27:36.976 [CE] :: WARNING :: Preset (attachments) with name 'hatsFarm' was not found.
 6:27:36.976 [CE] :: WARNING :: Preset (attachments) with name 'hatsFarm' was not found.
 6:27:36.976 [CE] :: WARNING :: Preset (attachments) with name 'hatsFarm' was not found.
 6:27:36.976 [CE] :: WARNING :: Preset (attachments) with name 'hatsFarm' was not found.
 6:27:36.976 [CE] :: WARNING :: Preset (attachments) with name 'hatsFarm' was not found.
 6:27:36.976 [CE] :: WARNING :: Preset (attachments) with name 'hatsFarm' was not found.
 6:27:36.976 [CE] :: WARNING :: Preset (attachments) with name 'hatsFarm' was not found.
 6:27:36.976 [CE] :: WARNING :: Preset (attachments) with name 'hatsFarm' was not found.
 6:27:36.976 [CE] :: WARNING :: Preset (attachments) with name 'hatsFarm' was not found.
 6:27:36.976 [CE] :: WARNING :: Preset (attachments) with name 'hatsFarm' was not found.
 6:27:36.976 [CE] :: WARNING :: Preset (attachments) with name 'hatsFarm' was not found.
 6:27:36.976 [CE] :: WARNING :: Preset (attachments) with name 'hatsFarm' was not found.
 6:27:36.976 [CE] :: WARNING :: Preset (attachments) with name 'hatsFarm' was not found.
 6:27:36.976 [CE] :: WARNING :: Preset (attachments) with name 'hatsFarm' was not found.
 6:27:36.976 [CE] :: WARNING :: Preset (attachments) with name 'hatsFarm' was not found.
 6:27:36.976 [CE] :: WARNING :: Preset (attachments) with name 'hatsFarm' was not found.
 6:27:36.976 [CE] :: WARNING :: Preset (attachments) with name 'hatsFarm' was not found.
 6:27:36.976 [CE] :: WARNING :: Preset (attachments) with name 'hatsFarm' was not found.
 6:27:36.976 [CE] :: WARNING :: Preset (attachments) with name 'hatsFarm' was not found.
 6:27:36.976 [CE] :: WARNING :: Preset (attachments) with name 'hatsFarm' was not found.
 6:27:36.976 [CE] :: WARNING :: Preset (attachments) with name 'hatsFarm' was not found.
 6:27:36.976 [CE] :: WARNING :: Preset (attachments) with name 'hatsFarm' was not found.
 6:27:36.976 [CE] :: WARNING :: Preset (attachments) with name 'hatsFarm' was not found.
 6:27:36.976 [CE] :: WARNING :: Preset (attachments) with name 'hatsFarm' was not found.
 6:27:36.976 [CE] :: WARNING :: Preset (attachments) with name 'hatsFarm' was not found.
 6:27:36.976 [CE] :: WARNING :: Preset (attachments) with name 'hatsFarm' was not found.
 6:27:36.976 [CE] :: WARNING :: Preset (attachments) with name 'hatsFarm' was not found.
 6:27:36.976 [CE] :: WARNING :: Preset (attachments) with name 'hatsFarm' was not found.
 6:27:36.976 [CE] :: WARNING :: Preset (attachments) with name 'hatsFarm' was not found.
 6:27:36.976 [CE] :: WARNING :: Preset (attachments) with name 'hatsFarm' was not found.
 6:27:36.976 [CE] :: WARNING :: Preset (attachments) with name 'hatsFarm' was not found.
 6:27:36.976 [CE] :: WARNING :: Preset (attachments) with name 'hatsFarm' was not found.
 6:27:36.976 [CE][TypeSetup] :: 263 classes setuped...
 6:27:37.39 [CE][RegisterBind] :: 0 classes binded...
 6:27:37.39 [CE][RegisterConfig] :: 2924 config classes registered, 1 sub-counters...
 6:27:37.39 [CE][Hive] :: Loading map data ... 
 6:27:37.86 !!! [CE] :: Unknown category: 'vehicleparts'.
 6:27:37.86 !!! [CE] :: Unknown category: 'vehicleparts'.
 6:27:37.86 !!! [CE] :: Unknown category: 'vehicleparts'.
 6:27:37.86 !!! [CE] :: Unknown category: 'vehicleparts'.
 6:27:37.86 !!! [CE] :: Unknown category: 'vehicleparts'.
 6:27:37.86 !!! [CE] :: Unknown category: 'vehicleparts'.
 6:27:37.86 !!! [CE] :: Unknown category: 'vehicleparts'.
 6:27:37.86 !!! [CE] :: Unknown category: 'vehicleparts'.
 6:27:37.86 !!! [CE] :: Unknown category: 'vehicleparts'.
 6:27:37.86 !!! [CE] :: Unknown category: 'vehicleparts'.
 6:27:37.86 !!! [CE] :: Unknown category: 'vehicleparts'.
 6:27:37.86 !!! [CE] :: Unknown category: 'vehicleparts'.
 6:27:37.86 !!! [CE] :: Unknown category: 'vehicleparts'.
 6:27:37.86 !!! [CE] :: Unknown category: 'vehicleparts'.
 6:27:37.86 !!! [CE] :: Unknown category: 'vehicleparts'.
 6:27:37.86 !!! [CE] :: Unknown category: 'vehicleparts'.
 6:27:37.86 !!! [CE] :: Unknown category: 'vehicleparts'.
 6:27:37.86 !!! [CE] :: Unknown category: 'vehicleparts'.
 6:27:37.86 !!! [CE] :: Unknown category: 'vehicleparts'.
 6:27:37.86 !!! [CE] :: Unknown category: 'vehicleparts'.
 6:27:37.86 !!! [CE] :: Unknown category: 'vehicleparts'.
 6:27:37.86 !!! [CE] :: Unknown category: 'vehicleparts'.
 6:27:37.86 !!! [CE] :: Unknown category: 'vehicleparts'.
 6:27:37.86 !!! [CE] :: Unknown category: 'vehicleparts'.
 6:27:37.86 [CE][LoadPrototype] :: loaded 329 prototypes
 6:27:37.86   701 containers, 9117 points
 6:27:37.86   24 dispatches, 90 proxies
 6:27:37.86 !!! [CE][LoadPrototype] 12 groups have no points...
 6:27:37.86 !!![CE][LoadPrototype]  3 groups have wrong points...
 6:27:37.86 [CE][LoadPrototype] :: last group name: Land_Lunapark_Autodrome...
 6:27:37.86 [CE][LoadPrototype] :: loaded 0 prototypes
 6:27:37.86   0 containers, 0 points
 6:27:37.86   0 dispatches, 0 proxies
 6:27:37.86 [CE][LoadPrototype] :: last group name: Rail9...
 6:27:37.664 [CE][LoadMap] "Group" :: loaded 11599 groups, largest group range: 34.2
 6:27:37.664 [CE][LoadMap] "Dirt" :: loaded 0 groups, largest group range: 34.2
 6:27:38.86 [CE][Links] found 1896 total links between groups, of 11599
 6:27:38.86 [CE][LoadClusters] "Cluster" :: Loading files...
 6:27:38.273 [CE][LoadClusters] :: file: "mapgroupcluster.xml", 9 types, 50000 instances
 6:27:38.460 [CE][LoadClusters] :: file: "mapgroupcluster01", 9 types, 50000 instances
 6:27:38.664 [CE][LoadClusters] :: file: "mapgroupcluster02", 9 types, 50000 instances
 6:27:38.851 [CE][LoadClusters] :: file: "mapgroupcluster03", 9 types, 50000 instances
 6:27:38.929 [CE][LoadClusters] :: file: "mapgroupcluster04", 9 types, 17229 instances
 6:27:38.929 [CE][Storage] ver:0 stamp:0, valid:NO, name:"mpmissions\dayzOffline.chernarusplus\storage_1\data\types.bin"
 6:27:38.929 [CE][Storage] ver:0 stamp:0, valid:NO, name:"mpmissions\dayzOffline.chernarusplus\storage_1\data\types.001"
 6:27:38.929 [CE][Storage] ver:0 stamp:0, valid:NO, name:"mpmissions\dayzOffline.chernarusplus\storage_1\data\types.002"
 6:27:38.929 [CE][offlineDB] :: Loaded 37 dynamic events 216 total types 0 total positions.
 6:27:38.945 !!! [CE] :: Unknown usage: 'Lunapark'.
 6:27:38.960 [CE][Storage] ver:0 stamp:0, valid:NO, name:"mpmissions\dayzOffline.chernarusplus\storage_1\data\events.bin"
 6:27:38.960 [CE][Storage] ver:0 stamp:0, valid:NO, name:"mpmissions\dayzOffline.chernarusplus\storage_1\data\events.001"
 6:27:38.960 [CE][Storage] ver:0 stamp:0, valid:NO, name:"mpmissions\dayzOffline.chernarusplus\storage_1\data\events.002"
 6:27:38.960 [CE][Storage] ver:0 stamp:0, valid:NO, name:"mpmissions\dayzOffline.chernarusplus\storage_1\data\dynamic_000.bin"
 6:27:38.960 [CE][Storage] ver:0 stamp:0, valid:NO, name:"mpmissions\dayzOffline.chernarusplus\storage_1\data\dynamic_000.001"
 6:27:38.960 [CE][Storage] ver:0 stamp:0, valid:NO, name:"mpmissions\dayzOffline.chernarusplus\storage_1\data\dynamic_000.002"
 6:27:38.960 [CE][Storage] ver:0 stamp:0, valid:NO, name:"mpmissions\dayzOffline.chernarusplus\storage_1\data\dynamic_001.bin"
 6:27:38.960 [CE][Storage] ver:0 stamp:0, valid:NO, name:"mpmissions\dayzOffline.chernarusplus\storage_1\data\dynamic_001.001"
 6:27:38.960 [CE][Storage] ver:0 stamp:0, valid:NO, name:"mpmissions\dayzOffline.chernarusplus\storage_1\data\dynamic_001.002"
 6:27:38.960 [CE][Storage] ver:0 stamp:0, valid:NO, name:"mpmissions\dayzOffline.chernarusplus\storage_1\data\dynamic_002.bin"
 6:27:38.960 [CE][Storage] ver:0 stamp:0, valid:NO, name:"mpmissions\dayzOffline.chernarusplus\storage_1\data\dynamic_002.001"
 6:27:38.960 [CE][Storage] ver:0 stamp:0, valid:NO, name:"mpmissions\dayzOffline.chernarusplus\storage_1\data\dynamic_002.002"
 6:27:38.960 [CE][Storage] ver:0 stamp:0, valid:NO, name:"mpmissions\dayzOffline.chernarusplus\storage_1\data\dynamic_003.bin"
 6:27:38.960 [CE][Storage] ver:0 stamp:0, valid:NO, name:"mpmissions\dayzOffline.chernarusplus\storage_1\data\dynamic_003.001"
 6:27:38.960 [CE][Storage] ver:0 stamp:0, valid:NO, name:"mpmissions\dayzOffline.chernarusplus\storage_1\data\dynamic_003.002"
 6:27:38.960 [CE][Storage] ver:0 stamp:0, valid:NO, name:"mpmissions\dayzOffline.chernarusplus\storage_1\data\dynamic_004.bin"
 6:27:38.960 [CE][Storage] ver:0 stamp:0, valid:NO, name:"mpmissions\dayzOffline.chernarusplus\storage_1\data\dynamic_004.001"
 6:27:38.960 [CE][Storage] ver:0 stamp:0, valid:NO, name:"mpmissions\dayzOffline.chernarusplus\storage_1\data\dynamic_004.002"
 6:27:38.960 [CE][Storage] ver:0 stamp:0, valid:NO, name:"mpmissions\dayzOffline.chernarusplus\storage_1\data\dynamic_005.bin"
 6:27:38.960 [CE][Storage] ver:0 stamp:0, valid:NO, name:"mpmissions\dayzOffline.chernarusplus\storage_1\data\dynamic_005.001"
 6:27:38.960 [CE][Storage] ver:0 stamp:0, valid:NO, name:"mpmissions\dayzOffline.chernarusplus\storage_1\data\dynamic_005.002"
 6:27:38.960 [CE][Storage] ver:0 stamp:0, valid:NO, name:"mpmissions\dayzOffline.chernarusplus\storage_1\data\dynamic_006.bin"
 6:27:38.960 [CE][Storage] ver:0 stamp:0, valid:NO, name:"mpmissions\dayzOffline.chernarusplus\storage_1\data\dynamic_006.001"
 6:27:38.960 [CE][Storage] ver:0 stamp:0, valid:NO, name:"mpmissions\dayzOffline.chernarusplus\storage_1\data\dynamic_006.002"
 6:27:38.960 [CE][Storage] ver:0 stamp:0, valid:NO, name:"mpmissions\dayzOffline.chernarusplus\storage_1\data\dynamic_007.bin"
 6:27:38.960 [CE][Storage] ver:0 stamp:0, valid:NO, name:"mpmissions\dayzOffline.chernarusplus\storage_1\data\dynamic_007.001"
 6:27:38.960 [CE][Storage] ver:0 stamp:0, valid:NO, name:"mpmissions\dayzOffline.chernarusplus\storage_1\data\dynamic_007.002"
 6:27:38.960 [CE][Storage] ver:0 stamp:0, valid:NO, name:"mpmissions\dayzOffline.chernarusplus\storage_1\data\dynamic_008.bin"
 6:27:38.960 [CE][Storage] ver:0 stamp:0, valid:NO, name:"mpmissions\dayzOffline.chernarusplus\storage_1\data\dynamic_008.001"
 6:27:38.960 [CE][Storage] ver:0 stamp:0, valid:NO, name:"mpmissions\dayzOffline.chernarusplus\storage_1\data\dynamic_008.002"
 6:27:38.960 [CE][Storage] ver:0 stamp:0, valid:NO, name:"mpmissions\dayzOffline.chernarusplus\storage_1\data\dynamic_009.bin"
 6:27:38.960 [CE][Storage] ver:0 stamp:0, valid:NO, name:"mpmissions\dayzOffline.chernarusplus\storage_1\data\dynamic_009.001"
 6:27:38.960 [CE][Storage] ver:0 stamp:0, valid:NO, name:"mpmissions\dayzOffline.chernarusplus\storage_1\data\dynamic_009.002"
 6:27:38.960 [CE][Storage] ver:0 stamp:0, valid:NO, name:"mpmissions\dayzOffline.chernarusplus\storage_1\data\dynamic_010.bin"
 6:27:38.960 [CE][Storage] ver:0 stamp:0, valid:NO, name:"mpmissions\dayzOffline.chernarusplus\storage_1\data\dynamic_010.001"
 6:27:38.960 [CE][Storage] ver:0 stamp:0, valid:NO, name:"mpmissions\dayzOffline.chernarusplus\storage_1\data\dynamic_010.002"
 6:27:38.960 [CE][Storage] ver:0 stamp:0, valid:NO, name:"mpmissions\dayzOffline.chernarusplus\storage_1\data\dynamic_011.bin"
 6:27:38.960 [CE][Storage] ver:0 stamp:0, valid:NO, name:"mpmissions\dayzOffline.chernarusplus\storage_1\data\dynamic_011.001"
 6:27:38.960 [CE][Storage] ver:0 stamp:0, valid:NO, name:"mpmissions\dayzOffline.chernarusplus\storage_1\data\dynamic_011.002"
 6:27:38.960 [CE][Storage] ver:0 stamp:0, valid:NO, name:"mpmissions\dayzOffline.chernarusplus\storage_1\data\vehicles.bin"
 6:27:38.960 [CE][Storage] ver:0 stamp:0, valid:NO, name:"mpmissions\dayzOffline.chernarusplus\storage_1\data\vehicles.001"
 6:27:38.960 [CE][Storage] ver:0 stamp:0, valid:NO, name:"mpmissions\dayzOffline.chernarusplus\storage_1\data\vehicles.002"
 6:27:38.960 [CE][Hive] :: Empty storage folder, reinitializing ... 
 6:27:38.960 [CE][Hive] :: Initializing ... 
 6:27:38.960 [CE][InitializeMap] :: initialized: 0
 6:27:38.960 [CE][Hive] :: Initializing spawners ... 
 6:27:40.07 [CE][LootRespawner] (PRIDummy) :: Item [0] causing search overtime: "HatchbackHood_WhiteRust"
 6:27:40.07 [CE][LootRespawner] (PRIDummy) :: Item [1] causing search overtime: "HatchbackHood_WhiteRust"
 6:27:40.07 [CE][LootRespawner] (PRIDummy) :: Item [2] causing search overtime: "HatchbackHood_WhiteRust"
 6:27:40.07 [CE][LootRespawner] (PRIDummy) :: Item [3] causing search overtime: "HatchbackHood_WhiteRust"
 6:27:40.07 [CE][LootRespawner] (PRIDummy) :: Item [4] causing search overtime: "HatchbackHood_WhiteRust"
 6:27:40.07 [CE][LootRespawner] (PRIDummy) :: Item [5] causing search overtime: "HatchbackHood_WhiteRust"
 6:27:40.07 [CE][LootRespawner] (PRIDummy) :: Item [6] causing search overtime: "HatchbackHood_WhiteRust"
 6:27:40.07 [CE][LootRespawner] (PRIDummy) :: Item [7] causing search overtime: "HatchbackHood_WhiteRust"
 6:27:40.07 [CE][LootRespawner] (PRIDummy) :: Item [8] causing search overtime: "HatchbackHood_WhiteRust"
 6:27:40.07 [CE][LootRespawner] (PRIDummy) :: Item [9] causing search overtime: "HatchbackHood_WhiteRust"
 6:27:40.07 [CE][LootRespawner] (PRIDummy) :: Item [10] causing search overtime: "HatchbackHood_WhiteRust"
 6:27:40.07 [CE][LootRespawner] (PRIDummy) :: Item [11] causing search overtime: "HatchbackHood_WhiteRust"
 6:27:40.07 [CE][LootRespawner] (PRIDummy) :: Item [12] causing search overtime: "HatchbackHood_WhiteRust"
 6:27:40.07 [CE][LootRespawner] (PRIDummy) :: Item [13] causing search overtime: "HatchbackHood_WhiteRust"
 6:27:40.07 [CE][LootRespawner] (PRIDummy) :: Item [14] causing search overtime: "HatchbackHood_WhiteRust"
 6:27:40.07 [CE][LootRespawner] (PRIDummy) :: Item [15] causing search overtime: "HatchbackHood_WhiteRust"
 6:27:40.07 [CE][LootRespawner] (PRIDummy) :: Item [16] causing search overtime: "HatchbackHood_WhiteRust"
 6:27:40.07 [CE][LootRespawner] (PRIDummy) :: Item [17] causing search overtime: "HatchbackHood_WhiteRust"
 6:27:40.07 [CE][LootRespawner] (PRIDummy) :: Item [18] causing search overtime: "HatchbackHood_WhiteRust"
 6:27:40.23 [CE][LootRespawner] (PRIDummy) :: Item [19] causing search overtime: "CivSedanTrunk_WineRust"
 6:27:41.679 [CE][LootRespawner] (PRIDummy) :: Item [0] is hard to place, performance drops: "PrisonerCap"
 6:27:41.679 [CE][LootRespawner] (PRIDummy) :: Item [1] is hard to place, performance drops: "PrisonerCap"
 6:27:41.679 [CE][LootRespawner] (PRIDummy) :: Item [2] is hard to place, performance drops: "PrisonerCap"
 6:27:41.679 [CE][LootRespawner] (PRIDummy) :: Item [3] is hard to place, performance drops: "PrisonerCap"
 6:27:41.679 [CE][LootRespawner] (PRIDummy) :: Item [4] is hard to place, performance drops: "PrisonerCap"
 6:27:41.679 [CE][LootRespawner] (PRIDummy) :: Item [5] is hard to place, performance drops: "PrisonerCap"
 6:27:41.679 [CE][LootRespawner] (PRIDummy) :: Item [6] is hard to place, performance drops: "PrisonerCap"
 6:27:41.679 [CE][LootRespawner] (PRIDummy) :: Item [7] is hard to place, performance drops: "PrisonerCap"
 6:27:41.679 [CE][LootRespawner] (PRIDummy) :: Item [8] is hard to place, performance drops: "PrisonerCap"
 6:27:41.679 [CE][LootRespawner] (PRIDummy) :: Item [9] is hard to place, performance drops: "PrisonerCap"
 6:27:41.679 [CE][LootRespawner] (PRIDummy) :: Item [10] is hard to place, performance drops: "PrisonerCap"
 6:27:41.679 [CE][LootRespawner] (PRIDummy) :: Item [11] is hard to place, performance drops: "PrisonerCap"
 6:27:41.679 [CE][LootRespawner] (PRIDummy) :: Item [12] is hard to place, performance drops: "PrisonerCap"
 6:27:41.679 [CE][LootRespawner] (PRIDummy) :: Item [13] is hard to place, performance drops: "PrisonerCap"
 6:27:41.679 [CE][LootRespawner] (PRIDummy) :: Item [14] is hard to place, performance drops: "PrisonerCap"
 6:27:41.679 [CE][LootRespawner] (PRIDummy) :: Item [15] is hard to place, performance drops: "PrisonerCap"
 6:27:41.679 [CE][LootRespawner] (PRIDummy) :: Item [16] is hard to place, performance drops: "PrisonerCap"
 6:27:41.679 [CE][LootRespawner] (PRIDummy) :: Item [17] is hard to place, performance drops: "PrisonerCap"
 6:27:41.679 [CE][LootRespawner] (PRIDummy) :: Item [18] is hard to place, performance drops: "PrisonerCap"
 6:27:41.679 [CE][LootRespawner] (PRIDummy) :: Item [19] is hard to place, performance drops: "PrisonerCap"
 6:27:44.898 [CE][LootRespawner] (PRIDummy) :: Initially (re)spawned:20826, Nominal:20826, Total in Map: 19383 at 4 (sec)
 6:27:44.898   tests:21069, repeats:87 fails:156, overtime:1418
 6:27:44.913 [CE][Links] found 0 total links between groups, of 1
 6:27:44.913 [CE][SpawnRandomLoot] (StaticHeliCrash) :: ChildType: Wreck_Mi8, lootmin: 10, lootmax: 20, wanted: 15
 6:27:44.913 [CE][Links] found 0 total links between groups, of 2
 6:27:44.913 [CE][SpawnRandomLoot] (StaticHeliCrash) :: ChildType: Wreck_UH1Y, lootmin: 10, lootmax: 20, wanted: 16
 6:27:44.913 [CE][Links] found 0 total links between groups, of 3
 6:27:44.913 [CE][SpawnRandomLoot] (StaticHeliCrash) :: ChildType: Wreck_UH1Y, lootmin: 10, lootmax: 20, wanted: 18
 6:27:44.929 !!! [CE][VehicleRespawner] (PRIPoliceCar) :: Respawning: "StaticPoliceCar" - There are not enough positions in "cfgeventspawns.xml", 0 < 10
 6:27:45.101 [CE][DynEvent] :: 37 types
 6:27:45.101 [00] AmbientHen
 6:27:45.101   Primary Spawner: "Ambient", active: yes, repeat: 1
 6:27:45.101 [01] AnimalBear
 6:27:45.101   Primary Spawner: "Animal", active: yes, repeat: 1
 6:27:45.101 [02] AnimalCow
 6:27:45.101   Primary Spawner: "Animal", active: yes, repeat: 1
 6:27:45.101 [03] AnimalDeer
 6:27:45.101   Primary Spawner: "Animal", active: yes, repeat: 1
 6:27:45.101 [04] AnimalGoat
 6:27:45.101   Primary Spawner: "Animal", active: yes, repeat: 1
 6:27:45.101 [05] AnimalPig
 6:27:45.101   Primary Spawner: "Animal", active: yes, repeat: 1
 6:27:45.101 [06] AnimalRoeDeer
 6:27:45.101   Primary Spawner: "Animal", active: yes, repeat: 1
 6:27:45.101 [07] AnimalSheep
 6:27:45.101   Primary Spawner: "Animal", active: yes, repeat: 1
 6:27:45.101 [08] AnimalWildBoar
 6:27:45.101   Primary Spawner: "Animal", active: yes, repeat: 1
 6:27:45.101 [09] AnimalWolf
 6:27:45.101   Primary Spawner: "Animal", active: yes, repeat: 1
 6:27:45.101 [10] InfectedArmy
 6:27:45.101   Primary Spawner: "Infected", active: yes, repeat: 1
 6:27:45.101 [11] InfectedCity
 6:27:45.101   Primary Spawner: "Infected", active: yes, repeat: 1
 6:27:45.101 [12] InfectedFirefighter
 6:27:45.101   Primary Spawner: "Infected", active: yes, repeat: 1
 6:27:45.101 [13] InfectedIndustrial
 6:27:45.101   Primary Spawner: "Infected", active: yes, repeat: 1
 6:27:45.101 [14] InfectedMedic
 6:27:45.101   Primary Spawner: "Infected", active: yes, repeat: 1
 6:27:45.101 [15] InfectedPolice
 6:27:45.101   Primary Spawner: "Infected", active: yes, repeat: 1
 6:27:45.101 [16] InfectedPrisoner
 6:27:45.101   Primary Spawner: "Infected", active: yes, repeat: 1
 6:27:45.101 [17] InfectedReligious
 6:27:45.101   Primary Spawner: "Infected", active: yes, repeat: 1
 6:27:45.101 [18] InfectedSolitude
 6:27:45.101   Primary Spawner: "Infected", active: yes, repeat: 1
 6:27:45.101 [19] InfectedVillage
 6:27:45.101   Primary Spawner: "Infected", active: yes, repeat: 1
 6:27:45.101 [20] ItemPlanks
 6:27:45.101   Primary Spawner: "Item", active: yes, repeat: 1
 6:27:45.101 [21] Loot
 6:27:45.101   Primary Spawner: "Loot", active: yes, repeat: 2
 6:27:45.101 [22] StaticHeliCrash
 6:27:45.101   Primary Spawner: "Vehicle", active: yes, repeat: 1
 6:27:45.101   Secondary Spawner: "Infected", active: yes, repeat: 1
 6:27:45.101 [23] StaticPoliceCar
 6:27:45.101   Primary Spawner: "Vehicle", active: yes, repeat: 1
 6:27:45.101 [24] TrajectoryApple
 6:27:45.101   Primary Spawner: "Trajectory", active: yes, repeat: 1
 6:27:45.101 [25] TrajectoryCanina
 6:27:45.101   Primary Spawner: "Trajectory", active: yes, repeat: 1
 6:27:45.101 [26] TrajectoryConiferous
 6:27:45.101   Primary Spawner: "Trajectory", active: yes, repeat: 1
 6:27:45.101 [27] TrajectoryDeciduous
 6:27:45.101   Primary Spawner: "Trajectory", active: yes, repeat: 1
 6:27:45.101 [28] TrajectoryHumus
 6:27:45.101   Primary Spawner: "Trajectory", active: yes, repeat: 1
 6:27:45.101 [29] TrajectoryPear
 6:27:45.101   Primary Spawner: "Trajectory", active: yes, repeat: 1
 6:27:45.101 [30] TrajectoryPlum
 6:27:45.101   Primary Spawner: "Trajectory", active: yes, repeat: 1
 6:27:45.101 [31] TrajectorySambucus
 6:27:45.101   Primary Spawner: "Trajectory", active: yes, repeat: 1
 6:27:45.101 [32] TrajectoryStones
 6:27:45.101   Primary Spawner: "Trajectory", active: yes, repeat: 1
 6:27:45.101 [33] VehicleCivilianSedan
 6:27:45.101   Primary Spawner: "Vehicle", active: yes, repeat: 1
 6:27:45.101 [34] VehicleHatchback02
 6:27:45.101   Primary Spawner: "Vehicle", active: yes, repeat: 1
 6:27:45.101 [35] VehicleOffroadHatchback
 6:27:45.101   Primary Spawner: "Vehicle", active: yes, repeat: 1
 6:27:45.101 [36] VehicleSedan02
 6:27:45.101   Primary Spawner: "Vehicle", active: yes, repeat: 1
 6:27:45.101 [CE][Hive] :: Initializing of spawners done.
 6:27:45.116 [CE][Hive] :: Init sequence finished.
 6:27:45.116 Player connect enabled
 6:27:45.304 [IdleMode] Entering IN - save processed
 6:28:58.752 [Login]: Adding player Survivor (152322225) to login queue at position 0
 6:28:58.752 [LoginMachine]: Add player Survivor (152322225)
 6:28:58.752 [StateMachine]: Player Survivor (dpnid 152322225 uid ) Entering AuthPlayerLoginState
 6:28:58.971 [StateMachine]: Player Survivor (dpnid 152322225 uid ) Entering WaitAuthPlayerLoginState
 6:28:59.627 [IdleMode] Leaving OUT
 6:29:00.627 Player Survivor connected (id=BvAfWEwkf1BS22gq16ncvW4M3Ycn_607DPSKzJe9pnU=).
 6:29:00.627 Player "Survivor" is connected (steamID=76561198073956794)
 6:29:01.361 [StateMachine]: Player Survivor (dpnid 152322225 uid BvAfWEwkf1BS22gq16ncvW4M3Ycn_607DPSKzJe9pnU=) Entering DBGetLoginTimeLoginState
 6:29:01.486 [StateMachine]: Player Survivor (dpnid 152322225 uid BvAfWEwkf1BS22gq16ncvW4M3Ycn_607DPSKzJe9pnU=) Entering DBWaitLoginTimeLoginState
 6:29:16.517 [StateMachine]: Player Survivor (dpnid 152322225 uid BvAfWEwkf1BS22gq16ncvW4M3Ycn_607DPSKzJe9pnU=) Entering DBGetCharacterLoginState
 6:29:16.626 [StateMachine]: Player Survivor (dpnid 152322225 uid BvAfWEwkf1BS22gq16ncvW4M3Ycn_607DPSKzJe9pnU=) Entering CreateNetObjectsLoginState
 6:29:16.689 [StateMachine]: Player Survivor (dpnid 152322225 uid BvAfWEwkf1BS22gq16ncvW4M3Ycn_607DPSKzJe9pnU=) Entering PreloadCamLoginState
 6:29:16.735 [StateMachine]: Player Survivor (dpnid 152322225 uid BvAfWEwkf1BS22gq16ncvW4M3Ycn_607DPSKzJe9pnU=) Entering WaitPreloadCamLoginState
 6:29:32.656 [StateMachine]: Player Survivor (dpnid 152322225 uid BvAfWEwkf1BS22gq16ncvW4M3Ycn_607DPSKzJe9pnU=) Entering GetNewCharLoginState
 6:29:35.515 <CREATE NEW CHAR>:
    charID 1
    playerID 1
    dpnid 152322225
    uid BvAfWEwkf1BS22gq16ncvW4M3Ycn_607DPSKzJe9pnU=
 6:31:37.992 [Disconnect]: Start script disconnect 152322225 (dbCharacterId 1 dbPlayerId 1) logoutTime 15
 6:31:39.601 [Disconnect]: Client 152322225 disconnecting
 6:31:39.601 [Disconnect]: Client 152322225 early disconnect
 6:31:39.648 [Disconnect]: Start script disconnect 152322225 (dbCharacterId 1 dbPlayerId 1) logoutTime 15
 6:31:40.226 [Disconnect]: Remove player info 152322225
 6:31:40.289 [Disconnect]: Player destroy 152322225 
 6:31:53.53 [Disconnect]: Finish script disconnect -1
 6:32:43.22  --- Termination successfully completed --- 
