

=====================================================================
== c:\Program Files (x86)\Steam\steamapps\common\DayZServer\DayZServer_x64.exe
== DayZServer_x64.exe  -config=serverDZ.cfg -profiles=ServerProfile -limitFPS=30
=====================================================================
Exe timestamp: 2020/07/10 13:13:22
Current time:  2020/07/10 13:38:35

Version 1.08.153258
13:38:35.747 [Inputs] Loading inputs default "bin/constants.xml"
13:38:35.750 [Inputs] Loading inputs default "bin/specific.xml"
13:38:35.751 !!! [Inputs] Invalid input name used "UAUIInspectItem" for context "ui" in "bin/specific.xml"
13:38:35.751 [Inputs] Loading inputs cfg "bin/core.xml"
13:38:35.751 !!! [Inputs] Cannot load input preset "user", file does not exist
13:38:35.752 [Inputs] Exporting inputs cfg "ServerProfile\Users\Survivor\Server.core.xml"
13:38:49.282 [CE][Hive] :: Initializing OFFLINE
13:38:49.284 [CE][Hive] :: Loading core data ... 
13:38:49.290 [CE][CoreData] :: 7 root classes, 18 defaults, 0 updaters...
13:38:49.334 [CE][offlineDB] :: Conversion of characters started.
13:38:49.365 [CE][offlineDB] :: Processing 0 players.
13:38:49.365 [CE][offlineDB] :: Conversion of characters successfully completed.
13:38:51.456 [CE] :: WARNING :: Preset map "optics" is EMPTY.
13:38:51.456 [CE] :: WARNING :: Preset (attachments) with name 'bagsCity' was not found.
13:38:51.456 [CE] :: WARNING :: Preset (attachments) with name 'bagsCity' was not found.
13:38:51.456 [CE] :: WARNING :: Preset (attachments) with name 'bagsCity' was not found.
13:38:51.456 [CE] :: WARNING :: Preset (attachments) with name 'bagsCity' was not found.
13:38:51.456 [CE] :: WARNING :: Preset (attachments) with name 'bagsCity' was not found.
13:38:51.456 [CE] :: WARNING :: Preset (attachments) with name 'bagsCity' was not found.
13:38:51.456 [CE] :: WARNING :: Preset (attachments) with name 'bagsCity' was not found.
13:38:51.456 [CE] :: WARNING :: Preset (attachments) with name 'bagsCity' was not found.
13:38:51.456 [CE] :: WARNING :: Preset (attachments) with name 'bagsCity' was not found.
13:38:51.456 [CE] :: WARNING :: Preset (attachments) with name 'bagsCity' was not found.
13:38:51.456 [CE] :: WARNING :: Preset (attachments) with name 'bagsCity' was not found.
13:38:51.456 [CE] :: WARNING :: Preset (attachments) with name 'bagsCity' was not found.
13:38:51.456 [CE] :: WARNING :: Preset (attachments) with name 'bagsCity' was not found.
13:38:51.456 [CE] :: WARNING :: Preset (attachments) with name 'bagsCity' was not found.
13:38:51.456 [CE] :: WARNING :: Preset (attachments) with name 'hatsCitySkate' was not found.
13:38:51.456 [CE] :: WARNING :: Preset (attachments) with name 'bagsCity' was not found.
13:38:51.456 [CE] :: WARNING :: Preset (attachments) with name 'hatsCitySkate' was not found.
13:38:51.456 [CE] :: WARNING :: Preset (attachments) with name 'bagsCity' was not found.
13:38:51.456 [CE] :: WARNING :: Preset (attachments) with name 'hatsCitySkate' was not found.
13:38:51.456 [CE] :: WARNING :: Preset (attachments) with name 'bagsCity' was not found.
13:38:51.456 [CE] :: WARNING :: Preset (attachments) with name 'bagsCity' was not found.
13:38:51.456 [CE] :: WARNING :: Preset (attachments) with name 'bagsCity' was not found.
13:38:51.456 [CE] :: WARNING :: Preset (attachments) with name 'bagsCity' was not found.
13:38:51.456 [CE] :: WARNING :: Preset (attachments) with name 'bagsCity' was not found.
13:38:51.456 [CE] :: WARNING :: Preset (attachments) with name 'bagsCity' was not found.
13:38:51.456 [CE] :: WARNING :: Preset (attachments) with name 'bagsCity' was not found.
13:38:51.456 [CE] :: WARNING :: Preset (attachments) with name 'bagsCity' was not found.
13:38:51.456 [CE] :: WARNING :: Preset (attachments) with name 'bagsCity' was not found.
13:38:51.456 [CE] :: WARNING :: Preset (attachments) with name 'bagsCity' was not found.
13:38:51.456 [CE] :: WARNING :: Preset (attachments) with name 'bagsCity' was not found.
13:38:51.456 [CE] :: WARNING :: Preset (attachments) with name 'bagsCity' was not found.
13:38:51.456 [CE] :: WARNING :: Preset (attachments) with name 'bagsCity' was not found.
13:38:51.456 [CE] :: WARNING :: Preset (attachments) with name 'bagsCity' was not found.
13:38:51.456 [CE] :: WARNING :: Preset (attachments) with name 'bagsCity' was not found.
13:38:51.456 [CE] :: WARNING :: Preset (attachments) with name 'bagsCity' was not found.
13:38:51.456 [CE] :: WARNING :: Preset (attachments) with name 'bagsCity' was not found.
13:38:51.457 [CE] :: WARNING :: Preset (attachments) with name 'bagsCity' was not found.
13:38:51.457 [CE] :: WARNING :: Preset (attachments) with name 'bagsCity' was not found.
13:38:51.457 [CE] :: WARNING :: Preset (attachments) with name 'bagsCity' was not found.
13:38:51.457 [CE] :: WARNING :: Preset (attachments) with name 'bagsCity' was not found.
13:38:51.457 [CE] :: WARNING :: Preset (attachments) with name 'bagsCity' was not found.
13:38:51.457 [CE] :: WARNING :: Preset (attachments) with name 'bagsCity' was not found.
13:38:51.457 [CE] :: WARNING :: Preset (attachments) with name 'bagsCity' was not found.
13:38:51.457 [CE] :: WARNING :: Preset (attachments) with name 'bagsCity' was not found.
13:38:51.457 [CE] :: WARNING :: Preset (attachments) with name 'bagsCity' was not found.
13:38:51.457 [CE] :: WARNING :: Preset (attachments) with name 'hatsMotorbike' was not found.
13:38:51.457 [CE] :: WARNING :: Preset (attachments) with name 'hatsMotorbike' was not found.
13:38:51.457 [CE] :: WARNING :: Preset (attachments) with name 'hatsMotorbike' was not found.
13:38:51.457 [CE] :: WARNING :: Preset (attachments) with name 'hatsCitySkate' was not found.
13:38:51.457 [CE] :: WARNING :: Preset (attachments) with name 'bagsCity' was not found.
13:38:51.457 [CE] :: WARNING :: Preset (attachments) with name 'hatsCitySkate' was not found.
13:38:51.457 [CE] :: WARNING :: Preset (attachments) with name 'bagsCity' was not found.
13:38:51.457 [CE] :: WARNING :: Preset (attachments) with name 'hatsCitySkate' was not found.
13:38:51.457 [CE] :: WARNING :: Preset (attachments) with name 'bagsCity' was not found.
13:38:51.457 [CE] :: WARNING :: Preset (attachments) with name 'hatsCitySkate' was not found.
13:38:51.457 [CE] :: WARNING :: Preset (attachments) with name 'bagsCity' was not found.
13:38:51.457 [CE] :: WARNING :: Preset (attachments) with name 'hatsIndustrial' was not found.
13:38:51.457 [CE] :: WARNING :: Preset (attachments) with name 'bagsIndustrial' was not found.
13:38:51.457 [CE] :: WARNING :: Preset (attachments) with name 'hatsIndustrial' was not found.
13:38:51.457 [CE] :: WARNING :: Preset (attachments) with name 'bagsIndustrial' was not found.
13:38:51.457 [CE] :: WARNING :: Preset (attachments) with name 'hatsIndustrial' was not found.
13:38:51.457 [CE] :: WARNING :: Preset (attachments) with name 'bagsIndustrial' was not found.
13:38:51.457 [CE] :: WARNING :: Preset (attachments) with name 'hatsIndustrial' was not found.
13:38:51.457 [CE] :: WARNING :: Preset (attachments) with name 'bagsIndustrial' was not found.
13:38:51.457 [CE] :: WARNING :: Preset (attachments) with name 'hatsIndustrial' was not found.
13:38:51.457 [CE] :: WARNING :: Preset (attachments) with name 'bagsIndustrial' was not found.
13:38:51.457 [CE] :: WARNING :: Preset (attachments) with name 'hatsIndustrial' was not found.
13:38:51.457 [CE] :: WARNING :: Preset (attachments) with name 'bagsIndustrial' was not found.
13:38:51.457 [CE] :: WARNING :: Preset (attachments) with name 'hatsIndustrial' was not found.
13:38:51.457 [CE] :: WARNING :: Preset (attachments) with name 'bagsIndustrial' was not found.
13:38:51.457 [CE] :: WARNING :: Preset (attachments) with name 'hatsIndustrial' was not found.
13:38:51.457 [CE] :: WARNING :: Preset (attachments) with name 'bagsIndustrial' was not found.
13:38:51.457 [CE] :: WARNING :: Preset (attachments) with name 'hatsIndustrial' was not found.
13:38:51.457 [CE] :: WARNING :: Preset (attachments) with name 'bagsIndustrial' was not found.
13:38:51.457 [CE] :: WARNING :: Preset (attachments) with name 'hatsIndustrial' was not found.
13:38:51.457 [CE] :: WARNING :: Preset (attachments) with name 'bagsIndustrial' was not found.
13:38:51.457 [CE] :: WARNING :: Preset (attachments) with name 'hatsIndustrial' was not found.
13:38:51.457 [CE] :: WARNING :: Preset (attachments) with name 'bagsIndustrial' was not found.
13:38:51.457 [CE] :: WARNING :: Preset (attachments) with name 'hatsIndustrial' was not found.
13:38:51.457 [CE] :: WARNING :: Preset (attachments) with name 'bagsIndustrial' was not found.
13:38:51.457 [CE] :: WARNING :: Preset (attachments) with name 'hatsIndustrial' was not found.
13:38:51.457 [CE] :: WARNING :: Preset (attachments) with name 'bagsIndustrial' was not found.
13:38:51.457 [CE] :: WARNING :: Preset (attachments) with name 'hatsIndustrial' was not found.
13:38:51.457 [CE] :: WARNING :: Preset (attachments) with name 'bagsIndustrial' was not found.
13:38:51.457 [CE] :: WARNING :: Preset (attachments) with name 'hatsIndustrial' was not found.
13:38:51.457 [CE] :: WARNING :: Preset (attachments) with name 'bagsIndustrial' was not found.
13:38:51.457 [CE] :: WARNING :: Preset (attachments) with name 'hatsIndustrial' was not found.
13:38:51.457 [CE] :: WARNING :: Preset (attachments) with name 'bagsIndustrial' was not found.
13:38:51.457 [CE] :: WARNING :: Preset (attachments) with name 'hatsIndustrial' was not found.
13:38:51.457 [CE] :: WARNING :: Preset (attachments) with name 'bagsIndustrial' was not found.
13:38:51.457 [CE] :: WARNING :: Preset (attachments) with name 'hatsIndustrial' was not found.
13:38:51.457 [CE] :: WARNING :: Preset (attachments) with name 'bagsIndustrial' was not found.
13:38:51.457 [CE] :: WARNING :: Preset (attachments) with name 'hatsIndustrial' was not found.
13:38:51.457 [CE] :: WARNING :: Preset (attachments) with name 'bagsIndustrial' was not found.
13:38:51.457 [CE] :: WARNING :: Preset (attachments) with name 'hatsIndustrial' was not found.
13:38:51.457 [CE] :: WARNING :: Preset (attachments) with name 'bagsIndustrial' was not found.
13:38:51.457 [CE] :: WARNING :: Preset (attachments) with name 'hatsIndustrial' was not found.
13:38:51.457 [CE] :: WARNING :: Preset (attachments) with name 'bagsIndustrial' was not found.
13:38:51.457 [CE] :: WARNING :: Preset (attachments) with name 'hatsIndustrial' was not found.
13:38:51.457 [CE] :: WARNING :: Preset (attachments) with name 'bagsIndustrial' was not found.
13:38:51.457 [CE] :: WARNING :: Preset (attachments) with name 'hatsIndustrial' was not found.
13:38:51.457 [CE] :: WARNING :: Preset (attachments) with name 'bagsIndustrial' was not found.
13:38:51.457 [CE] :: WARNING :: Preset (attachments) with name 'hatsIndustrial' was not found.
13:38:51.457 [CE] :: WARNING :: Preset (attachments) with name 'bagsIndustrial' was not found.
13:38:51.457 [CE] :: WARNING :: Preset (attachments) with name 'hatsIndustrial' was not found.
13:38:51.457 [CE] :: WARNING :: Preset (attachments) with name 'bagsIndustrial' was not found.
13:38:51.457 [CE] :: WARNING :: Preset (attachments) with name 'hatsIndustrial' was not found.
13:38:51.457 [CE] :: WARNING :: Preset (attachments) with name 'bagsIndustrial' was not found.
13:38:51.457 [CE] :: WARNING :: Preset (attachments) with name 'hatsFirefighter' was not found.
13:38:51.457 [CE] :: WARNING :: Preset (attachments) with name 'hatsMedic' was not found.
13:38:51.457 [CE] :: WARNING :: Preset (attachments) with name 'hatsMedic' was not found.
13:38:51.457 [CE] :: WARNING :: Preset (attachments) with name 'hatsPolice' was not found.
13:38:51.457 [CE] :: WARNING :: Preset (attachments) with name 'vestsPolice' was not found.
13:38:51.457 [CE] :: WARNING :: Preset (attachments) with name 'hatsPolice' was not found.
13:38:51.457 [CE] :: WARNING :: Preset (attachments) with name 'vestsPolice' was not found.
13:38:51.457 [CE] :: WARNING :: Preset (attachments) with name 'hatsPolice' was not found.
13:38:51.457 [CE] :: WARNING :: Preset (attachments) with name 'vestsPolice' was not found.
13:38:51.457 [CE] :: WARNING :: Preset (attachments) with name 'hatsPrisoner' was not found.
13:38:51.457 [CE] :: WARNING :: Preset (attachments) with name 'hatsFarm' was not found.
13:38:51.457 [CE] :: WARNING :: Preset (attachments) with name 'hatsFarm' was not found.
13:38:51.457 [CE] :: WARNING :: Preset (attachments) with name 'hatsFarm' was not found.
13:38:51.457 [CE] :: WARNING :: Preset (attachments) with name 'hatsFarm' was not found.
13:38:51.457 [CE] :: WARNING :: Preset (attachments) with name 'hatsFarm' was not found.
13:38:51.457 [CE] :: WARNING :: Preset (attachments) with name 'hatsFarm' was not found.
13:38:51.457 [CE] :: WARNING :: Preset (attachments) with name 'hatsFarm' was not found.
13:38:51.457 [CE] :: WARNING :: Preset (attachments) with name 'hatsFarm' was not found.
13:38:51.457 [CE] :: WARNING :: Preset (attachments) with name 'hatsFarm' was not found.
13:38:51.457 [CE] :: WARNING :: Preset (attachments) with name 'hatsFarm' was not found.
13:38:51.457 [CE] :: WARNING :: Preset (attachments) with name 'hatsFarm' was not found.
13:38:51.457 [CE] :: WARNING :: Preset (attachments) with name 'hatsFarm' was not found.
13:38:51.457 [CE] :: WARNING :: Preset (attachments) with name 'hatsFarm' was not found.
13:38:51.457 [CE] :: WARNING :: Preset (attachments) with name 'hatsFarm' was not found.
13:38:51.457 [CE] :: WARNING :: Preset (attachments) with name 'hatsFarm' was not found.
13:38:51.457 [CE] :: WARNING :: Preset (attachments) with name 'hatsFarm' was not found.
13:38:51.457 [CE] :: WARNING :: Preset (attachments) with name 'hatsFarm' was not found.
13:38:51.457 [CE] :: WARNING :: Preset (attachments) with name 'hatsFarm' was not found.
13:38:51.457 [CE] :: WARNING :: Preset (attachments) with name 'hatsFarm' was not found.
13:38:51.457 [CE] :: WARNING :: Preset (attachments) with name 'hatsFarm' was not found.
13:38:51.457 [CE] :: WARNING :: Preset (attachments) with name 'hatsFarm' was not found.
13:38:51.457 [CE] :: WARNING :: Preset (attachments) with name 'hatsFarm' was not found.
13:38:51.457 [CE] :: WARNING :: Preset (attachments) with name 'hatsFarm' was not found.
13:38:51.457 [CE] :: WARNING :: Preset (attachments) with name 'hatsFarm' was not found.
13:38:51.457 [CE] :: WARNING :: Preset (attachments) with name 'hatsFarm' was not found.
13:38:51.457 [CE] :: WARNING :: Preset (attachments) with name 'hatsFarm' was not found.
13:38:51.457 [CE] :: WARNING :: Preset (attachments) with name 'hatsFarm' was not found.
13:38:51.457 [CE] :: WARNING :: Preset (attachments) with name 'hatsFarm' was not found.
13:38:51.457 [CE] :: WARNING :: Preset (attachments) with name 'hatsFarm' was not found.
13:38:51.457 [CE] :: WARNING :: Preset (attachments) with name 'hatsFarm' was not found.
13:38:51.457 [CE] :: WARNING :: Preset (attachments) with name 'hatsFarm' was not found.
13:38:51.457 [CE] :: WARNING :: Preset (attachments) with name 'hatsFarm' was not found.
13:38:51.457 [CE] :: WARNING :: Preset (attachments) with name 'hatsFarm' was not found.
13:38:51.458 [CE][TypeSetup] :: 263 classes setuped...
13:38:51.536 [CE][RegisterBind] :: 0 classes binded...
13:38:51.536 [CE][RegisterConfig] :: 2924 config classes registered, 1 sub-counters...
13:38:51.536 [CE][Hive] :: Loading map data ... 
13:38:51.606 !!! [CE] :: Unknown category: 'vehicleparts'.
13:38:51.606 !!! [CE] :: Unknown category: 'vehicleparts'.
13:38:51.606 !!! [CE] :: Unknown category: 'vehicleparts'.
13:38:51.606 !!! [CE] :: Unknown category: 'vehicleparts'.
13:38:51.606 !!! [CE] :: Unknown category: 'vehicleparts'.
13:38:51.606 !!! [CE] :: Unknown category: 'vehicleparts'.
13:38:51.606 !!! [CE] :: Unknown category: 'vehicleparts'.
13:38:51.606 !!! [CE] :: Unknown category: 'vehicleparts'.
13:38:51.606 !!! [CE] :: Unknown category: 'vehicleparts'.
13:38:51.606 !!! [CE] :: Unknown category: 'vehicleparts'.
13:38:51.606 !!! [CE] :: Unknown category: 'vehicleparts'.
13:38:51.606 !!! [CE] :: Unknown category: 'vehicleparts'.
13:38:51.606 !!! [CE] :: Unknown category: 'vehicleparts'.
13:38:51.606 !!! [CE] :: Unknown category: 'vehicleparts'.
13:38:51.606 !!! [CE] :: Unknown category: 'vehicleparts'.
13:38:51.606 !!! [CE] :: Unknown category: 'vehicleparts'.
13:38:51.606 !!! [CE] :: Unknown category: 'vehicleparts'.
13:38:51.606 !!! [CE] :: Unknown category: 'vehicleparts'.
13:38:51.606 !!! [CE] :: Unknown category: 'vehicleparts'.
13:38:51.606 !!! [CE] :: Unknown category: 'vehicleparts'.
13:38:51.607 !!! [CE] :: Unknown category: 'vehicleparts'.
13:38:51.607 !!! [CE] :: Unknown category: 'vehicleparts'.
13:38:51.607 !!! [CE] :: Unknown category: 'vehicleparts'.
13:38:51.607 !!! [CE] :: Unknown category: 'vehicleparts'.
13:38:51.607 [CE][LoadPrototype] :: loaded 329 prototypes
13:38:51.607   701 containers, 9117 points
13:38:51.607   24 dispatches, 90 proxies
13:38:51.607 !!! [CE][LoadPrototype] 12 groups have no points...
13:38:51.607 !!![CE][LoadPrototype]  3 groups have wrong points...
13:38:51.607 [CE][LoadPrototype] :: last group name: Land_Lunapark_Autodrome...
13:38:51.617 [CE][LoadPrototype] :: loaded 0 prototypes
13:38:51.617   0 containers, 0 points
13:38:51.617   0 dispatches, 0 proxies
13:38:51.617 [CE][LoadPrototype] :: last group name: Rail9...
13:38:52.140 [CE][LoadMap] "Group" :: loaded 11599 groups, largest group range: 34.2
13:38:52.150 [CE][LoadMap] "Dirt" :: loaded 0 groups, largest group range: 34.2
13:38:52.584 [CE][Links] found 1896 total links between groups, of 11599
13:38:52.584 [CE][LoadClusters] "Cluster" :: Loading files...
13:38:52.847 [CE][LoadClusters] :: file: "mapgroupcluster.xml", 9 types, 50000 instances
13:38:53.121 [CE][LoadClusters] :: file: "mapgroupcluster01", 9 types, 50000 instances
13:38:53.399 [CE][LoadClusters] :: file: "mapgroupcluster02", 9 types, 50000 instances
13:38:53.674 [CE][LoadClusters] :: file: "mapgroupcluster03", 9 types, 50000 instances
13:38:53.783 [CE][LoadClusters] :: file: "mapgroupcluster04", 9 types, 17229 instances
13:38:53.790 [CE][Storage] ver:0 stamp:0, valid:NO, name:"mpmissions\dayzOffline.chernarusplus\storage_1\data\types.bin"
13:38:53.790 [CE][Storage] ver:0 stamp:0, valid:NO, name:"mpmissions\dayzOffline.chernarusplus\storage_1\data\types.001"
13:38:53.790 [CE][Storage] ver:0 stamp:0, valid:NO, name:"mpmissions\dayzOffline.chernarusplus\storage_1\data\types.002"
13:38:53.806 [CE][offlineDB] :: Loaded 37 dynamic events 216 total types 0 total positions.
13:38:53.841 !!! [CE] :: Unknown usage: 'Lunapark'.
13:38:53.844 [CE][Storage] ver:0 stamp:0, valid:NO, name:"mpmissions\dayzOffline.chernarusplus\storage_1\data\events.bin"
13:38:53.844 [CE][Storage] ver:0 stamp:0, valid:NO, name:"mpmissions\dayzOffline.chernarusplus\storage_1\data\events.001"
13:38:53.844 [CE][Storage] ver:0 stamp:0, valid:NO, name:"mpmissions\dayzOffline.chernarusplus\storage_1\data\events.002"
13:38:53.845 [CE][Storage] ver:0 stamp:0, valid:NO, name:"mpmissions\dayzOffline.chernarusplus\storage_1\data\dynamic_000.bin"
13:38:53.845 [CE][Storage] ver:0 stamp:0, valid:NO, name:"mpmissions\dayzOffline.chernarusplus\storage_1\data\dynamic_000.001"
13:38:53.845 [CE][Storage] ver:0 stamp:0, valid:NO, name:"mpmissions\dayzOffline.chernarusplus\storage_1\data\dynamic_000.002"
13:38:53.845 [CE][Storage] ver:0 stamp:0, valid:NO, name:"mpmissions\dayzOffline.chernarusplus\storage_1\data\dynamic_001.bin"
13:38:53.845 [CE][Storage] ver:0 stamp:0, valid:NO, name:"mpmissions\dayzOffline.chernarusplus\storage_1\data\dynamic_001.001"
13:38:53.845 [CE][Storage] ver:0 stamp:0, valid:NO, name:"mpmissions\dayzOffline.chernarusplus\storage_1\data\dynamic_001.002"
13:38:53.846 [CE][Storage] ver:0 stamp:0, valid:NO, name:"mpmissions\dayzOffline.chernarusplus\storage_1\data\dynamic_002.bin"
13:38:53.846 [CE][Storage] ver:0 stamp:0, valid:NO, name:"mpmissions\dayzOffline.chernarusplus\storage_1\data\dynamic_002.001"
13:38:53.846 [CE][Storage] ver:0 stamp:0, valid:NO, name:"mpmissions\dayzOffline.chernarusplus\storage_1\data\dynamic_002.002"
13:38:53.846 [CE][Storage] ver:0 stamp:0, valid:NO, name:"mpmissions\dayzOffline.chernarusplus\storage_1\data\dynamic_003.bin"
13:38:53.846 [CE][Storage] ver:0 stamp:0, valid:NO, name:"mpmissions\dayzOffline.chernarusplus\storage_1\data\dynamic_003.001"
13:38:53.846 [CE][Storage] ver:0 stamp:0, valid:NO, name:"mpmissions\dayzOffline.chernarusplus\storage_1\data\dynamic_003.002"
13:38:53.846 [CE][Storage] ver:0 stamp:0, valid:NO, name:"mpmissions\dayzOffline.chernarusplus\storage_1\data\dynamic_004.bin"
13:38:53.846 [CE][Storage] ver:0 stamp:0, valid:NO, name:"mpmissions\dayzOffline.chernarusplus\storage_1\data\dynamic_004.001"
13:38:53.846 [CE][Storage] ver:0 stamp:0, valid:NO, name:"mpmissions\dayzOffline.chernarusplus\storage_1\data\dynamic_004.002"
13:38:53.847 [CE][Storage] ver:0 stamp:0, valid:NO, name:"mpmissions\dayzOffline.chernarusplus\storage_1\data\dynamic_005.bin"
13:38:53.847 [CE][Storage] ver:0 stamp:0, valid:NO, name:"mpmissions\dayzOffline.chernarusplus\storage_1\data\dynamic_005.001"
13:38:53.847 [CE][Storage] ver:0 stamp:0, valid:NO, name:"mpmissions\dayzOffline.chernarusplus\storage_1\data\dynamic_005.002"
13:38:53.847 [CE][Storage] ver:0 stamp:0, valid:NO, name:"mpmissions\dayzOffline.chernarusplus\storage_1\data\dynamic_006.bin"
13:38:53.847 [CE][Storage] ver:0 stamp:0, valid:NO, name:"mpmissions\dayzOffline.chernarusplus\storage_1\data\dynamic_006.001"
13:38:53.847 [CE][Storage] ver:0 stamp:0, valid:NO, name:"mpmissions\dayzOffline.chernarusplus\storage_1\data\dynamic_006.002"
13:38:53.847 [CE][Storage] ver:0 stamp:0, valid:NO, name:"mpmissions\dayzOffline.chernarusplus\storage_1\data\dynamic_007.bin"
13:38:53.847 [CE][Storage] ver:0 stamp:0, valid:NO, name:"mpmissions\dayzOffline.chernarusplus\storage_1\data\dynamic_007.001"
13:38:53.847 [CE][Storage] ver:0 stamp:0, valid:NO, name:"mpmissions\dayzOffline.chernarusplus\storage_1\data\dynamic_007.002"
13:38:53.847 [CE][Storage] ver:0 stamp:0, valid:NO, name:"mpmissions\dayzOffline.chernarusplus\storage_1\data\dynamic_008.bin"
13:38:53.847 [CE][Storage] ver:0 stamp:0, valid:NO, name:"mpmissions\dayzOffline.chernarusplus\storage_1\data\dynamic_008.001"
13:38:53.847 [CE][Storage] ver:0 stamp:0, valid:NO, name:"mpmissions\dayzOffline.chernarusplus\storage_1\data\dynamic_008.002"
13:38:53.848 [CE][Storage] ver:0 stamp:0, valid:NO, name:"mpmissions\dayzOffline.chernarusplus\storage_1\data\dynamic_009.bin"
13:38:53.848 [CE][Storage] ver:0 stamp:0, valid:NO, name:"mpmissions\dayzOffline.chernarusplus\storage_1\data\dynamic_009.001"
13:38:53.848 [CE][Storage] ver:0 stamp:0, valid:NO, name:"mpmissions\dayzOffline.chernarusplus\storage_1\data\dynamic_009.002"
13:38:53.848 [CE][Storage] ver:0 stamp:0, valid:NO, name:"mpmissions\dayzOffline.chernarusplus\storage_1\data\dynamic_010.bin"
13:38:53.848 [CE][Storage] ver:0 stamp:0, valid:NO, name:"mpmissions\dayzOffline.chernarusplus\storage_1\data\dynamic_010.001"
13:38:53.848 [CE][Storage] ver:0 stamp:0, valid:NO, name:"mpmissions\dayzOffline.chernarusplus\storage_1\data\dynamic_010.002"
13:38:53.848 [CE][Storage] ver:0 stamp:0, valid:NO, name:"mpmissions\dayzOffline.chernarusplus\storage_1\data\dynamic_011.bin"
13:38:53.848 [CE][Storage] ver:0 stamp:0, valid:NO, name:"mpmissions\dayzOffline.chernarusplus\storage_1\data\dynamic_011.001"
13:38:53.848 [CE][Storage] ver:0 stamp:0, valid:NO, name:"mpmissions\dayzOffline.chernarusplus\storage_1\data\dynamic_011.002"
13:38:53.848 [CE][Storage] ver:0 stamp:0, valid:NO, name:"mpmissions\dayzOffline.chernarusplus\storage_1\data\vehicles.bin"
13:38:53.849 [CE][Storage] ver:0 stamp:0, valid:NO, name:"mpmissions\dayzOffline.chernarusplus\storage_1\data\vehicles.001"
13:38:53.849 [CE][Storage] ver:0 stamp:0, valid:NO, name:"mpmissions\dayzOffline.chernarusplus\storage_1\data\vehicles.002"
13:38:53.849 [CE][Hive] :: Empty storage folder, reinitializing ... 
13:38:53.850 [CE][Hive] :: Initializing ... 
13:38:53.855 [CE][InitializeMap] :: initialized: 0
13:38:53.855 [CE][Hive] :: Initializing spawners ... 
13:38:54.992 [CE][LootRespawner] (PRIDummy) :: Item [0] causing search overtime: "HatchbackHood_WhiteRust"
13:38:54.993 [CE][LootRespawner] (PRIDummy) :: Item [1] causing search overtime: "HatchbackHood_WhiteRust"
13:38:54.994 [CE][LootRespawner] (PRIDummy) :: Item [2] causing search overtime: "HatchbackHood_WhiteRust"
13:38:54.994 [CE][LootRespawner] (PRIDummy) :: Item [3] causing search overtime: "HatchbackHood_WhiteRust"
13:38:54.995 [CE][LootRespawner] (PRIDummy) :: Item [4] causing search overtime: "HatchbackHood_WhiteRust"
13:38:54.995 [CE][LootRespawner] (PRIDummy) :: Item [5] causing search overtime: "HatchbackHood_WhiteRust"
13:38:54.996 [CE][LootRespawner] (PRIDummy) :: Item [6] causing search overtime: "HatchbackHood_WhiteRust"
13:38:54.996 [CE][LootRespawner] (PRIDummy) :: Item [7] causing search overtime: "HatchbackHood_WhiteRust"
13:38:54.997 [CE][LootRespawner] (PRIDummy) :: Item [8] causing search overtime: "HatchbackHood_WhiteRust"
13:38:54.997 [CE][LootRespawner] (PRIDummy) :: Item [9] causing search overtime: "HatchbackHood_WhiteRust"
13:38:54.998 [CE][LootRespawner] (PRIDummy) :: Item [10] causing search overtime: "HatchbackHood_WhiteRust"
13:38:54.998 [CE][LootRespawner] (PRIDummy) :: Item [11] causing search overtime: "HatchbackHood_WhiteRust"
13:38:54.999 [CE][LootRespawner] (PRIDummy) :: Item [12] causing search overtime: "HatchbackHood_WhiteRust"
13:38:54.999 [CE][LootRespawner] (PRIDummy) :: Item [13] causing search overtime: "HatchbackHood_WhiteRust"
13:38:55.00 [CE][LootRespawner] (PRIDummy) :: Item [14] causing search overtime: "HatchbackHood_WhiteRust"
13:38:55.00 [CE][LootRespawner] (PRIDummy) :: Item [15] causing search overtime: "HatchbackHood_WhiteRust"
13:38:55.01 [CE][LootRespawner] (PRIDummy) :: Item [16] causing search overtime: "HatchbackHood_WhiteRust"
13:38:55.01 [CE][LootRespawner] (PRIDummy) :: Item [17] causing search overtime: "HatchbackHood_WhiteRust"
13:38:55.02 [CE][LootRespawner] (PRIDummy) :: Item [18] causing search overtime: "HatchbackHood_WhiteRust"
13:38:55.17 [CE][LootRespawner] (PRIDummy) :: Item [19] causing search overtime: "CivSedanTrunk_WineRust"
13:38:56.586 !!! [CE][Point] Removing 11161.161133, 2437.848389 from Land_Boat_Small1
13:38:56.756 [CE][LootRespawner] (PRIDummy) :: Item [0] is hard to place, performance drops: "PrisonerCap"
13:38:56.757 [CE][LootRespawner] (PRIDummy) :: Item [1] is hard to place, performance drops: "PrisonerCap"
13:38:56.757 [CE][LootRespawner] (PRIDummy) :: Item [2] is hard to place, performance drops: "PrisonerCap"
13:38:56.757 [CE][LootRespawner] (PRIDummy) :: Item [3] is hard to place, performance drops: "PrisonerCap"
13:38:56.757 [CE][LootRespawner] (PRIDummy) :: Item [4] is hard to place, performance drops: "PrisonerCap"
13:38:56.757 [CE][LootRespawner] (PRIDummy) :: Item [5] is hard to place, performance drops: "PrisonerCap"
13:38:56.757 [CE][LootRespawner] (PRIDummy) :: Item [6] is hard to place, performance drops: "PrisonerCap"
13:38:56.757 [CE][LootRespawner] (PRIDummy) :: Item [7] is hard to place, performance drops: "PrisonerCap"
13:38:56.757 [CE][LootRespawner] (PRIDummy) :: Item [8] is hard to place, performance drops: "PrisonerCap"
13:38:56.757 [CE][LootRespawner] (PRIDummy) :: Item [9] is hard to place, performance drops: "PrisonerCap"
13:38:56.757 [CE][LootRespawner] (PRIDummy) :: Item [10] is hard to place, performance drops: "PrisonerCap"
13:38:56.757 [CE][LootRespawner] (PRIDummy) :: Item [11] is hard to place, performance drops: "PrisonerCap"
13:38:56.757 [CE][LootRespawner] (PRIDummy) :: Item [12] is hard to place, performance drops: "PrisonerCap"
13:38:56.757 [CE][LootRespawner] (PRIDummy) :: Item [13] is hard to place, performance drops: "PrisonerCap"
13:38:56.757 [CE][LootRespawner] (PRIDummy) :: Item [14] is hard to place, performance drops: "PrisonerCap"
13:38:56.757 [CE][LootRespawner] (PRIDummy) :: Item [15] is hard to place, performance drops: "PrisonerCap"
13:38:56.757 [CE][LootRespawner] (PRIDummy) :: Item [16] is hard to place, performance drops: "PrisonerCap"
13:38:56.757 [CE][LootRespawner] (PRIDummy) :: Item [17] is hard to place, performance drops: "PrisonerCap"
13:38:56.757 [CE][LootRespawner] (PRIDummy) :: Item [18] is hard to place, performance drops: "PrisonerCap"
13:38:56.757 [CE][LootRespawner] (PRIDummy) :: Item [19] is hard to place, performance drops: "PrisonerCap"
13:38:56.865 !!! [CE][Point] Removing 11162.427734, 2436.680664 from Land_Boat_Small1
13:38:58.821 !!! [CE][Point] Removing 8273.379883, 2465.385254 from Land_Boat_Small1
13:38:59.406 !!! [CE][Point] Removing 10852.337891, 2330.460449 from Land_Boat_Small3
13:38:59.874 !!! [CE][Point] Removing 13337.955078, 11969.321289 from Land_Boat_Small1
13:39:00.27 [CE][LootRespawner] (PRIDummy) :: Initially (re)spawned:20826, Nominal:20826, Total in Map: 19383 at 5 (sec)
13:39:00.27   tests:21036, repeats:109 fails:101, overtime:1417
13:39:00.28 [CE][Links] found 0 total links between groups, of 1
13:39:00.28 [CE][SpawnRandomLoot] (StaticHeliCrash) :: ChildType: Wreck_Mi8, lootmin: 10, lootmax: 20, wanted: 10
13:39:00.37 [CE][Links] found 0 total links between groups, of 2
13:39:00.37 [CE][SpawnRandomLoot] (StaticHeliCrash) :: ChildType: Wreck_UH1Y, lootmin: 10, lootmax: 20, wanted: 13
13:39:00.44 !!! [CE][VehicleRespawner] (PRIPoliceCar) :: Respawning: "StaticPoliceCar" - There are not enough positions in "cfgeventspawns.xml", 0 < 10
13:39:00.230 [CE][DynEvent] :: 37 types
13:39:00.230 [00] AmbientHen
13:39:00.230   Primary Spawner: "Ambient", active: yes, repeat: 1
13:39:00.230 [01] AnimalBear
13:39:00.230   Primary Spawner: "Animal", active: yes, repeat: 1
13:39:00.230 [02] AnimalCow
13:39:00.230   Primary Spawner: "Animal", active: yes, repeat: 1
13:39:00.230 [03] AnimalDeer
13:39:00.230   Primary Spawner: "Animal", active: yes, repeat: 1
13:39:00.230 [04] AnimalGoat
13:39:00.230   Primary Spawner: "Animal", active: yes, repeat: 1
13:39:00.230 [05] AnimalPig
13:39:00.230   Primary Spawner: "Animal", active: yes, repeat: 1
13:39:00.230 [06] AnimalRoeDeer
13:39:00.230   Primary Spawner: "Animal", active: yes, repeat: 1
13:39:00.230 [07] AnimalSheep
13:39:00.230   Primary Spawner: "Animal", active: yes, repeat: 1
13:39:00.230 [08] AnimalWildBoar
13:39:00.230   Primary Spawner: "Animal", active: yes, repeat: 1
13:39:00.230 [09] AnimalWolf
13:39:00.230   Primary Spawner: "Animal", active: yes, repeat: 1
13:39:00.230 [10] InfectedArmy
13:39:00.230   Primary Spawner: "Infected", active: yes, repeat: 1
13:39:00.230 [11] InfectedCity
13:39:00.230   Primary Spawner: "Infected", active: yes, repeat: 1
13:39:00.230 [12] InfectedFirefighter
13:39:00.230   Primary Spawner: "Infected", active: yes, repeat: 1
13:39:00.230 [13] InfectedIndustrial
13:39:00.230   Primary Spawner: "Infected", active: yes, repeat: 1
13:39:00.230 [14] InfectedMedic
13:39:00.230   Primary Spawner: "Infected", active: yes, repeat: 1
13:39:00.230 [15] InfectedPolice
13:39:00.230   Primary Spawner: "Infected", active: yes, repeat: 1
13:39:00.230 [16] InfectedPrisoner
13:39:00.230   Primary Spawner: "Infected", active: yes, repeat: 1
13:39:00.230 [17] InfectedReligious
13:39:00.230   Primary Spawner: "Infected", active: yes, repeat: 1
13:39:00.230 [18] InfectedSolitude
13:39:00.230   Primary Spawner: "Infected", active: yes, repeat: 1
13:39:00.230 [19] InfectedVillage
13:39:00.230   Primary Spawner: "Infected", active: yes, repeat: 1
13:39:00.230 [20] ItemPlanks
13:39:00.230   Primary Spawner: "Item", active: yes, repeat: 1
13:39:00.230 [21] Loot
13:39:00.230   Primary Spawner: "Loot", active: yes, repeat: 2
13:39:00.230 [22] StaticHeliCrash
13:39:00.230   Primary Spawner: "Vehicle", active: yes, repeat: 1
13:39:00.230   Secondary Spawner: "Infected", active: yes, repeat: 1
13:39:00.230 [23] StaticPoliceCar
13:39:00.230   Primary Spawner: "Vehicle", active: yes, repeat: 1
13:39:00.230 [24] TrajectoryApple
13:39:00.230   Primary Spawner: "Trajectory", active: yes, repeat: 1
13:39:00.230 [25] TrajectoryCanina
13:39:00.230   Primary Spawner: "Trajectory", active: yes, repeat: 1
13:39:00.230 [26] TrajectoryConiferous
13:39:00.230   Primary Spawner: "Trajectory", active: yes, repeat: 1
13:39:00.230 [27] TrajectoryDeciduous
13:39:00.230   Primary Spawner: "Trajectory", active: yes, repeat: 1
13:39:00.230 [28] TrajectoryHumus
13:39:00.230   Primary Spawner: "Trajectory", active: yes, repeat: 1
13:39:00.230 [29] TrajectoryPear
13:39:00.230   Primary Spawner: "Trajectory", active: yes, repeat: 1
13:39:00.230 [30] TrajectoryPlum
13:39:00.230   Primary Spawner: "Trajectory", active: yes, repeat: 1
13:39:00.230 [31] TrajectorySambucus
13:39:00.230   Primary Spawner: "Trajectory", active: yes, repeat: 1
13:39:00.230 [32] TrajectoryStones
13:39:00.230   Primary Spawner: "Trajectory", active: yes, repeat: 1
13:39:00.230 [33] VehicleCivilianSedan
13:39:00.230   Primary Spawner: "Vehicle", active: yes, repeat: 1
13:39:00.230 [34] VehicleHatchback02
13:39:00.230   Primary Spawner: "Vehicle", active: yes, repeat: 1
13:39:00.230 [35] VehicleOffroadHatchback
13:39:00.230   Primary Spawner: "Vehicle", active: yes, repeat: 1
13:39:00.230 [36] VehicleSedan02
13:39:00.230   Primary Spawner: "Vehicle", active: yes, repeat: 1
13:39:00.230 [CE][Hive] :: Initializing of spawners done.
13:39:00.235 [CE][Hive] :: Init sequence finished.
13:39:00.235 Player connect enabled
13:39:00.925 [IdleMode] Entering IN - save processed
13:44:15.303 [Login]: Adding player Survivor (64995539) to login queue at position 0
13:44:15.306 [LoginMachine]: Add player Survivor (64995539)
13:44:15.306 [StateMachine]: Player Survivor (dpnid 64995539 uid ) Entering AuthPlayerLoginState
13:44:15.513 [StateMachine]: Player Survivor (dpnid 64995539 uid ) Entering WaitAuthPlayerLoginState
13:44:17.610 Player Survivor connected (id=BvAfWEwkf1BS22gq16ncvW4M3Ycn_607DPSKzJe9pnU=).
13:44:17.610 Player "Survivor" is connected (steamID=76561198073956794)
13:44:18.322 [StateMachine]: Player Survivor (dpnid 64995539 uid BvAfWEwkf1BS22gq16ncvW4M3Ycn_607DPSKzJe9pnU=) Entering DBGetLoginTimeLoginState
13:44:18.393 [StateMachine]: Player Survivor (dpnid 64995539 uid BvAfWEwkf1BS22gq16ncvW4M3Ycn_607DPSKzJe9pnU=) Entering DBWaitLoginTimeLoginState
13:44:20.102 [IdleMode] Leaving OUT
13:44:33.421 [StateMachine]: Player Survivor (dpnid 64995539 uid BvAfWEwkf1BS22gq16ncvW4M3Ycn_607DPSKzJe9pnU=) Entering DBGetCharacterLoginState
13:44:33.489 [StateMachine]: Player Survivor (dpnid 64995539 uid BvAfWEwkf1BS22gq16ncvW4M3Ycn_607DPSKzJe9pnU=) Entering CreateNetObjectsLoginState
13:44:33.535 [StateMachine]: Player Survivor (dpnid 64995539 uid BvAfWEwkf1BS22gq16ncvW4M3Ycn_607DPSKzJe9pnU=) Entering PreloadCamLoginState
13:44:33.561 [StateMachine]: Player Survivor (dpnid 64995539 uid BvAfWEwkf1BS22gq16ncvW4M3Ycn_607DPSKzJe9pnU=) Entering WaitPreloadCamLoginState
13:44:49.822 [StateMachine]: Player Survivor (dpnid 64995539 uid BvAfWEwkf1BS22gq16ncvW4M3Ycn_607DPSKzJe9pnU=) Entering GetNewCharLoginState
13:44:52.721 <CREATE NEW CHAR>:
    charID 1
    playerID 1
    dpnid 64995539
    uid BvAfWEwkf1BS22gq16ncvW4M3Ycn_607DPSKzJe9pnU=
13:45:15.872 [CE][Links] found 0 total links between groups, of 3
13:45:15.872 [CE][SpawnRandomLoot] (StaticHeliCrash) :: ChildType: Wreck_UH1Y, lootmin: 10, lootmax: 20, wanted: 17
13:47:45.578 [Disconnect]: Start script disconnect 64995539 (dbCharacterId 1 dbPlayerId 1) logoutTime 15
13:47:47.204 [Disconnect]: Client 64995539 disconnecting
13:47:47.204 [Disconnect]: Client 64995539 early disconnect
13:47:47.208 [Disconnect]: Start script disconnect 64995539 (dbCharacterId 1 dbPlayerId 1) logoutTime 15
13:47:47.926 [Disconnect]: Remove player info 64995539
13:47:47.961 [Disconnect]: Player destroy 64995539 
13:48:00.589 [Disconnect]: Finish script disconnect -1
13:48:34.709  --- Termination successfully completed --- 
