

=====================================================================
== C:\Program Files (x86)\Steam\steamapps\common\DayZServer\DayZServer_x64.exe
== DayZServer_x64.exe  -config=serverDZ.cfg -profiles=ServerProfile -limitFPS=120
=====================================================================
Exe timestamp: 2020/07/10 16:13:22
Current time:  2020/07/13 21:55:32

Version 1.08.153258
21:55:32.22 [Inputs] Loading inputs default "bin/constants.xml"
21:55:32.22 [Inputs] Loading inputs default "bin/specific.xml"
21:55:32.22 !!! [Inputs] Invalid input name used "UAUIInspectItem" for context "ui" in "bin/specific.xml"
21:55:32.22 [Inputs] Loading inputs cfg "ServerProfile\Users\Survivor\Server.core.xml"
21:55:32.22 !!! [Inputs] Cannot read inputs cfg "ServerProfile\Users\Survivor\Server.core.xml", parser error
21:55:32.22 [Inputs] Loading inputs cfg "bin/core.xml"
21:55:32.22 !!! [Inputs] Cannot load input preset "user", file does not exist
21:55:32.22 [Inputs] Exporting inputs cfg "ServerProfile\Users\Survivor\Server.core.xml"
21:55:45.193 [CE][Hive] :: Initializing OFFLINE
21:55:45.193 [CE][Hive] :: Loading core data ... 
21:55:45.193 [CE][CoreData] :: 7 root classes, 18 defaults, 0 updaters...
21:55:47.193 [CE] :: WARNING :: Preset map "optics" is EMPTY.
21:55:47.193 [CE] :: WARNING :: Preset (attachments) with name 'bagsCity' was not found.
21:55:47.193 [CE] :: WARNING :: Preset (attachments) with name 'bagsCity' was not found.
21:55:47.193 [CE] :: WARNING :: Preset (attachments) with name 'bagsCity' was not found.
21:55:47.193 [CE] :: WARNING :: Preset (attachments) with name 'bagsCity' was not found.
21:55:47.193 [CE] :: WARNING :: Preset (attachments) with name 'bagsCity' was not found.
21:55:47.193 [CE] :: WARNING :: Preset (attachments) with name 'bagsCity' was not found.
21:55:47.193 [CE] :: WARNING :: Preset (attachments) with name 'bagsCity' was not found.
21:55:47.193 [CE] :: WARNING :: Preset (attachments) with name 'bagsCity' was not found.
21:55:47.193 [CE] :: WARNING :: Preset (attachments) with name 'bagsCity' was not found.
21:55:47.193 [CE] :: WARNING :: Preset (attachments) with name 'bagsCity' was not found.
21:55:47.193 [CE] :: WARNING :: Preset (attachments) with name 'bagsCity' was not found.
21:55:47.193 [CE] :: WARNING :: Preset (attachments) with name 'bagsCity' was not found.
21:55:47.193 [CE] :: WARNING :: Preset (attachments) with name 'bagsCity' was not found.
21:55:47.193 [CE] :: WARNING :: Preset (attachments) with name 'bagsCity' was not found.
21:55:47.193 [CE] :: WARNING :: Preset (attachments) with name 'hatsCitySkate' was not found.
21:55:47.193 [CE] :: WARNING :: Preset (attachments) with name 'bagsCity' was not found.
21:55:47.193 [CE] :: WARNING :: Preset (attachments) with name 'hatsCitySkate' was not found.
21:55:47.193 [CE] :: WARNING :: Preset (attachments) with name 'bagsCity' was not found.
21:55:47.193 [CE] :: WARNING :: Preset (attachments) with name 'hatsCitySkate' was not found.
21:55:47.193 [CE] :: WARNING :: Preset (attachments) with name 'bagsCity' was not found.
21:55:47.193 [CE] :: WARNING :: Preset (attachments) with name 'bagsCity' was not found.
21:55:47.193 [CE] :: WARNING :: Preset (attachments) with name 'bagsCity' was not found.
21:55:47.193 [CE] :: WARNING :: Preset (attachments) with name 'bagsCity' was not found.
21:55:47.193 [CE] :: WARNING :: Preset (attachments) with name 'bagsCity' was not found.
21:55:47.193 [CE] :: WARNING :: Preset (attachments) with name 'bagsCity' was not found.
21:55:47.193 [CE] :: WARNING :: Preset (attachments) with name 'bagsCity' was not found.
21:55:47.193 [CE] :: WARNING :: Preset (attachments) with name 'bagsCity' was not found.
21:55:47.193 [CE] :: WARNING :: Preset (attachments) with name 'bagsCity' was not found.
21:55:47.193 [CE] :: WARNING :: Preset (attachments) with name 'bagsCity' was not found.
21:55:47.193 [CE] :: WARNING :: Preset (attachments) with name 'bagsCity' was not found.
21:55:47.193 [CE] :: WARNING :: Preset (attachments) with name 'bagsCity' was not found.
21:55:47.193 [CE] :: WARNING :: Preset (attachments) with name 'bagsCity' was not found.
21:55:47.193 [CE] :: WARNING :: Preset (attachments) with name 'bagsCity' was not found.
21:55:47.193 [CE] :: WARNING :: Preset (attachments) with name 'bagsCity' was not found.
21:55:47.193 [CE] :: WARNING :: Preset (attachments) with name 'bagsCity' was not found.
21:55:47.193 [CE] :: WARNING :: Preset (attachments) with name 'bagsCity' was not found.
21:55:47.193 [CE] :: WARNING :: Preset (attachments) with name 'bagsCity' was not found.
21:55:47.193 [CE] :: WARNING :: Preset (attachments) with name 'bagsCity' was not found.
21:55:47.193 [CE] :: WARNING :: Preset (attachments) with name 'bagsCity' was not found.
21:55:47.193 [CE] :: WARNING :: Preset (attachments) with name 'bagsCity' was not found.
21:55:47.193 [CE] :: WARNING :: Preset (attachments) with name 'bagsCity' was not found.
21:55:47.193 [CE] :: WARNING :: Preset (attachments) with name 'bagsCity' was not found.
21:55:47.193 [CE] :: WARNING :: Preset (attachments) with name 'bagsCity' was not found.
21:55:47.193 [CE] :: WARNING :: Preset (attachments) with name 'bagsCity' was not found.
21:55:47.193 [CE] :: WARNING :: Preset (attachments) with name 'bagsCity' was not found.
21:55:47.193 [CE] :: WARNING :: Preset (attachments) with name 'hatsMotorbike' was not found.
21:55:47.193 [CE] :: WARNING :: Preset (attachments) with name 'hatsMotorbike' was not found.
21:55:47.193 [CE] :: WARNING :: Preset (attachments) with name 'hatsMotorbike' was not found.
21:55:47.193 [CE] :: WARNING :: Preset (attachments) with name 'hatsCitySkate' was not found.
21:55:47.193 [CE] :: WARNING :: Preset (attachments) with name 'bagsCity' was not found.
21:55:47.193 [CE] :: WARNING :: Preset (attachments) with name 'hatsCitySkate' was not found.
21:55:47.193 [CE] :: WARNING :: Preset (attachments) with name 'bagsCity' was not found.
21:55:47.193 [CE] :: WARNING :: Preset (attachments) with name 'hatsCitySkate' was not found.
21:55:47.193 [CE] :: WARNING :: Preset (attachments) with name 'bagsCity' was not found.
21:55:47.193 [CE] :: WARNING :: Preset (attachments) with name 'hatsCitySkate' was not found.
21:55:47.193 [CE] :: WARNING :: Preset (attachments) with name 'bagsCity' was not found.
21:55:47.193 [CE] :: WARNING :: Preset (attachments) with name 'hatsIndustrial' was not found.
21:55:47.193 [CE] :: WARNING :: Preset (attachments) with name 'bagsIndustrial' was not found.
21:55:47.193 [CE] :: WARNING :: Preset (attachments) with name 'hatsIndustrial' was not found.
21:55:47.193 [CE] :: WARNING :: Preset (attachments) with name 'bagsIndustrial' was not found.
21:55:47.193 [CE] :: WARNING :: Preset (attachments) with name 'hatsIndustrial' was not found.
21:55:47.193 [CE] :: WARNING :: Preset (attachments) with name 'bagsIndustrial' was not found.
21:55:47.193 [CE] :: WARNING :: Preset (attachments) with name 'hatsIndustrial' was not found.
21:55:47.193 [CE] :: WARNING :: Preset (attachments) with name 'bagsIndustrial' was not found.
21:55:47.193 [CE] :: WARNING :: Preset (attachments) with name 'hatsIndustrial' was not found.
21:55:47.193 [CE] :: WARNING :: Preset (attachments) with name 'bagsIndustrial' was not found.
21:55:47.193 [CE] :: WARNING :: Preset (attachments) with name 'hatsIndustrial' was not found.
21:55:47.193 [CE] :: WARNING :: Preset (attachments) with name 'bagsIndustrial' was not found.
21:55:47.193 [CE] :: WARNING :: Preset (attachments) with name 'hatsIndustrial' was not found.
21:55:47.193 [CE] :: WARNING :: Preset (attachments) with name 'bagsIndustrial' was not found.
21:55:47.193 [CE] :: WARNING :: Preset (attachments) with name 'hatsIndustrial' was not found.
21:55:47.193 [CE] :: WARNING :: Preset (attachments) with name 'bagsIndustrial' was not found.
21:55:47.193 [CE] :: WARNING :: Preset (attachments) with name 'hatsIndustrial' was not found.
21:55:47.193 [CE] :: WARNING :: Preset (attachments) with name 'bagsIndustrial' was not found.
21:55:47.193 [CE] :: WARNING :: Preset (attachments) with name 'hatsIndustrial' was not found.
21:55:47.193 [CE] :: WARNING :: Preset (attachments) with name 'bagsIndustrial' was not found.
21:55:47.193 [CE] :: WARNING :: Preset (attachments) with name 'hatsIndustrial' was not found.
21:55:47.193 [CE] :: WARNING :: Preset (attachments) with name 'bagsIndustrial' was not found.
21:55:47.193 [CE] :: WARNING :: Preset (attachments) with name 'hatsIndustrial' was not found.
21:55:47.193 [CE] :: WARNING :: Preset (attachments) with name 'bagsIndustrial' was not found.
21:55:47.193 [CE] :: WARNING :: Preset (attachments) with name 'hatsIndustrial' was not found.
21:55:47.193 [CE] :: WARNING :: Preset (attachments) with name 'bagsIndustrial' was not found.
21:55:47.193 [CE] :: WARNING :: Preset (attachments) with name 'hatsIndustrial' was not found.
21:55:47.193 [CE] :: WARNING :: Preset (attachments) with name 'bagsIndustrial' was not found.
21:55:47.193 [CE] :: WARNING :: Preset (attachments) with name 'hatsIndustrial' was not found.
21:55:47.193 [CE] :: WARNING :: Preset (attachments) with name 'bagsIndustrial' was not found.
21:55:47.193 [CE] :: WARNING :: Preset (attachments) with name 'hatsIndustrial' was not found.
21:55:47.193 [CE] :: WARNING :: Preset (attachments) with name 'bagsIndustrial' was not found.
21:55:47.193 [CE] :: WARNING :: Preset (attachments) with name 'hatsIndustrial' was not found.
21:55:47.193 [CE] :: WARNING :: Preset (attachments) with name 'bagsIndustrial' was not found.
21:55:47.193 [CE] :: WARNING :: Preset (attachments) with name 'hatsIndustrial' was not found.
21:55:47.193 [CE] :: WARNING :: Preset (attachments) with name 'bagsIndustrial' was not found.
21:55:47.193 [CE] :: WARNING :: Preset (attachments) with name 'hatsIndustrial' was not found.
21:55:47.193 [CE] :: WARNING :: Preset (attachments) with name 'bagsIndustrial' was not found.
21:55:47.193 [CE] :: WARNING :: Preset (attachments) with name 'hatsIndustrial' was not found.
21:55:47.193 [CE] :: WARNING :: Preset (attachments) with name 'bagsIndustrial' was not found.
21:55:47.193 [CE] :: WARNING :: Preset (attachments) with name 'hatsIndustrial' was not found.
21:55:47.193 [CE] :: WARNING :: Preset (attachments) with name 'bagsIndustrial' was not found.
21:55:47.193 [CE] :: WARNING :: Preset (attachments) with name 'hatsIndustrial' was not found.
21:55:47.193 [CE] :: WARNING :: Preset (attachments) with name 'bagsIndustrial' was not found.
21:55:47.193 [CE] :: WARNING :: Preset (attachments) with name 'hatsIndustrial' was not found.
21:55:47.193 [CE] :: WARNING :: Preset (attachments) with name 'bagsIndustrial' was not found.
21:55:47.193 [CE] :: WARNING :: Preset (attachments) with name 'hatsIndustrial' was not found.
21:55:47.193 [CE] :: WARNING :: Preset (attachments) with name 'bagsIndustrial' was not found.
21:55:47.193 [CE] :: WARNING :: Preset (attachments) with name 'hatsIndustrial' was not found.
21:55:47.193 [CE] :: WARNING :: Preset (attachments) with name 'bagsIndustrial' was not found.
21:55:47.193 [CE] :: WARNING :: Preset (attachments) with name 'hatsIndustrial' was not found.
21:55:47.193 [CE] :: WARNING :: Preset (attachments) with name 'bagsIndustrial' was not found.
21:55:47.193 [CE] :: WARNING :: Preset (attachments) with name 'hatsFirefighter' was not found.
21:55:47.193 [CE] :: WARNING :: Preset (attachments) with name 'hatsMedic' was not found.
21:55:47.193 [CE] :: WARNING :: Preset (attachments) with name 'hatsMedic' was not found.
21:55:47.193 [CE] :: WARNING :: Preset (attachments) with name 'hatsPolice' was not found.
21:55:47.193 [CE] :: WARNING :: Preset (attachments) with name 'vestsPolice' was not found.
21:55:47.193 [CE] :: WARNING :: Preset (attachments) with name 'hatsPolice' was not found.
21:55:47.193 [CE] :: WARNING :: Preset (attachments) with name 'vestsPolice' was not found.
21:55:47.193 [CE] :: WARNING :: Preset (attachments) with name 'hatsPolice' was not found.
21:55:47.193 [CE] :: WARNING :: Preset (attachments) with name 'vestsPolice' was not found.
21:55:47.193 [CE] :: WARNING :: Preset (attachments) with name 'hatsPrisoner' was not found.
21:55:47.193 [CE] :: WARNING :: Preset (attachments) with name 'hatsFarm' was not found.
21:55:47.193 [CE] :: WARNING :: Preset (attachments) with name 'hatsFarm' was not found.
21:55:47.193 [CE] :: WARNING :: Preset (attachments) with name 'hatsFarm' was not found.
21:55:47.193 [CE] :: WARNING :: Preset (attachments) with name 'hatsFarm' was not found.
21:55:47.193 [CE] :: WARNING :: Preset (attachments) with name 'hatsFarm' was not found.
21:55:47.193 [CE] :: WARNING :: Preset (attachments) with name 'hatsFarm' was not found.
21:55:47.193 [CE] :: WARNING :: Preset (attachments) with name 'hatsFarm' was not found.
21:55:47.193 [CE] :: WARNING :: Preset (attachments) with name 'hatsFarm' was not found.
21:55:47.193 [CE] :: WARNING :: Preset (attachments) with name 'hatsFarm' was not found.
21:55:47.193 [CE] :: WARNING :: Preset (attachments) with name 'hatsFarm' was not found.
21:55:47.193 [CE] :: WARNING :: Preset (attachments) with name 'hatsFarm' was not found.
21:55:47.193 [CE] :: WARNING :: Preset (attachments) with name 'hatsFarm' was not found.
21:55:47.193 [CE] :: WARNING :: Preset (attachments) with name 'hatsFarm' was not found.
21:55:47.193 [CE] :: WARNING :: Preset (attachments) with name 'hatsFarm' was not found.
21:55:47.193 [CE] :: WARNING :: Preset (attachments) with name 'hatsFarm' was not found.
21:55:47.193 [CE] :: WARNING :: Preset (attachments) with name 'hatsFarm' was not found.
21:55:47.193 [CE] :: WARNING :: Preset (attachments) with name 'hatsFarm' was not found.
21:55:47.193 [CE] :: WARNING :: Preset (attachments) with name 'hatsFarm' was not found.
21:55:47.193 [CE] :: WARNING :: Preset (attachments) with name 'hatsFarm' was not found.
21:55:47.193 [CE] :: WARNING :: Preset (attachments) with name 'hatsFarm' was not found.
21:55:47.193 [CE] :: WARNING :: Preset (attachments) with name 'hatsFarm' was not found.
21:55:47.193 [CE] :: WARNING :: Preset (attachments) with name 'hatsFarm' was not found.
21:55:47.193 [CE] :: WARNING :: Preset (attachments) with name 'hatsFarm' was not found.
21:55:47.193 [CE] :: WARNING :: Preset (attachments) with name 'hatsFarm' was not found.
21:55:47.193 [CE] :: WARNING :: Preset (attachments) with name 'hatsFarm' was not found.
21:55:47.193 [CE] :: WARNING :: Preset (attachments) with name 'hatsFarm' was not found.
21:55:47.193 [CE] :: WARNING :: Preset (attachments) with name 'hatsFarm' was not found.
21:55:47.193 [CE] :: WARNING :: Preset (attachments) with name 'hatsFarm' was not found.
21:55:47.193 [CE] :: WARNING :: Preset (attachments) with name 'hatsFarm' was not found.
21:55:47.193 [CE] :: WARNING :: Preset (attachments) with name 'hatsFarm' was not found.
21:55:47.193 [CE] :: WARNING :: Preset (attachments) with name 'hatsFarm' was not found.
21:55:47.193 [CE] :: WARNING :: Preset (attachments) with name 'hatsFarm' was not found.
21:55:47.193 [CE] :: WARNING :: Preset (attachments) with name 'hatsFarm' was not found.
21:55:47.193 [CE][TypeSetup] :: 263 classes setuped...
21:55:47.266 [CE][RegisterBind] :: 0 classes binded...
21:55:47.266 [CE][RegisterConfig] :: 2924 config classes registered, 1 sub-counters...
21:55:47.266 [CE][Hive] :: Loading map data ... 
21:55:47.336 !!! [CE] :: Unknown category: 'vehicleparts'.
21:55:47.336 !!! [CE] :: Unknown category: 'vehicleparts'.
21:55:47.336 !!! [CE] :: Unknown category: 'vehicleparts'.
21:55:47.336 !!! [CE] :: Unknown category: 'vehicleparts'.
21:55:47.336 !!! [CE] :: Unknown category: 'vehicleparts'.
21:55:47.336 !!! [CE] :: Unknown category: 'vehicleparts'.
21:55:47.336 !!! [CE] :: Unknown category: 'vehicleparts'.
21:55:47.336 !!! [CE] :: Unknown category: 'vehicleparts'.
21:55:47.336 !!! [CE] :: Unknown category: 'vehicleparts'.
21:55:47.336 !!! [CE] :: Unknown category: 'vehicleparts'.
21:55:47.336 !!! [CE] :: Unknown category: 'vehicleparts'.
21:55:47.336 !!! [CE] :: Unknown category: 'vehicleparts'.
21:55:47.336 !!! [CE] :: Unknown category: 'vehicleparts'.
21:55:47.336 !!! [CE] :: Unknown category: 'vehicleparts'.
21:55:47.336 !!! [CE] :: Unknown category: 'vehicleparts'.
21:55:47.336 !!! [CE] :: Unknown category: 'vehicleparts'.
21:55:47.336 !!! [CE] :: Unknown category: 'vehicleparts'.
21:55:47.336 !!! [CE] :: Unknown category: 'vehicleparts'.
21:55:47.336 !!! [CE] :: Unknown category: 'vehicleparts'.
21:55:47.336 !!! [CE] :: Unknown category: 'vehicleparts'.
21:55:47.336 !!! [CE] :: Unknown category: 'vehicleparts'.
21:55:47.336 !!! [CE] :: Unknown category: 'vehicleparts'.
21:55:47.336 !!! [CE] :: Unknown category: 'vehicleparts'.
21:55:47.336 !!! [CE] :: Unknown category: 'vehicleparts'.
21:55:47.336 [CE][LoadPrototype] :: loaded 329 prototypes
21:55:47.336   701 containers, 9117 points
21:55:47.336   24 dispatches, 90 proxies
21:55:47.336 !!! [CE][LoadPrototype] 12 groups have no points...
21:55:47.336 !!![CE][LoadPrototype]  3 groups have wrong points...
21:55:47.336 [CE][LoadPrototype] :: last group name: Land_Lunapark_Autodrome...
21:55:47.351 [CE][LoadPrototype] :: loaded 0 prototypes
21:55:47.351   0 containers, 0 points
21:55:47.351   0 dispatches, 0 proxies
21:55:47.351 [CE][LoadPrototype] :: last group name: Rail9...
21:55:47.867 [CE][LoadMap] "Group" :: loaded 11599 groups, largest group range: 34.2
21:55:47.867 [CE][LoadMap] "Dirt" :: loaded 0 groups, largest group range: 34.2
21:55:48.289 [CE][Links] found 1896 total links between groups, of 11599
21:55:48.289 [CE][LoadClusters] "Cluster" :: Loading files...
21:55:48.539 [CE][LoadClusters] :: file: "mapgroupcluster.xml", 9 types, 50000 instances
21:55:48.820 [CE][LoadClusters] :: file: "mapgroupcluster01", 9 types, 50000 instances
21:55:49.85 [CE][LoadClusters] :: file: "mapgroupcluster02", 9 types, 50000 instances
21:55:49.351 [CE][LoadClusters] :: file: "mapgroupcluster03", 9 types, 50000 instances
21:55:49.460 [CE][LoadClusters] :: file: "mapgroupcluster04", 9 types, 17229 instances
21:55:49.476 [CE][Storage] ver:21 stamp:4885, valid:yes, name:"mpmissions\dayzOffline.chernarusplus\storage_1\data\types.bin"
21:55:49.476 [CE][Storage] ver:21 stamp:4883, valid:yes, name:"mpmissions\dayzOffline.chernarusplus\storage_1\data\types.001"
21:55:49.476 [CE][Storage] ver:21 stamp:4884, valid:yes, name:"mpmissions\dayzOffline.chernarusplus\storage_1\data\types.002"
21:55:49.476 [CE][Storage] Restoring file "mpmissions\dayzOffline.chernarusplus\storage_1\data\types.bin".
21:55:49.507 [CE][offlineDB] :: Loaded 37 dynamic events 216 total types 0 total positions.
21:55:49.554 !!! [CE] :: Unknown usage: 'Lunapark'.
21:55:49.554 [CE][Storage] ver:21 stamp:4885, valid:yes, name:"mpmissions\dayzOffline.chernarusplus\storage_1\data\events.bin"
21:55:49.554 [CE][Storage] ver:21 stamp:4883, valid:yes, name:"mpmissions\dayzOffline.chernarusplus\storage_1\data\events.001"
21:55:49.554 [CE][Storage] ver:21 stamp:4884, valid:yes, name:"mpmissions\dayzOffline.chernarusplus\storage_1\data\events.002"
21:55:49.554 [CE][Storage] Restoring file "mpmissions\dayzOffline.chernarusplus\storage_1\data\events.bin".
21:55:49.554 [CE][DynamicEvent] Load  Events:[37] Primary spawners: 37 Secondary spawners: 1
21:55:49.570 [CE][Storage] ver:25 stamp:4885, valid:yes, name:"mpmissions\dayzOffline.chernarusplus\storage_1\data\dynamic_000.bin"
21:55:49.570 [CE][Storage] ver:25 stamp:4883, valid:yes, name:"mpmissions\dayzOffline.chernarusplus\storage_1\data\dynamic_000.001"
21:55:49.570 [CE][Storage] ver:25 stamp:4884, valid:yes, name:"mpmissions\dayzOffline.chernarusplus\storage_1\data\dynamic_000.002"
21:55:49.570 [CE][Storage] Restoring file "mpmissions\dayzOffline.chernarusplus\storage_1\data\dynamic_000.bin" 744 items.
21:55:49.945   744 items loaded.
21:55:49.945 [CE][Storage] ver:25 stamp:4885, valid:yes, name:"mpmissions\dayzOffline.chernarusplus\storage_1\data\dynamic_001.bin"
21:55:49.960 [CE][Storage] ver:25 stamp:4883, valid:yes, name:"mpmissions\dayzOffline.chernarusplus\storage_1\data\dynamic_001.001"
21:55:49.960 [CE][Storage] ver:25 stamp:4884, valid:yes, name:"mpmissions\dayzOffline.chernarusplus\storage_1\data\dynamic_001.002"
21:55:49.960 [CE][Storage] Restoring file "mpmissions\dayzOffline.chernarusplus\storage_1\data\dynamic_001.bin" 1300 items.
21:55:50.273   1300 items loaded.
21:55:50.288 [CE][Storage] ver:25 stamp:4885, valid:yes, name:"mpmissions\dayzOffline.chernarusplus\storage_1\data\dynamic_002.bin"
21:55:50.288 [CE][Storage] ver:25 stamp:4883, valid:yes, name:"mpmissions\dayzOffline.chernarusplus\storage_1\data\dynamic_002.001"
21:55:50.288 [CE][Storage] ver:25 stamp:4884, valid:yes, name:"mpmissions\dayzOffline.chernarusplus\storage_1\data\dynamic_002.002"
21:55:50.288 [CE][Storage] Restoring file "mpmissions\dayzOffline.chernarusplus\storage_1\data\dynamic_002.bin" 2114 items.
21:55:50.710   2114 items loaded.
21:55:50.710 [CE][Storage] ver:25 stamp:4885, valid:yes, name:"mpmissions\dayzOffline.chernarusplus\storage_1\data\dynamic_003.bin"
21:55:50.710 [CE][Storage] ver:25 stamp:4883, valid:yes, name:"mpmissions\dayzOffline.chernarusplus\storage_1\data\dynamic_003.001"
21:55:50.710 [CE][Storage] ver:25 stamp:4884, valid:yes, name:"mpmissions\dayzOffline.chernarusplus\storage_1\data\dynamic_003.002"
21:55:50.710 [CE][Storage] Restoring file "mpmissions\dayzOffline.chernarusplus\storage_1\data\dynamic_003.bin" 1634 items.
21:55:51.23   1634 items loaded.
21:55:51.23 [CE][Storage] ver:25 stamp:4885, valid:yes, name:"mpmissions\dayzOffline.chernarusplus\storage_1\data\dynamic_004.bin"
21:55:51.38 [CE][Storage] ver:25 stamp:4883, valid:yes, name:"mpmissions\dayzOffline.chernarusplus\storage_1\data\dynamic_004.001"
21:55:51.38 [CE][Storage] ver:25 stamp:4884, valid:yes, name:"mpmissions\dayzOffline.chernarusplus\storage_1\data\dynamic_004.002"
21:55:51.38 [CE][Storage] Restoring file "mpmissions\dayzOffline.chernarusplus\storage_1\data\dynamic_004.bin" 1646 items.
21:55:51.507   1646 items loaded.
21:55:51.507 [CE][Storage] ver:25 stamp:4885, valid:yes, name:"mpmissions\dayzOffline.chernarusplus\storage_1\data\dynamic_005.bin"
21:55:51.523 [CE][Storage] ver:25 stamp:4883, valid:yes, name:"mpmissions\dayzOffline.chernarusplus\storage_1\data\dynamic_005.001"
21:55:51.538 [CE][Storage] ver:25 stamp:4884, valid:yes, name:"mpmissions\dayzOffline.chernarusplus\storage_1\data\dynamic_005.002"
21:55:51.538 [CE][Storage] Restoring file "mpmissions\dayzOffline.chernarusplus\storage_1\data\dynamic_005.bin" 1769 items.
21:55:51.851   1769 items loaded.
21:55:51.851 [CE][Storage] ver:25 stamp:4885, valid:yes, name:"mpmissions\dayzOffline.chernarusplus\storage_1\data\dynamic_006.bin"
21:55:51.851 [CE][Storage] ver:25 stamp:4883, valid:yes, name:"mpmissions\dayzOffline.chernarusplus\storage_1\data\dynamic_006.001"
21:55:51.851 [CE][Storage] ver:25 stamp:4884, valid:yes, name:"mpmissions\dayzOffline.chernarusplus\storage_1\data\dynamic_006.002"
21:55:51.851 [CE][Storage] Restoring file "mpmissions\dayzOffline.chernarusplus\storage_1\data\dynamic_006.bin" 1251 items.
21:55:52.85   1251 items loaded.
21:55:52.101 [CE][Storage] ver:25 stamp:4885, valid:yes, name:"mpmissions\dayzOffline.chernarusplus\storage_1\data\dynamic_007.bin"
21:55:52.101 [CE][Storage] ver:25 stamp:4883, valid:yes, name:"mpmissions\dayzOffline.chernarusplus\storage_1\data\dynamic_007.001"
21:55:52.101 [CE][Storage] ver:25 stamp:4884, valid:yes, name:"mpmissions\dayzOffline.chernarusplus\storage_1\data\dynamic_007.002"
21:55:52.101 [CE][Storage] Restoring file "mpmissions\dayzOffline.chernarusplus\storage_1\data\dynamic_007.bin" 1262 items.
21:55:52.320   1262 items loaded.
21:55:52.335 [CE][Storage] ver:25 stamp:4885, valid:yes, name:"mpmissions\dayzOffline.chernarusplus\storage_1\data\dynamic_008.bin"
21:55:52.335 [CE][Storage] ver:25 stamp:4883, valid:yes, name:"mpmissions\dayzOffline.chernarusplus\storage_1\data\dynamic_008.001"
21:55:52.335 [CE][Storage] ver:25 stamp:4884, valid:yes, name:"mpmissions\dayzOffline.chernarusplus\storage_1\data\dynamic_008.002"
21:55:52.335 [CE][Storage] Restoring file "mpmissions\dayzOffline.chernarusplus\storage_1\data\dynamic_008.bin" 1829 items.
21:55:52.710   1829 items loaded.
21:55:52.710 [CE][Storage] ver:25 stamp:4885, valid:yes, name:"mpmissions\dayzOffline.chernarusplus\storage_1\data\dynamic_009.bin"
21:55:52.726 [CE][Storage] ver:25 stamp:4883, valid:yes, name:"mpmissions\dayzOffline.chernarusplus\storage_1\data\dynamic_009.001"
21:55:52.726 [CE][Storage] ver:25 stamp:4884, valid:yes, name:"mpmissions\dayzOffline.chernarusplus\storage_1\data\dynamic_009.002"
21:55:52.726 [CE][Storage] Restoring file "mpmissions\dayzOffline.chernarusplus\storage_1\data\dynamic_009.bin" 2271 items.
21:55:53.194   2271 items loaded.
21:55:53.194 [CE][Storage] ver:25 stamp:4885, valid:yes, name:"mpmissions\dayzOffline.chernarusplus\storage_1\data\dynamic_010.bin"
21:55:53.194 [CE][Storage] ver:25 stamp:4883, valid:yes, name:"mpmissions\dayzOffline.chernarusplus\storage_1\data\dynamic_010.001"
21:55:53.210 [CE][Storage] ver:25 stamp:4884, valid:yes, name:"mpmissions\dayzOffline.chernarusplus\storage_1\data\dynamic_010.002"
21:55:53.210 [CE][Storage] Restoring file "mpmissions\dayzOffline.chernarusplus\storage_1\data\dynamic_010.bin" 1409 items.
21:55:53.491   1409 items loaded.
21:55:53.491 [CE][Storage] ver:25 stamp:4885, valid:yes, name:"mpmissions\dayzOffline.chernarusplus\storage_1\data\dynamic_011.bin"
21:55:53.491 [CE][Storage] ver:25 stamp:4883, valid:yes, name:"mpmissions\dayzOffline.chernarusplus\storage_1\data\dynamic_011.001"
21:55:53.491 [CE][Storage] ver:25 stamp:4884, valid:yes, name:"mpmissions\dayzOffline.chernarusplus\storage_1\data\dynamic_011.002"
21:55:53.491 [CE][Storage] Restoring file "mpmissions\dayzOffline.chernarusplus\storage_1\data\dynamic_011.bin" 148 items.
21:55:53.523   148 items loaded.
21:55:53.538 [CE][Storage] ver:25 stamp:4885, valid:yes, name:"mpmissions\dayzOffline.chernarusplus\storage_1\data\vehicles.bin"
21:55:53.538 [CE][Storage] ver:25 stamp:4883, valid:yes, name:"mpmissions\dayzOffline.chernarusplus\storage_1\data\vehicles.001"
21:55:53.538 [CE][Storage] ver:25 stamp:4884, valid:yes, name:"mpmissions\dayzOffline.chernarusplus\storage_1\data\vehicles.002"
21:55:53.538 [CE][Storage] Restoring file "mpmissions\dayzOffline.chernarusplus\storage_1\data\vehicles.bin" 150 items.
21:55:54.648   150 items loaded.
21:55:54.679 [CE][Hive] :: Storage load took:5.13 seconds, recovery stamp:4885
21:55:54.679   entity: 22526, building: 0
21:55:54.679   no lifetime: 16
21:55:54.679 [CE][Hive] :: Initializing ... 
21:55:54.694 [CE][InitializeMap] :: initialized: 0
21:55:54.694 [CE][Hive] :: Initializing spawners ... 
21:55:55.632 [CE][LootRespawner] (PRIDummy) :: Initially (re)spawned:28, Nominal:20826, Total in Map: 17617 at 0 (sec)
21:55:55.632   tests:28, repeats:0 fails:0, overtime:0
21:55:55.632 [CE][DynEvent] :: 37 types
21:55:55.632 [00] AmbientHen
21:55:55.632   Primary Spawner: "Ambient", active: yes, repeat: 1
21:55:55.632 [01] AnimalBear
21:55:55.632   Primary Spawner: "Animal", active: yes, repeat: 1
21:55:55.632 [02] AnimalCow
21:55:55.632   Primary Spawner: "Animal", active: yes, repeat: 1
21:55:55.632 [03] AnimalDeer
21:55:55.632   Primary Spawner: "Animal", active: yes, repeat: 1
21:55:55.632 [04] AnimalGoat
21:55:55.632   Primary Spawner: "Animal", active: yes, repeat: 1
21:55:55.632 [05] AnimalPig
21:55:55.632   Primary Spawner: "Animal", active: yes, repeat: 1
21:55:55.632 [06] AnimalRoeDeer
21:55:55.632   Primary Spawner: "Animal", active: yes, repeat: 1
21:55:55.632 [07] AnimalSheep
21:55:55.632   Primary Spawner: "Animal", active: yes, repeat: 1
21:55:55.632 [08] AnimalWildBoar
21:55:55.632   Primary Spawner: "Animal", active: yes, repeat: 1
21:55:55.632 [09] AnimalWolf
21:55:55.632   Primary Spawner: "Animal", active: yes, repeat: 1
21:55:55.632 [10] InfectedArmy
21:55:55.632   Primary Spawner: "Infected", active: yes, repeat: 1
21:55:55.632 [11] InfectedCity
21:55:55.632   Primary Spawner: "Infected", active: yes, repeat: 1
21:55:55.632 [12] InfectedFirefighter
21:55:55.632   Primary Spawner: "Infected", active: yes, repeat: 1
21:55:55.632 [13] InfectedIndustrial
21:55:55.632   Primary Spawner: "Infected", active: yes, repeat: 1
21:55:55.632 [14] InfectedMedic
21:55:55.632   Primary Spawner: "Infected", active: yes, repeat: 1
21:55:55.632 [15] InfectedPolice
21:55:55.632   Primary Spawner: "Infected", active: yes, repeat: 1
21:55:55.632 [16] InfectedPrisoner
21:55:55.632   Primary Spawner: "Infected", active: yes, repeat: 1
21:55:55.632 [17] InfectedReligious
21:55:55.632   Primary Spawner: "Infected", active: yes, repeat: 1
21:55:55.632 [18] InfectedSolitude
21:55:55.632   Primary Spawner: "Infected", active: yes, repeat: 1
21:55:55.632 [19] InfectedVillage
21:55:55.632   Primary Spawner: "Infected", active: yes, repeat: 1
21:55:55.632 [20] ItemPlanks
21:55:55.632   Primary Spawner: "Item", active: yes, repeat: 1
21:55:55.632 [21] Loot
21:55:55.632   Primary Spawner: "Loot", active: yes, repeat: 2
21:55:55.632 [22] StaticHeliCrash
21:55:55.632   Primary Spawner: "Vehicle", active: yes, repeat: 1
21:55:55.632   Secondary Spawner: "Infected", active: yes, repeat: 1
21:55:55.632 [23] StaticPoliceCar
21:55:55.632   Primary Spawner: "Vehicle", active: yes, repeat: 1
21:55:55.632 [24] TrajectoryApple
21:55:55.632   Primary Spawner: "Trajectory", active: yes, repeat: 1
21:55:55.632 [25] TrajectoryCanina
21:55:55.632   Primary Spawner: "Trajectory", active: yes, repeat: 1
21:55:55.632 [26] TrajectoryConiferous
21:55:55.632   Primary Spawner: "Trajectory", active: yes, repeat: 1
21:55:55.632 [27] TrajectoryDeciduous
21:55:55.632   Primary Spawner: "Trajectory", active: yes, repeat: 1
21:55:55.632 [28] TrajectoryHumus
21:55:55.632   Primary Spawner: "Trajectory", active: yes, repeat: 1
21:55:55.632 [29] TrajectoryPear
21:55:55.632   Primary Spawner: "Trajectory", active: yes, repeat: 1
21:55:55.632 [30] TrajectoryPlum
21:55:55.632   Primary Spawner: "Trajectory", active: yes, repeat: 1
21:55:55.632 [31] TrajectorySambucus
21:55:55.632   Primary Spawner: "Trajectory", active: yes, repeat: 1
21:55:55.632 [32] TrajectoryStones
21:55:55.632   Primary Spawner: "Trajectory", active: yes, repeat: 1
21:55:55.632 [33] VehicleCivilianSedan
21:55:55.632   Primary Spawner: "Vehicle", active: yes, repeat: 1
21:55:55.632 [34] VehicleHatchback02
21:55:55.632   Primary Spawner: "Vehicle", active: yes, repeat: 1
21:55:55.632 [35] VehicleOffroadHatchback
21:55:55.632   Primary Spawner: "Vehicle", active: yes, repeat: 1
21:55:55.632 [36] VehicleSedan02
21:55:55.632   Primary Spawner: "Vehicle", active: yes, repeat: 1
21:55:55.632 [CE][Hive] :: Initializing of spawners done.
21:55:55.647 [CE][Hive] :: Init sequence finished.
21:55:55.647 Player connect enabled
21:55:55.882 [Login]: Adding player Survivor (338641617) to login queue at position 0
21:55:55.882 [LoginMachine]: Add player Survivor (338641617)
21:55:55.882 [StateMachine]: Player Survivor (dpnid 338641617 uid ) Entering AuthPlayerLoginState
21:55:56.351 [IdleMode] Entering IN - save processed
21:55:56.476 [StateMachine]: Player Survivor (dpnid 338641617 uid ) Entering WaitAuthPlayerLoginState
21:55:58.100 Player Survivor connected (id=BvAfWEwkf1BS22gq16ncvW4M3Ycn_607DPSKzJe9pnU=).
21:55:58.100 Player "Survivor" is connected (steamID=76561198073956794)
21:55:58.179 [IdleMode] Leaving OUT
21:55:59.132 [StateMachine]: Player Survivor (dpnid 338641617 uid BvAfWEwkf1BS22gq16ncvW4M3Ycn_607DPSKzJe9pnU=) Entering DBGetLoginTimeLoginState
21:55:59.163 [StateMachine]: Player Survivor (dpnid 338641617 uid BvAfWEwkf1BS22gq16ncvW4M3Ycn_607DPSKzJe9pnU=) Entering DBWaitLoginTimeLoginState
21:56:14.177 [StateMachine]: Player Survivor (dpnid 338641617 uid BvAfWEwkf1BS22gq16ncvW4M3Ycn_607DPSKzJe9pnU=) Entering DBGetCharacterLoginState
21:56:14.209 [StateMachine]: Player Survivor (dpnid 338641617 uid BvAfWEwkf1BS22gq16ncvW4M3Ycn_607DPSKzJe9pnU=) Entering CreateNetObjectsLoginState
21:56:14.224 [StateMachine]: Player Survivor (dpnid 338641617 uid BvAfWEwkf1BS22gq16ncvW4M3Ycn_607DPSKzJe9pnU=) Entering PreloadCamLoginState
21:56:14.240 [StateMachine]: Player Survivor (dpnid 338641617 uid BvAfWEwkf1BS22gq16ncvW4M3Ycn_607DPSKzJe9pnU=) Entering WaitPreloadCamLoginState
21:56:33.192 [StateMachine]: Player Survivor (dpnid 338641617 uid BvAfWEwkf1BS22gq16ncvW4M3Ycn_607DPSKzJe9pnU=) Entering GetLoadedCharLoginState
21:56:36.35 <LOAD EXISTING CHAR>:
    charID 1
    playerID 1
    dpnid 338641617
    uid BvAfWEwkf1BS22gq16ncvW4M3Ycn_607DPSKzJe9pnU=
21:56:48.410 [Login]: Adding player Survivor (1116466243) to login queue at position 0
21:56:48.410 [LoginMachine]: Add player Survivor (1116466243)
21:56:48.410 [StateMachine]: Player Survivor (dpnid 1116466243 uid ) Entering AuthPlayerLoginState
21:56:48.628 [StateMachine]: Player Survivor (dpnid 1116466243 uid ) Entering WaitAuthPlayerLoginState
21:56:49.909 Player Survivor (2) connected (id=Vhnx0c62d7_GbpGdbpwaxNkeYxa0MkaiNJ4yueo4Tv4=).
21:56:49.909 Player "Survivor (2)" is connected (steamID=76561198123513865)
21:56:51.50 [StateMachine]: Player Survivor (dpnid 1116466243 uid Vhnx0c62d7_GbpGdbpwaxNkeYxa0MkaiNJ4yueo4Tv4=) Entering DBGetLoginTimeLoginState
21:56:51.81 [StateMachine]: Player Survivor (dpnid 1116466243 uid Vhnx0c62d7_GbpGdbpwaxNkeYxa0MkaiNJ4yueo4Tv4=) Entering DBWaitLoginTimeLoginState
21:57:06.96 [StateMachine]: Player Survivor (dpnid 1116466243 uid Vhnx0c62d7_GbpGdbpwaxNkeYxa0MkaiNJ4yueo4Tv4=) Entering DBGetCharacterLoginState
21:57:06.127 [StateMachine]: Player Survivor (dpnid 1116466243 uid Vhnx0c62d7_GbpGdbpwaxNkeYxa0MkaiNJ4yueo4Tv4=) Entering CreateNetObjectsLoginState
21:57:06.143 [StateMachine]: Player Survivor (dpnid 1116466243 uid Vhnx0c62d7_GbpGdbpwaxNkeYxa0MkaiNJ4yueo4Tv4=) Entering PreloadCamLoginState
21:57:06.143 [StateMachine]: Player Survivor (dpnid 1116466243 uid Vhnx0c62d7_GbpGdbpwaxNkeYxa0MkaiNJ4yueo4Tv4=) Entering WaitPreloadCamLoginState
21:57:25.782 [StateMachine]: Player Survivor (dpnid 1116466243 uid Vhnx0c62d7_GbpGdbpwaxNkeYxa0MkaiNJ4yueo4Tv4=) Entering GetLoadedCharLoginState
21:57:25.829 <LOAD EXISTING CHAR>:
    charID 3
    playerID 3
    dpnid 1116466243
    uid Vhnx0c62d7_GbpGdbpwaxNkeYxa0MkaiNJ4yueo4Tv4=
21:58:22.622 [CE][LootRespawner] (PRIDummy) :: Item [0] causing search overtime: "CivSedanHood_WineRust"
21:58:52.228 [CE][LootRespawner] (PRIDummy) :: Item [1] causing search overtime: "CivSedanHood_WineRust"
21:59:22.288 [CE][LootRespawner] (PRIDummy) :: Item [2] causing search overtime: "CivSedanHood_WineRust"
21:59:50.724 [CE][LootRespawner] (PRIDummy) :: Item [3] causing search overtime: "Sedan_02_Wheel"
21:59:51.380 [CE][LootRespawner] (PRIDummy) :: Item [4] causing search overtime: "CivSedanHood_WineRust"
22:00:20.144 [CE][LootRespawner] (PRIDummy) :: Item [5] causing search overtime: "Sedan_02_Wheel"
22:00:20.253 [CE][LootRespawner] (PRIDummy) :: Item [6] causing search overtime: "Hatchback_02_Door_1_1_RedRust"
22:00:20.363 [CE][LootRespawner] (PRIDummy) :: Item [7] causing search overtime: "CivSedanHood_WineRust"
22:00:49.564 [CE][LootRespawner] (PRIDummy) :: Item [8] causing search overtime: "Sedan_02_Wheel"
22:00:50.01 [CE][LootRespawner] (PRIDummy) :: Item [9] causing search overtime: "Hatchback_02_Door_1_1_RedRust"
22:00:50.329 [CE][LootRespawner] (PRIDummy) :: Item [10] causing search overtime: "CivSedanHood_WineRust"
22:01:19.93 [CE][LootRespawner] (PRIDummy) :: Item [11] causing search overtime: "Sedan_02_Wheel"
22:01:19.640 [CE][LootRespawner] (PRIDummy) :: Item [12] causing search overtime: "Hatchback_02_Door_1_1_RedRust"
22:01:19.749 [CE][LootRespawner] (PRIDummy) :: Item [13] causing search overtime: "CivSedanHood_WineRust"
22:01:48.513 [CE][LootRespawner] (PRIDummy) :: Item [14] causing search overtime: "Sedan_02_Wheel"
22:01:48.950 [CE][LootRespawner] (PRIDummy) :: Item [15] causing search overtime: "Hatchback_02_Door_1_1_RedRust"
22:01:49.60 [CE][LootRespawner] (PRIDummy) :: Item [16] causing search overtime: "CivSedanHood_WineRust"
22:02:17.933 [CE][LootRespawner] (PRIDummy) :: Item [17] causing search overtime: "Sedan_02_Wheel"
22:02:18.261 [CE][LootRespawner] (PRIDummy) :: Item [18] causing search overtime: "Hatchback_02_Door_2_1_BlackRust"
22:02:18.589 [CE][LootRespawner] (PRIDummy) :: Item [19] causing search overtime: "Hatchback_02_Door_1_1_RedRust"
22:07:12.38 [CE][LootRespawner] (PRIDummy) :: Item [0] is hard to place, performance drops: "Glock19"
22:07:41.567 [CE][LootRespawner] (PRIDummy) :: Item [1] is hard to place, performance drops: "Glock19"
22:15:02.974 [CE][LootRespawner] (PRIDummy) :: Item [2] is hard to place, performance drops: "BloodBagEmpty"
22:15:02.974 [CE][LootRespawner] (PRIDummy) :: Item [3] is hard to place, performance drops: "BloodBagEmpty"
22:15:32.504 !!! [CE][Point] Removing 6509.042969, 3577.367432 from Land_BusStation_wall_bench
22:22:12.844 [Login]: Adding player Survivor (7332397) to login queue at position 0
22:22:12.844 [LoginMachine]: Add player Survivor (7332397)
22:22:12.844 [StateMachine]: Player Survivor (dpnid 7332397 uid ) Entering AuthPlayerLoginState
22:22:13.188 [StateMachine]: Player Survivor (dpnid 7332397 uid ) Entering WaitAuthPlayerLoginState
22:22:14.562 Player Survivor (3) connected (id=g2dFRpJHjkFhN2nNo1Kv_jZt_jD5Wo4vMF7lAR14vy4=).
22:22:14.562 Player "Survivor (3)" is connected (steamID=76561197980071063)
22:22:15.16 [StateMachine]: Player Survivor (dpnid 7332397 uid g2dFRpJHjkFhN2nNo1Kv_jZt_jD5Wo4vMF7lAR14vy4=) Entering DBGetLoginTimeLoginState
22:22:15.47 [StateMachine]: Player Survivor (dpnid 7332397 uid g2dFRpJHjkFhN2nNo1Kv_jZt_jD5Wo4vMF7lAR14vy4=) Entering DBWaitLoginTimeLoginState
22:22:30.62 [StateMachine]: Player Survivor (dpnid 7332397 uid g2dFRpJHjkFhN2nNo1Kv_jZt_jD5Wo4vMF7lAR14vy4=) Entering DBGetCharacterLoginState
22:22:30.93 [StateMachine]: Player Survivor (dpnid 7332397 uid g2dFRpJHjkFhN2nNo1Kv_jZt_jD5Wo4vMF7lAR14vy4=) Entering CreateNetObjectsLoginState
22:22:30.108 [StateMachine]: Player Survivor (dpnid 7332397 uid g2dFRpJHjkFhN2nNo1Kv_jZt_jD5Wo4vMF7lAR14vy4=) Entering PreloadCamLoginState
22:22:30.108 [StateMachine]: Player Survivor (dpnid 7332397 uid g2dFRpJHjkFhN2nNo1Kv_jZt_jD5Wo4vMF7lAR14vy4=) Entering WaitPreloadCamLoginState
22:22:46.170 [StateMachine]: Player Survivor (dpnid 7332397 uid g2dFRpJHjkFhN2nNo1Kv_jZt_jD5Wo4vMF7lAR14vy4=) Entering GetLoadedCharLoginState
22:22:46.217 <LOAD EXISTING CHAR>:
    charID 2
    playerID 2
    dpnid 7332397
    uid g2dFRpJHjkFhN2nNo1Kv_jZt_jD5Wo4vMF7lAR14vy4=
22:22:54.122 [CE][LootRespawner] (PRIDummy) :: Item [4] is hard to place, performance drops: "HighCapacityVest_Black"
22:32:45.784 !!! [CE][Point] Removing 5940.871582, 10135.625000 from Haybale
22:33:41.15 [CE][LootRespawner] (PRIDummy) :: Item [5] is hard to place, performance drops: "MedicalScrubsShirt_White"
22:37:07.720 [CE][LootRespawner] (PRIDummy) :: Item [6] is hard to place, performance drops: "NBCHoodGray"
22:37:39.327 [CE][Links] found 0 total links between groups, of 1
22:37:39.327 [CE][SpawnRandomLoot] (StaticHeliCrash) :: ChildType: Wreck_UH1Y, lootmin: 10, lootmax: 20, wanted: 13
22:37:39.343 [CE][Links] found 0 total links between groups, of 2
22:37:39.343 [CE][SpawnRandomLoot] (StaticHeliCrash) :: ChildType: Wreck_UH1Y, lootmin: 10, lootmax: 20, wanted: 12
22:37:39.343 [CE][Links] found 0 total links between groups, of 3
22:37:39.343 [CE][SpawnRandomLoot] (StaticHeliCrash) :: ChildType: Wreck_Mi8, lootmin: 10, lootmax: 20, wanted: 11
22:38:35.761 [CE][LootRespawner] (PRIDummy) :: Item [7] is hard to place, performance drops: "SurgicalGloves_White"
22:46:10.120 [Disconnect]: Start script disconnect 7332397 (dbCharacterId 2 dbPlayerId 2) logoutTime 15
22:46:20.56 [Disconnect]: Start script disconnect 7332397 (dbCharacterId 2 dbPlayerId 2) logoutTime 15
22:46:25.197 [Disconnect]: Client 7332397 disconnecting
22:46:25.197 [Disconnect]: Client 7332397 early disconnect
22:46:25.212 [Disconnect]: Start script disconnect 7332397 (dbCharacterId 2 dbPlayerId 2) logoutTime 15
22:46:26.25 [CE][LootRespawner] (PRIDummy) :: Item [8] is hard to place, performance drops: "MilitaryBelt"
22:46:26.25 [CE][LootRespawner] (PRIDummy) :: Item [9] is hard to place, performance drops: "MilitaryBelt"
22:46:26.118 [Disconnect]: Remove player info 7332397
22:46:26.118 [Disconnect]: Player destroy 7332397 
22:46:26.462 [CE][LootRespawner] (PRIDummy) :: Item [10] is hard to place, performance drops: "PolicePants"
22:46:35.71 [Disconnect]: Finish script disconnect -1
22:46:55.642 [CE][LootRespawner] (PRIDummy) :: Item [11] is hard to place, performance drops: "TankerHelmet"
22:56:19.516 [Login]: Adding player Survivor (6061531) to login queue at position 0
22:56:19.516 [LoginMachine]: Add player Survivor (6061531)
22:56:19.516 [StateMachine]: Player Survivor (dpnid 6061531 uid ) Entering AuthPlayerLoginState
22:56:19.844 [StateMachine]: Player Survivor (dpnid 6061531 uid ) Entering WaitAuthPlayerLoginState
22:56:21.140 Player Survivor (3) connected (id=g2dFRpJHjkFhN2nNo1Kv_jZt_jD5Wo4vMF7lAR14vy4=).
22:56:21.140 Player "Survivor (3)" is connected (steamID=76561197980071063)
22:56:21.656 [StateMachine]: Player Survivor (dpnid 6061531 uid g2dFRpJHjkFhN2nNo1Kv_jZt_jD5Wo4vMF7lAR14vy4=) Entering DBGetLoginTimeLoginState
22:56:21.687 [StateMachine]: Player Survivor (dpnid 6061531 uid g2dFRpJHjkFhN2nNo1Kv_jZt_jD5Wo4vMF7lAR14vy4=) Entering DBWaitLoginTimeLoginState
22:56:36.702 [StateMachine]: Player Survivor (dpnid 6061531 uid g2dFRpJHjkFhN2nNo1Kv_jZt_jD5Wo4vMF7lAR14vy4=) Entering DBGetCharacterLoginState
22:56:36.733 [StateMachine]: Player Survivor (dpnid 6061531 uid g2dFRpJHjkFhN2nNo1Kv_jZt_jD5Wo4vMF7lAR14vy4=) Entering CreateNetObjectsLoginState
22:56:36.749 [StateMachine]: Player Survivor (dpnid 6061531 uid g2dFRpJHjkFhN2nNo1Kv_jZt_jD5Wo4vMF7lAR14vy4=) Entering PreloadCamLoginState
22:56:36.749 [StateMachine]: Player Survivor (dpnid 6061531 uid g2dFRpJHjkFhN2nNo1Kv_jZt_jD5Wo4vMF7lAR14vy4=) Entering WaitPreloadCamLoginState
22:56:44.592 [CE][LootRespawner] (PRIDummy) :: Item [12] is hard to place, performance drops: "UKAssVest_Olive"
22:56:52.904 [StateMachine]: Player Survivor (dpnid 6061531 uid g2dFRpJHjkFhN2nNo1Kv_jZt_jD5Wo4vMF7lAR14vy4=) Entering GetLoadedCharLoginState
22:56:52.951 <LOAD EXISTING CHAR>:
    charID 2
    playerID 2
    dpnid 6061531
    uid g2dFRpJHjkFhN2nNo1Kv_jZt_jD5Wo4vMF7lAR14vy4=
22:59:42.532 !!! [CE][Point] Removing 4482.953613, 12938.468750 from Haybale
22:59:42.860 !!! [CE][Point] Removing 2705.632324, 6802.460938 from PearTree3
23:01:37.915 [CE][LootRespawner] (PRIDummy) :: Item [13] is hard to place, performance drops: "SalineBag"
23:01:37.915 [CE][LootRespawner] (PRIDummy) :: Item [14] is hard to place, performance drops: "SalineBag"
23:01:37.915 [CE][LootRespawner] (PRIDummy) :: Item [15] is hard to place, performance drops: "SalineBag"
23:03:11.112 !!! [CE][Point] Removing 3501.530762, 12883.559570 from Haybale
23:04:38.59 !!! [CE][Point] Removing 3501.530762, 12883.559570 from Haybale
23:09:29.85 [CE][LootRespawner] (PRIDummy) :: Item [16] is hard to place, performance drops: "Mag_MP5_30Rnd"
23:17:22.925 !!! [CE][Point] Removing 3626.976563, 12943.408203 from Haybale
23:24:44.106 [CE][Links] found 0 total links between groups, of 4
23:24:44.106 [CE][SpawnRandomLoot] (StaticHeliCrash) :: ChildType: Wreck_UH1Y, lootmin: 10, lootmax: 20, wanted: 13
23:24:44.121 [CE][Links] found 0 total links between groups, of 5
23:24:44.121 [CE][SpawnRandomLoot] (StaticHeliCrash) :: ChildType: Wreck_UH1Y, lootmin: 10, lootmax: 20, wanted: 15
23:26:09.194 !!! [CE][Point] Removing 6500.132324, 3577.571777 from Land_BusStation_wall_bench
23:26:38.723 [CE][LootRespawner] (PRIDummy) :: Item [17] is hard to place, performance drops: "PrisonerCap"
23:27:11.861 [CE][Links] found 0 total links between groups, of 6
23:27:11.861 [CE][SpawnRandomLoot] (StaticHeliCrash) :: ChildType: Wreck_UH1Y, lootmin: 10, lootmax: 20, wanted: 12
23:27:39.969 !!! [CE][Point] Removing 2794.024902, 12690.341797 from Haybale
23:30:07.36 !!! [CE][Point] Removing 1102.939453, 7950.539063 from PiceaAbies_fallen
23:38:57.218 !!! [CE][Point] Removing 5882.768555, 10035.705078 from PinusSylvestris_fallenc
23:40:00.604 [Disconnect]: Start script disconnect 338641617 (dbCharacterId 1 dbPlayerId 1) logoutTime 15
23:40:02.119 [Disconnect]: Client 338641617 disconnecting
23:40:02.119 [Disconnect]: Client 338641617 early disconnect
23:40:02.135 [Disconnect]: Start script disconnect 338641617 (dbCharacterId 1 dbPlayerId 1) logoutTime 15
23:40:12.728 [Disconnect]: No packets from 338641617
23:40:12.728 [Disconnect]: Already in progress 338641617 
23:40:15.619 [Disconnect]: Finish script disconnect 338641617
23:40:15.619 [Disconnect]: DisconnectPlayerFinish 338641617
23:40:15.619 [Disconnect]: Remove player info 338641617
23:40:15.634 [Disconnect]: Player destroy 338641617 
23:40:21.962 !!! [CE][Point] Removing 1947.947632, 7398.223633 from Land_Shed_W1
23:43:47.942 [CE][LootRespawner] (PRIDummy) :: Item [18] is hard to place, performance drops: "NurseDress_White"
23:57:04.372 !!! [CE][Point] Removing 3052.575928, 8018.333496 from Haybale
23:58:59.863 [CE][LootRespawner] (PRIDummy) :: Item [19] is hard to place, performance drops: "ParamedicJacket_Crimson"
 0:04:51.811 [Disconnect]: Start script disconnect 6061531 (dbCharacterId 2 dbPlayerId 2) logoutTime 15
 0:04:56.857 [Disconnect]: Client 6061531 disconnecting
 0:04:56.857 [Disconnect]: Client 6061531 early disconnect
 0:04:56.873 [Disconnect]: Start script disconnect 6061531 (dbCharacterId 2 dbPlayerId 2) logoutTime 15
 0:05:06.826 [Disconnect]: Finish script disconnect 6061531
 0:05:06.826 [Disconnect]: DisconnectPlayerFinish 6061531
 0:05:06.826 [Disconnect]: Remove player info 6061531
 0:05:06.857 [Disconnect]: Player destroy 6061531 
 0:05:22.199 !!! [CE][Point] Removing 2504.701904, 5263.211914 from Land_BusStation_wall_bench
 0:10:26.115 [Disconnect]: Start script disconnect 1116466243 (dbCharacterId 3 dbPlayerId 3) logoutTime 15
 0:10:28.146 [Disconnect]: Client 1116466243 disconnecting
 0:10:28.146 [Disconnect]: Client 1116466243 early disconnect
 0:10:28.162 [Disconnect]: Start script disconnect 1116466243 (dbCharacterId 3 dbPlayerId 3) logoutTime 15
 0:10:38.896 [Disconnect]: No packets from 1116466243
 0:10:38.896 [Disconnect]: Already in progress 1116466243 
 0:10:41.130 [Disconnect]: Finish script disconnect 1116466243
 0:10:41.130 [Disconnect]: DisconnectPlayerFinish 1116466243
 0:10:41.130 [Disconnect]: Remove player info 1116466243
 0:10:41.161 [Disconnect]: Player destroy 1116466243 
 0:10:48.129 [CE][Links] found 0 total links between groups, of 7
 0:10:48.129 [CE][SpawnRandomLoot] (StaticHeliCrash) :: ChildType: Wreck_Mi8, lootmin: 10, lootmax: 20, wanted: 10
 0:10:48.145 [CE][Links] found 0 total links between groups, of 8
 0:10:48.145 [CE][SpawnRandomLoot] (StaticHeliCrash) :: ChildType: Wreck_Mi8, lootmin: 10, lootmax: 20, wanted: 16
 0:11:56.656 [IdleMode] Entering IN - save processed
 6:57:54.819  --- Termination successfully completed --- 
