

=====================================================================
== C:\Program Files (x86)\Steam\steamapps\common\DayZServer\DayZServer_x64.exe
== DayZServer_x64.exe  -config=serverDZ.cfg -profiles=ServerProfile -limitFPS=120
=====================================================================
Exe timestamp: 2020/07/10 13:13:22
Current time:  2020/07/11 08:18:37

Version 1.08.153258
 8:18:37.759 [Inputs] Loading inputs default "bin/constants.xml"
 8:18:37.759 [Inputs] Loading inputs default "bin/specific.xml"
 8:18:37.759 !!! [Inputs] Invalid input name used "UAUIInspectItem" for context "ui" in "bin/specific.xml"
 8:18:37.759 [Inputs] Loading inputs cfg "ServerProfile\Users\Survivor\Server.core.xml"
 8:18:37.759 !!! [Inputs] Cannot read inputs cfg "ServerProfile\Users\Survivor\Server.core.xml", parser error
 8:18:37.759 [Inputs] Loading inputs cfg "bin/core.xml"
 8:18:37.759 !!! [Inputs] Cannot load input preset "user", file does not exist
 8:18:37.759 [Inputs] Exporting inputs cfg "ServerProfile\Users\Survivor\Server.core.xml"
 8:18:50.711 [CE][Hive] :: Initializing OFFLINE
 8:18:50.711 [CE][Hive] :: Loading core data ... 
 8:18:50.711 [CE][CoreData] :: 7 root classes, 18 defaults, 0 updaters...
 8:18:50.774 [CE][offlineDB] :: Conversion of characters started.
 8:18:50.805 [CE][offlineDB] :: Processing 0 players.
 8:18:50.805 [CE][offlineDB] :: Conversion of characters successfully completed.
 8:18:53.02 [CE] :: WARNING :: Preset map "optics" is EMPTY.
 8:18:53.18 [CE] :: WARNING :: Preset (attachments) with name 'bagsCity' was not found.
 8:18:53.18 [CE] :: WARNING :: Preset (attachments) with name 'bagsCity' was not found.
 8:18:53.18 [CE] :: WARNING :: Preset (attachments) with name 'bagsCity' was not found.
 8:18:53.18 [CE] :: WARNING :: Preset (attachments) with name 'bagsCity' was not found.
 8:18:53.18 [CE] :: WARNING :: Preset (attachments) with name 'bagsCity' was not found.
 8:18:53.18 [CE] :: WARNING :: Preset (attachments) with name 'bagsCity' was not found.
 8:18:53.18 [CE] :: WARNING :: Preset (attachments) with name 'bagsCity' was not found.
 8:18:53.18 [CE] :: WARNING :: Preset (attachments) with name 'bagsCity' was not found.
 8:18:53.18 [CE] :: WARNING :: Preset (attachments) with name 'bagsCity' was not found.
 8:18:53.18 [CE] :: WARNING :: Preset (attachments) with name 'bagsCity' was not found.
 8:18:53.18 [CE] :: WARNING :: Preset (attachments) with name 'bagsCity' was not found.
 8:18:53.18 [CE] :: WARNING :: Preset (attachments) with name 'bagsCity' was not found.
 8:18:53.18 [CE] :: WARNING :: Preset (attachments) with name 'bagsCity' was not found.
 8:18:53.18 [CE] :: WARNING :: Preset (attachments) with name 'bagsCity' was not found.
 8:18:53.18 [CE] :: WARNING :: Preset (attachments) with name 'hatsCitySkate' was not found.
 8:18:53.18 [CE] :: WARNING :: Preset (attachments) with name 'bagsCity' was not found.
 8:18:53.18 [CE] :: WARNING :: Preset (attachments) with name 'hatsCitySkate' was not found.
 8:18:53.18 [CE] :: WARNING :: Preset (attachments) with name 'bagsCity' was not found.
 8:18:53.18 [CE] :: WARNING :: Preset (attachments) with name 'hatsCitySkate' was not found.
 8:18:53.18 [CE] :: WARNING :: Preset (attachments) with name 'bagsCity' was not found.
 8:18:53.18 [CE] :: WARNING :: Preset (attachments) with name 'bagsCity' was not found.
 8:18:53.18 [CE] :: WARNING :: Preset (attachments) with name 'bagsCity' was not found.
 8:18:53.18 [CE] :: WARNING :: Preset (attachments) with name 'bagsCity' was not found.
 8:18:53.18 [CE] :: WARNING :: Preset (attachments) with name 'bagsCity' was not found.
 8:18:53.18 [CE] :: WARNING :: Preset (attachments) with name 'bagsCity' was not found.
 8:18:53.18 [CE] :: WARNING :: Preset (attachments) with name 'bagsCity' was not found.
 8:18:53.18 [CE] :: WARNING :: Preset (attachments) with name 'bagsCity' was not found.
 8:18:53.18 [CE] :: WARNING :: Preset (attachments) with name 'bagsCity' was not found.
 8:18:53.18 [CE] :: WARNING :: Preset (attachments) with name 'bagsCity' was not found.
 8:18:53.18 [CE] :: WARNING :: Preset (attachments) with name 'bagsCity' was not found.
 8:18:53.18 [CE] :: WARNING :: Preset (attachments) with name 'bagsCity' was not found.
 8:18:53.18 [CE] :: WARNING :: Preset (attachments) with name 'bagsCity' was not found.
 8:18:53.18 [CE] :: WARNING :: Preset (attachments) with name 'bagsCity' was not found.
 8:18:53.18 [CE] :: WARNING :: Preset (attachments) with name 'bagsCity' was not found.
 8:18:53.18 [CE] :: WARNING :: Preset (attachments) with name 'bagsCity' was not found.
 8:18:53.18 [CE] :: WARNING :: Preset (attachments) with name 'bagsCity' was not found.
 8:18:53.18 [CE] :: WARNING :: Preset (attachments) with name 'bagsCity' was not found.
 8:18:53.18 [CE] :: WARNING :: Preset (attachments) with name 'bagsCity' was not found.
 8:18:53.18 [CE] :: WARNING :: Preset (attachments) with name 'bagsCity' was not found.
 8:18:53.18 [CE] :: WARNING :: Preset (attachments) with name 'bagsCity' was not found.
 8:18:53.18 [CE] :: WARNING :: Preset (attachments) with name 'bagsCity' was not found.
 8:18:53.18 [CE] :: WARNING :: Preset (attachments) with name 'bagsCity' was not found.
 8:18:53.18 [CE] :: WARNING :: Preset (attachments) with name 'bagsCity' was not found.
 8:18:53.18 [CE] :: WARNING :: Preset (attachments) with name 'bagsCity' was not found.
 8:18:53.18 [CE] :: WARNING :: Preset (attachments) with name 'bagsCity' was not found.
 8:18:53.18 [CE] :: WARNING :: Preset (attachments) with name 'hatsMotorbike' was not found.
 8:18:53.18 [CE] :: WARNING :: Preset (attachments) with name 'hatsMotorbike' was not found.
 8:18:53.18 [CE] :: WARNING :: Preset (attachments) with name 'hatsMotorbike' was not found.
 8:18:53.18 [CE] :: WARNING :: Preset (attachments) with name 'hatsCitySkate' was not found.
 8:18:53.18 [CE] :: WARNING :: Preset (attachments) with name 'bagsCity' was not found.
 8:18:53.18 [CE] :: WARNING :: Preset (attachments) with name 'hatsCitySkate' was not found.
 8:18:53.18 [CE] :: WARNING :: Preset (attachments) with name 'bagsCity' was not found.
 8:18:53.18 [CE] :: WARNING :: Preset (attachments) with name 'hatsCitySkate' was not found.
 8:18:53.18 [CE] :: WARNING :: Preset (attachments) with name 'bagsCity' was not found.
 8:18:53.18 [CE] :: WARNING :: Preset (attachments) with name 'hatsCitySkate' was not found.
 8:18:53.18 [CE] :: WARNING :: Preset (attachments) with name 'bagsCity' was not found.
 8:18:53.18 [CE] :: WARNING :: Preset (attachments) with name 'hatsIndustrial' was not found.
 8:18:53.18 [CE] :: WARNING :: Preset (attachments) with name 'bagsIndustrial' was not found.
 8:18:53.18 [CE] :: WARNING :: Preset (attachments) with name 'hatsIndustrial' was not found.
 8:18:53.18 [CE] :: WARNING :: Preset (attachments) with name 'bagsIndustrial' was not found.
 8:18:53.18 [CE] :: WARNING :: Preset (attachments) with name 'hatsIndustrial' was not found.
 8:18:53.18 [CE] :: WARNING :: Preset (attachments) with name 'bagsIndustrial' was not found.
 8:18:53.18 [CE] :: WARNING :: Preset (attachments) with name 'hatsIndustrial' was not found.
 8:18:53.18 [CE] :: WARNING :: Preset (attachments) with name 'bagsIndustrial' was not found.
 8:18:53.18 [CE] :: WARNING :: Preset (attachments) with name 'hatsIndustrial' was not found.
 8:18:53.18 [CE] :: WARNING :: Preset (attachments) with name 'bagsIndustrial' was not found.
 8:18:53.18 [CE] :: WARNING :: Preset (attachments) with name 'hatsIndustrial' was not found.
 8:18:53.18 [CE] :: WARNING :: Preset (attachments) with name 'bagsIndustrial' was not found.
 8:18:53.18 [CE] :: WARNING :: Preset (attachments) with name 'hatsIndustrial' was not found.
 8:18:53.18 [CE] :: WARNING :: Preset (attachments) with name 'bagsIndustrial' was not found.
 8:18:53.18 [CE] :: WARNING :: Preset (attachments) with name 'hatsIndustrial' was not found.
 8:18:53.18 [CE] :: WARNING :: Preset (attachments) with name 'bagsIndustrial' was not found.
 8:18:53.18 [CE] :: WARNING :: Preset (attachments) with name 'hatsIndustrial' was not found.
 8:18:53.18 [CE] :: WARNING :: Preset (attachments) with name 'bagsIndustrial' was not found.
 8:18:53.18 [CE] :: WARNING :: Preset (attachments) with name 'hatsIndustrial' was not found.
 8:18:53.18 [CE] :: WARNING :: Preset (attachments) with name 'bagsIndustrial' was not found.
 8:18:53.18 [CE] :: WARNING :: Preset (attachments) with name 'hatsIndustrial' was not found.
 8:18:53.18 [CE] :: WARNING :: Preset (attachments) with name 'bagsIndustrial' was not found.
 8:18:53.18 [CE] :: WARNING :: Preset (attachments) with name 'hatsIndustrial' was not found.
 8:18:53.18 [CE] :: WARNING :: Preset (attachments) with name 'bagsIndustrial' was not found.
 8:18:53.18 [CE] :: WARNING :: Preset (attachments) with name 'hatsIndustrial' was not found.
 8:18:53.18 [CE] :: WARNING :: Preset (attachments) with name 'bagsIndustrial' was not found.
 8:18:53.18 [CE] :: WARNING :: Preset (attachments) with name 'hatsIndustrial' was not found.
 8:18:53.18 [CE] :: WARNING :: Preset (attachments) with name 'bagsIndustrial' was not found.
 8:18:53.18 [CE] :: WARNING :: Preset (attachments) with name 'hatsIndustrial' was not found.
 8:18:53.18 [CE] :: WARNING :: Preset (attachments) with name 'bagsIndustrial' was not found.
 8:18:53.18 [CE] :: WARNING :: Preset (attachments) with name 'hatsIndustrial' was not found.
 8:18:53.18 [CE] :: WARNING :: Preset (attachments) with name 'bagsIndustrial' was not found.
 8:18:53.18 [CE] :: WARNING :: Preset (attachments) with name 'hatsIndustrial' was not found.
 8:18:53.18 [CE] :: WARNING :: Preset (attachments) with name 'bagsIndustrial' was not found.
 8:18:53.18 [CE] :: WARNING :: Preset (attachments) with name 'hatsIndustrial' was not found.
 8:18:53.18 [CE] :: WARNING :: Preset (attachments) with name 'bagsIndustrial' was not found.
 8:18:53.18 [CE] :: WARNING :: Preset (attachments) with name 'hatsIndustrial' was not found.
 8:18:53.18 [CE] :: WARNING :: Preset (attachments) with name 'bagsIndustrial' was not found.
 8:18:53.18 [CE] :: WARNING :: Preset (attachments) with name 'hatsIndustrial' was not found.
 8:18:53.18 [CE] :: WARNING :: Preset (attachments) with name 'bagsIndustrial' was not found.
 8:18:53.18 [CE] :: WARNING :: Preset (attachments) with name 'hatsIndustrial' was not found.
 8:18:53.18 [CE] :: WARNING :: Preset (attachments) with name 'bagsIndustrial' was not found.
 8:18:53.18 [CE] :: WARNING :: Preset (attachments) with name 'hatsIndustrial' was not found.
 8:18:53.18 [CE] :: WARNING :: Preset (attachments) with name 'bagsIndustrial' was not found.
 8:18:53.18 [CE] :: WARNING :: Preset (attachments) with name 'hatsIndustrial' was not found.
 8:18:53.18 [CE] :: WARNING :: Preset (attachments) with name 'bagsIndustrial' was not found.
 8:18:53.18 [CE] :: WARNING :: Preset (attachments) with name 'hatsIndustrial' was not found.
 8:18:53.18 [CE] :: WARNING :: Preset (attachments) with name 'bagsIndustrial' was not found.
 8:18:53.18 [CE] :: WARNING :: Preset (attachments) with name 'hatsIndustrial' was not found.
 8:18:53.18 [CE] :: WARNING :: Preset (attachments) with name 'bagsIndustrial' was not found.
 8:18:53.18 [CE] :: WARNING :: Preset (attachments) with name 'hatsIndustrial' was not found.
 8:18:53.18 [CE] :: WARNING :: Preset (attachments) with name 'bagsIndustrial' was not found.
 8:18:53.18 [CE] :: WARNING :: Preset (attachments) with name 'hatsFirefighter' was not found.
 8:18:53.18 [CE] :: WARNING :: Preset (attachments) with name 'hatsMedic' was not found.
 8:18:53.18 [CE] :: WARNING :: Preset (attachments) with name 'hatsMedic' was not found.
 8:18:53.18 [CE] :: WARNING :: Preset (attachments) with name 'hatsPolice' was not found.
 8:18:53.18 [CE] :: WARNING :: Preset (attachments) with name 'vestsPolice' was not found.
 8:18:53.18 [CE] :: WARNING :: Preset (attachments) with name 'hatsPolice' was not found.
 8:18:53.18 [CE] :: WARNING :: Preset (attachments) with name 'vestsPolice' was not found.
 8:18:53.18 [CE] :: WARNING :: Preset (attachments) with name 'hatsPolice' was not found.
 8:18:53.18 [CE] :: WARNING :: Preset (attachments) with name 'vestsPolice' was not found.
 8:18:53.18 [CE] :: WARNING :: Preset (attachments) with name 'hatsPrisoner' was not found.
 8:18:53.18 [CE] :: WARNING :: Preset (attachments) with name 'hatsFarm' was not found.
 8:18:53.18 [CE] :: WARNING :: Preset (attachments) with name 'hatsFarm' was not found.
 8:18:53.18 [CE] :: WARNING :: Preset (attachments) with name 'hatsFarm' was not found.
 8:18:53.18 [CE] :: WARNING :: Preset (attachments) with name 'hatsFarm' was not found.
 8:18:53.18 [CE] :: WARNING :: Preset (attachments) with name 'hatsFarm' was not found.
 8:18:53.18 [CE] :: WARNING :: Preset (attachments) with name 'hatsFarm' was not found.
 8:18:53.18 [CE] :: WARNING :: Preset (attachments) with name 'hatsFarm' was not found.
 8:18:53.18 [CE] :: WARNING :: Preset (attachments) with name 'hatsFarm' was not found.
 8:18:53.18 [CE] :: WARNING :: Preset (attachments) with name 'hatsFarm' was not found.
 8:18:53.18 [CE] :: WARNING :: Preset (attachments) with name 'hatsFarm' was not found.
 8:18:53.18 [CE] :: WARNING :: Preset (attachments) with name 'hatsFarm' was not found.
 8:18:53.18 [CE] :: WARNING :: Preset (attachments) with name 'hatsFarm' was not found.
 8:18:53.18 [CE] :: WARNING :: Preset (attachments) with name 'hatsFarm' was not found.
 8:18:53.18 [CE] :: WARNING :: Preset (attachments) with name 'hatsFarm' was not found.
 8:18:53.18 [CE] :: WARNING :: Preset (attachments) with name 'hatsFarm' was not found.
 8:18:53.18 [CE] :: WARNING :: Preset (attachments) with name 'hatsFarm' was not found.
 8:18:53.18 [CE] :: WARNING :: Preset (attachments) with name 'hatsFarm' was not found.
 8:18:53.18 [CE] :: WARNING :: Preset (attachments) with name 'hatsFarm' was not found.
 8:18:53.18 [CE] :: WARNING :: Preset (attachments) with name 'hatsFarm' was not found.
 8:18:53.18 [CE] :: WARNING :: Preset (attachments) with name 'hatsFarm' was not found.
 8:18:53.18 [CE] :: WARNING :: Preset (attachments) with name 'hatsFarm' was not found.
 8:18:53.18 [CE] :: WARNING :: Preset (attachments) with name 'hatsFarm' was not found.
 8:18:53.18 [CE] :: WARNING :: Preset (attachments) with name 'hatsFarm' was not found.
 8:18:53.18 [CE] :: WARNING :: Preset (attachments) with name 'hatsFarm' was not found.
 8:18:53.18 [CE] :: WARNING :: Preset (attachments) with name 'hatsFarm' was not found.
 8:18:53.18 [CE] :: WARNING :: Preset (attachments) with name 'hatsFarm' was not found.
 8:18:53.18 [CE] :: WARNING :: Preset (attachments) with name 'hatsFarm' was not found.
 8:18:53.18 [CE] :: WARNING :: Preset (attachments) with name 'hatsFarm' was not found.
 8:18:53.18 [CE] :: WARNING :: Preset (attachments) with name 'hatsFarm' was not found.
 8:18:53.18 [CE] :: WARNING :: Preset (attachments) with name 'hatsFarm' was not found.
 8:18:53.18 [CE] :: WARNING :: Preset (attachments) with name 'hatsFarm' was not found.
 8:18:53.18 [CE] :: WARNING :: Preset (attachments) with name 'hatsFarm' was not found.
 8:18:53.18 [CE] :: WARNING :: Preset (attachments) with name 'hatsFarm' was not found.
 8:18:53.18 [CE][TypeSetup] :: 263 classes setuped...
 8:18:53.96 [CE][RegisterBind] :: 0 classes binded...
 8:18:53.96 [CE][RegisterConfig] :: 2924 config classes registered, 1 sub-counters...
 8:18:53.96 [CE][Hive] :: Loading map data ... 
 8:18:53.127 !!! [CE] :: Unknown category: 'vehicleparts'.
 8:18:53.127 !!! [CE] :: Unknown category: 'vehicleparts'.
 8:18:53.127 !!! [CE] :: Unknown category: 'vehicleparts'.
 8:18:53.127 !!! [CE] :: Unknown category: 'vehicleparts'.
 8:18:53.127 !!! [CE] :: Unknown category: 'vehicleparts'.
 8:18:53.127 !!! [CE] :: Unknown category: 'vehicleparts'.
 8:18:53.127 !!! [CE] :: Unknown category: 'vehicleparts'.
 8:18:53.127 !!! [CE] :: Unknown category: 'vehicleparts'.
 8:18:53.127 !!! [CE] :: Unknown category: 'vehicleparts'.
 8:18:53.127 !!! [CE] :: Unknown category: 'vehicleparts'.
 8:18:53.127 !!! [CE] :: Unknown category: 'vehicleparts'.
 8:18:53.127 !!! [CE] :: Unknown category: 'vehicleparts'.
 8:18:53.127 !!! [CE] :: Unknown category: 'vehicleparts'.
 8:18:53.127 !!! [CE] :: Unknown category: 'vehicleparts'.
 8:18:53.127 !!! [CE] :: Unknown category: 'vehicleparts'.
 8:18:53.127 !!! [CE] :: Unknown category: 'vehicleparts'.
 8:18:53.127 !!! [CE] :: Unknown category: 'vehicleparts'.
 8:18:53.127 !!! [CE] :: Unknown category: 'vehicleparts'.
 8:18:53.127 !!! [CE] :: Unknown category: 'vehicleparts'.
 8:18:53.127 !!! [CE] :: Unknown category: 'vehicleparts'.
 8:18:53.127 !!! [CE] :: Unknown category: 'vehicleparts'.
 8:18:53.127 !!! [CE] :: Unknown category: 'vehicleparts'.
 8:18:53.127 !!! [CE] :: Unknown category: 'vehicleparts'.
 8:18:53.127 !!! [CE] :: Unknown category: 'vehicleparts'.
 8:18:53.127 [CE][LoadPrototype] :: loaded 329 prototypes
 8:18:53.127   701 containers, 9117 points
 8:18:53.127   24 dispatches, 90 proxies
 8:18:53.127 !!! [CE][LoadPrototype] 12 groups have no points...
 8:18:53.127 !!![CE][LoadPrototype]  3 groups have wrong points...
 8:18:53.127 [CE][LoadPrototype] :: last group name: Land_Lunapark_Autodrome...
 8:18:53.143 [CE][LoadPrototype] :: loaded 0 prototypes
 8:18:53.143   0 containers, 0 points
 8:18:53.143   0 dispatches, 0 proxies
 8:18:53.143 [CE][LoadPrototype] :: last group name: Rail9...
 8:18:53.705 [CE][LoadMap] "Group" :: loaded 11599 groups, largest group range: 34.2
 8:18:53.705 [CE][LoadMap] "Dirt" :: loaded 0 groups, largest group range: 34.2
 8:18:54.127 [CE][Links] found 1896 total links between groups, of 11599
 8:18:54.127 [CE][LoadClusters] "Cluster" :: Loading files...
 8:18:54.315 [CE][LoadClusters] :: file: "mapgroupcluster.xml", 9 types, 50000 instances
 8:18:54.518 [CE][LoadClusters] :: file: "mapgroupcluster01", 9 types, 50000 instances
 8:18:54.705 [CE][LoadClusters] :: file: "mapgroupcluster02", 9 types, 50000 instances
 8:18:54.909 [CE][LoadClusters] :: file: "mapgroupcluster03", 9 types, 50000 instances
 8:18:54.987 [CE][LoadClusters] :: file: "mapgroupcluster04", 9 types, 17229 instances
 8:18:54.987 [CE][Storage] ver:0 stamp:0, valid:NO, name:"mpmissions\dayzOffline.chernarusplus\storage_1\data\types.bin"
 8:18:54.987 [CE][Storage] ver:0 stamp:0, valid:NO, name:"mpmissions\dayzOffline.chernarusplus\storage_1\data\types.001"
 8:18:54.987 [CE][Storage] ver:0 stamp:0, valid:NO, name:"mpmissions\dayzOffline.chernarusplus\storage_1\data\types.002"
 8:18:54.987 [CE][offlineDB] :: Loaded 37 dynamic events 216 total types 0 total positions.
 8:18:55.02 !!! [CE] :: Unknown usage: 'Lunapark'.
 8:18:55.02 [CE][Storage] ver:0 stamp:0, valid:NO, name:"mpmissions\dayzOffline.chernarusplus\storage_1\data\events.bin"
 8:18:55.18 [CE][Storage] ver:0 stamp:0, valid:NO, name:"mpmissions\dayzOffline.chernarusplus\storage_1\data\events.001"
 8:18:55.18 [CE][Storage] ver:0 stamp:0, valid:NO, name:"mpmissions\dayzOffline.chernarusplus\storage_1\data\events.002"
 8:18:55.18 [CE][Storage] ver:0 stamp:0, valid:NO, name:"mpmissions\dayzOffline.chernarusplus\storage_1\data\dynamic_000.bin"
 8:18:55.18 [CE][Storage] ver:0 stamp:0, valid:NO, name:"mpmissions\dayzOffline.chernarusplus\storage_1\data\dynamic_000.001"
 8:18:55.18 [CE][Storage] ver:0 stamp:0, valid:NO, name:"mpmissions\dayzOffline.chernarusplus\storage_1\data\dynamic_000.002"
 8:18:55.18 [CE][Storage] ver:0 stamp:0, valid:NO, name:"mpmissions\dayzOffline.chernarusplus\storage_1\data\dynamic_001.bin"
 8:18:55.18 [CE][Storage] ver:0 stamp:0, valid:NO, name:"mpmissions\dayzOffline.chernarusplus\storage_1\data\dynamic_001.001"
 8:18:55.18 [CE][Storage] ver:0 stamp:0, valid:NO, name:"mpmissions\dayzOffline.chernarusplus\storage_1\data\dynamic_001.002"
 8:18:55.18 [CE][Storage] ver:0 stamp:0, valid:NO, name:"mpmissions\dayzOffline.chernarusplus\storage_1\data\dynamic_002.bin"
 8:18:55.18 [CE][Storage] ver:0 stamp:0, valid:NO, name:"mpmissions\dayzOffline.chernarusplus\storage_1\data\dynamic_002.001"
 8:18:55.18 [CE][Storage] ver:0 stamp:0, valid:NO, name:"mpmissions\dayzOffline.chernarusplus\storage_1\data\dynamic_002.002"
 8:18:55.18 [CE][Storage] ver:0 stamp:0, valid:NO, name:"mpmissions\dayzOffline.chernarusplus\storage_1\data\dynamic_003.bin"
 8:18:55.18 [CE][Storage] ver:0 stamp:0, valid:NO, name:"mpmissions\dayzOffline.chernarusplus\storage_1\data\dynamic_003.001"
 8:18:55.18 [CE][Storage] ver:0 stamp:0, valid:NO, name:"mpmissions\dayzOffline.chernarusplus\storage_1\data\dynamic_003.002"
 8:18:55.18 [CE][Storage] ver:0 stamp:0, valid:NO, name:"mpmissions\dayzOffline.chernarusplus\storage_1\data\dynamic_004.bin"
 8:18:55.18 [CE][Storage] ver:0 stamp:0, valid:NO, name:"mpmissions\dayzOffline.chernarusplus\storage_1\data\dynamic_004.001"
 8:18:55.18 [CE][Storage] ver:0 stamp:0, valid:NO, name:"mpmissions\dayzOffline.chernarusplus\storage_1\data\dynamic_004.002"
 8:18:55.18 [CE][Storage] ver:0 stamp:0, valid:NO, name:"mpmissions\dayzOffline.chernarusplus\storage_1\data\dynamic_005.bin"
 8:18:55.18 [CE][Storage] ver:0 stamp:0, valid:NO, name:"mpmissions\dayzOffline.chernarusplus\storage_1\data\dynamic_005.001"
 8:18:55.18 [CE][Storage] ver:0 stamp:0, valid:NO, name:"mpmissions\dayzOffline.chernarusplus\storage_1\data\dynamic_005.002"
 8:18:55.18 [CE][Storage] ver:0 stamp:0, valid:NO, name:"mpmissions\dayzOffline.chernarusplus\storage_1\data\dynamic_006.bin"
 8:18:55.18 [CE][Storage] ver:0 stamp:0, valid:NO, name:"mpmissions\dayzOffline.chernarusplus\storage_1\data\dynamic_006.001"
 8:18:55.18 [CE][Storage] ver:0 stamp:0, valid:NO, name:"mpmissions\dayzOffline.chernarusplus\storage_1\data\dynamic_006.002"
 8:18:55.18 [CE][Storage] ver:0 stamp:0, valid:NO, name:"mpmissions\dayzOffline.chernarusplus\storage_1\data\dynamic_007.bin"
 8:18:55.18 [CE][Storage] ver:0 stamp:0, valid:NO, name:"mpmissions\dayzOffline.chernarusplus\storage_1\data\dynamic_007.001"
 8:18:55.18 [CE][Storage] ver:0 stamp:0, valid:NO, name:"mpmissions\dayzOffline.chernarusplus\storage_1\data\dynamic_007.002"
 8:18:55.18 [CE][Storage] ver:0 stamp:0, valid:NO, name:"mpmissions\dayzOffline.chernarusplus\storage_1\data\dynamic_008.bin"
 8:18:55.18 [CE][Storage] ver:0 stamp:0, valid:NO, name:"mpmissions\dayzOffline.chernarusplus\storage_1\data\dynamic_008.001"
 8:18:55.18 [CE][Storage] ver:0 stamp:0, valid:NO, name:"mpmissions\dayzOffline.chernarusplus\storage_1\data\dynamic_008.002"
 8:18:55.18 [CE][Storage] ver:0 stamp:0, valid:NO, name:"mpmissions\dayzOffline.chernarusplus\storage_1\data\dynamic_009.bin"
 8:18:55.18 [CE][Storage] ver:0 stamp:0, valid:NO, name:"mpmissions\dayzOffline.chernarusplus\storage_1\data\dynamic_009.001"
 8:18:55.18 [CE][Storage] ver:0 stamp:0, valid:NO, name:"mpmissions\dayzOffline.chernarusplus\storage_1\data\dynamic_009.002"
 8:18:55.18 [CE][Storage] ver:0 stamp:0, valid:NO, name:"mpmissions\dayzOffline.chernarusplus\storage_1\data\dynamic_010.bin"
 8:18:55.18 [CE][Storage] ver:0 stamp:0, valid:NO, name:"mpmissions\dayzOffline.chernarusplus\storage_1\data\dynamic_010.001"
 8:18:55.18 [CE][Storage] ver:0 stamp:0, valid:NO, name:"mpmissions\dayzOffline.chernarusplus\storage_1\data\dynamic_010.002"
 8:18:55.18 [CE][Storage] ver:0 stamp:0, valid:NO, name:"mpmissions\dayzOffline.chernarusplus\storage_1\data\dynamic_011.bin"
 8:18:55.18 [CE][Storage] ver:0 stamp:0, valid:NO, name:"mpmissions\dayzOffline.chernarusplus\storage_1\data\dynamic_011.001"
 8:18:55.18 [CE][Storage] ver:0 stamp:0, valid:NO, name:"mpmissions\dayzOffline.chernarusplus\storage_1\data\dynamic_011.002"
 8:18:55.18 [CE][Storage] ver:0 stamp:0, valid:NO, name:"mpmissions\dayzOffline.chernarusplus\storage_1\data\vehicles.bin"
 8:18:55.18 [CE][Storage] ver:0 stamp:0, valid:NO, name:"mpmissions\dayzOffline.chernarusplus\storage_1\data\vehicles.001"
 8:18:55.18 [CE][Storage] ver:0 stamp:0, valid:NO, name:"mpmissions\dayzOffline.chernarusplus\storage_1\data\vehicles.002"
 8:18:55.18 [CE][Hive] :: Empty storage folder, reinitializing ... 
 8:18:55.18 [CE][Hive] :: Initializing ... 
 8:18:55.18 [CE][InitializeMap] :: initialized: 0
 8:18:55.18 [CE][Hive] :: Initializing spawners ... 
 8:18:56.49 [CE][LootRespawner] (PRIDummy) :: Item [0] causing search overtime: "HatchbackHood_WhiteRust"
 8:18:56.49 [CE][LootRespawner] (PRIDummy) :: Item [1] causing search overtime: "HatchbackHood_WhiteRust"
 8:18:56.49 [CE][LootRespawner] (PRIDummy) :: Item [2] causing search overtime: "HatchbackHood_WhiteRust"
 8:18:56.49 [CE][LootRespawner] (PRIDummy) :: Item [3] causing search overtime: "HatchbackHood_WhiteRust"
 8:18:56.49 [CE][LootRespawner] (PRIDummy) :: Item [4] causing search overtime: "HatchbackHood_WhiteRust"
 8:18:56.65 [CE][LootRespawner] (PRIDummy) :: Item [5] causing search overtime: "HatchbackHood_WhiteRust"
 8:18:56.65 [CE][LootRespawner] (PRIDummy) :: Item [6] causing search overtime: "HatchbackHood_WhiteRust"
 8:18:56.65 [CE][LootRespawner] (PRIDummy) :: Item [7] causing search overtime: "HatchbackHood_WhiteRust"
 8:18:56.65 [CE][LootRespawner] (PRIDummy) :: Item [8] causing search overtime: "HatchbackHood_WhiteRust"
 8:18:56.65 [CE][LootRespawner] (PRIDummy) :: Item [9] causing search overtime: "HatchbackHood_WhiteRust"
 8:18:56.65 [CE][LootRespawner] (PRIDummy) :: Item [10] causing search overtime: "HatchbackHood_WhiteRust"
 8:18:56.65 [CE][LootRespawner] (PRIDummy) :: Item [11] causing search overtime: "HatchbackHood_WhiteRust"
 8:18:56.65 [CE][LootRespawner] (PRIDummy) :: Item [12] causing search overtime: "HatchbackHood_WhiteRust"
 8:18:56.65 [CE][LootRespawner] (PRIDummy) :: Item [13] causing search overtime: "HatchbackHood_WhiteRust"
 8:18:56.65 [CE][LootRespawner] (PRIDummy) :: Item [14] causing search overtime: "HatchbackHood_WhiteRust"
 8:18:56.65 [CE][LootRespawner] (PRIDummy) :: Item [15] causing search overtime: "HatchbackHood_WhiteRust"
 8:18:56.65 [CE][LootRespawner] (PRIDummy) :: Item [16] causing search overtime: "HatchbackHood_WhiteRust"
 8:18:56.65 [CE][LootRespawner] (PRIDummy) :: Item [17] causing search overtime: "HatchbackHood_WhiteRust"
 8:18:56.65 [CE][LootRespawner] (PRIDummy) :: Item [18] causing search overtime: "HatchbackHood_WhiteRust"
 8:18:56.80 [CE][LootRespawner] (PRIDummy) :: Item [19] causing search overtime: "CivSedanTrunk_WineRust"
 8:18:57.736 [CE][LootRespawner] (PRIDummy) :: Item [0] is hard to place, performance drops: "PrisonerCap"
 8:18:57.736 [CE][LootRespawner] (PRIDummy) :: Item [1] is hard to place, performance drops: "PrisonerCap"
 8:18:57.736 [CE][LootRespawner] (PRIDummy) :: Item [2] is hard to place, performance drops: "PrisonerCap"
 8:18:57.736 [CE][LootRespawner] (PRIDummy) :: Item [3] is hard to place, performance drops: "PrisonerCap"
 8:18:57.736 [CE][LootRespawner] (PRIDummy) :: Item [4] is hard to place, performance drops: "PrisonerCap"
 8:18:57.736 [CE][LootRespawner] (PRIDummy) :: Item [5] is hard to place, performance drops: "PrisonerCap"
 8:18:57.736 [CE][LootRespawner] (PRIDummy) :: Item [6] is hard to place, performance drops: "PrisonerCap"
 8:18:57.736 [CE][LootRespawner] (PRIDummy) :: Item [7] is hard to place, performance drops: "PrisonerCap"
 8:18:57.736 [CE][LootRespawner] (PRIDummy) :: Item [8] is hard to place, performance drops: "PrisonerCap"
 8:18:57.736 [CE][LootRespawner] (PRIDummy) :: Item [9] is hard to place, performance drops: "PrisonerCap"
 8:18:57.736 [CE][LootRespawner] (PRIDummy) :: Item [10] is hard to place, performance drops: "PrisonerCap"
 8:18:57.736 [CE][LootRespawner] (PRIDummy) :: Item [11] is hard to place, performance drops: "PrisonerCap"
 8:18:57.736 [CE][LootRespawner] (PRIDummy) :: Item [12] is hard to place, performance drops: "PrisonerCap"
 8:18:57.736 [CE][LootRespawner] (PRIDummy) :: Item [13] is hard to place, performance drops: "PrisonerCap"
 8:18:57.736 [CE][LootRespawner] (PRIDummy) :: Item [14] is hard to place, performance drops: "PrisonerCap"
 8:18:57.736 [CE][LootRespawner] (PRIDummy) :: Item [15] is hard to place, performance drops: "PrisonerCap"
 8:18:57.736 [CE][LootRespawner] (PRIDummy) :: Item [16] is hard to place, performance drops: "PrisonerCap"
 8:18:57.736 [CE][LootRespawner] (PRIDummy) :: Item [17] is hard to place, performance drops: "PrisonerCap"
 8:18:57.736 [CE][LootRespawner] (PRIDummy) :: Item [18] is hard to place, performance drops: "PrisonerCap"
 8:18:57.736 [CE][LootRespawner] (PRIDummy) :: Item [19] is hard to place, performance drops: "PrisonerCap"
 8:19:00.957 [CE][LootRespawner] (PRIDummy) :: Initially (re)spawned:20826, Nominal:20826, Total in Map: 19383 at 4 (sec)
 8:19:00.957   tests:21069, repeats:87 fails:156, overtime:1418
 8:19:00.973 [CE][Links] found 0 total links between groups, of 1
 8:19:00.973 [CE][SpawnRandomLoot] (StaticHeliCrash) :: ChildType: Wreck_Mi8, lootmin: 10, lootmax: 20, wanted: 15
 8:19:00.973 [CE][Links] found 0 total links between groups, of 2
 8:19:00.973 [CE][SpawnRandomLoot] (StaticHeliCrash) :: ChildType: Wreck_UH1Y, lootmin: 10, lootmax: 20, wanted: 16
 8:19:00.973 [CE][Links] found 0 total links between groups, of 3
 8:19:00.973 [CE][SpawnRandomLoot] (StaticHeliCrash) :: ChildType: Wreck_UH1Y, lootmin: 10, lootmax: 20, wanted: 18
 8:19:00.988 !!! [CE][VehicleRespawner] (PRIPoliceCar) :: Respawning: "StaticPoliceCar" - There are not enough positions in "cfgeventspawns.xml", 0 < 10
 8:19:01.160 [CE][DynEvent] :: 37 types
 8:19:01.160 [00] AmbientHen
 8:19:01.160   Primary Spawner: "Ambient", active: yes, repeat: 1
 8:19:01.160 [01] AnimalBear
 8:19:01.160   Primary Spawner: "Animal", active: yes, repeat: 1
 8:19:01.160 [02] AnimalCow
 8:19:01.160   Primary Spawner: "Animal", active: yes, repeat: 1
 8:19:01.160 [03] AnimalDeer
 8:19:01.160   Primary Spawner: "Animal", active: yes, repeat: 1
 8:19:01.160 [04] AnimalGoat
 8:19:01.160   Primary Spawner: "Animal", active: yes, repeat: 1
 8:19:01.160 [05] AnimalPig
 8:19:01.160   Primary Spawner: "Animal", active: yes, repeat: 1
 8:19:01.160 [06] AnimalRoeDeer
 8:19:01.160   Primary Spawner: "Animal", active: yes, repeat: 1
 8:19:01.160 [07] AnimalSheep
 8:19:01.160   Primary Spawner: "Animal", active: yes, repeat: 1
 8:19:01.160 [08] AnimalWildBoar
 8:19:01.160   Primary Spawner: "Animal", active: yes, repeat: 1
 8:19:01.160 [09] AnimalWolf
 8:19:01.160   Primary Spawner: "Animal", active: yes, repeat: 1
 8:19:01.160 [10] InfectedArmy
 8:19:01.160   Primary Spawner: "Infected", active: yes, repeat: 1
 8:19:01.160 [11] InfectedCity
 8:19:01.160   Primary Spawner: "Infected", active: yes, repeat: 1
 8:19:01.160 [12] InfectedFirefighter
 8:19:01.160   Primary Spawner: "Infected", active: yes, repeat: 1
 8:19:01.160 [13] InfectedIndustrial
 8:19:01.160   Primary Spawner: "Infected", active: yes, repeat: 1
 8:19:01.160 [14] InfectedMedic
 8:19:01.160   Primary Spawner: "Infected", active: yes, repeat: 1
 8:19:01.160 [15] InfectedPolice
 8:19:01.160   Primary Spawner: "Infected", active: yes, repeat: 1
 8:19:01.160 [16] InfectedPrisoner
 8:19:01.160   Primary Spawner: "Infected", active: yes, repeat: 1
 8:19:01.160 [17] InfectedReligious
 8:19:01.160   Primary Spawner: "Infected", active: yes, repeat: 1
 8:19:01.160 [18] InfectedSolitude
 8:19:01.160   Primary Spawner: "Infected", active: yes, repeat: 1
 8:19:01.160 [19] InfectedVillage
 8:19:01.160   Primary Spawner: "Infected", active: yes, repeat: 1
 8:19:01.160 [20] ItemPlanks
 8:19:01.160   Primary Spawner: "Item", active: yes, repeat: 1
 8:19:01.160 [21] Loot
 8:19:01.160   Primary Spawner: "Loot", active: yes, repeat: 2
 8:19:01.160 [22] StaticHeliCrash
 8:19:01.160   Primary Spawner: "Vehicle", active: yes, repeat: 1
 8:19:01.160   Secondary Spawner: "Infected", active: yes, repeat: 1
 8:19:01.160 [23] StaticPoliceCar
 8:19:01.160   Primary Spawner: "Vehicle", active: yes, repeat: 1
 8:19:01.160 [24] TrajectoryApple
 8:19:01.160   Primary Spawner: "Trajectory", active: yes, repeat: 1
 8:19:01.160 [25] TrajectoryCanina
 8:19:01.160   Primary Spawner: "Trajectory", active: yes, repeat: 1
 8:19:01.160 [26] TrajectoryConiferous
 8:19:01.160   Primary Spawner: "Trajectory", active: yes, repeat: 1
 8:19:01.160 [27] TrajectoryDeciduous
 8:19:01.160   Primary Spawner: "Trajectory", active: yes, repeat: 1
 8:19:01.160 [28] TrajectoryHumus
 8:19:01.160   Primary Spawner: "Trajectory", active: yes, repeat: 1
 8:19:01.160 [29] TrajectoryPear
 8:19:01.160   Primary Spawner: "Trajectory", active: yes, repeat: 1
 8:19:01.160 [30] TrajectoryPlum
 8:19:01.160   Primary Spawner: "Trajectory", active: yes, repeat: 1
 8:19:01.160 [31] TrajectorySambucus
 8:19:01.160   Primary Spawner: "Trajectory", active: yes, repeat: 1
 8:19:01.160 [32] TrajectoryStones
 8:19:01.160   Primary Spawner: "Trajectory", active: yes, repeat: 1
 8:19:01.160 [33] VehicleCivilianSedan
 8:19:01.160   Primary Spawner: "Vehicle", active: yes, repeat: 1
 8:19:01.160 [34] VehicleHatchback02
 8:19:01.160   Primary Spawner: "Vehicle", active: yes, repeat: 1
 8:19:01.160 [35] VehicleOffroadHatchback
 8:19:01.160   Primary Spawner: "Vehicle", active: yes, repeat: 1
 8:19:01.160 [36] VehicleSedan02
 8:19:01.160   Primary Spawner: "Vehicle", active: yes, repeat: 1
 8:19:01.160 [CE][Hive] :: Initializing of spawners done.
 8:19:01.176 [CE][Hive] :: Init sequence finished.
 8:19:01.176 Player connect enabled
 8:19:01.801 [IdleMode] Entering IN - save processed
 8:19:09.831 [Login]: Adding player Survivor (212979813) to login queue at position 0
 8:19:09.831 [LoginMachine]: Add player Survivor (212979813)
 8:19:09.831 [StateMachine]: Player Survivor (dpnid 212979813 uid ) Entering AuthPlayerLoginState
 8:19:10.19 [StateMachine]: Player Survivor (dpnid 212979813 uid ) Entering WaitAuthPlayerLoginState
 8:19:11.722 Player Survivor connected (id=BvAfWEwkf1BS22gq16ncvW4M3Ycn_607DPSKzJe9pnU=).
 8:19:11.722 Player "Survivor" is connected (steamID=76561198073956794)
 8:19:12.659 [StateMachine]: Player Survivor (dpnid 212979813 uid BvAfWEwkf1BS22gq16ncvW4M3Ycn_607DPSKzJe9pnU=) Entering DBGetLoginTimeLoginState
 8:19:12.691 [StateMachine]: Player Survivor (dpnid 212979813 uid BvAfWEwkf1BS22gq16ncvW4M3Ycn_607DPSKzJe9pnU=) Entering DBWaitLoginTimeLoginState
 8:19:14.81 [IdleMode] Leaving OUT
 8:19:27.705 [StateMachine]: Player Survivor (dpnid 212979813 uid BvAfWEwkf1BS22gq16ncvW4M3Ycn_607DPSKzJe9pnU=) Entering DBGetCharacterLoginState
 8:19:27.721 [StateMachine]: Player Survivor (dpnid 212979813 uid BvAfWEwkf1BS22gq16ncvW4M3Ycn_607DPSKzJe9pnU=) Entering CreateNetObjectsLoginState
 8:19:27.752 [StateMachine]: Player Survivor (dpnid 212979813 uid BvAfWEwkf1BS22gq16ncvW4M3Ycn_607DPSKzJe9pnU=) Entering PreloadCamLoginState
 8:19:27.768 [StateMachine]: Player Survivor (dpnid 212979813 uid BvAfWEwkf1BS22gq16ncvW4M3Ycn_607DPSKzJe9pnU=) Entering WaitPreloadCamLoginState
 8:19:44.173 [StateMachine]: Player Survivor (dpnid 212979813 uid BvAfWEwkf1BS22gq16ncvW4M3Ycn_607DPSKzJe9pnU=) Entering GetNewCharLoginState
 8:19:46.954 <CREATE NEW CHAR>:
    charID 1
    playerID 1
    dpnid 212979813
    uid BvAfWEwkf1BS22gq16ncvW4M3Ycn_607DPSKzJe9pnU=
 8:26:50.502 [Disconnect]: Start script disconnect 212979813 (dbCharacterId 1 dbPlayerId 1) logoutTime 15
 8:26:52.705 [Disconnect]: Client 212979813 disconnecting
 8:26:52.705 [Disconnect]: Client 212979813 early disconnect
 8:26:52.721 [Disconnect]: Start script disconnect 212979813 (dbCharacterId 1 dbPlayerId 1) logoutTime 15
 8:26:53.705 [Disconnect]: Remove player info 212979813
 8:26:53.721 [Disconnect]: Player destroy 212979813 
 8:27:05.517 [Disconnect]: Finish script disconnect -1
 8:29:19.504 [IdleMode] Entering IN - save processed
 8:34:27.185  --- Termination successfully completed --- 
