

=====================================================================
== C:\Program Files (x86)\Steam\steamapps\common\DayZServer\DayZServer_x64.exe
== DayZServer_x64.exe  -config=serverDZ.cfg -profiles=ServerProfile -limitFPS=120
=====================================================================
Exe timestamp: 2020/07/10 16:13:22
Current time:  2020/07/14 06:58:44

Version 1.08.153258
 6:58:44.126 [Inputs] Loading inputs default "bin/constants.xml"
 6:58:44.126 [Inputs] Loading inputs default "bin/specific.xml"
 6:58:44.126 !!! [Inputs] Invalid input name used "UAUIInspectItem" for context "ui" in "bin/specific.xml"
 6:58:44.126 [Inputs] Loading inputs cfg "ServerProfile\Users\Survivor\Server.core.xml"
 6:58:44.126 !!! [Inputs] Cannot read inputs cfg "ServerProfile\Users\Survivor\Server.core.xml", parser error
 6:58:44.126 [Inputs] Loading inputs cfg "bin/core.xml"
 6:58:44.126 !!! [Inputs] Cannot load input preset "user", file does not exist
 6:58:44.126 [Inputs] Exporting inputs cfg "ServerProfile\Users\Survivor\Server.core.xml"
 6:58:57.379 [CE][Hive] :: Initializing OFFLINE
 6:58:57.379 [CE][Hive] :: Loading core data ... 
 6:58:57.379 [CE][CoreData] :: 7 root classes, 18 defaults, 0 updaters...
 6:58:59.379 [CE] :: WARNING :: Preset map "optics" is EMPTY.
 6:58:59.379 [CE] :: WARNING :: Preset (attachments) with name 'bagsCity' was not found.
 6:58:59.379 [CE] :: WARNING :: Preset (attachments) with name 'bagsCity' was not found.
 6:58:59.379 [CE] :: WARNING :: Preset (attachments) with name 'bagsCity' was not found.
 6:58:59.379 [CE] :: WARNING :: Preset (attachments) with name 'bagsCity' was not found.
 6:58:59.379 [CE] :: WARNING :: Preset (attachments) with name 'bagsCity' was not found.
 6:58:59.379 [CE] :: WARNING :: Preset (attachments) with name 'bagsCity' was not found.
 6:58:59.379 [CE] :: WARNING :: Preset (attachments) with name 'bagsCity' was not found.
 6:58:59.379 [CE] :: WARNING :: Preset (attachments) with name 'bagsCity' was not found.
 6:58:59.379 [CE] :: WARNING :: Preset (attachments) with name 'bagsCity' was not found.
 6:58:59.379 [CE] :: WARNING :: Preset (attachments) with name 'bagsCity' was not found.
 6:58:59.379 [CE] :: WARNING :: Preset (attachments) with name 'bagsCity' was not found.
 6:58:59.379 [CE] :: WARNING :: Preset (attachments) with name 'bagsCity' was not found.
 6:58:59.379 [CE] :: WARNING :: Preset (attachments) with name 'bagsCity' was not found.
 6:58:59.379 [CE] :: WARNING :: Preset (attachments) with name 'bagsCity' was not found.
 6:58:59.379 [CE] :: WARNING :: Preset (attachments) with name 'hatsCitySkate' was not found.
 6:58:59.379 [CE] :: WARNING :: Preset (attachments) with name 'bagsCity' was not found.
 6:58:59.379 [CE] :: WARNING :: Preset (attachments) with name 'hatsCitySkate' was not found.
 6:58:59.379 [CE] :: WARNING :: Preset (attachments) with name 'bagsCity' was not found.
 6:58:59.379 [CE] :: WARNING :: Preset (attachments) with name 'hatsCitySkate' was not found.
 6:58:59.379 [CE] :: WARNING :: Preset (attachments) with name 'bagsCity' was not found.
 6:58:59.379 [CE] :: WARNING :: Preset (attachments) with name 'bagsCity' was not found.
 6:58:59.379 [CE] :: WARNING :: Preset (attachments) with name 'bagsCity' was not found.
 6:58:59.379 [CE] :: WARNING :: Preset (attachments) with name 'bagsCity' was not found.
 6:58:59.379 [CE] :: WARNING :: Preset (attachments) with name 'bagsCity' was not found.
 6:58:59.379 [CE] :: WARNING :: Preset (attachments) with name 'bagsCity' was not found.
 6:58:59.379 [CE] :: WARNING :: Preset (attachments) with name 'bagsCity' was not found.
 6:58:59.379 [CE] :: WARNING :: Preset (attachments) with name 'bagsCity' was not found.
 6:58:59.379 [CE] :: WARNING :: Preset (attachments) with name 'bagsCity' was not found.
 6:58:59.379 [CE] :: WARNING :: Preset (attachments) with name 'bagsCity' was not found.
 6:58:59.379 [CE] :: WARNING :: Preset (attachments) with name 'bagsCity' was not found.
 6:58:59.379 [CE] :: WARNING :: Preset (attachments) with name 'bagsCity' was not found.
 6:58:59.379 [CE] :: WARNING :: Preset (attachments) with name 'bagsCity' was not found.
 6:58:59.379 [CE] :: WARNING :: Preset (attachments) with name 'bagsCity' was not found.
 6:58:59.379 [CE] :: WARNING :: Preset (attachments) with name 'bagsCity' was not found.
 6:58:59.379 [CE] :: WARNING :: Preset (attachments) with name 'bagsCity' was not found.
 6:58:59.379 [CE] :: WARNING :: Preset (attachments) with name 'bagsCity' was not found.
 6:58:59.379 [CE] :: WARNING :: Preset (attachments) with name 'bagsCity' was not found.
 6:58:59.379 [CE] :: WARNING :: Preset (attachments) with name 'bagsCity' was not found.
 6:58:59.379 [CE] :: WARNING :: Preset (attachments) with name 'bagsCity' was not found.
 6:58:59.379 [CE] :: WARNING :: Preset (attachments) with name 'bagsCity' was not found.
 6:58:59.379 [CE] :: WARNING :: Preset (attachments) with name 'bagsCity' was not found.
 6:58:59.379 [CE] :: WARNING :: Preset (attachments) with name 'bagsCity' was not found.
 6:58:59.379 [CE] :: WARNING :: Preset (attachments) with name 'bagsCity' was not found.
 6:58:59.379 [CE] :: WARNING :: Preset (attachments) with name 'bagsCity' was not found.
 6:58:59.379 [CE] :: WARNING :: Preset (attachments) with name 'bagsCity' was not found.
 6:58:59.379 [CE] :: WARNING :: Preset (attachments) with name 'hatsMotorbike' was not found.
 6:58:59.379 [CE] :: WARNING :: Preset (attachments) with name 'hatsMotorbike' was not found.
 6:58:59.379 [CE] :: WARNING :: Preset (attachments) with name 'hatsMotorbike' was not found.
 6:58:59.379 [CE] :: WARNING :: Preset (attachments) with name 'hatsCitySkate' was not found.
 6:58:59.379 [CE] :: WARNING :: Preset (attachments) with name 'bagsCity' was not found.
 6:58:59.379 [CE] :: WARNING :: Preset (attachments) with name 'hatsCitySkate' was not found.
 6:58:59.379 [CE] :: WARNING :: Preset (attachments) with name 'bagsCity' was not found.
 6:58:59.379 [CE] :: WARNING :: Preset (attachments) with name 'hatsCitySkate' was not found.
 6:58:59.379 [CE] :: WARNING :: Preset (attachments) with name 'bagsCity' was not found.
 6:58:59.379 [CE] :: WARNING :: Preset (attachments) with name 'hatsCitySkate' was not found.
 6:58:59.379 [CE] :: WARNING :: Preset (attachments) with name 'bagsCity' was not found.
 6:58:59.379 [CE] :: WARNING :: Preset (attachments) with name 'hatsIndustrial' was not found.
 6:58:59.379 [CE] :: WARNING :: Preset (attachments) with name 'bagsIndustrial' was not found.
 6:58:59.379 [CE] :: WARNING :: Preset (attachments) with name 'hatsIndustrial' was not found.
 6:58:59.379 [CE] :: WARNING :: Preset (attachments) with name 'bagsIndustrial' was not found.
 6:58:59.379 [CE] :: WARNING :: Preset (attachments) with name 'hatsIndustrial' was not found.
 6:58:59.379 [CE] :: WARNING :: Preset (attachments) with name 'bagsIndustrial' was not found.
 6:58:59.379 [CE] :: WARNING :: Preset (attachments) with name 'hatsIndustrial' was not found.
 6:58:59.379 [CE] :: WARNING :: Preset (attachments) with name 'bagsIndustrial' was not found.
 6:58:59.379 [CE] :: WARNING :: Preset (attachments) with name 'hatsIndustrial' was not found.
 6:58:59.379 [CE] :: WARNING :: Preset (attachments) with name 'bagsIndustrial' was not found.
 6:58:59.379 [CE] :: WARNING :: Preset (attachments) with name 'hatsIndustrial' was not found.
 6:58:59.379 [CE] :: WARNING :: Preset (attachments) with name 'bagsIndustrial' was not found.
 6:58:59.379 [CE] :: WARNING :: Preset (attachments) with name 'hatsIndustrial' was not found.
 6:58:59.379 [CE] :: WARNING :: Preset (attachments) with name 'bagsIndustrial' was not found.
 6:58:59.379 [CE] :: WARNING :: Preset (attachments) with name 'hatsIndustrial' was not found.
 6:58:59.379 [CE] :: WARNING :: Preset (attachments) with name 'bagsIndustrial' was not found.
 6:58:59.379 [CE] :: WARNING :: Preset (attachments) with name 'hatsIndustrial' was not found.
 6:58:59.379 [CE] :: WARNING :: Preset (attachments) with name 'bagsIndustrial' was not found.
 6:58:59.379 [CE] :: WARNING :: Preset (attachments) with name 'hatsIndustrial' was not found.
 6:58:59.379 [CE] :: WARNING :: Preset (attachments) with name 'bagsIndustrial' was not found.
 6:58:59.379 [CE] :: WARNING :: Preset (attachments) with name 'hatsIndustrial' was not found.
 6:58:59.379 [CE] :: WARNING :: Preset (attachments) with name 'bagsIndustrial' was not found.
 6:58:59.379 [CE] :: WARNING :: Preset (attachments) with name 'hatsIndustrial' was not found.
 6:58:59.379 [CE] :: WARNING :: Preset (attachments) with name 'bagsIndustrial' was not found.
 6:58:59.379 [CE] :: WARNING :: Preset (attachments) with name 'hatsIndustrial' was not found.
 6:58:59.379 [CE] :: WARNING :: Preset (attachments) with name 'bagsIndustrial' was not found.
 6:58:59.379 [CE] :: WARNING :: Preset (attachments) with name 'hatsIndustrial' was not found.
 6:58:59.379 [CE] :: WARNING :: Preset (attachments) with name 'bagsIndustrial' was not found.
 6:58:59.379 [CE] :: WARNING :: Preset (attachments) with name 'hatsIndustrial' was not found.
 6:58:59.379 [CE] :: WARNING :: Preset (attachments) with name 'bagsIndustrial' was not found.
 6:58:59.379 [CE] :: WARNING :: Preset (attachments) with name 'hatsIndustrial' was not found.
 6:58:59.379 [CE] :: WARNING :: Preset (attachments) with name 'bagsIndustrial' was not found.
 6:58:59.379 [CE] :: WARNING :: Preset (attachments) with name 'hatsIndustrial' was not found.
 6:58:59.379 [CE] :: WARNING :: Preset (attachments) with name 'bagsIndustrial' was not found.
 6:58:59.379 [CE] :: WARNING :: Preset (attachments) with name 'hatsIndustrial' was not found.
 6:58:59.379 [CE] :: WARNING :: Preset (attachments) with name 'bagsIndustrial' was not found.
 6:58:59.379 [CE] :: WARNING :: Preset (attachments) with name 'hatsIndustrial' was not found.
 6:58:59.379 [CE] :: WARNING :: Preset (attachments) with name 'bagsIndustrial' was not found.
 6:58:59.379 [CE] :: WARNING :: Preset (attachments) with name 'hatsIndustrial' was not found.
 6:58:59.379 [CE] :: WARNING :: Preset (attachments) with name 'bagsIndustrial' was not found.
 6:58:59.379 [CE] :: WARNING :: Preset (attachments) with name 'hatsIndustrial' was not found.
 6:58:59.379 [CE] :: WARNING :: Preset (attachments) with name 'bagsIndustrial' was not found.
 6:58:59.379 [CE] :: WARNING :: Preset (attachments) with name 'hatsIndustrial' was not found.
 6:58:59.379 [CE] :: WARNING :: Preset (attachments) with name 'bagsIndustrial' was not found.
 6:58:59.379 [CE] :: WARNING :: Preset (attachments) with name 'hatsIndustrial' was not found.
 6:58:59.379 [CE] :: WARNING :: Preset (attachments) with name 'bagsIndustrial' was not found.
 6:58:59.379 [CE] :: WARNING :: Preset (attachments) with name 'hatsIndustrial' was not found.
 6:58:59.379 [CE] :: WARNING :: Preset (attachments) with name 'bagsIndustrial' was not found.
 6:58:59.379 [CE] :: WARNING :: Preset (attachments) with name 'hatsIndustrial' was not found.
 6:58:59.379 [CE] :: WARNING :: Preset (attachments) with name 'bagsIndustrial' was not found.
 6:58:59.379 [CE] :: WARNING :: Preset (attachments) with name 'hatsIndustrial' was not found.
 6:58:59.379 [CE] :: WARNING :: Preset (attachments) with name 'bagsIndustrial' was not found.
 6:58:59.379 [CE] :: WARNING :: Preset (attachments) with name 'hatsFirefighter' was not found.
 6:58:59.379 [CE] :: WARNING :: Preset (attachments) with name 'hatsMedic' was not found.
 6:58:59.379 [CE] :: WARNING :: Preset (attachments) with name 'hatsMedic' was not found.
 6:58:59.379 [CE] :: WARNING :: Preset (attachments) with name 'hatsPolice' was not found.
 6:58:59.379 [CE] :: WARNING :: Preset (attachments) with name 'vestsPolice' was not found.
 6:58:59.379 [CE] :: WARNING :: Preset (attachments) with name 'hatsPolice' was not found.
 6:58:59.379 [CE] :: WARNING :: Preset (attachments) with name 'vestsPolice' was not found.
 6:58:59.379 [CE] :: WARNING :: Preset (attachments) with name 'hatsPolice' was not found.
 6:58:59.379 [CE] :: WARNING :: Preset (attachments) with name 'vestsPolice' was not found.
 6:58:59.379 [CE] :: WARNING :: Preset (attachments) with name 'hatsPrisoner' was not found.
 6:58:59.379 [CE] :: WARNING :: Preset (attachments) with name 'hatsFarm' was not found.
 6:58:59.379 [CE] :: WARNING :: Preset (attachments) with name 'hatsFarm' was not found.
 6:58:59.379 [CE] :: WARNING :: Preset (attachments) with name 'hatsFarm' was not found.
 6:58:59.379 [CE] :: WARNING :: Preset (attachments) with name 'hatsFarm' was not found.
 6:58:59.379 [CE] :: WARNING :: Preset (attachments) with name 'hatsFarm' was not found.
 6:58:59.379 [CE] :: WARNING :: Preset (attachments) with name 'hatsFarm' was not found.
 6:58:59.379 [CE] :: WARNING :: Preset (attachments) with name 'hatsFarm' was not found.
 6:58:59.379 [CE] :: WARNING :: Preset (attachments) with name 'hatsFarm' was not found.
 6:58:59.379 [CE] :: WARNING :: Preset (attachments) with name 'hatsFarm' was not found.
 6:58:59.379 [CE] :: WARNING :: Preset (attachments) with name 'hatsFarm' was not found.
 6:58:59.379 [CE] :: WARNING :: Preset (attachments) with name 'hatsFarm' was not found.
 6:58:59.379 [CE] :: WARNING :: Preset (attachments) with name 'hatsFarm' was not found.
 6:58:59.379 [CE] :: WARNING :: Preset (attachments) with name 'hatsFarm' was not found.
 6:58:59.379 [CE] :: WARNING :: Preset (attachments) with name 'hatsFarm' was not found.
 6:58:59.379 [CE] :: WARNING :: Preset (attachments) with name 'hatsFarm' was not found.
 6:58:59.379 [CE] :: WARNING :: Preset (attachments) with name 'hatsFarm' was not found.
 6:58:59.379 [CE] :: WARNING :: Preset (attachments) with name 'hatsFarm' was not found.
 6:58:59.379 [CE] :: WARNING :: Preset (attachments) with name 'hatsFarm' was not found.
 6:58:59.379 [CE] :: WARNING :: Preset (attachments) with name 'hatsFarm' was not found.
 6:58:59.379 [CE] :: WARNING :: Preset (attachments) with name 'hatsFarm' was not found.
 6:58:59.379 [CE] :: WARNING :: Preset (attachments) with name 'hatsFarm' was not found.
 6:58:59.379 [CE] :: WARNING :: Preset (attachments) with name 'hatsFarm' was not found.
 6:58:59.379 [CE] :: WARNING :: Preset (attachments) with name 'hatsFarm' was not found.
 6:58:59.379 [CE] :: WARNING :: Preset (attachments) with name 'hatsFarm' was not found.
 6:58:59.379 [CE] :: WARNING :: Preset (attachments) with name 'hatsFarm' was not found.
 6:58:59.379 [CE] :: WARNING :: Preset (attachments) with name 'hatsFarm' was not found.
 6:58:59.379 [CE] :: WARNING :: Preset (attachments) with name 'hatsFarm' was not found.
 6:58:59.379 [CE] :: WARNING :: Preset (attachments) with name 'hatsFarm' was not found.
 6:58:59.379 [CE] :: WARNING :: Preset (attachments) with name 'hatsFarm' was not found.
 6:58:59.379 [CE] :: WARNING :: Preset (attachments) with name 'hatsFarm' was not found.
 6:58:59.379 [CE] :: WARNING :: Preset (attachments) with name 'hatsFarm' was not found.
 6:58:59.379 [CE] :: WARNING :: Preset (attachments) with name 'hatsFarm' was not found.
 6:58:59.379 [CE] :: WARNING :: Preset (attachments) with name 'hatsFarm' was not found.
 6:58:59.379 [CE][TypeSetup] :: 263 classes setuped...
 6:58:59.457 [CE][RegisterBind] :: 0 classes binded...
 6:58:59.457 [CE][RegisterConfig] :: 2924 config classes registered, 1 sub-counters...
 6:58:59.457 [CE][Hive] :: Loading map data ... 
 6:58:59.519 !!! [CE] :: Unknown category: 'vehicleparts'.
 6:58:59.519 !!! [CE] :: Unknown category: 'vehicleparts'.
 6:58:59.519 !!! [CE] :: Unknown category: 'vehicleparts'.
 6:58:59.519 !!! [CE] :: Unknown category: 'vehicleparts'.
 6:58:59.519 !!! [CE] :: Unknown category: 'vehicleparts'.
 6:58:59.519 !!! [CE] :: Unknown category: 'vehicleparts'.
 6:58:59.519 !!! [CE] :: Unknown category: 'vehicleparts'.
 6:58:59.519 !!! [CE] :: Unknown category: 'vehicleparts'.
 6:58:59.519 !!! [CE] :: Unknown category: 'vehicleparts'.
 6:58:59.519 !!! [CE] :: Unknown category: 'vehicleparts'.
 6:58:59.519 !!! [CE] :: Unknown category: 'vehicleparts'.
 6:58:59.519 !!! [CE] :: Unknown category: 'vehicleparts'.
 6:58:59.519 !!! [CE] :: Unknown category: 'vehicleparts'.
 6:58:59.519 !!! [CE] :: Unknown category: 'vehicleparts'.
 6:58:59.519 !!! [CE] :: Unknown category: 'vehicleparts'.
 6:58:59.519 !!! [CE] :: Unknown category: 'vehicleparts'.
 6:58:59.519 !!! [CE] :: Unknown category: 'vehicleparts'.
 6:58:59.519 !!! [CE] :: Unknown category: 'vehicleparts'.
 6:58:59.519 !!! [CE] :: Unknown category: 'vehicleparts'.
 6:58:59.519 !!! [CE] :: Unknown category: 'vehicleparts'.
 6:58:59.519 !!! [CE] :: Unknown category: 'vehicleparts'.
 6:58:59.519 !!! [CE] :: Unknown category: 'vehicleparts'.
 6:58:59.519 !!! [CE] :: Unknown category: 'vehicleparts'.
 6:58:59.519 !!! [CE] :: Unknown category: 'vehicleparts'.
 6:58:59.519 [CE][LoadPrototype] :: loaded 329 prototypes
 6:58:59.519   701 containers, 9117 points
 6:58:59.519   24 dispatches, 90 proxies
 6:58:59.519 !!! [CE][LoadPrototype] 12 groups have no points...
 6:58:59.519 !!![CE][LoadPrototype]  3 groups have wrong points...
 6:58:59.519 [CE][LoadPrototype] :: last group name: Land_Lunapark_Autodrome...
 6:58:59.535 [CE][LoadPrototype] :: loaded 0 prototypes
 6:58:59.535   0 containers, 0 points
 6:58:59.535   0 dispatches, 0 proxies
 6:58:59.535 [CE][LoadPrototype] :: last group name: Rail9...
 6:59:00.66 [CE][LoadMap] "Group" :: loaded 11599 groups, largest group range: 34.2
 6:59:00.66 [CE][LoadMap] "Dirt" :: loaded 0 groups, largest group range: 34.2
 6:59:00.488 [CE][Links] found 1896 total links between groups, of 11599
 6:59:00.488 [CE][LoadClusters] "Cluster" :: Loading files...
 6:59:00.753 [CE][LoadClusters] :: file: "mapgroupcluster.xml", 9 types, 50000 instances
 6:59:01.19 [CE][LoadClusters] :: file: "mapgroupcluster01", 9 types, 50000 instances
 6:59:01.285 [CE][LoadClusters] :: file: "mapgroupcluster02", 9 types, 50000 instances
 6:59:01.550 [CE][LoadClusters] :: file: "mapgroupcluster03", 9 types, 50000 instances
 6:59:01.660 [CE][LoadClusters] :: file: "mapgroupcluster04", 9 types, 17229 instances
 6:59:01.660 [CE][Storage] ver:21 stamp:5477, valid:yes, name:"mpmissions\dayzOffline.chernarusplus\storage_1\data\types.bin"
 6:59:01.675 [CE][Storage] ver:21 stamp:5159, valid:yes, name:"mpmissions\dayzOffline.chernarusplus\storage_1\data\types.001"
 6:59:01.675 [CE][Storage] ver:21 stamp:5157, valid:yes, name:"mpmissions\dayzOffline.chernarusplus\storage_1\data\types.002"
 6:59:01.675 [CE][Storage] Restoring file "mpmissions\dayzOffline.chernarusplus\storage_1\data\types.bin".
 6:59:01.707 [CE][offlineDB] :: Loaded 37 dynamic events 216 total types 0 total positions.
 6:59:01.753 !!! [CE] :: Unknown usage: 'Lunapark'.
 6:59:01.753 [CE][Storage] ver:21 stamp:5477, valid:yes, name:"mpmissions\dayzOffline.chernarusplus\storage_1\data\events.bin"
 6:59:01.753 [CE][Storage] ver:21 stamp:5159, valid:yes, name:"mpmissions\dayzOffline.chernarusplus\storage_1\data\events.001"
 6:59:01.769 [CE][Storage] ver:21 stamp:5157, valid:yes, name:"mpmissions\dayzOffline.chernarusplus\storage_1\data\events.002"
 6:59:01.769 [CE][Storage] Restoring file "mpmissions\dayzOffline.chernarusplus\storage_1\data\events.bin".
 6:59:01.769 [CE][DynamicEvent] Load  Events:[37] Primary spawners: 37 Secondary spawners: 1
 6:59:01.769 [CE][Storage] ver:25 stamp:5477, valid:yes, name:"mpmissions\dayzOffline.chernarusplus\storage_1\data\dynamic_000.bin"
 6:59:01.769 [CE][Storage] ver:25 stamp:5159, valid:yes, name:"mpmissions\dayzOffline.chernarusplus\storage_1\data\dynamic_000.001"
 6:59:01.769 [CE][Storage] ver:25 stamp:5157, valid:yes, name:"mpmissions\dayzOffline.chernarusplus\storage_1\data\dynamic_000.002"
 6:59:01.769 [CE][Storage] Restoring file "mpmissions\dayzOffline.chernarusplus\storage_1\data\dynamic_000.bin" 706 items.
 6:59:02.128   706 items loaded.
 6:59:02.128 [CE][Storage] ver:25 stamp:5477, valid:yes, name:"mpmissions\dayzOffline.chernarusplus\storage_1\data\dynamic_001.bin"
 6:59:02.128 [CE][Storage] ver:25 stamp:5159, valid:yes, name:"mpmissions\dayzOffline.chernarusplus\storage_1\data\dynamic_001.001"
 6:59:02.128 [CE][Storage] ver:25 stamp:5157, valid:yes, name:"mpmissions\dayzOffline.chernarusplus\storage_1\data\dynamic_001.002"
 6:59:02.128 [CE][Storage] Restoring file "mpmissions\dayzOffline.chernarusplus\storage_1\data\dynamic_001.bin" 1287 items.
 6:59:02.488   1287 items loaded.
 6:59:02.488 [CE][Storage] ver:25 stamp:5477, valid:yes, name:"mpmissions\dayzOffline.chernarusplus\storage_1\data\dynamic_002.bin"
 6:59:02.488 [CE][Storage] ver:25 stamp:5159, valid:yes, name:"mpmissions\dayzOffline.chernarusplus\storage_1\data\dynamic_002.001"
 6:59:02.488 [CE][Storage] ver:25 stamp:5157, valid:yes, name:"mpmissions\dayzOffline.chernarusplus\storage_1\data\dynamic_002.002"
 6:59:02.488 [CE][Storage] Restoring file "mpmissions\dayzOffline.chernarusplus\storage_1\data\dynamic_002.bin" 2108 items.
 6:59:02.910   2108 items loaded.
 6:59:02.910 [CE][Storage] ver:25 stamp:5477, valid:yes, name:"mpmissions\dayzOffline.chernarusplus\storage_1\data\dynamic_003.bin"
 6:59:02.910 [CE][Storage] ver:25 stamp:5159, valid:yes, name:"mpmissions\dayzOffline.chernarusplus\storage_1\data\dynamic_003.001"
 6:59:02.910 [CE][Storage] ver:25 stamp:5157, valid:yes, name:"mpmissions\dayzOffline.chernarusplus\storage_1\data\dynamic_003.002"
 6:59:02.910 [CE][Storage] Restoring file "mpmissions\dayzOffline.chernarusplus\storage_1\data\dynamic_003.bin" 1663 items.
 6:59:03.238   1663 items loaded.
 6:59:03.238 [CE][Storage] ver:25 stamp:5477, valid:yes, name:"mpmissions\dayzOffline.chernarusplus\storage_1\data\dynamic_004.bin"
 6:59:03.238 [CE][Storage] ver:25 stamp:5159, valid:yes, name:"mpmissions\dayzOffline.chernarusplus\storage_1\data\dynamic_004.001"
 6:59:03.253 [CE][Storage] ver:25 stamp:5157, valid:yes, name:"mpmissions\dayzOffline.chernarusplus\storage_1\data\dynamic_004.002"
 6:59:03.253 [CE][Storage] Restoring file "mpmissions\dayzOffline.chernarusplus\storage_1\data\dynamic_004.bin" 1636 items.
 6:59:03.738   1636 items loaded.
 6:59:03.738 [CE][Storage] ver:25 stamp:5477, valid:yes, name:"mpmissions\dayzOffline.chernarusplus\storage_1\data\dynamic_005.bin"
 6:59:03.753 [CE][Storage] ver:25 stamp:5159, valid:yes, name:"mpmissions\dayzOffline.chernarusplus\storage_1\data\dynamic_005.001"
 6:59:03.753 [CE][Storage] ver:25 stamp:5157, valid:yes, name:"mpmissions\dayzOffline.chernarusplus\storage_1\data\dynamic_005.002"
 6:59:03.753 [CE][Storage] Restoring file "mpmissions\dayzOffline.chernarusplus\storage_1\data\dynamic_005.bin" 1793 items.
 6:59:04.97   1793 items loaded.
 6:59:04.97 [CE][Storage] ver:25 stamp:5477, valid:yes, name:"mpmissions\dayzOffline.chernarusplus\storage_1\data\dynamic_006.bin"
 6:59:04.97 [CE][Storage] ver:25 stamp:5159, valid:yes, name:"mpmissions\dayzOffline.chernarusplus\storage_1\data\dynamic_006.001"
 6:59:04.113 [CE][Storage] ver:25 stamp:5157, valid:yes, name:"mpmissions\dayzOffline.chernarusplus\storage_1\data\dynamic_006.002"
 6:59:04.113 [CE][Storage] Restoring file "mpmissions\dayzOffline.chernarusplus\storage_1\data\dynamic_006.bin" 1260 items.
 6:59:04.331   1260 items loaded.
 6:59:04.331 [CE][Storage] ver:25 stamp:5477, valid:yes, name:"mpmissions\dayzOffline.chernarusplus\storage_1\data\dynamic_007.bin"
 6:59:04.347 [CE][Storage] ver:25 stamp:5159, valid:yes, name:"mpmissions\dayzOffline.chernarusplus\storage_1\data\dynamic_007.001"
 6:59:04.347 [CE][Storage] ver:25 stamp:5157, valid:yes, name:"mpmissions\dayzOffline.chernarusplus\storage_1\data\dynamic_007.002"
 6:59:04.347 [CE][Storage] Restoring file "mpmissions\dayzOffline.chernarusplus\storage_1\data\dynamic_007.bin" 1273 items.
 6:59:04.566   1273 items loaded.
 6:59:04.581 [CE][Storage] ver:25 stamp:5477, valid:yes, name:"mpmissions\dayzOffline.chernarusplus\storage_1\data\dynamic_008.bin"
 6:59:04.581 [CE][Storage] ver:25 stamp:5159, valid:yes, name:"mpmissions\dayzOffline.chernarusplus\storage_1\data\dynamic_008.001"
 6:59:04.581 [CE][Storage] ver:25 stamp:5157, valid:yes, name:"mpmissions\dayzOffline.chernarusplus\storage_1\data\dynamic_008.002"
 6:59:04.581 [CE][Storage] Restoring file "mpmissions\dayzOffline.chernarusplus\storage_1\data\dynamic_008.bin" 1860 items.
 6:59:04.956   1860 items loaded.
 6:59:04.956 [CE][Storage] ver:25 stamp:5477, valid:yes, name:"mpmissions\dayzOffline.chernarusplus\storage_1\data\dynamic_009.bin"
 6:59:04.972 [CE][Storage] ver:25 stamp:5159, valid:yes, name:"mpmissions\dayzOffline.chernarusplus\storage_1\data\dynamic_009.001"
 6:59:04.972 [CE][Storage] ver:25 stamp:5157, valid:yes, name:"mpmissions\dayzOffline.chernarusplus\storage_1\data\dynamic_009.002"
 6:59:04.972 [CE][Storage] Restoring file "mpmissions\dayzOffline.chernarusplus\storage_1\data\dynamic_009.bin" 2289 items.
 6:59:05.456   2289 items loaded.
 6:59:05.456 [CE][Storage] ver:25 stamp:5477, valid:yes, name:"mpmissions\dayzOffline.chernarusplus\storage_1\data\dynamic_010.bin"
 6:59:05.456 [CE][Storage] ver:25 stamp:5159, valid:yes, name:"mpmissions\dayzOffline.chernarusplus\storage_1\data\dynamic_010.001"
 6:59:05.472 [CE][Storage] ver:25 stamp:5157, valid:yes, name:"mpmissions\dayzOffline.chernarusplus\storage_1\data\dynamic_010.002"
 6:59:05.472 [CE][Storage] Restoring file "mpmissions\dayzOffline.chernarusplus\storage_1\data\dynamic_010.bin" 1454 items.
 6:59:05.753   1454 items loaded.
 6:59:05.753 [CE][Storage] ver:25 stamp:5477, valid:yes, name:"mpmissions\dayzOffline.chernarusplus\storage_1\data\dynamic_011.bin"
 6:59:05.769 [CE][Storage] ver:25 stamp:5159, valid:yes, name:"mpmissions\dayzOffline.chernarusplus\storage_1\data\dynamic_011.001"
 6:59:05.769 [CE][Storage] ver:25 stamp:5157, valid:yes, name:"mpmissions\dayzOffline.chernarusplus\storage_1\data\dynamic_011.002"
 6:59:05.769 [CE][Storage] Restoring file "mpmissions\dayzOffline.chernarusplus\storage_1\data\dynamic_011.bin" 148 items.
 6:59:05.800   148 items loaded.
 6:59:05.800 [CE][Storage] ver:25 stamp:5477, valid:yes, name:"mpmissions\dayzOffline.chernarusplus\storage_1\data\vehicles.bin"
 6:59:05.800 [CE][Storage] ver:25 stamp:5159, valid:yes, name:"mpmissions\dayzOffline.chernarusplus\storage_1\data\vehicles.001"
 6:59:05.800 [CE][Storage] ver:25 stamp:5157, valid:yes, name:"mpmissions\dayzOffline.chernarusplus\storage_1\data\vehicles.002"
 6:59:05.800 [CE][Storage] Restoring file "mpmissions\dayzOffline.chernarusplus\storage_1\data\vehicles.bin" 152 items.
 6:59:06.894   152 items loaded.
 6:59:06.909 [CE][Hive] :: Storage load took:5.14 seconds, recovery stamp:5477
 6:59:06.909   entity: 22685, building: 0
 6:59:06.909   no lifetime: 18
 6:59:06.909 [CE][Hive] :: Initializing ... 
 6:59:06.925 [CE][InitializeMap] :: initialized: 0
 6:59:06.925 [CE][Hive] :: Initializing spawners ... 
 6:59:07.878 [CE][LootRespawner] (PRIDummy) :: Initially (re)spawned:67, Nominal:20826, Total in Map: 17757 at 0 (sec)
 6:59:07.878   tests:68, repeats:1 fails:0, overtime:0
 6:59:07.878 [CE][DynEvent] :: 37 types
 6:59:07.878 [00] AmbientHen
 6:59:07.878   Primary Spawner: "Ambient", active: yes, repeat: 1
 6:59:07.878 [01] AnimalBear
 6:59:07.878   Primary Spawner: "Animal", active: yes, repeat: 1
 6:59:07.878 [02] AnimalCow
 6:59:07.878   Primary Spawner: "Animal", active: yes, repeat: 1
 6:59:07.878 [03] AnimalDeer
 6:59:07.878   Primary Spawner: "Animal", active: yes, repeat: 1
 6:59:07.878 [04] AnimalGoat
 6:59:07.878   Primary Spawner: "Animal", active: yes, repeat: 1
 6:59:07.878 [05] AnimalPig
 6:59:07.878   Primary Spawner: "Animal", active: yes, repeat: 1
 6:59:07.878 [06] AnimalRoeDeer
 6:59:07.878   Primary Spawner: "Animal", active: yes, repeat: 1
 6:59:07.878 [07] AnimalSheep
 6:59:07.878   Primary Spawner: "Animal", active: yes, repeat: 1
 6:59:07.878 [08] AnimalWildBoar
 6:59:07.878   Primary Spawner: "Animal", active: yes, repeat: 1
 6:59:07.878 [09] AnimalWolf
 6:59:07.878   Primary Spawner: "Animal", active: yes, repeat: 1
 6:59:07.878 [10] InfectedArmy
 6:59:07.878   Primary Spawner: "Infected", active: yes, repeat: 1
 6:59:07.878 [11] InfectedCity
 6:59:07.878   Primary Spawner: "Infected", active: yes, repeat: 1
 6:59:07.878 [12] InfectedFirefighter
 6:59:07.878   Primary Spawner: "Infected", active: yes, repeat: 1
 6:59:07.878 [13] InfectedIndustrial
 6:59:07.878   Primary Spawner: "Infected", active: yes, repeat: 1
 6:59:07.878 [14] InfectedMedic
 6:59:07.878   Primary Spawner: "Infected", active: yes, repeat: 1
 6:59:07.878 [15] InfectedPolice
 6:59:07.878   Primary Spawner: "Infected", active: yes, repeat: 1
 6:59:07.878 [16] InfectedPrisoner
 6:59:07.878   Primary Spawner: "Infected", active: yes, repeat: 1
 6:59:07.878 [17] InfectedReligious
 6:59:07.878   Primary Spawner: "Infected", active: yes, repeat: 1
 6:59:07.878 [18] InfectedSolitude
 6:59:07.878   Primary Spawner: "Infected", active: yes, repeat: 1
 6:59:07.878 [19] InfectedVillage
 6:59:07.878   Primary Spawner: "Infected", active: yes, repeat: 1
 6:59:07.878 [20] ItemPlanks
 6:59:07.878   Primary Spawner: "Item", active: yes, repeat: 1
 6:59:07.878 [21] Loot
 6:59:07.878   Primary Spawner: "Loot", active: yes, repeat: 2
 6:59:07.878 [22] StaticHeliCrash
 6:59:07.878   Primary Spawner: "Vehicle", active: yes, repeat: 1
 6:59:07.878   Secondary Spawner: "Infected", active: yes, repeat: 1
 6:59:07.878 [23] StaticPoliceCar
 6:59:07.878   Primary Spawner: "Vehicle", active: yes, repeat: 1
 6:59:07.878 [24] TrajectoryApple
 6:59:07.878   Primary Spawner: "Trajectory", active: yes, repeat: 1
 6:59:07.878 [25] TrajectoryCanina
 6:59:07.878   Primary Spawner: "Trajectory", active: yes, repeat: 1
 6:59:07.878 [26] TrajectoryConiferous
 6:59:07.878   Primary Spawner: "Trajectory", active: yes, repeat: 1
 6:59:07.878 [27] TrajectoryDeciduous
 6:59:07.878   Primary Spawner: "Trajectory", active: yes, repeat: 1
 6:59:07.878 [28] TrajectoryHumus
 6:59:07.878   Primary Spawner: "Trajectory", active: yes, repeat: 1
 6:59:07.878 [29] TrajectoryPear
 6:59:07.878   Primary Spawner: "Trajectory", active: yes, repeat: 1
 6:59:07.878 [30] TrajectoryPlum
 6:59:07.878   Primary Spawner: "Trajectory", active: yes, repeat: 1
 6:59:07.878 [31] TrajectorySambucus
 6:59:07.878   Primary Spawner: "Trajectory", active: yes, repeat: 1
 6:59:07.878 [32] TrajectoryStones
 6:59:07.878   Primary Spawner: "Trajectory", active: yes, repeat: 1
 6:59:07.878 [33] VehicleCivilianSedan
 6:59:07.878   Primary Spawner: "Vehicle", active: yes, repeat: 1
 6:59:07.878 [34] VehicleHatchback02
 6:59:07.878   Primary Spawner: "Vehicle", active: yes, repeat: 1
 6:59:07.878 [35] VehicleOffroadHatchback
 6:59:07.878   Primary Spawner: "Vehicle", active: yes, repeat: 1
 6:59:07.878 [36] VehicleSedan02
 6:59:07.878   Primary Spawner: "Vehicle", active: yes, repeat: 1
 6:59:07.878 [CE][Hive] :: Initializing of spawners done.
 6:59:07.878 [CE][Hive] :: Init sequence finished.
 6:59:07.878 Player connect enabled
 6:59:08.553 [IdleMode] Entering IN - save processed
 7:03:51.868 [Login]: Adding player Survivor (110066093) to login queue at position 0
 7:03:51.868 [LoginMachine]: Add player Survivor (110066093)
 7:03:51.868 [StateMachine]: Player Survivor (dpnid 110066093 uid ) Entering AuthPlayerLoginState
 7:03:52.86 [StateMachine]: Player Survivor (dpnid 110066093 uid ) Entering WaitAuthPlayerLoginState
 7:03:54.08 Player Survivor connected (id=BvAfWEwkf1BS22gq16ncvW4M3Ycn_607DPSKzJe9pnU=).
 7:03:54.08 Player "Survivor" is connected (steamID=76561198073956794)
 7:03:54.321 [IdleMode] Leaving OUT
 7:03:54.680 [StateMachine]: Player Survivor (dpnid 110066093 uid BvAfWEwkf1BS22gq16ncvW4M3Ycn_607DPSKzJe9pnU=) Entering DBGetLoginTimeLoginState
 7:03:54.711 [StateMachine]: Player Survivor (dpnid 110066093 uid BvAfWEwkf1BS22gq16ncvW4M3Ycn_607DPSKzJe9pnU=) Entering DBWaitLoginTimeLoginState
 7:04:09.726 [StateMachine]: Player Survivor (dpnid 110066093 uid BvAfWEwkf1BS22gq16ncvW4M3Ycn_607DPSKzJe9pnU=) Entering DBGetCharacterLoginState
 7:04:09.757 [StateMachine]: Player Survivor (dpnid 110066093 uid BvAfWEwkf1BS22gq16ncvW4M3Ycn_607DPSKzJe9pnU=) Entering CreateNetObjectsLoginState
 7:04:09.773 [StateMachine]: Player Survivor (dpnid 110066093 uid BvAfWEwkf1BS22gq16ncvW4M3Ycn_607DPSKzJe9pnU=) Entering PreloadCamLoginState
 7:04:09.773 [StateMachine]: Player Survivor (dpnid 110066093 uid BvAfWEwkf1BS22gq16ncvW4M3Ycn_607DPSKzJe9pnU=) Entering WaitPreloadCamLoginState
 7:04:28.943 [StateMachine]: Player Survivor (dpnid 110066093 uid BvAfWEwkf1BS22gq16ncvW4M3Ycn_607DPSKzJe9pnU=) Entering GetLoadedCharLoginState
 7:04:31.771 <LOAD EXISTING CHAR>:
    charID 1
    playerID 1
    dpnid 110066093
    uid BvAfWEwkf1BS22gq16ncvW4M3Ycn_607DPSKzJe9pnU=
 7:05:20.127 [CE][LootRespawner] (PRIDummy) :: Item [0] causing search overtime: "HatchbackTrunk_BlueRust"
 7:05:49.656 [CE][LootRespawner] (PRIDummy) :: Item [1] causing search overtime: "HatchbackTrunk_BlueRust"
 7:05:54.30 [CE][Links] found 0 total links between groups, of 1
 7:05:54.30 [CE][SpawnRandomLoot] (StaticHeliCrash) :: ChildType: Wreck_Mi8, lootmin: 10, lootmax: 20, wanted: 19
 7:06:19.185 [CE][LootRespawner] (PRIDummy) :: Item [2] causing search overtime: "HatchbackTrunk_BlueRust"
 7:06:48.714 [CE][LootRespawner] (PRIDummy) :: Item [3] causing search overtime: "HatchbackTrunk_BlueRust"
 7:07:18.461 [CE][LootRespawner] (PRIDummy) :: Item [4] causing search overtime: "HatchbackTrunk_BlueRust"
 7:07:47.334 [CE][LootRespawner] (PRIDummy) :: Item [5] causing search overtime: "HatchbackTrunk_BlueRust"
 7:07:47.444 [CE][LootRespawner] (PRIDummy) :: Item [0] is hard to place, performance drops: "PoliceCap"
 7:08:16.754 [CE][LootRespawner] (PRIDummy) :: Item [6] causing search overtime: "CivSedanDoors_Driver_BlackRust"
 7:08:16.863 [CE][LootRespawner] (PRIDummy) :: Item [7] causing search overtime: "HatchbackTrunk_BlueRust"
 7:08:46.626 [CE][LootRespawner] (PRIDummy) :: Item [8] causing search overtime: "CivSedanDoors_Driver_BlackRust"
 7:08:46.735 [CE][LootRespawner] (PRIDummy) :: Item [9] causing search overtime: "HatchbackTrunk_BlueRust"
 7:09:15.936 [CE][LootRespawner] (PRIDummy) :: Item [10] causing search overtime: "CivSedanDoors_Driver_BlackRust"
 7:09:16.155 [CE][LootRespawner] (PRIDummy) :: Item [11] causing search overtime: "HatchbackTrunk_BlueRust"
