

=====================================================================
== C:\Program Files (x86)\Steam\steamapps\common\DayZServer\DayZServer_x64.exe
== DayZServer_x64.exe  -config=serverDZ.cfg -profiles=ServerProfile -limitFPS=30
=====================================================================
Exe timestamp: 2020/07/10 13:13:22
Current time:  2020/07/10 14:23:42

Version 1.08.153258
14:23:42.334 [Inputs] Loading inputs default "bin/constants.xml"
14:23:42.334 [Inputs] Loading inputs default "bin/specific.xml"
14:23:42.334 !!! [Inputs] Invalid input name used "UAUIInspectItem" for context "ui" in "bin/specific.xml"
14:23:42.334 [Inputs] Loading inputs cfg "ServerProfile\Users\Survivor\Server.core.xml"
14:23:42.334 !!! [Inputs] Cannot read inputs cfg "ServerProfile\Users\Survivor\Server.core.xml", parser error
14:23:42.334 [Inputs] Loading inputs cfg "bin/core.xml"
14:23:42.334 !!! [Inputs] Cannot load input preset "user", file does not exist
14:23:42.334 [Inputs] Exporting inputs cfg "ServerProfile\Users\Survivor\Server.core.xml"
14:23:55.366 [CE][Hive] :: Initializing OFFLINE
14:23:55.366 [CE][Hive] :: Loading core data ... 
14:23:55.366 [CE][CoreData] :: 7 root classes, 18 defaults, 0 updaters...
14:23:57.353 [CE] :: WARNING :: Preset map "optics" is EMPTY.
14:23:57.353 [CE] :: WARNING :: Preset (attachments) with name 'bagsCity' was not found.
14:23:57.353 [CE] :: WARNING :: Preset (attachments) with name 'bagsCity' was not found.
14:23:57.353 [CE] :: WARNING :: Preset (attachments) with name 'bagsCity' was not found.
14:23:57.353 [CE] :: WARNING :: Preset (attachments) with name 'bagsCity' was not found.
14:23:57.353 [CE] :: WARNING :: Preset (attachments) with name 'bagsCity' was not found.
14:23:57.353 [CE] :: WARNING :: Preset (attachments) with name 'bagsCity' was not found.
14:23:57.353 [CE] :: WARNING :: Preset (attachments) with name 'bagsCity' was not found.
14:23:57.353 [CE] :: WARNING :: Preset (attachments) with name 'bagsCity' was not found.
14:23:57.353 [CE] :: WARNING :: Preset (attachments) with name 'bagsCity' was not found.
14:23:57.353 [CE] :: WARNING :: Preset (attachments) with name 'bagsCity' was not found.
14:23:57.353 [CE] :: WARNING :: Preset (attachments) with name 'bagsCity' was not found.
14:23:57.353 [CE] :: WARNING :: Preset (attachments) with name 'bagsCity' was not found.
14:23:57.353 [CE] :: WARNING :: Preset (attachments) with name 'bagsCity' was not found.
14:23:57.353 [CE] :: WARNING :: Preset (attachments) with name 'bagsCity' was not found.
14:23:57.353 [CE] :: WARNING :: Preset (attachments) with name 'hatsCitySkate' was not found.
14:23:57.353 [CE] :: WARNING :: Preset (attachments) with name 'bagsCity' was not found.
14:23:57.353 [CE] :: WARNING :: Preset (attachments) with name 'hatsCitySkate' was not found.
14:23:57.353 [CE] :: WARNING :: Preset (attachments) with name 'bagsCity' was not found.
14:23:57.353 [CE] :: WARNING :: Preset (attachments) with name 'hatsCitySkate' was not found.
14:23:57.353 [CE] :: WARNING :: Preset (attachments) with name 'bagsCity' was not found.
14:23:57.353 [CE] :: WARNING :: Preset (attachments) with name 'bagsCity' was not found.
14:23:57.353 [CE] :: WARNING :: Preset (attachments) with name 'bagsCity' was not found.
14:23:57.353 [CE] :: WARNING :: Preset (attachments) with name 'bagsCity' was not found.
14:23:57.353 [CE] :: WARNING :: Preset (attachments) with name 'bagsCity' was not found.
14:23:57.353 [CE] :: WARNING :: Preset (attachments) with name 'bagsCity' was not found.
14:23:57.353 [CE] :: WARNING :: Preset (attachments) with name 'bagsCity' was not found.
14:23:57.353 [CE] :: WARNING :: Preset (attachments) with name 'bagsCity' was not found.
14:23:57.353 [CE] :: WARNING :: Preset (attachments) with name 'bagsCity' was not found.
14:23:57.353 [CE] :: WARNING :: Preset (attachments) with name 'bagsCity' was not found.
14:23:57.353 [CE] :: WARNING :: Preset (attachments) with name 'bagsCity' was not found.
14:23:57.353 [CE] :: WARNING :: Preset (attachments) with name 'bagsCity' was not found.
14:23:57.353 [CE] :: WARNING :: Preset (attachments) with name 'bagsCity' was not found.
14:23:57.353 [CE] :: WARNING :: Preset (attachments) with name 'bagsCity' was not found.
14:23:57.353 [CE] :: WARNING :: Preset (attachments) with name 'bagsCity' was not found.
14:23:57.353 [CE] :: WARNING :: Preset (attachments) with name 'bagsCity' was not found.
14:23:57.353 [CE] :: WARNING :: Preset (attachments) with name 'bagsCity' was not found.
14:23:57.353 [CE] :: WARNING :: Preset (attachments) with name 'bagsCity' was not found.
14:23:57.353 [CE] :: WARNING :: Preset (attachments) with name 'bagsCity' was not found.
14:23:57.353 [CE] :: WARNING :: Preset (attachments) with name 'bagsCity' was not found.
14:23:57.353 [CE] :: WARNING :: Preset (attachments) with name 'bagsCity' was not found.
14:23:57.353 [CE] :: WARNING :: Preset (attachments) with name 'bagsCity' was not found.
14:23:57.353 [CE] :: WARNING :: Preset (attachments) with name 'bagsCity' was not found.
14:23:57.353 [CE] :: WARNING :: Preset (attachments) with name 'bagsCity' was not found.
14:23:57.353 [CE] :: WARNING :: Preset (attachments) with name 'bagsCity' was not found.
14:23:57.353 [CE] :: WARNING :: Preset (attachments) with name 'bagsCity' was not found.
14:23:57.353 [CE] :: WARNING :: Preset (attachments) with name 'hatsMotorbike' was not found.
14:23:57.353 [CE] :: WARNING :: Preset (attachments) with name 'hatsMotorbike' was not found.
14:23:57.353 [CE] :: WARNING :: Preset (attachments) with name 'hatsMotorbike' was not found.
14:23:57.353 [CE] :: WARNING :: Preset (attachments) with name 'hatsCitySkate' was not found.
14:23:57.353 [CE] :: WARNING :: Preset (attachments) with name 'bagsCity' was not found.
14:23:57.353 [CE] :: WARNING :: Preset (attachments) with name 'hatsCitySkate' was not found.
14:23:57.353 [CE] :: WARNING :: Preset (attachments) with name 'bagsCity' was not found.
14:23:57.353 [CE] :: WARNING :: Preset (attachments) with name 'hatsCitySkate' was not found.
14:23:57.353 [CE] :: WARNING :: Preset (attachments) with name 'bagsCity' was not found.
14:23:57.353 [CE] :: WARNING :: Preset (attachments) with name 'hatsCitySkate' was not found.
14:23:57.353 [CE] :: WARNING :: Preset (attachments) with name 'bagsCity' was not found.
14:23:57.353 [CE] :: WARNING :: Preset (attachments) with name 'hatsIndustrial' was not found.
14:23:57.353 [CE] :: WARNING :: Preset (attachments) with name 'bagsIndustrial' was not found.
14:23:57.353 [CE] :: WARNING :: Preset (attachments) with name 'hatsIndustrial' was not found.
14:23:57.353 [CE] :: WARNING :: Preset (attachments) with name 'bagsIndustrial' was not found.
14:23:57.353 [CE] :: WARNING :: Preset (attachments) with name 'hatsIndustrial' was not found.
14:23:57.353 [CE] :: WARNING :: Preset (attachments) with name 'bagsIndustrial' was not found.
14:23:57.353 [CE] :: WARNING :: Preset (attachments) with name 'hatsIndustrial' was not found.
14:23:57.353 [CE] :: WARNING :: Preset (attachments) with name 'bagsIndustrial' was not found.
14:23:57.353 [CE] :: WARNING :: Preset (attachments) with name 'hatsIndustrial' was not found.
14:23:57.353 [CE] :: WARNING :: Preset (attachments) with name 'bagsIndustrial' was not found.
14:23:57.353 [CE] :: WARNING :: Preset (attachments) with name 'hatsIndustrial' was not found.
14:23:57.353 [CE] :: WARNING :: Preset (attachments) with name 'bagsIndustrial' was not found.
14:23:57.353 [CE] :: WARNING :: Preset (attachments) with name 'hatsIndustrial' was not found.
14:23:57.353 [CE] :: WARNING :: Preset (attachments) with name 'bagsIndustrial' was not found.
14:23:57.353 [CE] :: WARNING :: Preset (attachments) with name 'hatsIndustrial' was not found.
14:23:57.353 [CE] :: WARNING :: Preset (attachments) with name 'bagsIndustrial' was not found.
14:23:57.353 [CE] :: WARNING :: Preset (attachments) with name 'hatsIndustrial' was not found.
14:23:57.353 [CE] :: WARNING :: Preset (attachments) with name 'bagsIndustrial' was not found.
14:23:57.353 [CE] :: WARNING :: Preset (attachments) with name 'hatsIndustrial' was not found.
14:23:57.353 [CE] :: WARNING :: Preset (attachments) with name 'bagsIndustrial' was not found.
14:23:57.353 [CE] :: WARNING :: Preset (attachments) with name 'hatsIndustrial' was not found.
14:23:57.353 [CE] :: WARNING :: Preset (attachments) with name 'bagsIndustrial' was not found.
14:23:57.353 [CE] :: WARNING :: Preset (attachments) with name 'hatsIndustrial' was not found.
14:23:57.353 [CE] :: WARNING :: Preset (attachments) with name 'bagsIndustrial' was not found.
14:23:57.353 [CE] :: WARNING :: Preset (attachments) with name 'hatsIndustrial' was not found.
14:23:57.353 [CE] :: WARNING :: Preset (attachments) with name 'bagsIndustrial' was not found.
14:23:57.353 [CE] :: WARNING :: Preset (attachments) with name 'hatsIndustrial' was not found.
14:23:57.353 [CE] :: WARNING :: Preset (attachments) with name 'bagsIndustrial' was not found.
14:23:57.353 [CE] :: WARNING :: Preset (attachments) with name 'hatsIndustrial' was not found.
14:23:57.353 [CE] :: WARNING :: Preset (attachments) with name 'bagsIndustrial' was not found.
14:23:57.353 [CE] :: WARNING :: Preset (attachments) with name 'hatsIndustrial' was not found.
14:23:57.353 [CE] :: WARNING :: Preset (attachments) with name 'bagsIndustrial' was not found.
14:23:57.353 [CE] :: WARNING :: Preset (attachments) with name 'hatsIndustrial' was not found.
14:23:57.353 [CE] :: WARNING :: Preset (attachments) with name 'bagsIndustrial' was not found.
14:23:57.353 [CE] :: WARNING :: Preset (attachments) with name 'hatsIndustrial' was not found.
14:23:57.353 [CE] :: WARNING :: Preset (attachments) with name 'bagsIndustrial' was not found.
14:23:57.353 [CE] :: WARNING :: Preset (attachments) with name 'hatsIndustrial' was not found.
14:23:57.353 [CE] :: WARNING :: Preset (attachments) with name 'bagsIndustrial' was not found.
14:23:57.353 [CE] :: WARNING :: Preset (attachments) with name 'hatsIndustrial' was not found.
14:23:57.353 [CE] :: WARNING :: Preset (attachments) with name 'bagsIndustrial' was not found.
14:23:57.353 [CE] :: WARNING :: Preset (attachments) with name 'hatsIndustrial' was not found.
14:23:57.353 [CE] :: WARNING :: Preset (attachments) with name 'bagsIndustrial' was not found.
14:23:57.353 [CE] :: WARNING :: Preset (attachments) with name 'hatsIndustrial' was not found.
14:23:57.353 [CE] :: WARNING :: Preset (attachments) with name 'bagsIndustrial' was not found.
14:23:57.353 [CE] :: WARNING :: Preset (attachments) with name 'hatsIndustrial' was not found.
14:23:57.353 [CE] :: WARNING :: Preset (attachments) with name 'bagsIndustrial' was not found.
14:23:57.353 [CE] :: WARNING :: Preset (attachments) with name 'hatsIndustrial' was not found.
14:23:57.353 [CE] :: WARNING :: Preset (attachments) with name 'bagsIndustrial' was not found.
14:23:57.353 [CE] :: WARNING :: Preset (attachments) with name 'hatsIndustrial' was not found.
14:23:57.353 [CE] :: WARNING :: Preset (attachments) with name 'bagsIndustrial' was not found.
14:23:57.353 [CE] :: WARNING :: Preset (attachments) with name 'hatsIndustrial' was not found.
14:23:57.353 [CE] :: WARNING :: Preset (attachments) with name 'bagsIndustrial' was not found.
14:23:57.353 [CE] :: WARNING :: Preset (attachments) with name 'hatsFirefighter' was not found.
14:23:57.353 [CE] :: WARNING :: Preset (attachments) with name 'hatsMedic' was not found.
14:23:57.353 [CE] :: WARNING :: Preset (attachments) with name 'hatsMedic' was not found.
14:23:57.353 [CE] :: WARNING :: Preset (attachments) with name 'hatsPolice' was not found.
14:23:57.353 [CE] :: WARNING :: Preset (attachments) with name 'vestsPolice' was not found.
14:23:57.353 [CE] :: WARNING :: Preset (attachments) with name 'hatsPolice' was not found.
14:23:57.353 [CE] :: WARNING :: Preset (attachments) with name 'vestsPolice' was not found.
14:23:57.353 [CE] :: WARNING :: Preset (attachments) with name 'hatsPolice' was not found.
14:23:57.353 [CE] :: WARNING :: Preset (attachments) with name 'vestsPolice' was not found.
14:23:57.353 [CE] :: WARNING :: Preset (attachments) with name 'hatsPrisoner' was not found.
14:23:57.353 [CE] :: WARNING :: Preset (attachments) with name 'hatsFarm' was not found.
14:23:57.353 [CE] :: WARNING :: Preset (attachments) with name 'hatsFarm' was not found.
14:23:57.353 [CE] :: WARNING :: Preset (attachments) with name 'hatsFarm' was not found.
14:23:57.353 [CE] :: WARNING :: Preset (attachments) with name 'hatsFarm' was not found.
14:23:57.353 [CE] :: WARNING :: Preset (attachments) with name 'hatsFarm' was not found.
14:23:57.353 [CE] :: WARNING :: Preset (attachments) with name 'hatsFarm' was not found.
14:23:57.353 [CE] :: WARNING :: Preset (attachments) with name 'hatsFarm' was not found.
14:23:57.353 [CE] :: WARNING :: Preset (attachments) with name 'hatsFarm' was not found.
14:23:57.353 [CE] :: WARNING :: Preset (attachments) with name 'hatsFarm' was not found.
14:23:57.353 [CE] :: WARNING :: Preset (attachments) with name 'hatsFarm' was not found.
14:23:57.353 [CE] :: WARNING :: Preset (attachments) with name 'hatsFarm' was not found.
14:23:57.353 [CE] :: WARNING :: Preset (attachments) with name 'hatsFarm' was not found.
14:23:57.353 [CE] :: WARNING :: Preset (attachments) with name 'hatsFarm' was not found.
14:23:57.353 [CE] :: WARNING :: Preset (attachments) with name 'hatsFarm' was not found.
14:23:57.353 [CE] :: WARNING :: Preset (attachments) with name 'hatsFarm' was not found.
14:23:57.353 [CE] :: WARNING :: Preset (attachments) with name 'hatsFarm' was not found.
14:23:57.353 [CE] :: WARNING :: Preset (attachments) with name 'hatsFarm' was not found.
14:23:57.353 [CE] :: WARNING :: Preset (attachments) with name 'hatsFarm' was not found.
14:23:57.353 [CE] :: WARNING :: Preset (attachments) with name 'hatsFarm' was not found.
14:23:57.353 [CE] :: WARNING :: Preset (attachments) with name 'hatsFarm' was not found.
14:23:57.353 [CE] :: WARNING :: Preset (attachments) with name 'hatsFarm' was not found.
14:23:57.353 [CE] :: WARNING :: Preset (attachments) with name 'hatsFarm' was not found.
14:23:57.353 [CE] :: WARNING :: Preset (attachments) with name 'hatsFarm' was not found.
14:23:57.353 [CE] :: WARNING :: Preset (attachments) with name 'hatsFarm' was not found.
14:23:57.353 [CE] :: WARNING :: Preset (attachments) with name 'hatsFarm' was not found.
14:23:57.353 [CE] :: WARNING :: Preset (attachments) with name 'hatsFarm' was not found.
14:23:57.353 [CE] :: WARNING :: Preset (attachments) with name 'hatsFarm' was not found.
14:23:57.353 [CE] :: WARNING :: Preset (attachments) with name 'hatsFarm' was not found.
14:23:57.353 [CE] :: WARNING :: Preset (attachments) with name 'hatsFarm' was not found.
14:23:57.353 [CE] :: WARNING :: Preset (attachments) with name 'hatsFarm' was not found.
14:23:57.353 [CE] :: WARNING :: Preset (attachments) with name 'hatsFarm' was not found.
14:23:57.353 [CE] :: WARNING :: Preset (attachments) with name 'hatsFarm' was not found.
14:23:57.353 [CE] :: WARNING :: Preset (attachments) with name 'hatsFarm' was not found.
14:23:57.353 [CE][TypeSetup] :: 263 classes setuped...
14:23:57.431 [CE][RegisterBind] :: 0 classes binded...
14:23:57.431 [CE][RegisterConfig] :: 2924 config classes registered, 1 sub-counters...
14:23:57.431 [CE][Hive] :: Loading map data ... 
14:23:57.462 !!! [CE] :: Unknown category: 'vehicleparts'.
14:23:57.462 !!! [CE] :: Unknown category: 'vehicleparts'.
14:23:57.462 !!! [CE] :: Unknown category: 'vehicleparts'.
14:23:57.462 !!! [CE] :: Unknown category: 'vehicleparts'.
14:23:57.462 !!! [CE] :: Unknown category: 'vehicleparts'.
14:23:57.462 !!! [CE] :: Unknown category: 'vehicleparts'.
14:23:57.462 !!! [CE] :: Unknown category: 'vehicleparts'.
14:23:57.462 !!! [CE] :: Unknown category: 'vehicleparts'.
14:23:57.462 !!! [CE] :: Unknown category: 'vehicleparts'.
14:23:57.462 !!! [CE] :: Unknown category: 'vehicleparts'.
14:23:57.462 !!! [CE] :: Unknown category: 'vehicleparts'.
14:23:57.462 !!! [CE] :: Unknown category: 'vehicleparts'.
14:23:57.462 !!! [CE] :: Unknown category: 'vehicleparts'.
14:23:57.462 !!! [CE] :: Unknown category: 'vehicleparts'.
14:23:57.462 !!! [CE] :: Unknown category: 'vehicleparts'.
14:23:57.462 !!! [CE] :: Unknown category: 'vehicleparts'.
14:23:57.462 !!! [CE] :: Unknown category: 'vehicleparts'.
14:23:57.462 !!! [CE] :: Unknown category: 'vehicleparts'.
14:23:57.462 !!! [CE] :: Unknown category: 'vehicleparts'.
14:23:57.462 !!! [CE] :: Unknown category: 'vehicleparts'.
14:23:57.462 !!! [CE] :: Unknown category: 'vehicleparts'.
14:23:57.462 !!! [CE] :: Unknown category: 'vehicleparts'.
14:23:57.462 !!! [CE] :: Unknown category: 'vehicleparts'.
14:23:57.462 !!! [CE] :: Unknown category: 'vehicleparts'.
14:23:57.462 [CE][LoadPrototype] :: loaded 329 prototypes
14:23:57.462   701 containers, 9117 points
14:23:57.462   24 dispatches, 90 proxies
14:23:57.462 !!! [CE][LoadPrototype] 12 groups have no points...
14:23:57.462 !!![CE][LoadPrototype]  3 groups have wrong points...
14:23:57.462 [CE][LoadPrototype] :: last group name: Land_Lunapark_Autodrome...
14:23:57.478 [CE][LoadPrototype] :: loaded 0 prototypes
14:23:57.478   0 containers, 0 points
14:23:57.478   0 dispatches, 0 proxies
14:23:57.478 [CE][LoadPrototype] :: last group name: Rail9...
14:23:57.962 [CE][LoadMap] "Group" :: loaded 11599 groups, largest group range: 34.2
14:23:57.978 [CE][LoadMap] "Dirt" :: loaded 0 groups, largest group range: 34.2
14:23:58.400 [CE][Links] found 1896 total links between groups, of 11599
14:23:58.400 [CE][LoadClusters] "Cluster" :: Loading files...
14:23:58.571 [CE][LoadClusters] :: file: "mapgroupcluster.xml", 9 types, 50000 instances
14:23:58.759 [CE][LoadClusters] :: file: "mapgroupcluster01", 9 types, 50000 instances
14:23:58.946 [CE][LoadClusters] :: file: "mapgroupcluster02", 9 types, 50000 instances
14:23:59.149 [CE][LoadClusters] :: file: "mapgroupcluster03", 9 types, 50000 instances
14:23:59.228 [CE][LoadClusters] :: file: "mapgroupcluster04", 9 types, 17229 instances
14:23:59.228 [CE][Storage] ver:21 stamp:60, valid:yes, name:"mpmissions\dayzOffline.chernarusplus\storage_1\data\types.bin"
14:23:59.228 [CE][Storage] ver:21 stamp:22, valid:yes, name:"mpmissions\dayzOffline.chernarusplus\storage_1\data\types.001"
14:23:59.243 [CE][Storage] ver:21 stamp:20, valid:yes, name:"mpmissions\dayzOffline.chernarusplus\storage_1\data\types.002"
14:23:59.243 [CE][Storage] Restoring file "mpmissions\dayzOffline.chernarusplus\storage_1\data\types.bin".
14:23:59.259 [CE][offlineDB] :: Loaded 37 dynamic events 216 total types 0 total positions.
14:23:59.274 !!! [CE] :: Unknown usage: 'Lunapark'.
14:23:59.274 [CE][Storage] ver:21 stamp:60, valid:yes, name:"mpmissions\dayzOffline.chernarusplus\storage_1\data\events.bin"
14:23:59.274 [CE][Storage] ver:21 stamp:22, valid:yes, name:"mpmissions\dayzOffline.chernarusplus\storage_1\data\events.001"
14:23:59.290 [CE][Storage] ver:21 stamp:20, valid:yes, name:"mpmissions\dayzOffline.chernarusplus\storage_1\data\events.002"
14:23:59.290 [CE][Storage] Restoring file "mpmissions\dayzOffline.chernarusplus\storage_1\data\events.bin".
14:23:59.290 [CE][DynamicEvent] Load  Events:[37] Primary spawners: 37 Secondary spawners: 1
14:23:59.290 [CE][Storage] ver:25 stamp:60, valid:yes, name:"mpmissions\dayzOffline.chernarusplus\storage_1\data\dynamic_000.bin"
14:23:59.290 [CE][Storage] ver:25 stamp:22, valid:yes, name:"mpmissions\dayzOffline.chernarusplus\storage_1\data\dynamic_000.001"
14:23:59.290 [CE][Storage] ver:25 stamp:20, valid:yes, name:"mpmissions\dayzOffline.chernarusplus\storage_1\data\dynamic_000.002"
14:23:59.290 [CE][Storage] Restoring file "mpmissions\dayzOffline.chernarusplus\storage_1\data\dynamic_000.bin" 874 items.
14:23:59.696   874 items loaded.
14:23:59.696 [CE][Storage] ver:25 stamp:60, valid:yes, name:"mpmissions\dayzOffline.chernarusplus\storage_1\data\dynamic_001.bin"
14:23:59.696 [CE][Storage] ver:25 stamp:22, valid:yes, name:"mpmissions\dayzOffline.chernarusplus\storage_1\data\dynamic_001.001"
14:23:59.696 [CE][Storage] ver:25 stamp:20, valid:yes, name:"mpmissions\dayzOffline.chernarusplus\storage_1\data\dynamic_001.002"
14:23:59.696 [CE][Storage] Restoring file "mpmissions\dayzOffline.chernarusplus\storage_1\data\dynamic_001.bin" 1615 items.
14:24:00.103   1615 items loaded.
14:24:00.103 [CE][Storage] ver:25 stamp:60, valid:yes, name:"mpmissions\dayzOffline.chernarusplus\storage_1\data\dynamic_002.bin"
14:24:00.118 [CE][Storage] ver:25 stamp:22, valid:yes, name:"mpmissions\dayzOffline.chernarusplus\storage_1\data\dynamic_002.001"
14:24:00.118 [CE][Storage] ver:25 stamp:20, valid:yes, name:"mpmissions\dayzOffline.chernarusplus\storage_1\data\dynamic_002.002"
14:24:00.118 [CE][Storage] Restoring file "mpmissions\dayzOffline.chernarusplus\storage_1\data\dynamic_002.bin" 2604 items.
14:24:00.618   2604 items loaded.
14:24:00.618 [CE][Storage] ver:25 stamp:60, valid:yes, name:"mpmissions\dayzOffline.chernarusplus\storage_1\data\dynamic_003.bin"
14:24:00.618 [CE][Storage] ver:25 stamp:22, valid:yes, name:"mpmissions\dayzOffline.chernarusplus\storage_1\data\dynamic_003.001"
14:24:00.634 [CE][Storage] ver:25 stamp:20, valid:yes, name:"mpmissions\dayzOffline.chernarusplus\storage_1\data\dynamic_003.002"
14:24:00.634 [CE][Storage] Restoring file "mpmissions\dayzOffline.chernarusplus\storage_1\data\dynamic_003.bin" 2097 items.
14:24:01.09   2097 items loaded.
14:24:01.09 [CE][Storage] ver:25 stamp:60, valid:yes, name:"mpmissions\dayzOffline.chernarusplus\storage_1\data\dynamic_004.bin"
14:24:01.09 [CE][Storage] ver:25 stamp:22, valid:yes, name:"mpmissions\dayzOffline.chernarusplus\storage_1\data\dynamic_004.001"
14:24:01.09 [CE][Storage] ver:25 stamp:20, valid:yes, name:"mpmissions\dayzOffline.chernarusplus\storage_1\data\dynamic_004.002"
14:24:01.09 [CE][Storage] Restoring file "mpmissions\dayzOffline.chernarusplus\storage_1\data\dynamic_004.bin" 1960 items.
14:24:01.368   1960 items loaded.
14:24:01.368 [CE][Storage] ver:25 stamp:60, valid:yes, name:"mpmissions\dayzOffline.chernarusplus\storage_1\data\dynamic_005.bin"
14:24:01.384 [CE][Storage] ver:25 stamp:22, valid:yes, name:"mpmissions\dayzOffline.chernarusplus\storage_1\data\dynamic_005.001"
14:24:01.384 [CE][Storage] ver:25 stamp:20, valid:yes, name:"mpmissions\dayzOffline.chernarusplus\storage_1\data\dynamic_005.002"
14:24:01.384 [CE][Storage] Restoring file "mpmissions\dayzOffline.chernarusplus\storage_1\data\dynamic_005.bin" 2107 items.
14:24:01.759   2107 items loaded.
14:24:01.759 [CE][Storage] ver:25 stamp:60, valid:yes, name:"mpmissions\dayzOffline.chernarusplus\storage_1\data\dynamic_006.bin"
14:24:01.774 [CE][Storage] ver:25 stamp:22, valid:yes, name:"mpmissions\dayzOffline.chernarusplus\storage_1\data\dynamic_006.001"
14:24:01.774 [CE][Storage] ver:25 stamp:20, valid:yes, name:"mpmissions\dayzOffline.chernarusplus\storage_1\data\dynamic_006.002"
14:24:01.774 [CE][Storage] Restoring file "mpmissions\dayzOffline.chernarusplus\storage_1\data\dynamic_006.bin" 1468 items.
14:24:02.40   1468 items loaded.
14:24:02.40 [CE][Storage] ver:25 stamp:60, valid:yes, name:"mpmissions\dayzOffline.chernarusplus\storage_1\data\dynamic_007.bin"
14:24:02.56 [CE][Storage] ver:25 stamp:22, valid:yes, name:"mpmissions\dayzOffline.chernarusplus\storage_1\data\dynamic_007.001"
14:24:02.56 [CE][Storage] ver:25 stamp:20, valid:yes, name:"mpmissions\dayzOffline.chernarusplus\storage_1\data\dynamic_007.002"
14:24:02.56 [CE][Storage] Restoring file "mpmissions\dayzOffline.chernarusplus\storage_1\data\dynamic_007.bin" 1515 items.
14:24:02.337   1515 items loaded.
14:24:02.337 [CE][Storage] ver:25 stamp:60, valid:yes, name:"mpmissions\dayzOffline.chernarusplus\storage_1\data\dynamic_008.bin"
14:24:02.352 [CE][Storage] ver:25 stamp:22, valid:yes, name:"mpmissions\dayzOffline.chernarusplus\storage_1\data\dynamic_008.001"
14:24:02.352 [CE][Storage] ver:25 stamp:20, valid:yes, name:"mpmissions\dayzOffline.chernarusplus\storage_1\data\dynamic_008.002"
14:24:02.352 [CE][Storage] Restoring file "mpmissions\dayzOffline.chernarusplus\storage_1\data\dynamic_008.bin" 2117 items.
14:24:02.790   2117 items loaded.
14:24:02.790 [CE][Storage] ver:25 stamp:60, valid:yes, name:"mpmissions\dayzOffline.chernarusplus\storage_1\data\dynamic_009.bin"
14:24:02.805 [CE][Storage] ver:25 stamp:22, valid:yes, name:"mpmissions\dayzOffline.chernarusplus\storage_1\data\dynamic_009.001"
14:24:02.805 [CE][Storage] ver:25 stamp:20, valid:yes, name:"mpmissions\dayzOffline.chernarusplus\storage_1\data\dynamic_009.002"
14:24:02.805 [CE][Storage] Restoring file "mpmissions\dayzOffline.chernarusplus\storage_1\data\dynamic_009.bin" 2674 items.
14:24:03.321   2674 items loaded.
14:24:03.321 [CE][Storage] ver:25 stamp:60, valid:yes, name:"mpmissions\dayzOffline.chernarusplus\storage_1\data\dynamic_010.bin"
14:24:03.337 [CE][Storage] ver:25 stamp:22, valid:yes, name:"mpmissions\dayzOffline.chernarusplus\storage_1\data\dynamic_010.001"
14:24:03.352 [CE][Storage] ver:25 stamp:20, valid:yes, name:"mpmissions\dayzOffline.chernarusplus\storage_1\data\dynamic_010.002"
14:24:03.352 [CE][Storage] Restoring file "mpmissions\dayzOffline.chernarusplus\storage_1\data\dynamic_010.bin" 1646 items.
14:24:03.696   1646 items loaded.
14:24:03.696 [CE][Storage] ver:25 stamp:60, valid:yes, name:"mpmissions\dayzOffline.chernarusplus\storage_1\data\dynamic_011.bin"
14:24:03.696 [CE][Storage] ver:25 stamp:22, valid:yes, name:"mpmissions\dayzOffline.chernarusplus\storage_1\data\dynamic_011.001"
14:24:03.696 [CE][Storage] ver:25 stamp:20, valid:yes, name:"mpmissions\dayzOffline.chernarusplus\storage_1\data\dynamic_011.002"
14:24:03.696 [CE][Storage] Restoring file "mpmissions\dayzOffline.chernarusplus\storage_1\data\dynamic_011.bin" 179 items.
14:24:03.727   179 items loaded.
14:24:03.743 [CE][Storage] ver:25 stamp:60, valid:yes, name:"mpmissions\dayzOffline.chernarusplus\storage_1\data\vehicles.bin"
14:24:03.743 [CE][Storage] ver:25 stamp:22, valid:yes, name:"mpmissions\dayzOffline.chernarusplus\storage_1\data\vehicles.001"
14:24:03.743 [CE][Storage] ver:25 stamp:20, valid:yes, name:"mpmissions\dayzOffline.chernarusplus\storage_1\data\vehicles.002"
14:24:03.743 [CE][Storage] Restoring file "mpmissions\dayzOffline.chernarusplus\storage_1\data\vehicles.bin" 93 items.
14:24:04.227   93 items loaded.
14:24:04.274 [CE][Hive] :: Storage load took:4.99 seconds, recovery stamp:60
14:24:04.274   entity: 23612, building: 0
14:24:04.274   no lifetime: 39
14:24:04.274 [CE][Hive] :: Initializing ... 
14:24:04.290 [CE][InitializeMap] :: initialized: 0
14:24:04.290 [CE][Hive] :: Initializing spawners ... 
14:24:05.102 [CE][LootRespawner] (PRIDummy) :: Initially (re)spawned:0, Nominal:20826, Total in Map: 20986 at 0 (sec)
14:24:05.102   tests:0, repeats:0 fails:0, overtime:0
14:24:05.102 [CE][DynEvent] :: 37 types
14:24:05.102 [00] AmbientHen
14:24:05.102   Primary Spawner: "Ambient", active: yes, repeat: 1
14:24:05.102 [01] AnimalBear
14:24:05.102   Primary Spawner: "Animal", active: yes, repeat: 1
14:24:05.102 [02] AnimalCow
14:24:05.102   Primary Spawner: "Animal", active: yes, repeat: 1
14:24:05.102 [03] AnimalDeer
14:24:05.102   Primary Spawner: "Animal", active: yes, repeat: 1
14:24:05.102 [04] AnimalGoat
14:24:05.102   Primary Spawner: "Animal", active: yes, repeat: 1
14:24:05.102 [05] AnimalPig
14:24:05.102   Primary Spawner: "Animal", active: yes, repeat: 1
14:24:05.102 [06] AnimalRoeDeer
14:24:05.102   Primary Spawner: "Animal", active: yes, repeat: 1
14:24:05.102 [07] AnimalSheep
14:24:05.102   Primary Spawner: "Animal", active: yes, repeat: 1
14:24:05.102 [08] AnimalWildBoar
14:24:05.102   Primary Spawner: "Animal", active: yes, repeat: 1
14:24:05.102 [09] AnimalWolf
14:24:05.102   Primary Spawner: "Animal", active: yes, repeat: 1
14:24:05.102 [10] InfectedArmy
14:24:05.102   Primary Spawner: "Infected", active: yes, repeat: 1
14:24:05.102 [11] InfectedCity
14:24:05.102   Primary Spawner: "Infected", active: yes, repeat: 1
14:24:05.102 [12] InfectedFirefighter
14:24:05.102   Primary Spawner: "Infected", active: yes, repeat: 1
14:24:05.102 [13] InfectedIndustrial
14:24:05.102   Primary Spawner: "Infected", active: yes, repeat: 1
14:24:05.102 [14] InfectedMedic
14:24:05.102   Primary Spawner: "Infected", active: yes, repeat: 1
14:24:05.102 [15] InfectedPolice
14:24:05.102   Primary Spawner: "Infected", active: yes, repeat: 1
14:24:05.102 [16] InfectedPrisoner
14:24:05.102   Primary Spawner: "Infected", active: yes, repeat: 1
14:24:05.102 [17] InfectedReligious
14:24:05.102   Primary Spawner: "Infected", active: yes, repeat: 1
14:24:05.102 [18] InfectedSolitude
14:24:05.102   Primary Spawner: "Infected", active: yes, repeat: 1
14:24:05.102 [19] InfectedVillage
14:24:05.102   Primary Spawner: "Infected", active: yes, repeat: 1
14:24:05.102 [20] ItemPlanks
14:24:05.102   Primary Spawner: "Item", active: yes, repeat: 1
14:24:05.102 [21] Loot
14:24:05.102   Primary Spawner: "Loot", active: yes, repeat: 2
14:24:05.102 [22] StaticHeliCrash
14:24:05.102   Primary Spawner: "Vehicle", active: yes, repeat: 1
14:24:05.102   Secondary Spawner: "Infected", active: yes, repeat: 1
14:24:05.102 [23] StaticPoliceCar
14:24:05.102   Primary Spawner: "Vehicle", active: yes, repeat: 1
14:24:05.102 [24] TrajectoryApple
14:24:05.102   Primary Spawner: "Trajectory", active: yes, repeat: 1
14:24:05.102 [25] TrajectoryCanina
14:24:05.102   Primary Spawner: "Trajectory", active: yes, repeat: 1
14:24:05.102 [26] TrajectoryConiferous
14:24:05.102   Primary Spawner: "Trajectory", active: yes, repeat: 1
14:24:05.102 [27] TrajectoryDeciduous
14:24:05.102   Primary Spawner: "Trajectory", active: yes, repeat: 1
14:24:05.102 [28] TrajectoryHumus
14:24:05.102   Primary Spawner: "Trajectory", active: yes, repeat: 1
14:24:05.102 [29] TrajectoryPear
14:24:05.102   Primary Spawner: "Trajectory", active: yes, repeat: 1
14:24:05.102 [30] TrajectoryPlum
14:24:05.102   Primary Spawner: "Trajectory", active: yes, repeat: 1
14:24:05.102 [31] TrajectorySambucus
14:24:05.102   Primary Spawner: "Trajectory", active: yes, repeat: 1
14:24:05.102 [32] TrajectoryStones
14:24:05.102   Primary Spawner: "Trajectory", active: yes, repeat: 1
14:24:05.102 [33] VehicleCivilianSedan
14:24:05.102   Primary Spawner: "Vehicle", active: yes, repeat: 1
14:24:05.102 [34] VehicleHatchback02
14:24:05.102   Primary Spawner: "Vehicle", active: yes, repeat: 1
14:24:05.102 [35] VehicleOffroadHatchback
14:24:05.102   Primary Spawner: "Vehicle", active: yes, repeat: 1
14:24:05.102 [36] VehicleSedan02
14:24:05.102   Primary Spawner: "Vehicle", active: yes, repeat: 1
14:24:05.102 [CE][Hive] :: Initializing of spawners done.
14:24:05.118 [CE][Hive] :: Init sequence finished.
14:24:05.118 Player connect enabled
14:24:05.352 [IdleMode] Entering IN - save processed
14:33:18.188 [Login]: Adding player Survivor (281484804) to login queue at position 0
14:33:18.188 [LoginMachine]: Add player Survivor (281484804)
14:33:18.188 [StateMachine]: Player Survivor (dpnid 281484804 uid ) Entering AuthPlayerLoginState
14:33:18.407 [StateMachine]: Player Survivor (dpnid 281484804 uid ) Entering WaitAuthPlayerLoginState
14:33:20.01 Player Survivor connected (id=Vhnx0c62d7_GbpGdbpwaxNkeYxa0MkaiNJ4yueo4Tv4=).
14:33:20.01 Player "Survivor" is connected (steamID=76561198123513865)
14:33:20.688 [StateMachine]: Player Survivor (dpnid 281484804 uid Vhnx0c62d7_GbpGdbpwaxNkeYxa0MkaiNJ4yueo4Tv4=) Entering DBGetLoginTimeLoginState
14:33:20.782 [StateMachine]: Player Survivor (dpnid 281484804 uid Vhnx0c62d7_GbpGdbpwaxNkeYxa0MkaiNJ4yueo4Tv4=) Entering DBWaitLoginTimeLoginState
14:33:24.313 [IdleMode] Leaving OUT
14:33:35.828 [StateMachine]: Player Survivor (dpnid 281484804 uid Vhnx0c62d7_GbpGdbpwaxNkeYxa0MkaiNJ4yueo4Tv4=) Entering DBGetCharacterLoginState
14:33:35.937 [StateMachine]: Player Survivor (dpnid 281484804 uid Vhnx0c62d7_GbpGdbpwaxNkeYxa0MkaiNJ4yueo4Tv4=) Entering CreateNetObjectsLoginState
14:33:36.00 [StateMachine]: Player Survivor (dpnid 281484804 uid Vhnx0c62d7_GbpGdbpwaxNkeYxa0MkaiNJ4yueo4Tv4=) Entering PreloadCamLoginState
14:33:36.31 [StateMachine]: Player Survivor (dpnid 281484804 uid Vhnx0c62d7_GbpGdbpwaxNkeYxa0MkaiNJ4yueo4Tv4=) Entering WaitPreloadCamLoginState
14:33:52.217 [StateMachine]: Player Survivor (dpnid 281484804 uid Vhnx0c62d7_GbpGdbpwaxNkeYxa0MkaiNJ4yueo4Tv4=) Entering GetNewCharLoginState
14:33:55.108 <CREATE NEW CHAR>:
    charID 2
    playerID 2
    dpnid 281484804
    uid Vhnx0c62d7_GbpGdbpwaxNkeYxa0MkaiNJ4yueo4Tv4=
14:40:29.810 [Login]: Adding player Survivor (217756102) to login queue at position 0
14:40:29.810 [LoginMachine]: Add player Survivor (217756102)
14:40:29.810 [StateMachine]: Player Survivor (dpnid 217756102 uid ) Entering AuthPlayerLoginState
14:40:30.45 [StateMachine]: Player Survivor (dpnid 217756102 uid ) Entering WaitAuthPlayerLoginState
14:40:31.685 Player Survivor (2) connected (id=BvAfWEwkf1BS22gq16ncvW4M3Ycn_607DPSKzJe9pnU=).
14:40:31.685 Player "Survivor (2)" is connected (steamID=76561198073956794)
14:40:32.357 [StateMachine]: Player Survivor (dpnid 217756102 uid BvAfWEwkf1BS22gq16ncvW4M3Ycn_607DPSKzJe9pnU=) Entering DBGetLoginTimeLoginState
14:40:32.482 [StateMachine]: Player Survivor (dpnid 217756102 uid BvAfWEwkf1BS22gq16ncvW4M3Ycn_607DPSKzJe9pnU=) Entering DBWaitLoginTimeLoginState
14:40:47.543 [StateMachine]: Player Survivor (dpnid 217756102 uid BvAfWEwkf1BS22gq16ncvW4M3Ycn_607DPSKzJe9pnU=) Entering DBGetCharacterLoginState
14:40:47.668 [StateMachine]: Player Survivor (dpnid 217756102 uid BvAfWEwkf1BS22gq16ncvW4M3Ycn_607DPSKzJe9pnU=) Entering CreateNetObjectsLoginState
14:40:47.731 [StateMachine]: Player Survivor (dpnid 217756102 uid BvAfWEwkf1BS22gq16ncvW4M3Ycn_607DPSKzJe9pnU=) Entering PreloadCamLoginState
14:40:47.778 [StateMachine]: Player Survivor (dpnid 217756102 uid BvAfWEwkf1BS22gq16ncvW4M3Ycn_607DPSKzJe9pnU=) Entering WaitPreloadCamLoginState
14:41:03.750 [StateMachine]: Player Survivor (dpnid 217756102 uid BvAfWEwkf1BS22gq16ncvW4M3Ycn_607DPSKzJe9pnU=) Entering GetLoadedCharLoginState
14:41:03.844 <LOAD EXISTING CHAR>:
    charID 1
    playerID 1
    dpnid 217756102
    uid BvAfWEwkf1BS22gq16ncvW4M3Ycn_607DPSKzJe9pnU=
14:44:09.475 [CE][LootRespawner] (PRIDummy) :: Item [0] causing search overtime: "Hatchback_02_Door_1_1_RedRust"
14:44:30.947 Respawn: Add player Survivor (281484804) to respawn machine
14:44:30.947 [StateMachine]: Player Survivor (dpnid 281484804 uid ) Entering GetCharacterRespawnState
14:44:30.994 [StateMachine]: Player Survivor (dpnid 281484804 uid ) Entering PreloadCamRespawnState
14:44:31.41 [StateMachine]: Player Survivor (dpnid 281484804 uid ) Entering WaitPreloadCamRespawnState
14:44:31.853 [StateMachine]: Player Survivor (dpnid 281484804 uid ) Entering GetNewCharRespawnState
14:44:31.963 <RESPAWN NEW CHAR>:
    charID 2
    playerID 2
    dpnid 281484804
    uid Vhnx0c62d7_GbpGdbpwaxNkeYxa0MkaiNJ4yueo4Tv4=
14:44:43.790 [CE][LootRespawner] (PRIDummy) :: Item [1] causing search overtime: "Hatchback_02_Door_1_1_RedRust"
14:45:18.766 [CE][LootRespawner] (PRIDummy) :: Item [2] causing search overtime: "Hatchback_02_Door_1_1_BlackRust"
14:45:18.891 [CE][LootRespawner] (PRIDummy) :: Item [3] causing search overtime: "Hatchback_02_Door_1_1_RedRust"
14:45:19.00 [CE][LootRespawner] (PRIDummy) :: Item [4] causing search overtime: "HatchbackHood_BlueRust"
14:45:19.125 [CE][LootRespawner] (PRIDummy) :: Item [5] causing search overtime: "Hatchback_02_Door_2_1_RedRust"
14:45:19.250 [CE][LootRespawner] (PRIDummy) :: Item [6] causing search overtime: "HatchbackHood_GreenRust"
14:45:53.545 [CE][LootRespawner] (PRIDummy) :: Item [7] causing search overtime: "Hatchback_02_Door_1_1_BlackRust"
14:45:53.670 [CE][LootRespawner] (PRIDummy) :: Item [8] causing search overtime: "Hatchback_02_Door_1_1_RedRust"
14:45:53.795 [CE][LootRespawner] (PRIDummy) :: Item [9] causing search overtime: "HatchbackHood_BlueRust"
14:45:53.920 [CE][LootRespawner] (PRIDummy) :: Item [10] causing search overtime: "Hatchback_02_Door_2_1_RedRust"
14:45:54.45 [CE][LootRespawner] (PRIDummy) :: Item [11] causing search overtime: "HatchbackHood_GreenRust"
14:46:23.840 [Disconnect]: Start script disconnect 281484804 (dbCharacterId 2 dbPlayerId 2) logoutTime 15
14:46:26.152 [Disconnect]: Client 281484804 disconnecting
14:46:26.152 [Disconnect]: Client 281484804 early disconnect
14:46:26.184 [Disconnect]: Start script disconnect 281484804 (dbCharacterId 2 dbPlayerId 2) logoutTime 15
14:46:26.324 [Disconnect]: Remove player info 281484804
14:46:26.371 [Disconnect]: Player destroy 281484804 
14:46:29.58 [CE][LootRespawner] (PRIDummy) :: Item [12] causing search overtime: "Hatchback_02_Door_1_1_BlackRust"
14:46:29.183 [CE][LootRespawner] (PRIDummy) :: Item [13] causing search overtime: "Hatchback_02_Door_1_1_RedRust"
14:46:29.308 [CE][LootRespawner] (PRIDummy) :: Item [14] causing search overtime: "HatchbackHood_BlueRust"
14:46:29.433 [CE][LootRespawner] (PRIDummy) :: Item [15] causing search overtime: "Hatchback_02_Door_2_1_RedRust"
14:46:29.558 [CE][LootRespawner] (PRIDummy) :: Item [16] causing search overtime: "HatchbackHood_GreenRust"
14:46:38.870 [Disconnect]: Finish script disconnect -1
14:47:04.556 [CE][LootRespawner] (PRIDummy) :: Item [17] causing search overtime: "Hatchback_02_Door_1_1_BlackRust"
14:47:04.665 [CE][LootRespawner] (PRIDummy) :: Item [18] causing search overtime: "Hatchback_02_Door_1_1_RedRust"
14:47:04.775 [CE][LootRespawner] (PRIDummy) :: Item [19] causing search overtime: "HatchbackHood_BlueRust"
14:55:29.574 [Disconnect]: Client 217756102 disconnecting
14:55:29.574 [Disconnect]: Client 217756102 early disconnect
14:55:29.589 [Disconnect]: Start script disconnect 217756102 (dbCharacterId 1 dbPlayerId 1) logoutTime 15
14:55:29.589 [Disconnect]: Finish script disconnect 217756102
14:55:29.589 [Disconnect]: DisconnectPlayerFinish 217756102
14:55:29.589 [Disconnect]: Remove player info 217756102
14:55:29.589 [Disconnect]: Player destroy 217756102 
14:55:47.963 [Login]: Adding player Survivor (1135916567) to login queue at position 0
14:55:47.963 [LoginMachine]: Add player Survivor (1135916567)
14:55:47.963 [StateMachine]: Player Survivor (dpnid 1135916567 uid ) Entering AuthPlayerLoginState
14:55:48.166 [StateMachine]: Player Survivor (dpnid 1135916567 uid ) Entering WaitAuthPlayerLoginState
14:55:49.791 Player Survivor connected (id=BvAfWEwkf1BS22gq16ncvW4M3Ycn_607DPSKzJe9pnU=).
14:55:49.791 Player "Survivor" is connected (steamID=76561198073956794)
14:55:50.791 [StateMachine]: Player Survivor (dpnid 1135916567 uid BvAfWEwkf1BS22gq16ncvW4M3Ycn_607DPSKzJe9pnU=) Entering DBGetLoginTimeLoginState
14:55:50.900 [StateMachine]: Player Survivor (dpnid 1135916567 uid BvAfWEwkf1BS22gq16ncvW4M3Ycn_607DPSKzJe9pnU=) Entering DBWaitLoginTimeLoginState
14:56:05.962 [StateMachine]: Player Survivor (dpnid 1135916567 uid BvAfWEwkf1BS22gq16ncvW4M3Ycn_607DPSKzJe9pnU=) Entering DBGetCharacterLoginState
14:56:06.71 [StateMachine]: Player Survivor (dpnid 1135916567 uid BvAfWEwkf1BS22gq16ncvW4M3Ycn_607DPSKzJe9pnU=) Entering CreateNetObjectsLoginState
14:56:06.118 [StateMachine]: Player Survivor (dpnid 1135916567 uid BvAfWEwkf1BS22gq16ncvW4M3Ycn_607DPSKzJe9pnU=) Entering PreloadCamLoginState
14:56:06.165 [StateMachine]: Player Survivor (dpnid 1135916567 uid BvAfWEwkf1BS22gq16ncvW4M3Ycn_607DPSKzJe9pnU=) Entering WaitPreloadCamLoginState
14:56:22.570 [StateMachine]: Player Survivor (dpnid 1135916567 uid BvAfWEwkf1BS22gq16ncvW4M3Ycn_607DPSKzJe9pnU=) Entering GetNewCharLoginState
14:56:22.695 <CREATE NEW CHAR>:
    charID 1
    playerID 1
    dpnid 1135916567
    uid BvAfWEwkf1BS22gq16ncvW4M3Ycn_607DPSKzJe9pnU=
14:58:08.923 [Login]: Adding player Survivor (35212320) to login queue at position 0
14:58:08.923 [LoginMachine]: Add player Survivor (35212320)
14:58:08.923 [StateMachine]: Player Survivor (dpnid 35212320 uid ) Entering AuthPlayerLoginState
14:58:09.204 [StateMachine]: Player Survivor (dpnid 35212320 uid ) Entering WaitAuthPlayerLoginState
14:58:10.782 Player Survivor (2) connected (id=7NDJh96K6x1RxBha65ocGyIjcIR-hGhT0OTk52eEsiI=).
14:58:10.782 Player "Survivor (2)" is connected (steamID=76561197988278919)
14:58:11.485 [StateMachine]: Player Survivor (dpnid 35212320 uid 7NDJh96K6x1RxBha65ocGyIjcIR-hGhT0OTk52eEsiI=) Entering DBGetLoginTimeLoginState
14:58:11.610 [StateMachine]: Player Survivor (dpnid 35212320 uid 7NDJh96K6x1RxBha65ocGyIjcIR-hGhT0OTk52eEsiI=) Entering DBWaitLoginTimeLoginState
14:58:26.625 [StateMachine]: Player Survivor (dpnid 35212320 uid 7NDJh96K6x1RxBha65ocGyIjcIR-hGhT0OTk52eEsiI=) Entering DBGetCharacterLoginState
14:58:26.734 [StateMachine]: Player Survivor (dpnid 35212320 uid 7NDJh96K6x1RxBha65ocGyIjcIR-hGhT0OTk52eEsiI=) Entering CreateNetObjectsLoginState
14:58:26.796 [StateMachine]: Player Survivor (dpnid 35212320 uid 7NDJh96K6x1RxBha65ocGyIjcIR-hGhT0OTk52eEsiI=) Entering PreloadCamLoginState
14:58:26.843 [StateMachine]: Player Survivor (dpnid 35212320 uid 7NDJh96K6x1RxBha65ocGyIjcIR-hGhT0OTk52eEsiI=) Entering WaitPreloadCamLoginState
14:58:42.749 [StateMachine]: Player Survivor (dpnid 35212320 uid 7NDJh96K6x1RxBha65ocGyIjcIR-hGhT0OTk52eEsiI=) Entering GetNewCharLoginState
14:58:42.858 <CREATE NEW CHAR>:
    charID 3
    playerID 3
    dpnid 35212320
    uid 7NDJh96K6x1RxBha65ocGyIjcIR-hGhT0OTk52eEsiI=
15:24:13.706 [CE][Links] found 0 total links between groups, of 1
15:24:13.706 [CE][SpawnRandomLoot] (StaticHeliCrash) :: ChildType: Wreck_Mi8, lootmin: 10, lootmax: 20, wanted: 11
15:24:13.721 [CE][Links] found 0 total links between groups, of 2
15:24:13.721 [CE][SpawnRandomLoot] (StaticHeliCrash) :: ChildType: Wreck_UH1Y, lootmin: 10, lootmax: 20, wanted: 19
15:24:13.721 [CE][Links] found 0 total links between groups, of 3
15:24:13.721 [CE][SpawnRandomLoot] (StaticHeliCrash) :: ChildType: Wreck_Mi8, lootmin: 10, lootmax: 20, wanted: 16
15:34:42.529 !!! [CE][Point] Removing 1823.627075, 2186.946777 from Haybale
16:02:38.811 [Login]: Adding player Survivor (5962569) to login queue at position 0
16:02:38.811 [LoginMachine]: Add player Survivor (5962569)
16:02:38.811 [StateMachine]: Player Survivor (dpnid 5962569 uid ) Entering AuthPlayerLoginState
16:02:39.233 [StateMachine]: Player Survivor (dpnid 5962569 uid ) Entering WaitAuthPlayerLoginState
16:02:40.686 Player Survivor (3) connected (id=g2dFRpJHjkFhN2nNo1Kv_jZt_jD5Wo4vMF7lAR14vy4=).
16:02:40.686 Player "Survivor (3)" is connected (steamID=76561197980071063)
16:02:40.951 [StateMachine]: Player Survivor (dpnid 5962569 uid g2dFRpJHjkFhN2nNo1Kv_jZt_jD5Wo4vMF7lAR14vy4=) Entering DBGetLoginTimeLoginState
16:02:41.61 [StateMachine]: Player Survivor (dpnid 5962569 uid g2dFRpJHjkFhN2nNo1Kv_jZt_jD5Wo4vMF7lAR14vy4=) Entering DBWaitLoginTimeLoginState
16:02:56.91 [StateMachine]: Player Survivor (dpnid 5962569 uid g2dFRpJHjkFhN2nNo1Kv_jZt_jD5Wo4vMF7lAR14vy4=) Entering DBGetCharacterLoginState
16:02:56.200 [StateMachine]: Player Survivor (dpnid 5962569 uid g2dFRpJHjkFhN2nNo1Kv_jZt_jD5Wo4vMF7lAR14vy4=) Entering CreateNetObjectsLoginState
16:02:56.247 [StateMachine]: Player Survivor (dpnid 5962569 uid g2dFRpJHjkFhN2nNo1Kv_jZt_jD5Wo4vMF7lAR14vy4=) Entering PreloadCamLoginState
16:02:56.294 [StateMachine]: Player Survivor (dpnid 5962569 uid g2dFRpJHjkFhN2nNo1Kv_jZt_jD5Wo4vMF7lAR14vy4=) Entering WaitPreloadCamLoginState
16:03:11.996 [StateMachine]: Player Survivor (dpnid 5962569 uid g2dFRpJHjkFhN2nNo1Kv_jZt_jD5Wo4vMF7lAR14vy4=) Entering GetNewCharLoginState
16:03:12.121 <CREATE NEW CHAR>:
    charID 4
    playerID 4
    dpnid 5962569
    uid g2dFRpJHjkFhN2nNo1Kv_jZt_jD5Wo4vMF7lAR14vy4=
16:05:44.142 Respawn: Add player Survivor (3) (5962569) to respawn machine
16:05:44.142 [StateMachine]: Player Survivor (3) (dpnid 5962569 uid ) Entering GetCharacterRespawnState
16:05:44.205 [StateMachine]: Player Survivor (3) (dpnid 5962569 uid ) Entering PreloadCamRespawnState
16:05:44.267 [StateMachine]: Player Survivor (3) (dpnid 5962569 uid ) Entering WaitPreloadCamRespawnState
16:05:59.985 [StateMachine]: Player Survivor (3) (dpnid 5962569 uid ) Entering GetNewCharRespawnState
16:06:00.110 <RESPAWN NEW CHAR>:
    charID 4
    playerID 4
    dpnid 5962569
    uid g2dFRpJHjkFhN2nNo1Kv_jZt_jD5Wo4vMF7lAR14vy4=
16:10:37.640 !!! [CE][Point] Removing 6507.255859, 3577.417236 from Land_BusStation_wall_bench
16:16:03.775 [CE][Links] found 0 total links between groups, of 4
16:16:03.775 [CE][SpawnRandomLoot] (StaticHeliCrash) :: ChildType: Wreck_UH1Y, lootmin: 10, lootmax: 20, wanted: 10
16:16:03.790 [CE][Links] found 0 total links between groups, of 5
16:16:03.790 [CE][SpawnRandomLoot] (StaticHeliCrash) :: ChildType: Wreck_Mi8, lootmin: 10, lootmax: 20, wanted: 15
16:16:03.822 [CE][Links] found 0 total links between groups, of 6
16:16:03.822 [CE][SpawnRandomLoot] (StaticHeliCrash) :: ChildType: Wreck_UH1Y, lootmin: 10, lootmax: 20, wanted: 12
16:19:51.682 [Disconnect]: Start script disconnect 1135916567 (dbCharacterId 1 dbPlayerId 1) logoutTime 15
16:19:53.729 [Disconnect]: Client 1135916567 disconnecting
16:19:53.729 [Disconnect]: Client 1135916567 early disconnect
16:19:53.744 [Disconnect]: Start script disconnect 1135916567 (dbCharacterId 1 dbPlayerId 1) logoutTime 15
16:20:05.38 [Disconnect]: No packets from 1135916567
16:20:05.38 [Disconnect]: Already in progress 1135916567 
16:20:05.631 [Disconnect]: Start script disconnect 35212320 (dbCharacterId 3 dbPlayerId 3) logoutTime 15
16:20:06.709 [Disconnect]: Finish script disconnect 1135916567
16:20:06.709 [Disconnect]: DisconnectPlayerFinish 1135916567
16:20:06.709 [Disconnect]: Remove player info 1135916567
16:20:06.756 [Disconnect]: Player destroy 1135916567 
16:20:17.397 [Disconnect]: Client 5962569 disconnecting
16:20:17.397 [Disconnect]: Client 5962569 early disconnect
16:20:17.460 [Disconnect]: Start script disconnect 5962569 (dbCharacterId 4 dbPlayerId 4) logoutTime 15
16:20:17.460 [Disconnect]: Finish script disconnect 5962569
16:20:17.460 [Disconnect]: DisconnectPlayerFinish 5962569
16:20:17.460 [Disconnect]: Remove player info 5962569
16:20:17.460 [Disconnect]: Player destroy 5962569 
16:20:20.585 [Disconnect]: Client 35212320 early disconnect
16:20:21.85 [Disconnect]: Start script disconnect 35212320 (dbCharacterId 3 dbPlayerId 3) logoutTime 0
16:20:21.85 [Disconnect]: Finish script disconnect 35212320
16:20:21.85 [Disconnect]: DisconnectPlayerFinish 35212320
16:20:21.85 [Disconnect]: Remove player info 35212320
16:20:21.632 [Disconnect]: Player destroy 35212320 
16:20:25.397  --- Termination successfully completed --- 
