---------------------------------------------
Log C:\Program Files (x86)\Steam\steamapps\common\DayZServer\ServerProfile\script_2020-07-14_06-58-43.log started at 14.07. 06:58:44

SCRIPT       : Registered 220 temporary action enum(s), UAN==220
SCRIPT       : CreateGame()
SCRIPT       : ... Backlit Effects Enabled
SCRIPT    (W): @"$CurrentDir:mpmissions\dayzOffline.chernarusplus\init.c,101": Unsafe down-casting, use 'EntityAI.Cast' for safe down-casting
SCRIPT       : childCount:34
SCRIPT       : AnimSoundObjectBuilderBank: Invalid sound set "generalgrunt_SoundVoice_Char_SoundSet".
SCRIPT       : AnimSoundObjectBuilderBank: Invalid sound set "greathelmet_generalgrunt_SoundVoice_Char_SoundSet".
SCRIPT       : AnimSoundObjectBuilderBank: Invalid sound set "Gasmask_generalgrunt_SoundVoice_Char_SoundSet".
SCRIPT       : AnimSoundObjectBuilderBank: Invalid sound set "Motohelmet_generalgrunt_SoundVoice_Char_SoundSet".
SCRIPT       : AnimSoundObjectBuilderBank: Invalid sound set "Gag_generalgrunt_SoundVoice_Char_SoundSet".
SCRIPT       : ********* LoadStats loading version: 106
SCRIPT       : LOAD checksum:2065646061
SCRIPT       : ---- PlayerBase OnStoreLoad SUCCESS ----
SCRIPT       : Saving stats in version: 106
SCRIPT       : SAVE CHECKSUM:2065646061
SCRIPT       : Saving stats in version: 106
SCRIPT       : SAVE CHECKSUM:2065646061
SCRIPT       : [action] SurvivorM_Peter:01 end ActionDropItemSimple<2e811a30> item=CamoNet:012093
SCRIPT       : Saving stats in version: 106
SCRIPT       : SAVE CHECKSUM:2065646061
SCRIPT       : inv: DayZPlayerImplement::OnItemInHandsChanged: 
SCRIPT       : Saving stats in version: 106
SCRIPT       : SAVE CHECKSUM:2065646061
SCRIPT       : inv: DayZPlayerImplement::OnItemInHandsChanged: 
SCRIPT       : inv: DayZPlayerImplement::OnItemInHandsChanged: 
SCRIPT       : [action] SurvivorM_Peter:01 started ActionLoadMagazine<2e813e70> item=Mag_STANAG_30Rnd:08471
SCRIPT       : OnStartAnimationLoop
SCRIPT       : string s =    'Interupt in actionbase called - server'
SCRIPT       : string s =    'ActionBase.c | ActionBaseCB | OnFinish called : true'
SCRIPT       : [action] SurvivorM_Peter:01 end ActionLoadMagazine<2e813e70> item=Mag_STANAG_30Rnd:08471
SCRIPT       : [action] SurvivorM_Peter:01 started ActionLoadMagazine<2e813e70> item=Mag_STANAG_30Rnd:08471
SCRIPT       : OnStartAnimationLoop
SCRIPT       : string s =    'Interupt in actionbase called - server'
SCRIPT       : string s =    'ActionBase.c | ActionBaseCB | OnFinish called : true'
SCRIPT       : [action] SurvivorM_Peter:01 end ActionLoadMagazine<2e813e70> item=Mag_STANAG_30Rnd:08471
SCRIPT       : inv: DayZPlayerImplement::OnItemInHandsChanged: 
SCRIPT       : inv: DayZPlayerImplement::OnItemInHandsChanged: 
SCRIPT       : [action] SurvivorM_Peter:01 started ActionLoadMagazine<2e813e70> item=Mag_STANAG_30Rnd:018199
SCRIPT       : OnStartAnimationLoop
SCRIPT       : string s =    'Interupt in actionbase called - server'
SCRIPT       : string s =    'ActionBase.c | ActionBaseCB | OnFinish called : true'
SCRIPT       : [action] SurvivorM_Peter:01 end ActionLoadMagazine<2e813e70> item=Mag_STANAG_30Rnd:018199
SCRIPT       : inv: DayZPlayerImplement::OnItemInHandsChanged: 
SCRIPT       : inv: DayZPlayerImplement::OnItemInHandsChanged: 
SCRIPT       : [action] SurvivorM_Peter:01 started ActionLoadMagazine<2e813e70> item=Mag_STANAG_30Rnd:018995
SCRIPT       : OnStartAnimationLoop
SCRIPT       : string s =    'Interupt in actionbase called - server'
SCRIPT       : string s =    'ActionBase.c | ActionBaseCB | OnFinish called : true'
SCRIPT       : [action] SurvivorM_Peter:01 end ActionLoadMagazine<2e813e70> item=Mag_STANAG_30Rnd:018995
SCRIPT       : Saving stats in version: 106
SCRIPT       : SAVE CHECKSUM:2065646061
SCRIPT       : [action] SurvivorM_Peter:01 started ActionLoadMagazine<2e813e70> item=Mag_STANAG_30Rnd:018995
SCRIPT       : OnStartAnimationLoop
SCRIPT       : string s =    'Interupt in actionbase called - server'
SCRIPT       : string s =    'ActionBase.c | ActionBaseCB | OnFinish called : true'
SCRIPT       : [action] SurvivorM_Peter:01 end ActionLoadMagazine<2e813e70> item=Mag_STANAG_30Rnd:018995
SCRIPT       : inv: DayZPlayerImplement::OnItemInHandsChanged: 
SCRIPT       : Saving stats in version: 106
SCRIPT       : SAVE CHECKSUM:2065646061
SCRIPT       : inv: DayZPlayerImplement::OnItemInHandsChanged: 
SCRIPT       : [action] SurvivorM_Peter:01 started ActionUnpackBox<2e814730> item=AmmoBox_556x45_20Rnd:012061
SCRIPT       : OnStartAnimationLoop
SCRIPT       : [inv] ReplaceItemWithNewLambdaBase Step B) remove OK, loc={ type=HANDS item=AmmoBox_556x45_20Rnd:012061 parent=SurvivorM_Peter:01 }
SCRIPT       : UnboxLambda::SetupNewMagazine new_item=Ammo_556x45<995c4500> count=20
SCRIPT       : string s =    'ActionBase.c | ActionBaseCB | OnFinish called : false'
SCRIPT       : [action] SurvivorM_Peter:01 end ActionUnpackBox<2e814730> item=null
SCRIPT       : inv: DayZPlayerImplement::OnItemInHandsChanged: 
SCRIPT       : inv: DayZPlayerImplement::OnItemInHandsChanged: 
SCRIPT       : [action] SurvivorM_Peter:01 started ActionUnpackBox<2e814730> item=AmmoBox_556x45_20Rnd:012064
SCRIPT       : OnStartAnimationLoop
SCRIPT       : [inv] ReplaceItemWithNewLambdaBase Step B) remove OK, loc={ type=HANDS item=AmmoBox_556x45_20Rnd:012064 parent=SurvivorM_Peter:01 }
SCRIPT       : UnboxLambda::SetupNewMagazine new_item=Ammo_556x45<995bfa10> count=20
SCRIPT       : string s =    'ActionBase.c | ActionBaseCB | OnFinish called : false'
SCRIPT       : [action] SurvivorM_Peter:01 end ActionUnpackBox<2e814730> item=null
SCRIPT       : inv: DayZPlayerImplement::OnItemInHandsChanged: 
SCRIPT       : inv: DayZPlayerImplement::OnItemInHandsChanged: 
SCRIPT       : [action] SurvivorM_Peter:01 started ActionUnpackBox<2e814730> item=AmmoBox_556x45_20Rnd:012078
SCRIPT       : OnStartAnimationLoop
SCRIPT       : [inv] ReplaceItemWithNewLambdaBase Step B) remove OK, loc={ type=HANDS item=AmmoBox_556x45_20Rnd:012078 parent=SurvivorM_Peter:01 }
SCRIPT       : UnboxLambda::SetupNewMagazine new_item=Ammo_556x45<91697bb0> count=20
SCRIPT       : string s =    'ActionBase.c | ActionBaseCB | OnFinish called : false'
SCRIPT       : [action] SurvivorM_Peter:01 end ActionUnpackBox<2e814730> item=null
SCRIPT       : inv: DayZPlayerImplement::OnItemInHandsChanged: 
SCRIPT       : inv: DayZPlayerImplement::OnItemInHandsChanged: 
SCRIPT       : [action] SurvivorM_Peter:01 started ActionUnpackBox<2e814730> item=AmmoBox_556x45_20Rnd:017468
SCRIPT       : OnStartAnimationLoop
SCRIPT       : [inv] ReplaceItemWithNewLambdaBase Step B) remove OK, loc={ type=HANDS item=AmmoBox_556x45_20Rnd:017468 parent=SurvivorM_Peter:01 }
SCRIPT       : UnboxLambda::SetupNewMagazine new_item=Ammo_556x45<916d27d0> count=20
SCRIPT       : string s =    'ActionBase.c | ActionBaseCB | OnFinish called : false'
SCRIPT       : [action] SurvivorM_Peter:01 end ActionUnpackBox<2e814730> item=null
SCRIPT       : inv: DayZPlayerImplement::OnItemInHandsChanged: 
SCRIPT       : inv: DayZPlayerImplement::OnItemInHandsChanged: 
SCRIPT       : [action] SurvivorM_Peter:01 started ActionUnpackBox<2e814730> item=AmmoBox_556x45_20Rnd:012042
SCRIPT       : OnStartAnimationLoop
SCRIPT       : [inv] ReplaceItemWithNewLambdaBase Step B) remove OK, loc={ type=HANDS item=AmmoBox_556x45_20Rnd:012042 parent=SurvivorM_Peter:01 }
SCRIPT       : UnboxLambda::SetupNewMagazine new_item=Ammo_556x45<916cc870> count=20
SCRIPT       : string s =    'ActionBase.c | ActionBaseCB | OnFinish called : false'
SCRIPT       : [action] SurvivorM_Peter:01 end ActionUnpackBox<2e814730> item=null
SCRIPT       : inv: DayZPlayerImplement::OnItemInHandsChanged: 
SCRIPT       : inv: DayZPlayerImplement::OnItemInHandsChanged: 
SCRIPT       : inv: DayZPlayerImplement::OnItemInHandsChanged: 
SCRIPT       : inv: DayZPlayerImplement::OnItemInHandsChanged: 
SCRIPT       : Saving stats in version: 106
SCRIPT       : SAVE CHECKSUM:2065646061
SCRIPT       : inv: DayZPlayerImplement::OnItemInHandsChanged: 
SCRIPT       : [action] SurvivorM_Peter:01 started ActionUnpackBox<2e814730> item=AmmoBox_556x45_20Rnd:012033
SCRIPT       : OnStartAnimationLoop
SCRIPT       : [inv] ReplaceItemWithNewLambdaBase Step B) remove OK, loc={ type=HANDS item=AmmoBox_556x45_20Rnd:012033 parent=SurvivorM_Peter:01 }
SCRIPT       : UnboxLambda::SetupNewMagazine new_item=Ammo_556x45<8d58a820> count=20
SCRIPT       : string s =    'ActionBase.c | ActionBaseCB | OnFinish called : false'
SCRIPT       : [action] SurvivorM_Peter:01 end ActionUnpackBox<2e814730> item=null
SCRIPT       : inv: DayZPlayerImplement::OnItemInHandsChanged: 
SCRIPT       : inv: DayZPlayerImplement::OnItemInHandsChanged: 
SCRIPT       : [action] SurvivorM_Peter:01 started ActionDrinkCan<2e814050> item=SodaCan_Cola:016936
SCRIPT       : OnStartAnimationLoop
SCRIPT       : string s =    'ActionBase.c | ActionBaseCB | OnFinish called : false'
SCRIPT       : [action] SurvivorM_Peter:01 end ActionDrinkCan<2e814050> item=SodaCan_Cola:016936
SCRIPT       : inv: DayZPlayerImplement::OnItemInHandsChanged: 
SCRIPT       : inv: DayZPlayerImplement::OnItemInHandsChanged: 
SCRIPT       : [action] SurvivorM_Peter:01 started ActionDrinkCan<2e814050> item=SodaCan_Cola:027009
SCRIPT       : OnStartAnimationLoop
SCRIPT       : string s =    'ActionBase.c | ActionBaseCB | OnFinish called : false'
SCRIPT       : [action] SurvivorM_Peter:01 end ActionDrinkCan<2e814050> item=SodaCan_Cola:027009
SCRIPT       : inv: DayZPlayerImplement::OnItemInHandsChanged: 
SCRIPT       : inv: DayZPlayerImplement::OnItemInHandsChanged: 
SCRIPT       : [action] SurvivorM_Peter:01 started ActionDrinkCan<2e814050> item=SodaCan_Cola:027012
SCRIPT       : OnStartAnimationLoop
SCRIPT       : string s =    'ActionBase.c | ActionBaseCB | OnFinish called : false'
SCRIPT       : [action] SurvivorM_Peter:01 end ActionDrinkCan<2e814050> item=SodaCan_Cola:027012
SCRIPT       : inv: DayZPlayerImplement::OnItemInHandsChanged: 
SCRIPT       : inv: DayZPlayerImplement::OnItemInHandsChanged: 
SCRIPT       : [action] SurvivorM_Peter:01 started ActionDrinkCan<2e814050> item=SodaCan_Cola:016396
SCRIPT       : OnStartAnimationLoop
SCRIPT       : Saving stats in version: 106
SCRIPT       : SAVE id:1
SCRIPT       : SAVE id_bit_offset:4
SCRIPT       : SAVE write_result:58195984
SCRIPT       : SAVE CHECKSUM:2065646061
SCRIPT       : string s =    'ActionBase.c | ActionBaseCB | OnFinish called : false'
SCRIPT       : [action] SurvivorM_Peter:01 end ActionDrinkCan<2e814050> item=SodaCan_Cola:016396
SCRIPT       : inv: DayZPlayerImplement::OnItemInHandsChanged: 
SCRIPT       : inv: DayZPlayerImplement::OnItemInHandsChanged: 
SCRIPT       : inv: DayZPlayerImplement::OnItemInHandsChanged: 
SCRIPT       : [action] SurvivorM_Peter:01 end ActionDropItemSimple<2e811a30> item=AmmoBox_45ACP_25rnd:026610
SCRIPT       : [action] SurvivorM_Peter:01 end ActionDropItemSimple<2e811a30> item=LargeTent:026618
SCRIPT       : [action] SurvivorM_Peter:01 started ActionTakeItemToHands<2e816990> item=null
SCRIPT       : inv: DayZPlayerImplement::OnItemInHandsChanged: 
SCRIPT       : string s =    'ActionBase.c | ActionBaseCB | OnFinish called : false'
SCRIPT       : [action] SurvivorM_Peter:01 end ActionTakeItemToHands<2e816990> item=null
SCRIPT       : [action] SurvivorM_Peter:01 started ActionDeployObject<2e812250> item=LargeTent:026618
SCRIPT       : OnStartAnimationLoop
SCRIPT       : inv: DayZPlayerImplement::OnItemInHandsChanged: 
SCRIPT       : string s =    'ActionBase.c | ActionBaseCB | OnFinish called : false'
SCRIPT       : [action] SurvivorM_Peter:01 end ActionDeployObject<2e812250> item=LargeTent:026618
SCRIPT       : Saving stats in version: 106
SCRIPT       : SAVE id:1
SCRIPT       : SAVE id_bit_offset:4
SCRIPT       : SAVE write_result:46661648
SCRIPT       : SAVE CHECKSUM:2065646061
SCRIPT       : [action] SurvivorM_Peter:01 started ActionOpenBarrel<2e817390> item=null
SCRIPT       : string s =    'ActionBase.c | ActionBaseCB | OnFinish called : false'
SCRIPT       : [action] SurvivorM_Peter:01 end ActionOpenBarrel<2e817390> item=null
SCRIPT       : [action] SurvivorM_Peter:01 started ActionCloseBarrel<2e815810> item=null
SCRIPT       : string s =    'ActionBase.c | ActionBaseCB | OnFinish called : false'
SCRIPT       : [action] SurvivorM_Peter:01 end ActionCloseBarrel<2e815810> item=null
SCRIPT       : [action] SurvivorM_Peter:01 started ActionOpenBarrel<2e817390> item=null
SCRIPT       : string s =    'ActionBase.c | ActionBaseCB | OnFinish called : false'
SCRIPT       : [action] SurvivorM_Peter:01 end ActionOpenBarrel<2e817390> item=null
SCRIPT       : [action] SurvivorM_Peter:01 started ActionCloseBarrel<2e815810> item=null
SCRIPT       : string s =    'ActionBase.c | ActionBaseCB | OnFinish called : false'
SCRIPT       : [action] SurvivorM_Peter:01 end ActionCloseBarrel<2e815810> item=null
SCRIPT       : Saving stats in version: 106
SCRIPT       : SAVE id:1
SCRIPT       : SAVE id_bit_offset:4
SCRIPT       : SAVE write_result:17694736
SCRIPT       : SAVE CHECKSUM:2065646061
SCRIPT       : inv: DayZPlayerImplement::OnItemInHandsChanged: 
SCRIPT       : [action] SurvivorM_Peter:01 started ActionUnpackBox<2e814730> item=AmmoBox_556x45_20Rnd:026407
SCRIPT       : OnStartAnimationLoop
SCRIPT       : [inv] ReplaceItemWithNewLambdaBase Step B) remove OK, loc={ type=HANDS item=AmmoBox_556x45_20Rnd:026407 parent=SurvivorM_Peter:01 }
SCRIPT       : UnboxLambda::SetupNewMagazine new_item=Ammo_556x45<9905f0f0> count=20
SCRIPT       : string s =    'ActionBase.c | ActionBaseCB | OnFinish called : false'
SCRIPT       : [action] SurvivorM_Peter:01 end ActionUnpackBox<2e814730> item=null
SCRIPT       : inv: DayZPlayerImplement::OnItemInHandsChanged: 
SCRIPT       : inv: DayZPlayerImplement::OnItemInHandsChanged: 
SCRIPT       : [action] SurvivorM_Peter:01 started ActionUnpackBox<2e814730> item=AmmoBox_556x45_20Rnd:026452
SCRIPT       : OnStartAnimationLoop
SCRIPT       : [inv] ReplaceItemWithNewLambdaBase Step B) remove OK, loc={ type=HANDS item=AmmoBox_556x45_20Rnd:026452 parent=SurvivorM_Peter:01 }
SCRIPT       : UnboxLambda::SetupNewMagazine new_item=Ammo_556x45<99060c30> count=20
SCRIPT       : string s =    'ActionBase.c | ActionBaseCB | OnFinish called : false'
SCRIPT       : [action] SurvivorM_Peter:01 end ActionUnpackBox<2e814730> item=null
SCRIPT       : inv: DayZPlayerImplement::OnItemInHandsChanged: 
SCRIPT       : inv: DayZPlayerImplement::OnItemInHandsChanged: 
SCRIPT       : [action] SurvivorM_Peter:01 started ActionUnpackBox<2e814730> item=AmmoBox_556x45_20Rnd:026453
SCRIPT       : OnStartAnimationLoop
SCRIPT       : [inv] ReplaceItemWithNewLambdaBase Step B) remove OK, loc={ type=HANDS item=AmmoBox_556x45_20Rnd:026453 parent=SurvivorM_Peter:01 }
SCRIPT       : UnboxLambda::SetupNewMagazine new_item=Ammo_556x45<956bc250> count=20
SCRIPT       : string s =    'ActionBase.c | ActionBaseCB | OnFinish called : false'
SCRIPT       : [action] SurvivorM_Peter:01 end ActionUnpackBox<2e814730> item=null
SCRIPT       : inv: DayZPlayerImplement::OnItemInHandsChanged: 
SCRIPT       : inv: DayZPlayerImplement::OnItemInHandsChanged: 
SCRIPT       : [action] SurvivorM_Peter:01 started ActionUnpackBox<2e814730> item=AmmoBox_556x45_20Rnd:026329
SCRIPT       : OnStartAnimationLoop
SCRIPT       : [inv] ReplaceItemWithNewLambdaBase Step B) remove OK, loc={ type=HANDS item=AmmoBox_556x45_20Rnd:026329 parent=SurvivorM_Peter:01 }
SCRIPT       : UnboxLambda::SetupNewMagazine new_item=Ammo_556x45<975429b0> count=20
SCRIPT       : string s =    'ActionBase.c | ActionBaseCB | OnFinish called : false'
SCRIPT       : [action] SurvivorM_Peter:01 end ActionUnpackBox<2e814730> item=null
SCRIPT       : inv: DayZPlayerImplement::OnItemInHandsChanged: 
SCRIPT       : inv: DayZPlayerImplement::OnItemInHandsChanged: 
SCRIPT       : Saving stats in version: 106
SCRIPT       : SAVE CHECKSUM:2065646061
SCRIPT       : inv: DayZPlayerImplement::OnItemInHandsChanged: 
SCRIPT       : inv: DayZPlayerImplement::OnItemInHandsChanged: 
SCRIPT       : inv: DayZPlayerImplement::OnItemInHandsChanged: 
SCRIPT       : [action] SurvivorM_Peter:01 started ActionLoadMagazine<2e813e70> item=Mag_CMAG_30Rnd:012062
SCRIPT       : OnStartAnimationLoop
SCRIPT       : string s =    'Interupt in actionbase called - server'
SCRIPT       : string s =    'ActionBase.c | ActionBaseCB | OnFinish called : true'
SCRIPT       : [action] SurvivorM_Peter:01 end ActionLoadMagazine<2e813e70> item=Mag_CMAG_30Rnd:012062
SCRIPT       : inv: DayZPlayerImplement::OnItemInHandsChanged: 
SCRIPT       : Saving stats in version: 106
SCRIPT       : SAVE CHECKSUM:2065646061
SCRIPT       : inv: DayZPlayerImplement::OnItemInHandsChanged: 
SCRIPT       : [action] SurvivorM_Peter:01 started ActionWorldCraft<2e8121b0> item=M4A1:012043
SCRIPT       : OnStartAnimationLoop
SCRIPT       : string s =    'ActionBase.c | ActionBaseCB | OnFinish called : false'
SCRIPT       : [action] SurvivorM_Peter:01 end ActionWorldCraft<2e8121b0> item=M4A1:012043
SCRIPT       : inv: DayZPlayerImplement::OnItemInHandsChanged: 
SCRIPT       : inv: DayZPlayerImplement::OnItemInHandsChanged: 
SCRIPT       : [action] SurvivorM_Peter:01 started ActionWorldCraft<2e8121b0> item=M4A1:012043
SCRIPT       : OnStartAnimationLoop
SCRIPT       : string s =    'ActionBase.c | ActionBaseCB | OnFinish called : false'
SCRIPT       : [action] SurvivorM_Peter:01 end ActionWorldCraft<2e8121b0> item=M4A1:012043
SCRIPT       : inv: DayZPlayerImplement::OnItemInHandsChanged: 
SCRIPT       : inv: DayZPlayerImplement::OnItemInHandsChanged: 
SCRIPT       : [action] SurvivorM_Peter:01 started ActionWorldCraft<2e8121b0> item=M4A1:012007
SCRIPT       : OnStartAnimationLoop
SCRIPT       : string s =    'ActionBase.c | ActionBaseCB | OnFinish called : false'
SCRIPT       : [action] SurvivorM_Peter:01 end ActionWorldCraft<2e8121b0> item=M4A1:012007
SCRIPT       : [action] SurvivorM_Peter:01 started ActionWorldCraft<2e8121b0> item=M4A1:012007
SCRIPT       : OnStartAnimationLoop
SCRIPT       : string s =    'ActionBase.c | ActionBaseCB | OnFinish called : false'
SCRIPT       : [action] SurvivorM_Peter:01 end ActionWorldCraft<2e8121b0> item=M4A1:012007
SCRIPT       : inv: DayZPlayerImplement::OnItemInHandsChanged: 
SCRIPT       : Rope rope =   NULL
SCRIPT       : Saving stats in version: 106
SCRIPT       : SAVE CHECKSUM:2065646061
SCRIPT       : PlayerBase.c IsQuickBarSingleUse - slot: 2
SCRIPT       : inv: DayZPlayerImplement::OnItemInHandsChanged: 
SCRIPT       : inv: DayZPlayerImplement::OnItemInHandsChanged: 
SCRIPT       : Saving stats in version: 106
SCRIPT       : SAVE CHECKSUM:2065646061
SCRIPT       : PlayerBase.c IsQuickBarSingleUse - slot: 2
SCRIPT       : inv: DayZPlayerImplement::OnItemInHandsChanged: 
SCRIPT       : PlayerBase.c IsQuickBarSingleUse - slot: 2
SCRIPT       : PlayerBase.c IsQuickBarSingleUse - slot: 2
SCRIPT       : inv: DayZPlayerImplement::OnItemInHandsChanged: 
SCRIPT       : inv: DayZPlayerImplement::OnItemInHandsChanged: 
SCRIPT       : [action] SurvivorM_Peter:01 started ActionEmptyMagazine<2e8140f0> item=Mag_STANAGCoupled_30Rnd:027026
SCRIPT       : OnStartAnimationLoop
SCRIPT       : string s =    'Interupt in actionbase called - server'
SCRIPT       : string s =    'ActionBase.c | ActionBaseCB | OnFinish called : true'
SCRIPT       : [action] SurvivorM_Peter:01 end ActionEmptyMagazine<2e8140f0> item=Mag_STANAGCoupled_30Rnd:027026
SCRIPT       : [action] SurvivorM_Peter:01 started ActionLoadMagazine<2e813e70> item=Mag_STANAGCoupled_30Rnd:027026
SCRIPT       : OnStartAnimationLoop
SCRIPT       : string s =    'Interupt in actionbase called - server'
SCRIPT       : string s =    'ActionBase.c | ActionBaseCB | OnFinish called : true'
SCRIPT       : [action] SurvivorM_Peter:01 end ActionLoadMagazine<2e813e70> item=Mag_STANAGCoupled_30Rnd:027026
SCRIPT       : inv: DayZPlayerImplement::OnItemInHandsChanged: 
SCRIPT       : PlayerBase.c IsQuickBarSingleUse - slot: 2
SCRIPT       : inv: DayZPlayerImplement::OnItemInHandsChanged: 
SCRIPT       : PlayerBase.c IsQuickBarSingleUse - slot: 2
SCRIPT       : inv: DayZPlayerImplement::OnItemInHandsChanged: 
SCRIPT       : Saving stats in version: 106
SCRIPT       : SAVE CHECKSUM:2065646061
SCRIPT       : inv: DayZPlayerImplement::OnItemInHandsChanged: 
SCRIPT       : [action] SurvivorM_Peter:01 started ActionEmptyMagazine<2e8140f0> item=Mag_STANAG_30Rnd:012060
SCRIPT       : OnStartAnimationLoop
SCRIPT       : string s =    'Interupt in actionbase called - server'
SCRIPT       : string s =    'ActionBase.c | ActionBaseCB | OnFinish called : true'
SCRIPT       : [action] SurvivorM_Peter:01 end ActionEmptyMagazine<2e8140f0> item=Mag_STANAG_30Rnd:012060
SCRIPT       : [action] SurvivorM_Peter:01 started ActionLoadMagazine<2e813e70> item=Mag_STANAG_30Rnd:012060
SCRIPT       : OnStartAnimationLoop
SCRIPT       : string s =    'Interupt in actionbase called - server'
SCRIPT       : string s =    'ActionBase.c | ActionBaseCB | OnFinish called : true'
SCRIPT       : [action] SurvivorM_Peter:01 end ActionLoadMagazine<2e813e70> item=Mag_STANAG_30Rnd:012060
SCRIPT       : [action] SurvivorM_Peter:01 started ActionLoadMagazine<2e813e70> item=Mag_STANAG_30Rnd:012060
SCRIPT       : OnStartAnimationLoop
SCRIPT       : string s =    'Interupt in actionbase called - server'
SCRIPT       : string s =    'ActionBase.c | ActionBaseCB | OnFinish called : true'
SCRIPT       : [action] SurvivorM_Peter:01 end ActionLoadMagazine<2e813e70> item=Mag_STANAG_30Rnd:012060
SCRIPT       : inv: DayZPlayerImplement::OnItemInHandsChanged: 
SCRIPT       : inv: DayZPlayerImplement::OnItemInHandsChanged: 
SCRIPT       : inv: DayZPlayerImplement::OnItemInHandsChanged: 
SCRIPT       : PlayerBase.c IsQuickBarSingleUse - slot: 2
SCRIPT       : inv: DayZPlayerImplement::OnItemInHandsChanged: 
SCRIPT       : PlayerBase.c IsQuickBarSingleUse - slot: 2
SCRIPT       : inv: DayZPlayerImplement::OnItemInHandsChanged: 
SCRIPT       : inv: DayZPlayerImplement::OnItemInHandsChanged: 
SCRIPT       : [action] SurvivorM_Peter:01 started ActionLoadMagazine<2e813e70> item=Mag_STANAGCoupled_30Rnd:027026
SCRIPT       : OnStartAnimationLoop
SCRIPT       : string s =    'Interupt in actionbase called - server'
SCRIPT       : string s =    'ActionBase.c | ActionBaseCB | OnFinish called : true'
SCRIPT       : [action] SurvivorM_Peter:01 end ActionLoadMagazine<2e813e70> item=Mag_STANAGCoupled_30Rnd:027026
SCRIPT       : [action] SurvivorM_Peter:01 started ActionLoadMagazine<2e813e70> item=Mag_STANAGCoupled_30Rnd:027026
SCRIPT       : OnStartAnimationLoop
SCRIPT       : string s =    'Interupt in actionbase called - server'
SCRIPT       : string s =    'ActionBase.c | ActionBaseCB | OnFinish called : true'
SCRIPT       : [action] SurvivorM_Peter:01 end ActionLoadMagazine<2e813e70> item=Mag_STANAGCoupled_30Rnd:027026
SCRIPT       : inv: DayZPlayerImplement::OnItemInHandsChanged: 
SCRIPT       : PlayerBase.c IsQuickBarSingleUse - slot: 2
SCRIPT       : inv: DayZPlayerImplement::OnItemInHandsChanged: 
SCRIPT       : PlayerBase.c IsQuickBarSingleUse - slot: 2
SCRIPT       : inv: DayZPlayerImplement::OnItemInHandsChanged: 
SCRIPT       : inv: DayZPlayerImplement::OnItemInHandsChanged: 
SCRIPT       : [action] SurvivorM_Peter:01 started ActionEmptyMagazine<2e8140f0> item=Mag_STANAG_30Rnd:012058
SCRIPT       : OnStartAnimationLoop
SCRIPT       : Saving stats in version: 106
SCRIPT       : SAVE CHECKSUM:2065646061
SCRIPT       : string s =    'Interupt in actionbase called - server'
SCRIPT       : string s =    'ActionBase.c | ActionBaseCB | OnFinish called : true'
SCRIPT       : [action] SurvivorM_Peter:01 end ActionEmptyMagazine<2e8140f0> item=Mag_STANAG_30Rnd:012058
SCRIPT       : [action] SurvivorM_Peter:01 started ActionLoadMagazine<2e813e70> item=Mag_STANAG_30Rnd:012058
SCRIPT       : OnStartAnimationLoop
SCRIPT       : string s =    'Interupt in actionbase called - server'
SCRIPT       : string s =    'ActionBase.c | ActionBaseCB | OnFinish called : true'
SCRIPT       : [action] SurvivorM_Peter:01 end ActionLoadMagazine<2e813e70> item=Mag_STANAG_30Rnd:012058
SCRIPT       : [action] SurvivorM_Peter:01 started ActionLoadMagazine<2e813e70> item=Mag_STANAG_30Rnd:012058
SCRIPT       : OnStartAnimationLoop
SCRIPT       : string s =    'Interupt in actionbase called - server'
SCRIPT       : string s =    'ActionBase.c | ActionBaseCB | OnFinish called : true'
SCRIPT       : [action] SurvivorM_Peter:01 end ActionLoadMagazine<2e813e70> item=Mag_STANAG_30Rnd:012058
SCRIPT       : inv: DayZPlayerImplement::OnItemInHandsChanged: 
SCRIPT       : inv: DayZPlayerImplement::OnItemInHandsChanged: 
SCRIPT       : [action] SurvivorM_Peter:01 started ActionEmptyMagazine<2e8140f0> item=Mag_STANAG_30Rnd:012024
SCRIPT       : OnStartAnimationLoop
SCRIPT       : string s =    'Interupt in actionbase called - server'
SCRIPT       : string s =    'ActionBase.c | ActionBaseCB | OnFinish called : true'
SCRIPT       : [action] SurvivorM_Peter:01 end ActionEmptyMagazine<2e8140f0> item=Mag_STANAG_30Rnd:012024
SCRIPT       : [action] SurvivorM_Peter:01 started ActionLoadMagazine<2e813e70> item=Mag_STANAG_30Rnd:012024
SCRIPT       : OnStartAnimationLoop
SCRIPT       : string s =    'Interupt in actionbase called - server'
SCRIPT       : string s =    'ActionBase.c | ActionBaseCB | OnFinish called : true'
SCRIPT       : [action] SurvivorM_Peter:01 end ActionLoadMagazine<2e813e70> item=Mag_STANAG_30Rnd:012024
SCRIPT       : [action] SurvivorM_Peter:01 started ActionLoadMagazine<2e813e70> item=Mag_STANAG_30Rnd:012024
SCRIPT       : OnStartAnimationLoop
SCRIPT       : string s =    'Interupt in actionbase called - server'
SCRIPT       : string s =    'ActionBase.c | ActionBaseCB | OnFinish called : true'
SCRIPT       : [action] SurvivorM_Peter:01 end ActionLoadMagazine<2e813e70> item=Mag_STANAG_30Rnd:012024
SCRIPT       : inv: DayZPlayerImplement::OnItemInHandsChanged: 
SCRIPT       : inv: DayZPlayerImplement::OnItemInHandsChanged: 
SCRIPT       : [action] SurvivorM_Peter:01 started ActionEmptyMagazine<2e8140f0> item=Mag_STANAG_30Rnd:012025
SCRIPT       : OnStartAnimationLoop
SCRIPT       : string s =    'Interupt in actionbase called - server'
SCRIPT       : string s =    'ActionBase.c | ActionBaseCB | OnFinish called : true'
SCRIPT       : [action] SurvivorM_Peter:01 end ActionEmptyMagazine<2e8140f0> item=Mag_STANAG_30Rnd:012025
SCRIPT       : [action] SurvivorM_Peter:01 started ActionLoadMagazine<2e813e70> item=Mag_STANAG_30Rnd:012025
SCRIPT       : OnStartAnimationLoop
SCRIPT       : string s =    'Interupt in actionbase called - server'
SCRIPT       : string s =    'ActionBase.c | ActionBaseCB | OnFinish called : true'
SCRIPT       : [action] SurvivorM_Peter:01 end ActionLoadMagazine<2e813e70> item=Mag_STANAG_30Rnd:012025
SCRIPT       : [action] SurvivorM_Peter:01 started ActionLoadMagazine<2e813e70> item=Mag_STANAG_30Rnd:012025
SCRIPT       : OnStartAnimationLoop
SCRIPT       : Saving stats in version: 106
SCRIPT       : SAVE CHECKSUM:2065646061
SCRIPT       : string s =    'Interupt in actionbase called - server'
SCRIPT       : string s =    'ActionBase.c | ActionBaseCB | OnFinish called : true'
SCRIPT       : [action] SurvivorM_Peter:01 end ActionLoadMagazine<2e813e70> item=Mag_STANAG_30Rnd:012025
SCRIPT       : inv: DayZPlayerImplement::OnItemInHandsChanged: 
SCRIPT       : inv: DayZPlayerImplement::OnItemInHandsChanged: 
SCRIPT       : [action] SurvivorM_Peter:01 started ActionEmptyMagazine<2e8140f0> item=Mag_STANAG_30Rnd:012026
SCRIPT       : OnStartAnimationLoop
SCRIPT       : string s =    'Interupt in actionbase called - server'
SCRIPT       : string s =    'ActionBase.c | ActionBaseCB | OnFinish called : true'
SCRIPT       : [action] SurvivorM_Peter:01 end ActionEmptyMagazine<2e8140f0> item=Mag_STANAG_30Rnd:012026
SCRIPT       : [action] SurvivorM_Peter:01 started ActionLoadMagazine<2e813e70> item=Mag_STANAG_30Rnd:012026
SCRIPT       : OnStartAnimationLoop
SCRIPT       : string s =    'Interupt in actionbase called - server'
SCRIPT       : string s =    'ActionBase.c | ActionBaseCB | OnFinish called : true'
SCRIPT       : [action] SurvivorM_Peter:01 end ActionLoadMagazine<2e813e70> item=Mag_STANAG_30Rnd:012026
SCRIPT       : [action] SurvivorM_Peter:01 started ActionLoadMagazine<2e813e70> item=Mag_STANAG_30Rnd:012026
SCRIPT       : OnStartAnimationLoop
SCRIPT       : string s =    'Interupt in actionbase called - server'
SCRIPT       : string s =    'ActionBase.c | ActionBaseCB | OnFinish called : true'
SCRIPT       : [action] SurvivorM_Peter:01 end ActionLoadMagazine<2e813e70> item=Mag_STANAG_30Rnd:012026
SCRIPT       : inv: DayZPlayerImplement::OnItemInHandsChanged: 
SCRIPT       : inv: DayZPlayerImplement::OnItemInHandsChanged: 
SCRIPT       : [action] SurvivorM_Peter:01 started ActionEmptyMagazine<2e8140f0> item=Mag_STANAG_30Rnd:012027
SCRIPT       : OnStartAnimationLoop
SCRIPT       : string s =    'Interupt in actionbase called - server'
SCRIPT       : string s =    'ActionBase.c | ActionBaseCB | OnFinish called : true'
SCRIPT       : [action] SurvivorM_Peter:01 end ActionEmptyMagazine<2e8140f0> item=Mag_STANAG_30Rnd:012027
SCRIPT       : Saving stats in version: 106
SCRIPT       : SAVE CHECKSUM:2065646061
SCRIPT       : [action] SurvivorM_Peter:01 started ActionLoadMagazine<2e813e70> item=Mag_STANAG_30Rnd:012027
SCRIPT       : OnStartAnimationLoop
SCRIPT       : string s =    'Interupt in actionbase called - server'
SCRIPT       : string s =    'ActionBase.c | ActionBaseCB | OnFinish called : true'
SCRIPT       : [action] SurvivorM_Peter:01 end ActionLoadMagazine<2e813e70> item=Mag_STANAG_30Rnd:012027
SCRIPT       : [action] SurvivorM_Peter:01 started ActionLoadMagazine<2e813e70> item=Mag_STANAG_30Rnd:012027
SCRIPT       : OnStartAnimationLoop
SCRIPT       : string s =    'Interupt in actionbase called - server'
SCRIPT       : string s =    'ActionBase.c | ActionBaseCB | OnFinish called : true'
SCRIPT       : [action] SurvivorM_Peter:01 end ActionLoadMagazine<2e813e70> item=Mag_STANAG_30Rnd:012027
SCRIPT       : inv: DayZPlayerImplement::OnItemInHandsChanged: 
SCRIPT       : inv: DayZPlayerImplement::OnItemInHandsChanged: 
SCRIPT       : [action] SurvivorM_Peter:01 started ActionEmptyMagazine<2e8140f0> item=Mag_STANAG_30Rnd:012028
SCRIPT       : OnStartAnimationLoop
SCRIPT       : string s =    'Interupt in actionbase called - server'
SCRIPT       : string s =    'ActionBase.c | ActionBaseCB | OnFinish called : true'
SCRIPT       : [action] SurvivorM_Peter:01 end ActionEmptyMagazine<2e8140f0> item=Mag_STANAG_30Rnd:012028
SCRIPT       : [action] SurvivorM_Peter:01 started ActionLoadMagazine<2e813e70> item=Mag_STANAG_30Rnd:012028
SCRIPT       : OnStartAnimationLoop
SCRIPT       : string s =    'Interupt in actionbase called - server'
SCRIPT       : string s =    'ActionBase.c | ActionBaseCB | OnFinish called : true'
SCRIPT       : [action] SurvivorM_Peter:01 end ActionLoadMagazine<2e813e70> item=Mag_STANAG_30Rnd:012028
SCRIPT       : [action] SurvivorM_Peter:01 started ActionLoadMagazine<2e813e70> item=Mag_STANAG_30Rnd:012028
SCRIPT       : OnStartAnimationLoop
SCRIPT       : string s =    'Interupt in actionbase called - server'
SCRIPT       : string s =    'ActionBase.c | ActionBaseCB | OnFinish called : true'
SCRIPT       : [action] SurvivorM_Peter:01 end ActionLoadMagazine<2e813e70> item=Mag_STANAG_30Rnd:012028
SCRIPT       : inv: DayZPlayerImplement::OnItemInHandsChanged: 
SCRIPT       : inv: DayZPlayerImplement::OnItemInHandsChanged: 
SCRIPT       : [action] SurvivorM_Peter:01 started ActionEmptyMagazine<2e8140f0> item=Mag_STANAG_30Rnd:012029
SCRIPT       : OnStartAnimationLoop
SCRIPT       : string s =    'Interupt in actionbase called - server'
SCRIPT       : string s =    'ActionBase.c | ActionBaseCB | OnFinish called : true'
SCRIPT       : [action] SurvivorM_Peter:01 end ActionEmptyMagazine<2e8140f0> item=Mag_STANAG_30Rnd:012029
SCRIPT       : [action] SurvivorM_Peter:01 started ActionLoadMagazine<2e813e70> item=Mag_STANAG_30Rnd:012029
SCRIPT       : OnStartAnimationLoop
SCRIPT       : string s =    'Interupt in actionbase called - server'
SCRIPT       : string s =    'ActionBase.c | ActionBaseCB | OnFinish called : true'
SCRIPT       : [action] SurvivorM_Peter:01 end ActionLoadMagazine<2e813e70> item=Mag_STANAG_30Rnd:012029
SCRIPT       : [action] SurvivorM_Peter:01 started ActionLoadMagazine<2e813e70> item=Mag_STANAG_30Rnd:012029
SCRIPT       : OnStartAnimationLoop
SCRIPT       : string s =    'Interupt in actionbase called - server'
SCRIPT       : string s =    'ActionBase.c | ActionBaseCB | OnFinish called : true'
SCRIPT       : [action] SurvivorM_Peter:01 end ActionLoadMagazine<2e813e70> item=Mag_STANAG_30Rnd:012029
SCRIPT       : inv: DayZPlayerImplement::OnItemInHandsChanged: 
SCRIPT       : inv: DayZPlayerImplement::OnItemInHandsChanged: 
SCRIPT       : [action] SurvivorM_Peter:01 started ActionEmptyMagazine<2e8140f0> item=Mag_STANAG_30Rnd:012030
SCRIPT       : OnStartAnimationLoop
SCRIPT       : Saving stats in version: 106
SCRIPT       : SAVE CHECKSUM:2065646061
SCRIPT       : string s =    'Interupt in actionbase called - server'
SCRIPT       : string s =    'ActionBase.c | ActionBaseCB | OnFinish called : true'
SCRIPT       : [action] SurvivorM_Peter:01 end ActionEmptyMagazine<2e8140f0> item=Mag_STANAG_30Rnd:012030
SCRIPT       : [action] SurvivorM_Peter:01 started ActionLoadMagazine<2e813e70> item=Mag_STANAG_30Rnd:012030
SCRIPT       : OnStartAnimationLoop
SCRIPT       : string s =    'Interupt in actionbase called - server'
SCRIPT       : string s =    'ActionBase.c | ActionBaseCB | OnFinish called : true'
SCRIPT       : [action] SurvivorM_Peter:01 end ActionLoadMagazine<2e813e70> item=Mag_STANAG_30Rnd:012030
SCRIPT       : [action] SurvivorM_Peter:01 started ActionLoadMagazine<2e813e70> item=Mag_STANAG_30Rnd:012030
SCRIPT       : OnStartAnimationLoop
SCRIPT       : string s =    'Interupt in actionbase called - server'
SCRIPT       : string s =    'ActionBase.c | ActionBaseCB | OnFinish called : true'
SCRIPT       : [action] SurvivorM_Peter:01 end ActionLoadMagazine<2e813e70> item=Mag_STANAG_30Rnd:012030
SCRIPT       : inv: DayZPlayerImplement::OnItemInHandsChanged: 
SCRIPT       : inv: DayZPlayerImplement::OnItemInHandsChanged: 
SCRIPT       : [action] SurvivorM_Peter:01 started ActionEmptyMagazine<2e8140f0> item=Mag_STANAG_30Rnd:012048
SCRIPT       : OnStartAnimationLoop
SCRIPT       : string s =    'Interupt in actionbase called - server'
SCRIPT       : string s =    'ActionBase.c | ActionBaseCB | OnFinish called : true'
SCRIPT       : [action] SurvivorM_Peter:01 end ActionEmptyMagazine<2e8140f0> item=Mag_STANAG_30Rnd:012048
SCRIPT       : [action] SurvivorM_Peter:01 started ActionLoadMagazine<2e813e70> item=Mag_STANAG_30Rnd:012048
SCRIPT       : OnStartAnimationLoop
SCRIPT       : string s =    'Interupt in actionbase called - server'
SCRIPT       : string s =    'ActionBase.c | ActionBaseCB | OnFinish called : true'
SCRIPT       : [action] SurvivorM_Peter:01 end ActionLoadMagazine<2e813e70> item=Mag_STANAG_30Rnd:012048
SCRIPT       : [action] SurvivorM_Peter:01 started ActionLoadMagazine<2e813e70> item=Mag_STANAG_30Rnd:012048
SCRIPT       : OnStartAnimationLoop
SCRIPT       : string s =    'Interupt in actionbase called - server'
SCRIPT       : string s =    'ActionBase.c | ActionBaseCB | OnFinish called : true'
SCRIPT       : [action] SurvivorM_Peter:01 end ActionLoadMagazine<2e813e70> item=Mag_STANAG_30Rnd:012048
SCRIPT       : inv: DayZPlayerImplement::OnItemInHandsChanged: 
SCRIPT       : inv: DayZPlayerImplement::OnItemInHandsChanged: 
SCRIPT       : [action] SurvivorM_Peter:01 started ActionEmptyMagazine<2e8140f0> item=Mag_STANAG_30Rnd:012063
SCRIPT       : OnStartAnimationLoop
SCRIPT       : string s =    'Interupt in actionbase called - server'
SCRIPT       : string s =    'ActionBase.c | ActionBaseCB | OnFinish called : true'
SCRIPT       : [action] SurvivorM_Peter:01 end ActionEmptyMagazine<2e8140f0> item=Mag_STANAG_30Rnd:012063
SCRIPT       : [action] SurvivorM_Peter:01 started ActionLoadMagazine<2e813e70> item=Mag_STANAG_30Rnd:012063
SCRIPT       : OnStartAnimationLoop
SCRIPT       : string s =    'Interupt in actionbase called - server'
SCRIPT       : string s =    'ActionBase.c | ActionBaseCB | OnFinish called : true'
SCRIPT       : [action] SurvivorM_Peter:01 end ActionLoadMagazine<2e813e70> item=Mag_STANAG_30Rnd:012063
SCRIPT       : [action] SurvivorM_Peter:01 started ActionLoadMagazine<2e813e70> item=Mag_STANAG_30Rnd:012063
SCRIPT       : OnStartAnimationLoop
SCRIPT       : string s =    'Interupt in actionbase called - server'
SCRIPT       : string s =    'ActionBase.c | ActionBaseCB | OnFinish called : true'
SCRIPT       : [action] SurvivorM_Peter:01 end ActionLoadMagazine<2e813e70> item=Mag_STANAG_30Rnd:012063
SCRIPT       : inv: DayZPlayerImplement::OnItemInHandsChanged: 
SCRIPT       : Saving stats in version: 106
SCRIPT       : SAVE CHECKSUM:2065646061
SCRIPT       : inv: DayZPlayerImplement::OnItemInHandsChanged: 
SCRIPT       : [action] SurvivorM_Peter:01 started ActionEmptyMagazine<2e8140f0> item=Mag_STANAG_30Rnd:011992
SCRIPT       : OnStartAnimationLoop
SCRIPT       : string s =    'Interupt in actionbase called - server'
SCRIPT       : string s =    'ActionBase.c | ActionBaseCB | OnFinish called : true'
SCRIPT       : [action] SurvivorM_Peter:01 end ActionEmptyMagazine<2e8140f0> item=Mag_STANAG_30Rnd:011992
SCRIPT       : [action] SurvivorM_Peter:01 started ActionLoadMagazine<2e813e70> item=Mag_STANAG_30Rnd:011992
SCRIPT       : OnStartAnimationLoop
SCRIPT       : string s =    'Interupt in actionbase called - server'
SCRIPT       : string s =    'ActionBase.c | ActionBaseCB | OnFinish called : true'
SCRIPT       : [action] SurvivorM_Peter:01 end ActionLoadMagazine<2e813e70> item=Mag_STANAG_30Rnd:011992
SCRIPT       : [action] SurvivorM_Peter:01 started ActionLoadMagazine<2e813e70> item=Mag_STANAG_30Rnd:011992
SCRIPT       : OnStartAnimationLoop
SCRIPT       : string s =    'Interupt in actionbase called - server'
SCRIPT       : string s =    'ActionBase.c | ActionBaseCB | OnFinish called : true'
SCRIPT       : [action] SurvivorM_Peter:01 end ActionLoadMagazine<2e813e70> item=Mag_STANAG_30Rnd:011992
SCRIPT       : inv: DayZPlayerImplement::OnItemInHandsChanged: 
SCRIPT       : inv: DayZPlayerImplement::OnItemInHandsChanged: 
SCRIPT       : [action] SurvivorM_Peter:01 started ActionEmptyMagazine<2e8140f0> item=Mag_STANAG_30Rnd:012031
SCRIPT       : OnStartAnimationLoop
SCRIPT       : string s =    'Interupt in actionbase called - server'
SCRIPT       : string s =    'ActionBase.c | ActionBaseCB | OnFinish called : true'
SCRIPT       : [action] SurvivorM_Peter:01 end ActionEmptyMagazine<2e8140f0> item=Mag_STANAG_30Rnd:012031
SCRIPT       : [action] SurvivorM_Peter:01 started ActionLoadMagazine<2e813e70> item=Mag_STANAG_30Rnd:012031
SCRIPT       : OnStartAnimationLoop
SCRIPT       : string s =    'Interupt in actionbase called - server'
SCRIPT       : string s =    'ActionBase.c | ActionBaseCB | OnFinish called : true'
SCRIPT       : [action] SurvivorM_Peter:01 end ActionLoadMagazine<2e813e70> item=Mag_STANAG_30Rnd:012031
SCRIPT       : [action] SurvivorM_Peter:01 started ActionLoadMagazine<2e813e70> item=Mag_STANAG_30Rnd:012031
SCRIPT       : OnStartAnimationLoop
SCRIPT       : string s =    'Interupt in actionbase called - server'
SCRIPT       : string s =    'ActionBase.c | ActionBaseCB | OnFinish called : true'
SCRIPT       : [action] SurvivorM_Peter:01 end ActionLoadMagazine<2e813e70> item=Mag_STANAG_30Rnd:012031
SCRIPT       : inv: DayZPlayerImplement::OnItemInHandsChanged: 
SCRIPT       : inv: DayZPlayerImplement::OnItemInHandsChanged: 
SCRIPT       : [action] SurvivorM_Peter:01 started ActionEmptyMagazine<2e8140f0> item=Mag_STANAG_30Rnd:012069
SCRIPT       : OnStartAnimationLoop
SCRIPT       : string s =    'Interupt in actionbase called - server'
SCRIPT       : string s =    'ActionBase.c | ActionBaseCB | OnFinish called : true'
SCRIPT       : [action] SurvivorM_Peter:01 end ActionEmptyMagazine<2e8140f0> item=Mag_STANAG_30Rnd:012069
SCRIPT       : Saving stats in version: 106
SCRIPT       : SAVE CHECKSUM:2065646061
SCRIPT       : [action] SurvivorM_Peter:01 started ActionLoadMagazine<2e813e70> item=Mag_STANAG_30Rnd:012069
SCRIPT       : OnStartAnimationLoop
SCRIPT       : string s =    'Interupt in actionbase called - server'
SCRIPT       : string s =    'ActionBase.c | ActionBaseCB | OnFinish called : true'
SCRIPT       : [action] SurvivorM_Peter:01 end ActionLoadMagazine<2e813e70> item=Mag_STANAG_30Rnd:012069
SCRIPT       : [action] SurvivorM_Peter:01 started ActionLoadMagazine<2e813e70> item=Mag_STANAG_30Rnd:012069
SCRIPT       : OnStartAnimationLoop
SCRIPT       : string s =    'Interupt in actionbase called - server'
SCRIPT       : string s =    'ActionBase.c | ActionBaseCB | OnFinish called : true'
SCRIPT       : [action] SurvivorM_Peter:01 end ActionLoadMagazine<2e813e70> item=Mag_STANAG_30Rnd:012069
SCRIPT       : inv: DayZPlayerImplement::OnItemInHandsChanged: 
SCRIPT       : inv: DayZPlayerImplement::OnItemInHandsChanged: 
SCRIPT       : [action] SurvivorM_Peter:01 started ActionEmptyMagazine<2e8140f0> item=Mag_STANAG_30Rnd:017890
SCRIPT       : OnStartAnimationLoop
SCRIPT       : string s =    'Interupt in actionbase called - server'
SCRIPT       : string s =    'ActionBase.c | ActionBaseCB | OnFinish called : true'
SCRIPT       : [action] SurvivorM_Peter:01 end ActionEmptyMagazine<2e8140f0> item=Mag_STANAG_30Rnd:017890
SCRIPT       : [action] SurvivorM_Peter:01 started ActionLoadMagazine<2e813e70> item=Mag_STANAG_30Rnd:017890
SCRIPT       : OnStartAnimationLoop
SCRIPT       : string s =    'Interupt in actionbase called - server'
SCRIPT       : string s =    'ActionBase.c | ActionBaseCB | OnFinish called : true'
SCRIPT       : [action] SurvivorM_Peter:01 end ActionLoadMagazine<2e813e70> item=Mag_STANAG_30Rnd:017890
SCRIPT       : inv: DayZPlayerImplement::OnItemInHandsChanged: 
SCRIPT       : inv: DayZPlayerImplement::OnItemInHandsChanged: 
SCRIPT       : [action] SurvivorM_Peter:01 started ActionLoadMagazine<2e813e70> item=Mag_STANAG_30Rnd:017890
SCRIPT       : OnStartAnimationLoop
SCRIPT       : string s =    'Interupt in actionbase called - server'
SCRIPT       : string s =    'ActionBase.c | ActionBaseCB | OnFinish called : true'
SCRIPT       : [action] SurvivorM_Peter:01 end ActionLoadMagazine<2e813e70> item=Mag_STANAG_30Rnd:017890
SCRIPT       : inv: DayZPlayerImplement::OnItemInHandsChanged: 
SCRIPT       : inv: DayZPlayerImplement::OnItemInHandsChanged: 
SCRIPT       : [action] SurvivorM_Peter:01 started ActionEmptyMagazine<2e8140f0> item=Mag_STANAG_30Rnd:012041
SCRIPT       : OnStartAnimationLoop
SCRIPT       : string s =    'Interupt in actionbase called - server'
SCRIPT       : string s =    'ActionBase.c | ActionBaseCB | OnFinish called : true'
SCRIPT       : [action] SurvivorM_Peter:01 end ActionEmptyMagazine<2e8140f0> item=Mag_STANAG_30Rnd:012041
SCRIPT       : [action] SurvivorM_Peter:01 started ActionLoadMagazine<2e813e70> item=Mag_STANAG_30Rnd:012041
SCRIPT       : OnStartAnimationLoop
SCRIPT       : string s =    'Interupt in actionbase called - server'
SCRIPT       : string s =    'ActionBase.c | ActionBaseCB | OnFinish called : true'
SCRIPT       : [action] SurvivorM_Peter:01 end ActionLoadMagazine<2e813e70> item=Mag_STANAG_30Rnd:012041
SCRIPT       : [action] SurvivorM_Peter:01 started ActionLoadMagazine<2e813e70> item=Mag_STANAG_30Rnd:012041
SCRIPT       : OnStartAnimationLoop
SCRIPT       : Saving stats in version: 106
SCRIPT       : SAVE CHECKSUM:2065646061
SCRIPT       : string s =    'Interupt in actionbase called - server'
SCRIPT       : string s =    'ActionBase.c | ActionBaseCB | OnFinish called : true'
SCRIPT       : [action] SurvivorM_Peter:01 end ActionLoadMagazine<2e813e70> item=Mag_STANAG_30Rnd:012041
SCRIPT       : inv: DayZPlayerImplement::OnItemInHandsChanged: 
SCRIPT       : inv: DayZPlayerImplement::OnItemInHandsChanged: 
SCRIPT       : [action] SurvivorM_Peter:01 started ActionEmptyMagazine<2e8140f0> item=Mag_STANAG_30Rnd:012053
SCRIPT       : OnStartAnimationLoop
SCRIPT       : string s =    'Interupt in actionbase called - server'
SCRIPT       : string s =    'ActionBase.c | ActionBaseCB | OnFinish called : true'
SCRIPT       : [action] SurvivorM_Peter:01 end ActionEmptyMagazine<2e8140f0> item=Mag_STANAG_30Rnd:012053
SCRIPT       : [action] SurvivorM_Peter:01 started ActionLoadMagazine<2e813e70> item=Mag_STANAG_30Rnd:012053
SCRIPT       : OnStartAnimationLoop
SCRIPT       : string s =    'Interupt in actionbase called - server'
SCRIPT       : string s =    'ActionBase.c | ActionBaseCB | OnFinish called : true'
SCRIPT       : [action] SurvivorM_Peter:01 end ActionLoadMagazine<2e813e70> item=Mag_STANAG_30Rnd:012053
SCRIPT       : [action] SurvivorM_Peter:01 started ActionLoadMagazine<2e813e70> item=Mag_STANAG_30Rnd:012053
SCRIPT       : OnStartAnimationLoop
SCRIPT       : string s =    'Interupt in actionbase called - server'
SCRIPT       : string s =    'ActionBase.c | ActionBaseCB | OnFinish called : true'
SCRIPT       : [action] SurvivorM_Peter:01 end ActionLoadMagazine<2e813e70> item=Mag_STANAG_30Rnd:012053
SCRIPT       : inv: DayZPlayerImplement::OnItemInHandsChanged: 
SCRIPT       : inv: DayZPlayerImplement::OnItemInHandsChanged: 
SCRIPT       : [action] SurvivorM_Peter:01 started ActionEmptyMagazine<2e8140f0> item=Mag_STANAG_30Rnd:012083
SCRIPT       : OnStartAnimationLoop
SCRIPT       : string s =    'Interupt in actionbase called - server'
SCRIPT       : string s =    'ActionBase.c | ActionBaseCB | OnFinish called : true'
SCRIPT       : [action] SurvivorM_Peter:01 end ActionEmptyMagazine<2e8140f0> item=Mag_STANAG_30Rnd:012083
SCRIPT       : [action] SurvivorM_Peter:01 started ActionLoadMagazine<2e813e70> item=Mag_STANAG_30Rnd:012083
SCRIPT       : OnStartAnimationLoop
SCRIPT       : string s =    'Interupt in actionbase called - server'
SCRIPT       : string s =    'ActionBase.c | ActionBaseCB | OnFinish called : true'
SCRIPT       : [action] SurvivorM_Peter:01 end ActionLoadMagazine<2e813e70> item=Mag_STANAG_30Rnd:012083
SCRIPT       : [action] SurvivorM_Peter:01 started ActionLoadMagazine<2e813e70> item=Mag_STANAG_30Rnd:012083
SCRIPT       : OnStartAnimationLoop
SCRIPT       : string s =    'Interupt in actionbase called - server'
SCRIPT       : string s =    'ActionBase.c | ActionBaseCB | OnFinish called : true'
SCRIPT       : [action] SurvivorM_Peter:01 end ActionLoadMagazine<2e813e70> item=Mag_STANAG_30Rnd:012083
SCRIPT       : inv: DayZPlayerImplement::OnItemInHandsChanged: 
SCRIPT       : inv: DayZPlayerImplement::OnItemInHandsChanged: 
SCRIPT       : [action] SurvivorM_Peter:01 started ActionEmptyMagazine<2e8140f0> item=Mag_STANAG_30Rnd:019018
SCRIPT       : OnStartAnimationLoop
SCRIPT       : string s =    'Interupt in actionbase called - server'
SCRIPT       : string s =    'ActionBase.c | ActionBaseCB | OnFinish called : true'
SCRIPT       : [action] SurvivorM_Peter:01 end ActionEmptyMagazine<2e8140f0> item=Mag_STANAG_30Rnd:019018
SCRIPT       : [action] SurvivorM_Peter:01 started ActionLoadMagazine<2e813e70> item=Mag_STANAG_30Rnd:019018
SCRIPT       : OnStartAnimationLoop
SCRIPT       : string s =    'Interupt in actionbase called - server'
SCRIPT       : string s =    'ActionBase.c | ActionBaseCB | OnFinish called : true'
SCRIPT       : [action] SurvivorM_Peter:01 end ActionLoadMagazine<2e813e70> item=Mag_STANAG_30Rnd:019018
SCRIPT       : Saving stats in version: 106
SCRIPT       : SAVE CHECKSUM:2065646061
SCRIPT       : [action] SurvivorM_Peter:01 started ActionLoadMagazine<2e813e70> item=Mag_STANAG_30Rnd:019018
SCRIPT       : OnStartAnimationLoop
SCRIPT       : string s =    'Interupt in actionbase called - server'
SCRIPT       : string s =    'ActionBase.c | ActionBaseCB | OnFinish called : true'
SCRIPT       : [action] SurvivorM_Peter:01 end ActionLoadMagazine<2e813e70> item=Mag_STANAG_30Rnd:019018
SCRIPT       : inv: DayZPlayerImplement::OnItemInHandsChanged: 
SCRIPT       : inv: DayZPlayerImplement::OnItemInHandsChanged: 
SCRIPT       : [action] SurvivorM_Peter:01 started ActionEmptyMagazine<2e8140f0> item=Mag_STANAG_30Rnd:012086
SCRIPT       : OnStartAnimationLoop
SCRIPT       : string s =    'Interupt in actionbase called - server'
SCRIPT       : string s =    'ActionBase.c | ActionBaseCB | OnFinish called : true'
SCRIPT       : [action] SurvivorM_Peter:01 end ActionEmptyMagazine<2e8140f0> item=Mag_STANAG_30Rnd:012086
SCRIPT       : [action] SurvivorM_Peter:01 started ActionLoadMagazine<2e813e70> item=Mag_STANAG_30Rnd:012086
SCRIPT       : OnStartAnimationLoop
SCRIPT       : string s =    'Interupt in actionbase called - server'
SCRIPT       : string s =    'ActionBase.c | ActionBaseCB | OnFinish called : true'
SCRIPT       : [action] SurvivorM_Peter:01 end ActionLoadMagazine<2e813e70> item=Mag_STANAG_30Rnd:012086
SCRIPT       : [action] SurvivorM_Peter:01 started ActionLoadMagazine<2e813e70> item=Mag_STANAG_30Rnd:012086
SCRIPT       : OnStartAnimationLoop
SCRIPT       : string s =    'Interupt in actionbase called - server'
SCRIPT       : string s =    'ActionBase.c | ActionBaseCB | OnFinish called : true'
SCRIPT       : [action] SurvivorM_Peter:01 end ActionLoadMagazine<2e813e70> item=Mag_STANAG_30Rnd:012086
SCRIPT       : inv: DayZPlayerImplement::OnItemInHandsChanged: 
SCRIPT       : inv: DayZPlayerImplement::OnItemInHandsChanged: 
SCRIPT       : Saving stats in version: 106
SCRIPT       : SAVE CHECKSUM:2065646061
SCRIPT       : [action] SurvivorM_Peter:01 started ActionEmptyMagazine<2e8140f0> item=Mag_STANAG_30Rnd:011989
SCRIPT       : OnStartAnimationLoop
SCRIPT       : string s =    'Interupt in actionbase called - server'
SCRIPT       : string s =    'ActionBase.c | ActionBaseCB | OnFinish called : true'
SCRIPT       : [action] SurvivorM_Peter:01 end ActionEmptyMagazine<2e8140f0> item=Mag_STANAG_30Rnd:011989
SCRIPT       : [action] SurvivorM_Peter:01 started ActionLoadMagazine<2e813e70> item=Mag_STANAG_30Rnd:011989
SCRIPT       : OnStartAnimationLoop
SCRIPT       : string s =    'Interupt in actionbase called - server'
SCRIPT       : string s =    'ActionBase.c | ActionBaseCB | OnFinish called : true'
SCRIPT       : [action] SurvivorM_Peter:01 end ActionLoadMagazine<2e813e70> item=Mag_STANAG_30Rnd:011989
SCRIPT       : [action] SurvivorM_Peter:01 started ActionLoadMagazine<2e813e70> item=Mag_STANAG_30Rnd:011989
SCRIPT       : OnStartAnimationLoop
SCRIPT       : string s =    'Interupt in actionbase called - server'
SCRIPT       : string s =    'ActionBase.c | ActionBaseCB | OnFinish called : true'
SCRIPT       : [action] SurvivorM_Peter:01 end ActionLoadMagazine<2e813e70> item=Mag_STANAG_30Rnd:011989
SCRIPT       : inv: DayZPlayerImplement::OnItemInHandsChanged: 
SCRIPT       : inv: DayZPlayerImplement::OnItemInHandsChanged: 
SCRIPT       : [action] SurvivorM_Peter:01 started ActionEmptyMagazine<2e8140f0> item=Mag_STANAG_30Rnd:012068
SCRIPT       : OnStartAnimationLoop
SCRIPT       : string s =    'Interupt in actionbase called - server'
SCRIPT       : string s =    'ActionBase.c | ActionBaseCB | OnFinish called : true'
SCRIPT       : [action] SurvivorM_Peter:01 end ActionEmptyMagazine<2e8140f0> item=Mag_STANAG_30Rnd:012068
SCRIPT       : Warning - CanFSwap #5
SCRIPT       : inv: DayZPlayerImplement::OnItemInHandsChanged: 
SCRIPT       : inv: DayZPlayerImplement::OnItemInHandsChanged: 
SCRIPT       : inv: DayZPlayerImplement::OnItemInHandsChanged: 
SCRIPT       : [action] SurvivorM_Peter:01 started ActionLoadMagazine<2e813e70> item=Mag_STANAG_30Rnd:012068
SCRIPT       : OnStartAnimationLoop
SCRIPT       : string s =    'Interupt in actionbase called - server'
SCRIPT       : string s =    'ActionBase.c | ActionBaseCB | OnFinish called : true'
SCRIPT       : [action] SurvivorM_Peter:01 end ActionLoadMagazine<2e813e70> item=Mag_STANAG_30Rnd:012068
SCRIPT       : [action] SurvivorM_Peter:01 started ActionLoadMagazine<2e813e70> item=Mag_STANAG_30Rnd:012068
SCRIPT       : OnStartAnimationLoop
SCRIPT       : string s =    'Interupt in actionbase called - server'
SCRIPT       : string s =    'ActionBase.c | ActionBaseCB | OnFinish called : true'
SCRIPT       : [action] SurvivorM_Peter:01 end ActionLoadMagazine<2e813e70> item=Mag_STANAG_30Rnd:012068
SCRIPT       : inv: DayZPlayerImplement::OnItemInHandsChanged: 
SCRIPT       : inv: DayZPlayerImplement::OnItemInHandsChanged: 
SCRIPT       : [action] SurvivorM_Peter:01 started ActionEmptyMagazine<2e8140f0> item=Mag_STANAG_30Rnd:012065
SCRIPT       : OnStartAnimationLoop
SCRIPT       : Saving stats in version: 106
SCRIPT       : SAVE CHECKSUM:2065646061
SCRIPT       : string s =    'Interupt in actionbase called - server'
SCRIPT       : string s =    'ActionBase.c | ActionBaseCB | OnFinish called : true'
SCRIPT       : [action] SurvivorM_Peter:01 end ActionEmptyMagazine<2e8140f0> item=Mag_STANAG_30Rnd:012065
SCRIPT       : [action] SurvivorM_Peter:01 started ActionLoadMagazine<2e813e70> item=Mag_STANAG_30Rnd:012065
SCRIPT       : OnStartAnimationLoop
SCRIPT       : string s =    'Interupt in actionbase called - server'
SCRIPT       : string s =    'ActionBase.c | ActionBaseCB | OnFinish called : true'
SCRIPT       : [action] SurvivorM_Peter:01 end ActionLoadMagazine<2e813e70> item=Mag_STANAG_30Rnd:012065
SCRIPT       : [action] SurvivorM_Peter:01 started ActionLoadMagazine<2e813e70> item=Mag_STANAG_30Rnd:012065
SCRIPT       : OnStartAnimationLoop
SCRIPT       : string s =    'Interupt in actionbase called - server'
SCRIPT       : string s =    'ActionBase.c | ActionBaseCB | OnFinish called : true'
SCRIPT       : [action] SurvivorM_Peter:01 end ActionLoadMagazine<2e813e70> item=Mag_STANAG_30Rnd:012065
SCRIPT       : inv: DayZPlayerImplement::OnItemInHandsChanged: 
SCRIPT       : inv: DayZPlayerImplement::OnItemInHandsChanged: 
SCRIPT       : [action] SurvivorM_Peter:01 started ActionEmptyMagazine<2e8140f0> item=Mag_STANAG_30Rnd:08471
SCRIPT       : OnStartAnimationLoop
SCRIPT       : string s =    'Interupt in actionbase called - server'
SCRIPT       : string s =    'ActionBase.c | ActionBaseCB | OnFinish called : true'
SCRIPT       : [action] SurvivorM_Peter:01 end ActionEmptyMagazine<2e8140f0> item=Mag_STANAG_30Rnd:08471
SCRIPT       : [action] SurvivorM_Peter:01 started ActionLoadMagazine<2e813e70> item=Mag_STANAG_30Rnd:08471
SCRIPT       : OnStartAnimationLoop
SCRIPT       : string s =    'Interupt in actionbase called - server'
SCRIPT       : string s =    'ActionBase.c | ActionBaseCB | OnFinish called : true'
SCRIPT       : [action] SurvivorM_Peter:01 end ActionLoadMagazine<2e813e70> item=Mag_STANAG_30Rnd:08471
SCRIPT       : [action] SurvivorM_Peter:01 started ActionLoadMagazine<2e813e70> item=Mag_STANAG_30Rnd:08471
SCRIPT       : OnStartAnimationLoop
SCRIPT       : string s =    'Interupt in actionbase called - server'
SCRIPT       : string s =    'ActionBase.c | ActionBaseCB | OnFinish called : true'
SCRIPT       : [action] SurvivorM_Peter:01 end ActionLoadMagazine<2e813e70> item=Mag_STANAG_30Rnd:08471
SCRIPT       : inv: DayZPlayerImplement::OnItemInHandsChanged: 
SCRIPT       : inv: DayZPlayerImplement::OnItemInHandsChanged: 
SCRIPT       : [action] SurvivorM_Peter:01 started ActionEmptyMagazine<2e8140f0> item=Mag_STANAG_30Rnd:012080
SCRIPT       : OnStartAnimationLoop
SCRIPT       : string s =    'Interupt in actionbase called - server'
SCRIPT       : string s =    'ActionBase.c | ActionBaseCB | OnFinish called : true'
SCRIPT       : [action] SurvivorM_Peter:01 end ActionEmptyMagazine<2e8140f0> item=Mag_STANAG_30Rnd:012080
SCRIPT       : [action] SurvivorM_Peter:01 started ActionLoadMagazine<2e813e70> item=Mag_STANAG_30Rnd:012080
SCRIPT       : OnStartAnimationLoop
SCRIPT       : string s =    'Interupt in actionbase called - server'
SCRIPT       : string s =    'ActionBase.c | ActionBaseCB | OnFinish called : true'
SCRIPT       : [action] SurvivorM_Peter:01 end ActionLoadMagazine<2e813e70> item=Mag_STANAG_30Rnd:012080
SCRIPT       : [action] SurvivorM_Peter:01 started ActionLoadMagazine<2e813e70> item=Mag_STANAG_30Rnd:012080
SCRIPT       : OnStartAnimationLoop
SCRIPT       : string s =    'Interupt in actionbase called - server'
SCRIPT       : string s =    'ActionBase.c | ActionBaseCB | OnFinish called : true'
SCRIPT       : [action] SurvivorM_Peter:01 end ActionLoadMagazine<2e813e70> item=Mag_STANAG_30Rnd:012080
SCRIPT       : inv: DayZPlayerImplement::OnItemInHandsChanged: 
SCRIPT       : inv: DayZPlayerImplement::OnItemInHandsChanged: 
SCRIPT       : [action] SurvivorM_Peter:01 started ActionEmptyMagazine<2e8140f0> item=Mag_STANAG_30Rnd:018199
SCRIPT       : OnStartAnimationLoop
SCRIPT       : Saving stats in version: 106
SCRIPT       : SAVE CHECKSUM:2065646061
SCRIPT       : string s =    'Interupt in actionbase called - server'
SCRIPT       : string s =    'ActionBase.c | ActionBaseCB | OnFinish called : true'
SCRIPT       : [action] SurvivorM_Peter:01 end ActionEmptyMagazine<2e8140f0> item=Mag_STANAG_30Rnd:018199
SCRIPT       : [action] SurvivorM_Peter:01 started ActionLoadMagazine<2e813e70> item=Mag_STANAG_30Rnd:018199
SCRIPT       : OnStartAnimationLoop
SCRIPT       : string s =    'Interupt in actionbase called - server'
SCRIPT       : string s =    'ActionBase.c | ActionBaseCB | OnFinish called : true'
SCRIPT       : [action] SurvivorM_Peter:01 end ActionLoadMagazine<2e813e70> item=Mag_STANAG_30Rnd:018199
SCRIPT       : [action] SurvivorM_Peter:01 started ActionLoadMagazine<2e813e70> item=Mag_STANAG_30Rnd:018199
SCRIPT       : OnStartAnimationLoop
SCRIPT       : string s =    'Interupt in actionbase called - server'
SCRIPT       : string s =    'ActionBase.c | ActionBaseCB | OnFinish called : true'
SCRIPT       : [action] SurvivorM_Peter:01 end ActionLoadMagazine<2e813e70> item=Mag_STANAG_30Rnd:018199
SCRIPT       : inv: DayZPlayerImplement::OnItemInHandsChanged: 
SCRIPT       : inv: DayZPlayerImplement::OnItemInHandsChanged: 
SCRIPT       : [action] SurvivorM_Peter:01 started ActionEmptyMagazine<2e8140f0> item=Mag_STANAG_30Rnd:012039
SCRIPT       : OnStartAnimationLoop
SCRIPT       : string s =    'Interupt in actionbase called - server'
SCRIPT       : string s =    'ActionBase.c | ActionBaseCB | OnFinish called : true'
SCRIPT       : [action] SurvivorM_Peter:01 end ActionEmptyMagazine<2e8140f0> item=Mag_STANAG_30Rnd:012039
SCRIPT       : [action] SurvivorM_Peter:01 started ActionLoadMagazine<2e813e70> item=Mag_STANAG_30Rnd:012039
SCRIPT       : OnStartAnimationLoop
SCRIPT       : string s =    'Interupt in actionbase called - server'
SCRIPT       : string s =    'ActionBase.c | ActionBaseCB | OnFinish called : true'
SCRIPT       : [action] SurvivorM_Peter:01 end ActionLoadMagazine<2e813e70> item=Mag_STANAG_30Rnd:012039
SCRIPT       : [action] SurvivorM_Peter:01 started ActionLoadMagazine<2e813e70> item=Mag_STANAG_30Rnd:012039
SCRIPT       : OnStartAnimationLoop
SCRIPT       : string s =    'Interupt in actionbase called - server'
SCRIPT       : string s =    'ActionBase.c | ActionBaseCB | OnFinish called : true'
SCRIPT       : [action] SurvivorM_Peter:01 end ActionLoadMagazine<2e813e70> item=Mag_STANAG_30Rnd:012039
SCRIPT       : inv: DayZPlayerImplement::OnItemInHandsChanged: 
SCRIPT       : inv: DayZPlayerImplement::OnItemInHandsChanged: 
SCRIPT       : [action] SurvivorM_Peter:01 started ActionEmptyMagazine<2e8140f0> item=Mag_STANAG_30Rnd:021572
SCRIPT       : OnStartAnimationLoop
SCRIPT       : string s =    'ActionBase.c | ActionBaseCB | OnFinish called : false'
SCRIPT       : [action] SurvivorM_Peter:01 end ActionEmptyMagazine<2e8140f0> item=Mag_STANAG_30Rnd:021572
SCRIPT       : [action] SurvivorM_Peter:01 started ActionEmptyMagazine<2e8140f0> item=Mag_STANAG_30Rnd:021572
SCRIPT       : OnStartAnimationLoop
SCRIPT       : string s =    'Interupt in actionbase called - server'
SCRIPT       : string s =    'ActionBase.c | ActionBaseCB | OnFinish called : true'
SCRIPT       : [action] SurvivorM_Peter:01 end ActionEmptyMagazine<2e8140f0> item=Mag_STANAG_30Rnd:021572
SCRIPT       : [action] SurvivorM_Peter:01 started ActionLoadMagazine<2e813e70> item=Mag_STANAG_30Rnd:021572
SCRIPT       : OnStartAnimationLoop
SCRIPT       : string s =    'Interupt in actionbase called - server'
SCRIPT       : string s =    'ActionBase.c | ActionBaseCB | OnFinish called : true'
SCRIPT       : [action] SurvivorM_Peter:01 end ActionLoadMagazine<2e813e70> item=Mag_STANAG_30Rnd:021572
SCRIPT       : inv: DayZPlayerImplement::OnItemInHandsChanged: 
SCRIPT       : Saving stats in version: 106
SCRIPT       : SAVE CHECKSUM:2065646061
SCRIPT       : inv: DayZPlayerImplement::OnItemInHandsChanged: 
SCRIPT       : [action] SurvivorM_Peter:01 started ActionLoadMagazine<2e813e70> item=Mag_STANAG_30Rnd:021572
SCRIPT       : OnStartAnimationLoop
SCRIPT       : string s =    'Interupt in actionbase called - server'
SCRIPT       : string s =    'ActionBase.c | ActionBaseCB | OnFinish called : true'
SCRIPT       : [action] SurvivorM_Peter:01 end ActionLoadMagazine<2e813e70> item=Mag_STANAG_30Rnd:021572
SCRIPT       : inv: DayZPlayerImplement::OnItemInHandsChanged: 
SCRIPT       : inv: DayZPlayerImplement::OnItemInHandsChanged: 
SCRIPT       : [action] SurvivorM_Peter:01 started ActionEmptyMagazine<2e8140f0> item=Mag_STANAG_30Rnd:022776
SCRIPT       : OnStartAnimationLoop
SCRIPT       : string s =    'Interupt in actionbase called - server'
SCRIPT       : string s =    'ActionBase.c | ActionBaseCB | OnFinish called : true'
SCRIPT       : [action] SurvivorM_Peter:01 end ActionEmptyMagazine<2e8140f0> item=Mag_STANAG_30Rnd:022776
SCRIPT       : [action] SurvivorM_Peter:01 started ActionLoadMagazine<2e813e70> item=Mag_STANAG_30Rnd:022776
SCRIPT       : OnStartAnimationLoop
SCRIPT       : string s =    'Interupt in actionbase called - server'
SCRIPT       : string s =    'ActionBase.c | ActionBaseCB | OnFinish called : true'
SCRIPT       : [action] SurvivorM_Peter:01 end ActionLoadMagazine<2e813e70> item=Mag_STANAG_30Rnd:022776
SCRIPT       : [action] SurvivorM_Peter:01 started ActionLoadMagazine<2e813e70> item=Mag_STANAG_30Rnd:022776
SCRIPT       : OnStartAnimationLoop
SCRIPT       : string s =    'Interupt in actionbase called - server'
SCRIPT       : string s =    'ActionBase.c | ActionBaseCB | OnFinish called : true'
SCRIPT       : [action] SurvivorM_Peter:01 end ActionLoadMagazine<2e813e70> item=Mag_STANAG_30Rnd:022776
SCRIPT       : inv: DayZPlayerImplement::OnItemInHandsChanged: 
SCRIPT       : inv: DayZPlayerImplement::OnItemInHandsChanged: 
SCRIPT       : [action] SurvivorM_Peter:01 started ActionEmptyMagazine<2e8140f0> item=Mag_STANAG_30Rnd:022926
SCRIPT       : OnStartAnimationLoop
SCRIPT       : string s =    'Interupt in actionbase called - server'
SCRIPT       : string s =    'ActionBase.c | ActionBaseCB | OnFinish called : true'
SCRIPT       : [action] SurvivorM_Peter:01 end ActionEmptyMagazine<2e8140f0> item=Mag_STANAG_30Rnd:022926
SCRIPT       : [action] SurvivorM_Peter:01 started ActionLoadMagazine<2e813e70> item=Mag_STANAG_30Rnd:022926
SCRIPT       : OnStartAnimationLoop
SCRIPT       : string s =    'Interupt in actionbase called - server'
SCRIPT       : string s =    'ActionBase.c | ActionBaseCB | OnFinish called : true'
SCRIPT       : [action] SurvivorM_Peter:01 end ActionLoadMagazine<2e813e70> item=Mag_STANAG_30Rnd:022926
SCRIPT       : [action] SurvivorM_Peter:01 started ActionLoadMagazine<2e813e70> item=Mag_STANAG_30Rnd:022926
SCRIPT       : OnStartAnimationLoop
SCRIPT       : string s =    'Interupt in actionbase called - server'
SCRIPT       : string s =    'ActionBase.c | ActionBaseCB | OnFinish called : true'
SCRIPT       : [action] SurvivorM_Peter:01 end ActionLoadMagazine<2e813e70> item=Mag_STANAG_30Rnd:022926
SCRIPT       : inv: DayZPlayerImplement::OnItemInHandsChanged: 
SCRIPT       : inv: DayZPlayerImplement::OnItemInHandsChanged: 
SCRIPT       : [action] SurvivorM_Peter:01 started ActionEmptyMagazine<2e8140f0> item=Mag_STANAG_30Rnd:08472
SCRIPT       : OnStartAnimationLoop
SCRIPT       : string s =    'Interupt in actionbase called - server'
SCRIPT       : string s =    'ActionBase.c | ActionBaseCB | OnFinish called : true'
SCRIPT       : [action] SurvivorM_Peter:01 end ActionEmptyMagazine<2e8140f0> item=Mag_STANAG_30Rnd:08472
SCRIPT       : [action] SurvivorM_Peter:01 started ActionLoadMagazine<2e813e70> item=Mag_STANAG_30Rnd:08472
SCRIPT       : OnStartAnimationLoop
SCRIPT       : Saving stats in version: 106
SCRIPT       : SAVE CHECKSUM:2065646061
SCRIPT       : string s =    'Interupt in actionbase called - server'
SCRIPT       : string s =    'ActionBase.c | ActionBaseCB | OnFinish called : true'
SCRIPT       : [action] SurvivorM_Peter:01 end ActionLoadMagazine<2e813e70> item=Mag_STANAG_30Rnd:08472
SCRIPT       : [action] SurvivorM_Peter:01 started ActionLoadMagazine<2e813e70> item=Mag_STANAG_30Rnd:08472
SCRIPT       : OnStartAnimationLoop
SCRIPT       : string s =    'Interupt in actionbase called - server'
SCRIPT       : string s =    'ActionBase.c | ActionBaseCB | OnFinish called : true'
SCRIPT       : [action] SurvivorM_Peter:01 end ActionLoadMagazine<2e813e70> item=Mag_STANAG_30Rnd:08472
SCRIPT       : inv: DayZPlayerImplement::OnItemInHandsChanged: 
SCRIPT       : inv: DayZPlayerImplement::OnItemInHandsChanged: 
SCRIPT       : [action] SurvivorM_Peter:01 started ActionEmptyMagazine<2e8140f0> item=Mag_STANAG_30Rnd:022429
SCRIPT       : OnStartAnimationLoop
SCRIPT       : string s =    'Interupt in actionbase called - server'
SCRIPT       : string s =    'ActionBase.c | ActionBaseCB | OnFinish called : true'
SCRIPT       : [action] SurvivorM_Peter:01 end ActionEmptyMagazine<2e8140f0> item=Mag_STANAG_30Rnd:022429
SCRIPT       : [action] SurvivorM_Peter:01 started ActionLoadMagazine<2e813e70> item=Mag_STANAG_30Rnd:022429
SCRIPT       : OnStartAnimationLoop
SCRIPT       : string s =    'Interupt in actionbase called - server'
SCRIPT       : string s =    'ActionBase.c | ActionBaseCB | OnFinish called : true'
SCRIPT       : [action] SurvivorM_Peter:01 end ActionLoadMagazine<2e813e70> item=Mag_STANAG_30Rnd:022429
SCRIPT       : [action] SurvivorM_Peter:01 started ActionLoadMagazine<2e813e70> item=Mag_STANAG_30Rnd:022429
SCRIPT       : OnStartAnimationLoop
SCRIPT       : string s =    'Interupt in actionbase called - server'
SCRIPT       : string s =    'ActionBase.c | ActionBaseCB | OnFinish called : true'
SCRIPT       : [action] SurvivorM_Peter:01 end ActionLoadMagazine<2e813e70> item=Mag_STANAG_30Rnd:022429
SCRIPT       : inv: DayZPlayerImplement::OnItemInHandsChanged: 
SCRIPT       : inv: DayZPlayerImplement::OnItemInHandsChanged: 
SCRIPT       : [action] SurvivorM_Peter:01 started ActionEmptyMagazine<2e8140f0> item=Mag_STANAG_30Rnd:018995
SCRIPT       : OnStartAnimationLoop
SCRIPT       : string s =    'Interupt in actionbase called - server'
SCRIPT       : string s =    'ActionBase.c | ActionBaseCB | OnFinish called : true'
SCRIPT       : [action] SurvivorM_Peter:01 end ActionEmptyMagazine<2e8140f0> item=Mag_STANAG_30Rnd:018995
SCRIPT       : [action] SurvivorM_Peter:01 started ActionLoadMagazine<2e813e70> item=Mag_STANAG_30Rnd:018995
SCRIPT       : OnStartAnimationLoop
SCRIPT       : string s =    'Interupt in actionbase called - server'
SCRIPT       : string s =    'ActionBase.c | ActionBaseCB | OnFinish called : true'
SCRIPT       : [action] SurvivorM_Peter:01 end ActionLoadMagazine<2e813e70> item=Mag_STANAG_30Rnd:018995
SCRIPT       : [action] SurvivorM_Peter:01 started ActionLoadMagazine<2e813e70> item=Mag_STANAG_30Rnd:018995
SCRIPT       : OnStartAnimationLoop
SCRIPT       : string s =    'Interupt in actionbase called - server'
SCRIPT       : string s =    'ActionBase.c | ActionBaseCB | OnFinish called : true'
SCRIPT       : [action] SurvivorM_Peter:01 end ActionLoadMagazine<2e813e70> item=Mag_STANAG_30Rnd:018995
SCRIPT       : inv: DayZPlayerImplement::OnItemInHandsChanged: 
SCRIPT       : Saving stats in version: 106
SCRIPT       : SAVE CHECKSUM:2065646061
SCRIPT       : inv: DayZPlayerImplement::OnItemInHandsChanged: 
SCRIPT       : [action] SurvivorM_Peter:01 started ActionEmptyMagazine<2e8140f0> item=Mag_STANAG_30Rnd:012023
SCRIPT       : OnStartAnimationLoop
SCRIPT       : string s =    'Interupt in actionbase called - server'
SCRIPT       : string s =    'ActionBase.c | ActionBaseCB | OnFinish called : true'
SCRIPT       : [action] SurvivorM_Peter:01 end ActionEmptyMagazine<2e8140f0> item=Mag_STANAG_30Rnd:012023
SCRIPT       : [action] SurvivorM_Peter:01 started ActionLoadMagazine<2e813e70> item=Mag_STANAG_30Rnd:012023
SCRIPT       : OnStartAnimationLoop
SCRIPT       : string s =    'Interupt in actionbase called - server'
SCRIPT       : string s =    'ActionBase.c | ActionBaseCB | OnFinish called : true'
SCRIPT       : [action] SurvivorM_Peter:01 end ActionLoadMagazine<2e813e70> item=Mag_STANAG_30Rnd:012023
SCRIPT       : [action] SurvivorM_Peter:01 started ActionLoadMagazine<2e813e70> item=Mag_STANAG_30Rnd:012023
SCRIPT       : OnStartAnimationLoop
SCRIPT       : string s =    'Interupt in actionbase called - server'
SCRIPT       : string s =    'ActionBase.c | ActionBaseCB | OnFinish called : true'
SCRIPT       : [action] SurvivorM_Peter:01 end ActionLoadMagazine<2e813e70> item=Mag_STANAG_30Rnd:012023
SCRIPT       : inv: DayZPlayerImplement::OnItemInHandsChanged: 
SCRIPT       : inv: DayZPlayerImplement::OnItemInHandsChanged: 
SCRIPT       : [action] SurvivorM_Peter:01 started FirearmActionMechanicManipulate<2e9626e0> item=M4A1:012043
SCRIPT       : [action] SurvivorM_Peter:01 end FirearmActionMechanicManipulate<2e9626e0> item=M4A1:012043
SCRIPT       : [action] SurvivorM_Peter:01 started FirearmActionMechanicManipulate<2e9626e0> item=M4A1:012043
SCRIPT       : [action] SurvivorM_Peter:01 end FirearmActionMechanicManipulate<2e9626e0> item=M4A1:012043
SCRIPT       : inv: DayZPlayerImplement::OnItemInHandsChanged: 
SCRIPT       : inv: DayZPlayerImplement::OnItemInHandsChanged: 
SCRIPT       : [action] SurvivorM_Peter:01 started FirearmActionMechanicManipulate<2e9626e0> item=M4A1:012007
SCRIPT       : [action] SurvivorM_Peter:01 end FirearmActionMechanicManipulate<2e9626e0> item=M4A1:012007
SCRIPT       : [action] SurvivorM_Peter:01 started FirearmActionMechanicManipulate<2e9626e0> item=M4A1:012007
SCRIPT       : [action] SurvivorM_Peter:01 end FirearmActionMechanicManipulate<2e9626e0> item=M4A1:012007
SCRIPT       : inv: DayZPlayerImplement::OnItemInHandsChanged: 
SCRIPT       : inv: DayZPlayerImplement::OnItemInHandsChanged: 
SCRIPT       : [action] SurvivorM_Peter:01 started FirearmActionMechanicManipulate<2e9626e0> item=M4A1:012034
SCRIPT       : [action] SurvivorM_Peter:01 end FirearmActionMechanicManipulate<2e9626e0> item=M4A1:012034
SCRIPT       : [action] SurvivorM_Peter:01 started FirearmActionMechanicManipulate<2e9626e0> item=M4A1:012034
SCRIPT       : [action] SurvivorM_Peter:01 end FirearmActionMechanicManipulate<2e9626e0> item=M4A1:012034
SCRIPT       : inv: DayZPlayerImplement::OnItemInHandsChanged: 
SCRIPT       : inv: DayZPlayerImplement::OnItemInHandsChanged: 
SCRIPT       : [action] SurvivorM_Peter:01 started FirearmActionMechanicManipulate<2e9626e0> item=M4A1:012018
SCRIPT       : [action] SurvivorM_Peter:01 end FirearmActionMechanicManipulate<2e9626e0> item=M4A1:012018
SCRIPT       : [action] SurvivorM_Peter:01 started FirearmActionMechanicManipulate<2e9626e0> item=M4A1:012018
SCRIPT       : [action] SurvivorM_Peter:01 end FirearmActionMechanicManipulate<2e9626e0> item=M4A1:012018
SCRIPT       : inv: DayZPlayerImplement::OnItemInHandsChanged: 
SCRIPT       : inv: DayZPlayerImplement::OnItemInHandsChanged: 
SCRIPT       : Saving stats in version: 106
SCRIPT       : SAVE CHECKSUM:2065646061
SCRIPT       : [action] SurvivorM_Peter:01 started FirearmActionMechanicManipulate<2e9626e0> item=M4A1:011984
SCRIPT       : [action] SurvivorM_Peter:01 end FirearmActionMechanicManipulate<2e9626e0> item=M4A1:011984
SCRIPT       : [action] SurvivorM_Peter:01 started FirearmActionMechanicManipulate<2e9626e0> item=M4A1:011984
SCRIPT       : [action] SurvivorM_Peter:01 end FirearmActionMechanicManipulate<2e9626e0> item=M4A1:011984
SCRIPT       : inv: DayZPlayerImplement::OnItemInHandsChanged: 
SCRIPT       : inv: DayZPlayerImplement::OnItemInHandsChanged: 
SCRIPT       : [action] SurvivorM_Peter:01 started FirearmActionMechanicManipulate<2e9626e0> item=M4A1:012002
SCRIPT       : [action] SurvivorM_Peter:01 end FirearmActionMechanicManipulate<2e9626e0> item=M4A1:012002
SCRIPT       : [action] SurvivorM_Peter:01 started FirearmActionMechanicManipulate<2e9626e0> item=M4A1:012002
SCRIPT       : [action] SurvivorM_Peter:01 end FirearmActionMechanicManipulate<2e9626e0> item=M4A1:012002
SCRIPT       : [action] SurvivorM_Peter:01 started FirearmActionMechanicManipulate<2e9626e0> item=M4A1:012002
SCRIPT       : [action] SurvivorM_Peter:01 end FirearmActionMechanicManipulate<2e9626e0> item=M4A1:012002
SCRIPT       : [action] SurvivorM_Peter:01 started FirearmActionMechanicManipulate<2e9626e0> item=M4A1:012002
SCRIPT       : [action] SurvivorM_Peter:01 end FirearmActionMechanicManipulate<2e9626e0> item=M4A1:012002
SCRIPT       : inv: DayZPlayerImplement::OnItemInHandsChanged: 
SCRIPT       : inv: DayZPlayerImplement::OnItemInHandsChanged: 
SCRIPT       : [action] SurvivorM_Peter:01 started FirearmActionMechanicManipulate<2e9626e0> item=M4A1:012013
SCRIPT       : [action] SurvivorM_Peter:01 end FirearmActionMechanicManipulate<2e9626e0> item=M4A1:012013
SCRIPT       : [action] SurvivorM_Peter:01 started FirearmActionMechanicManipulate<2e9626e0> item=M4A1:012013
SCRIPT       : [action] SurvivorM_Peter:01 end FirearmActionMechanicManipulate<2e9626e0> item=M4A1:012013
SCRIPT       : inv: DayZPlayerImplement::OnItemInHandsChanged: 
SCRIPT       : inv: DayZPlayerImplement::OnItemInHandsChanged: 
SCRIPT       : [action] SurvivorM_Peter:01 started FirearmActionMechanicManipulate<2e9626e0> item=M4A1:011993
SCRIPT       : [action] SurvivorM_Peter:01 end FirearmActionMechanicManipulate<2e9626e0> item=M4A1:011993
SCRIPT       : [action] SurvivorM_Peter:01 started FirearmActionMechanicManipulate<2e9626e0> item=M4A1:011993
SCRIPT       : [action] SurvivorM_Peter:01 end FirearmActionMechanicManipulate<2e9626e0> item=M4A1:011993
SCRIPT       : inv: DayZPlayerImplement::OnItemInHandsChanged: 
SCRIPT       : inv: DayZPlayerImplement::OnItemInHandsChanged: 
SCRIPT       : [action] SurvivorM_Peter:01 started ActionEmptyMagazine<2e8140f0> item=Mag_STANAG_30Rnd:012047
SCRIPT       : OnStartAnimationLoop
SCRIPT       : string s =    'Interupt in actionbase called - server'
SCRIPT       : string s =    'ActionBase.c | ActionBaseCB | OnFinish called : true'
SCRIPT       : [action] SurvivorM_Peter:01 end ActionEmptyMagazine<2e8140f0> item=Mag_STANAG_30Rnd:012047
SCRIPT       : inv: DayZPlayerImplement::OnItemInHandsChanged: 
SCRIPT       : inv: DayZPlayerImplement::OnItemInHandsChanged: 
SCRIPT       : [action] SurvivorM_Peter:01 started ActionEmptyMagazine<2e8140f0> item=Mag_STANAG_30Rnd:012006
SCRIPT       : OnStartAnimationLoop
SCRIPT       : string s =    'Interupt in actionbase called - server'
SCRIPT       : string s =    'ActionBase.c | ActionBaseCB | OnFinish called : true'
SCRIPT       : [action] SurvivorM_Peter:01 end ActionEmptyMagazine<2e8140f0> item=Mag_STANAG_30Rnd:012006
SCRIPT       : inv: DayZPlayerImplement::OnItemInHandsChanged: 
SCRIPT       : inv: DayZPlayerImplement::OnItemInHandsChanged: 
SCRIPT       : [action] SurvivorM_Peter:01 started ActionEmptyMagazine<2e8140f0> item=Mag_STANAG_30Rnd:012011
SCRIPT       : OnStartAnimationLoop
SCRIPT       : string s =    'Interupt in actionbase called - server'
SCRIPT       : string s =    'ActionBase.c | ActionBaseCB | OnFinish called : true'
SCRIPT       : [action] SurvivorM_Peter:01 end ActionEmptyMagazine<2e8140f0> item=Mag_STANAG_30Rnd:012011
SCRIPT       : inv: DayZPlayerImplement::OnItemInHandsChanged: 
SCRIPT       : inv: DayZPlayerImplement::OnItemInHandsChanged: 
SCRIPT       : [action] SurvivorM_Peter:01 started ActionEmptyMagazine<2e8140f0> item=Mag_STANAG_30Rnd:012038
SCRIPT       : OnStartAnimationLoop
SCRIPT       : string s =    'Interupt in actionbase called - server'
SCRIPT       : string s =    'ActionBase.c | ActionBaseCB | OnFinish called : true'
SCRIPT       : [action] SurvivorM_Peter:01 end ActionEmptyMagazine<2e8140f0> item=Mag_STANAG_30Rnd:012038
SCRIPT       : inv: DayZPlayerImplement::OnItemInHandsChanged: 
SCRIPT       : inv: DayZPlayerImplement::OnItemInHandsChanged: 
SCRIPT       : [action] SurvivorM_Peter:01 started ActionEmptyMagazine<2e8140f0> item=Mag_STANAG_30Rnd:012022
SCRIPT       : OnStartAnimationLoop
SCRIPT       : Saving stats in version: 106
SCRIPT       : SAVE CHECKSUM:2065646061
SCRIPT       : string s =    'Interupt in actionbase called - server'
SCRIPT       : string s =    'ActionBase.c | ActionBaseCB | OnFinish called : true'
SCRIPT       : [action] SurvivorM_Peter:01 end ActionEmptyMagazine<2e8140f0> item=Mag_STANAG_30Rnd:012022
SCRIPT       : inv: DayZPlayerImplement::OnItemInHandsChanged: 
SCRIPT       : inv: DayZPlayerImplement::OnItemInHandsChanged: 
SCRIPT       : [action] SurvivorM_Peter:01 started ActionEmptyMagazine<2e8140f0> item=Mag_STANAG_30Rnd:011988
SCRIPT       : OnStartAnimationLoop
SCRIPT       : string s =    'Interupt in actionbase called - server'
SCRIPT       : string s =    'ActionBase.c | ActionBaseCB | OnFinish called : true'
SCRIPT       : [action] SurvivorM_Peter:01 end ActionEmptyMagazine<2e8140f0> item=Mag_STANAG_30Rnd:011988
SCRIPT       : inv: DayZPlayerImplement::OnItemInHandsChanged: 
SCRIPT       : inv: DayZPlayerImplement::OnItemInHandsChanged: 
SCRIPT       : [action] SurvivorM_Peter:01 started ActionEmptyMagazine<2e8140f0> item=Mag_STANAG_30Rnd:012017
SCRIPT       : OnStartAnimationLoop
SCRIPT       : string s =    'Interupt in actionbase called - server'
SCRIPT       : string s =    'ActionBase.c | ActionBaseCB | OnFinish called : true'
SCRIPT       : [action] SurvivorM_Peter:01 end ActionEmptyMagazine<2e8140f0> item=Mag_STANAG_30Rnd:012017
SCRIPT       : inv: DayZPlayerImplement::OnItemInHandsChanged: 
SCRIPT       : inv: DayZPlayerImplement::OnItemInHandsChanged: 
SCRIPT       : [action] SurvivorM_Peter:01 started ActionEmptyMagazine<2e8140f0> item=Mag_STANAG_30Rnd:011997
SCRIPT       : OnStartAnimationLoop
SCRIPT       : string s =    'Interupt in actionbase called - server'
SCRIPT       : string s =    'ActionBase.c | ActionBaseCB | OnFinish called : true'
SCRIPT       : [action] SurvivorM_Peter:01 end ActionEmptyMagazine<2e8140f0> item=Mag_STANAG_30Rnd:011997
SCRIPT       : inv: DayZPlayerImplement::OnItemInHandsChanged: 
SCRIPT       : inv: DayZPlayerImplement::OnItemInHandsChanged: 
SCRIPT       : [action] SurvivorM_Peter:01 started ActionLoadMagazine<2e813e70> item=Mag_STANAG_30Rnd:012006
SCRIPT       : OnStartAnimationLoop
SCRIPT       : string s =    'Interupt in actionbase called - server'
SCRIPT       : string s =    'ActionBase.c | ActionBaseCB | OnFinish called : true'
SCRIPT       : [action] SurvivorM_Peter:01 end ActionLoadMagazine<2e813e70> item=Mag_STANAG_30Rnd:012006
SCRIPT       : [action] SurvivorM_Peter:01 started ActionLoadMagazine<2e813e70> item=Mag_STANAG_30Rnd:012006
SCRIPT       : OnStartAnimationLoop
SCRIPT       : string s =    'Interupt in actionbase called - server'
SCRIPT       : string s =    'ActionBase.c | ActionBaseCB | OnFinish called : true'
SCRIPT       : [action] SurvivorM_Peter:01 end ActionLoadMagazine<2e813e70> item=Mag_STANAG_30Rnd:012006
SCRIPT       : Saving stats in version: 106
SCRIPT       : SAVE CHECKSUM:2065646061
SCRIPT       : inv: DayZPlayerImplement::OnItemInHandsChanged: 
SCRIPT       : inv: DayZPlayerImplement::OnItemInHandsChanged: 
SCRIPT       : [action] SurvivorM_Peter:01 started FirearmActionAttachMagazine<2e963ce0> item=M4A1:011993
SCRIPT       : [action] SurvivorM_Peter:01 end FirearmActionAttachMagazine<2e963ce0> item=M4A1:011993
SCRIPT       : [action] SurvivorM_Peter:01 started FirearmActionAttachMagazine<2e963ce0> item=M4A1:011993
SCRIPT       : [action] SurvivorM_Peter:01 end FirearmActionAttachMagazine<2e963ce0> item=M4A1:011993
SCRIPT       : inv: DayZPlayerImplement::OnItemInHandsChanged: 
SCRIPT       : inv: DayZPlayerImplement::OnItemInHandsChanged: 
SCRIPT       : [action] SurvivorM_Peter:01 started FirearmActionAttachMagazine<2e963ce0> item=M4A1:012013
SCRIPT       : [action] SurvivorM_Peter:01 end FirearmActionAttachMagazine<2e963ce0> item=M4A1:012013
SCRIPT       : [action] SurvivorM_Peter:01 started FirearmActionAttachMagazine<2e963ce0> item=M4A1:012013
SCRIPT       : [action] SurvivorM_Peter:01 end FirearmActionAttachMagazine<2e963ce0> item=M4A1:012013
SCRIPT       : inv: DayZPlayerImplement::OnItemInHandsChanged: 
SCRIPT       : inv: DayZPlayerImplement::OnItemInHandsChanged: 
SCRIPT       : [action] SurvivorM_Peter:01 started FirearmActionAttachMagazine<2e963ce0> item=M4A1:012002
SCRIPT       : [action] SurvivorM_Peter:01 end FirearmActionAttachMagazine<2e963ce0> item=M4A1:012002
SCRIPT       : [action] SurvivorM_Peter:01 started FirearmActionAttachMagazine<2e963ce0> item=M4A1:012002
SCRIPT       : [action] SurvivorM_Peter:01 end FirearmActionAttachMagazine<2e963ce0> item=M4A1:012002
SCRIPT       : inv: DayZPlayerImplement::OnItemInHandsChanged: 
SCRIPT       : inv: DayZPlayerImplement::OnItemInHandsChanged: 
SCRIPT       : [action] SurvivorM_Peter:01 started FirearmActionAttachMagazine<2e963ce0> item=M4A1:011984
SCRIPT       : [action] SurvivorM_Peter:01 end FirearmActionAttachMagazine<2e963ce0> item=M4A1:011984
SCRIPT       : [action] SurvivorM_Peter:01 started FirearmActionAttachMagazine<2e963ce0> item=M4A1:011984
SCRIPT       : [action] SurvivorM_Peter:01 end FirearmActionAttachMagazine<2e963ce0> item=M4A1:011984
SCRIPT       : inv: DayZPlayerImplement::OnItemInHandsChanged: 
SCRIPT       : inv: DayZPlayerImplement::OnItemInHandsChanged: 
SCRIPT       : [action] SurvivorM_Peter:01 started FirearmActionAttachMagazine<2e963ce0> item=M4A1:012018
SCRIPT       : [action] SurvivorM_Peter:01 end FirearmActionAttachMagazine<2e963ce0> item=M4A1:012018
SCRIPT       : [action] SurvivorM_Peter:01 started FirearmActionAttachMagazine<2e963ce0> item=M4A1:012018
SCRIPT       : [action] SurvivorM_Peter:01 end FirearmActionAttachMagazine<2e963ce0> item=M4A1:012018
SCRIPT       : inv: DayZPlayerImplement::OnItemInHandsChanged: 
SCRIPT       : inv: DayZPlayerImplement::OnItemInHandsChanged: 
SCRIPT       : [action] SurvivorM_Peter:01 started FirearmActionAttachMagazine<2e963ce0> item=M4A1:012034
SCRIPT       : [action] SurvivorM_Peter:01 end FirearmActionAttachMagazine<2e963ce0> item=M4A1:012034
SCRIPT       : [action] SurvivorM_Peter:01 started FirearmActionAttachMagazine<2e963ce0> item=M4A1:012034
SCRIPT       : [action] SurvivorM_Peter:01 end FirearmActionAttachMagazine<2e963ce0> item=M4A1:012034
SCRIPT       : inv: DayZPlayerImplement::OnItemInHandsChanged: 
SCRIPT       : inv: DayZPlayerImplement::OnItemInHandsChanged: 
SCRIPT       : [action] SurvivorM_Peter:01 started FirearmActionAttachMagazine<2e963ce0> item=M4A1:012007
SCRIPT       : [action] SurvivorM_Peter:01 end FirearmActionAttachMagazine<2e963ce0> item=M4A1:012007
SCRIPT       : [action] SurvivorM_Peter:01 started FirearmActionAttachMagazine<2e963ce0> item=M4A1:012007
SCRIPT       : [action] SurvivorM_Peter:01 end FirearmActionAttachMagazine<2e963ce0> item=M4A1:012007
SCRIPT       : inv: DayZPlayerImplement::OnItemInHandsChanged: 
SCRIPT       : inv: DayZPlayerImplement::OnItemInHandsChanged: 
SCRIPT       : [action] SurvivorM_Peter:01 started FirearmActionAttachMagazine<2e963ce0> item=M4A1:012043
SCRIPT       : [action] SurvivorM_Peter:01 end FirearmActionAttachMagazine<2e963ce0> item=M4A1:012043
SCRIPT       : Saving stats in version: 106
SCRIPT       : SAVE CHECKSUM:2065646061
SCRIPT       : [action] SurvivorM_Peter:01 started FirearmActionAttachMagazine<2e963ce0> item=M4A1:012043
SCRIPT       : [action] SurvivorM_Peter:01 end FirearmActionAttachMagazine<2e963ce0> item=M4A1:012043
SCRIPT       : inv: DayZPlayerImplement::OnItemInHandsChanged: 
SCRIPT       : inv: DayZPlayerImplement::OnItemInHandsChanged: 
SCRIPT       : [action] SurvivorM_Peter:01 started ActionLoadMagazine<2e813e70> item=Mag_STANAG_30Rnd:012006
SCRIPT       : OnStartAnimationLoop
SCRIPT       : string s =    'Interupt in actionbase called - server'
SCRIPT       : string s =    'ActionBase.c | ActionBaseCB | OnFinish called : true'
SCRIPT       : [action] SurvivorM_Peter:01 end ActionLoadMagazine<2e813e70> item=Mag_STANAG_30Rnd:012006
SCRIPT       : inv: DayZPlayerImplement::OnItemInHandsChanged: 
SCRIPT       : inv: DayZPlayerImplement::OnItemInHandsChanged: 
SCRIPT       : [action] SurvivorM_Peter:01 started ActionLoadMagazine<2e813e70> item=Mag_STANAG_30Rnd:011997
SCRIPT       : OnStartAnimationLoop
SCRIPT       : string s =    'Interupt in actionbase called - server'
SCRIPT       : string s =    'ActionBase.c | ActionBaseCB | OnFinish called : true'
SCRIPT       : [action] SurvivorM_Peter:01 end ActionLoadMagazine<2e813e70> item=Mag_STANAG_30Rnd:011997
SCRIPT       : [action] SurvivorM_Peter:01 started ActionLoadMagazine<2e813e70> item=Mag_STANAG_30Rnd:011997
SCRIPT       : OnStartAnimationLoop
SCRIPT       : string s =    'Interupt in actionbase called - server'
SCRIPT       : string s =    'ActionBase.c | ActionBaseCB | OnFinish called : true'
SCRIPT       : [action] SurvivorM_Peter:01 end ActionLoadMagazine<2e813e70> item=Mag_STANAG_30Rnd:011997
SCRIPT       : inv: DayZPlayerImplement::OnItemInHandsChanged: 
SCRIPT       : inv: DayZPlayerImplement::OnItemInHandsChanged: 
SCRIPT       : [action] SurvivorM_Peter:01 started ActionLoadMagazine<2e813e70> item=Mag_STANAG_30Rnd:012017
SCRIPT       : OnStartAnimationLoop
SCRIPT       : string s =    'Interupt in actionbase called - server'
SCRIPT       : string s =    'ActionBase.c | ActionBaseCB | OnFinish called : true'
SCRIPT       : [action] SurvivorM_Peter:01 end ActionLoadMagazine<2e813e70> item=Mag_STANAG_30Rnd:012017
SCRIPT       : [action] SurvivorM_Peter:01 started ActionLoadMagazine<2e813e70> item=Mag_STANAG_30Rnd:012017
SCRIPT       : OnStartAnimationLoop
SCRIPT       : string s =    'Interupt in actionbase called - server'
SCRIPT       : string s =    'ActionBase.c | ActionBaseCB | OnFinish called : true'
SCRIPT       : [action] SurvivorM_Peter:01 end ActionLoadMagazine<2e813e70> item=Mag_STANAG_30Rnd:012017
SCRIPT       : inv: DayZPlayerImplement::OnItemInHandsChanged: 
SCRIPT       : inv: DayZPlayerImplement::OnItemInHandsChanged: 
SCRIPT       : [action] SurvivorM_Peter:01 started ActionLoadMagazine<2e813e70> item=Mag_STANAG_30Rnd:011988
SCRIPT       : OnStartAnimationLoop
SCRIPT       : Saving stats in version: 106
SCRIPT       : SAVE CHECKSUM:2065646061
SCRIPT       : string s =    'Interupt in actionbase called - server'
SCRIPT       : string s =    'ActionBase.c | ActionBaseCB | OnFinish called : true'
SCRIPT       : [action] SurvivorM_Peter:01 end ActionLoadMagazine<2e813e70> item=Mag_STANAG_30Rnd:011988
SCRIPT       : [action] SurvivorM_Peter:01 started ActionLoadMagazine<2e813e70> item=Mag_STANAG_30Rnd:011988
SCRIPT       : OnStartAnimationLoop
SCRIPT       : string s =    'Interupt in actionbase called - server'
SCRIPT       : string s =    'ActionBase.c | ActionBaseCB | OnFinish called : true'
SCRIPT       : [action] SurvivorM_Peter:01 end ActionLoadMagazine<2e813e70> item=Mag_STANAG_30Rnd:011988
SCRIPT       : inv: DayZPlayerImplement::OnItemInHandsChanged: 
SCRIPT       : inv: DayZPlayerImplement::OnItemInHandsChanged: 
SCRIPT       : [action] SurvivorM_Peter:01 started ActionLoadMagazine<2e813e70> item=Mag_STANAG_30Rnd:012022
SCRIPT       : OnStartAnimationLoop
SCRIPT       : string s =    'Interupt in actionbase called - server'
SCRIPT       : string s =    'ActionBase.c | ActionBaseCB | OnFinish called : true'
SCRIPT       : [action] SurvivorM_Peter:01 end ActionLoadMagazine<2e813e70> item=Mag_STANAG_30Rnd:012022
SCRIPT       : [action] SurvivorM_Peter:01 started ActionLoadMagazine<2e813e70> item=Mag_STANAG_30Rnd:012022
SCRIPT       : OnStartAnimationLoop
SCRIPT       : string s =    'Interupt in actionbase called - server'
SCRIPT       : string s =    'ActionBase.c | ActionBaseCB | OnFinish called : true'
SCRIPT       : [action] SurvivorM_Peter:01 end ActionLoadMagazine<2e813e70> item=Mag_STANAG_30Rnd:012022
SCRIPT       : inv: DayZPlayerImplement::OnItemInHandsChanged: 
SCRIPT       : inv: DayZPlayerImplement::OnItemInHandsChanged: 
SCRIPT       : [action] SurvivorM_Peter:01 started ActionLoadMagazine<2e813e70> item=Mag_STANAG_30Rnd:012038
SCRIPT       : OnStartAnimationLoop
SCRIPT       : string s =    'Interupt in actionbase called - server'
SCRIPT       : string s =    'ActionBase.c | ActionBaseCB | OnFinish called : true'
SCRIPT       : [action] SurvivorM_Peter:01 end ActionLoadMagazine<2e813e70> item=Mag_STANAG_30Rnd:012038
SCRIPT       : [action] SurvivorM_Peter:01 started ActionLoadMagazine<2e813e70> item=Mag_STANAG_30Rnd:012038
SCRIPT       : OnStartAnimationLoop
SCRIPT       : string s =    'Interupt in actionbase called - server'
SCRIPT       : string s =    'ActionBase.c | ActionBaseCB | OnFinish called : true'
SCRIPT       : [action] SurvivorM_Peter:01 end ActionLoadMagazine<2e813e70> item=Mag_STANAG_30Rnd:012038
SCRIPT       : inv: DayZPlayerImplement::OnItemInHandsChanged: 
SCRIPT       : inv: DayZPlayerImplement::OnItemInHandsChanged: 
SCRIPT       : [action] SurvivorM_Peter:01 started ActionLoadMagazine<2e813e70> item=Mag_STANAG_30Rnd:012047
SCRIPT       : OnStartAnimationLoop
SCRIPT       : string s =    'Interupt in actionbase called - server'
SCRIPT       : string s =    'ActionBase.c | ActionBaseCB | OnFinish called : true'
SCRIPT       : [action] SurvivorM_Peter:01 end ActionLoadMagazine<2e813e70> item=Mag_STANAG_30Rnd:012047
SCRIPT       : [action] SurvivorM_Peter:01 started ActionLoadMagazine<2e813e70> item=Mag_STANAG_30Rnd:012047
SCRIPT       : OnStartAnimationLoop
SCRIPT       : string s =    'Interupt in actionbase called - server'
SCRIPT       : string s =    'ActionBase.c | ActionBaseCB | OnFinish called : true'
SCRIPT       : [action] SurvivorM_Peter:01 end ActionLoadMagazine<2e813e70> item=Mag_STANAG_30Rnd:012047
SCRIPT       : inv: DayZPlayerImplement::OnItemInHandsChanged: 
SCRIPT       : inv: DayZPlayerImplement::OnItemInHandsChanged: 
SCRIPT       : [action] SurvivorM_Peter:01 started ActionLoadMagazine<2e813e70> item=Mag_STANAG_30Rnd:012011
SCRIPT       : OnStartAnimationLoop
SCRIPT       : string s =    'Interupt in actionbase called - server'
SCRIPT       : string s =    'ActionBase.c | ActionBaseCB | OnFinish called : true'
SCRIPT       : [action] SurvivorM_Peter:01 end ActionLoadMagazine<2e813e70> item=Mag_STANAG_30Rnd:012011
SCRIPT       : Saving stats in version: 106
SCRIPT       : SAVE CHECKSUM:2065646061
SCRIPT       : [action] SurvivorM_Peter:01 started ActionLoadMagazine<2e813e70> item=Mag_STANAG_30Rnd:012011
SCRIPT       : OnStartAnimationLoop
SCRIPT       : string s =    'Interupt in actionbase called - server'
SCRIPT       : string s =    'ActionBase.c | ActionBaseCB | OnFinish called : true'
SCRIPT       : [action] SurvivorM_Peter:01 end ActionLoadMagazine<2e813e70> item=Mag_STANAG_30Rnd:012011
SCRIPT       : inv: DayZPlayerImplement::OnItemInHandsChanged: 
SCRIPT       : [action] SurvivorM_Peter:01 end ActionDropItemSimple<2e811a30> item=Ammo_556x45Tracer:019126
SCRIPT       : [action] SurvivorM_Peter:01 end ActionDropItemSimple<2e811a30> item=Ammo_556x45Tracer:012094
SCRIPT       : [action] SurvivorM_Peter:01 end ActionDropItemSimple<2e811a30> item=Ammo_556x45Tracer:026455
SCRIPT       : [Logout]: New player BvAfWEwkf1BS22gq16ncvW4M3Ycn_607DPSKzJe9pnU= with logout time 15
SCRIPT       : [emote] SurvivorM_Peter:01 play emote id=14 IH=null
SCRIPT       : [Logout]: Player BvAfWEwkf1BS22gq16ncvW4M3Ycn_607DPSKzJe9pnU= finished
SCRIPT       : Saving stats in version: 106
SCRIPT       : SAVE CHECKSUM:2065646061
