---------------------------------------------
Log C:\Program Files (x86)\Steam\steamapps\common\DayZServer\ServerProfile\script_2020-07-11_07-40-39.log started at 11.07. 07:40:40

SCRIPT       : Registered 220 temporary action enum(s), UAN==220
SCRIPT       : CreateGame()
SCRIPT       : ... Backlit Effects Enabled
SCRIPT    (W): @"$CurrentDir:mpmissions\dayzOffline.chernarusplus\init.c,102": Unsafe down-casting, use 'EntityAI.Cast' for safe down-casting
SCRIPT       : childCount:34
SCRIPT       : AnimSoundObjectBuilderBank: Invalid sound set "generalgrunt_SoundVoice_Char_SoundSet".
SCRIPT       : AnimSoundObjectBuilderBank: Invalid sound set "greathelmet_generalgrunt_SoundVoice_Char_SoundSet".
SCRIPT       : AnimSoundObjectBuilderBank: Invalid sound set "Gasmask_generalgrunt_SoundVoice_Char_SoundSet".
SCRIPT       : AnimSoundObjectBuilderBank: Invalid sound set "Motohelmet_generalgrunt_SoundVoice_Char_SoundSet".
SCRIPT       : AnimSoundObjectBuilderBank: Invalid sound set "Gag_generalgrunt_SoundVoice_Char_SoundSet".
SCRIPT       : inv: DayZPlayerImplement::OnItemInHandsChanged: 
SCRIPT    (E): NULL pointer to instance
Class:      'CustomMission'
Function: 'StartingEquipSetup'
Stack trace:
$CurrentDir:mpmissions\dayzOffline.chernarusplus\init.c:100
scripts/5_Mission/mission\missionserver.c:379
scripts/5_Mission/mission\missionserver.c:405
scripts/5_Mission/mission\missionserver.c:164
scripts/3_Game/dayzgame.c:1293
SCRIPT       : Saving stats in version: 106
SCRIPT       : SAVE CHECKSUM:2065646061
SCRIPT       : [action] SurvivorM_Peter:01 started ActionOpenCarDoors<a02c9590> item=null
SCRIPT       : string s =    'ActionBase.c | ActionBaseCB | OnFinish called : false'
SCRIPT       : [action] SurvivorM_Peter:01 end ActionOpenCarDoors<a02c9590> item=null
SCRIPT       : [action] SurvivorM_Peter:01 started ActionGetInTransport<9fb44bf0> item=Colt1911:027619
SCRIPT       : OnVehicleSeatDriverEnter
SCRIPT       : [action] SurvivorM_Peter:01 end ActionGetInTransport<9fb44bf0> item=Colt1911:027619
SCRIPT       : [action] SurvivorM_Peter:01 started ActionCloseCarDoors<a02c9c10> item=null
SCRIPT       : string s =    'ActionBase.c | ActionBaseCB | OnFinish called : false'
SCRIPT       : [action] SurvivorM_Peter:01 end ActionCloseCarDoors<a02c9c10> item=null
SCRIPT       : [action] SurvivorM_Peter:01 started ActionStartEngine<9ff25160> item=Colt1911:027619
SCRIPT       : OnStartAnimationLoop
SCRIPT       : string s =    'ActionBase.c | ActionBaseCB | OnFinish called : false'
SCRIPT       : [action] SurvivorM_Peter:01 end ActionStartEngine<9ff25160> item=Colt1911:027619
SCRIPT       : [Logout]: New player BvAfWEwkf1BS22gq16ncvW4M3Ycn_607DPSKzJe9pnU= with logout time 15
SCRIPT       : [Logout]: Player BvAfWEwkf1BS22gq16ncvW4M3Ycn_607DPSKzJe9pnU= finished
SCRIPT       : Saving stats in version: 106
SCRIPT       : SAVE CHECKSUM:2065646061
SCRIPT       : ********* LoadStats loading version: 106
SCRIPT       : LOAD checksum:2065646061
SCRIPT       : ---- PlayerBase OnStoreLoad SUCCESS ----
SCRIPT       : inv: DayZPlayerImplement::OnItemInHandsChanged: 
SCRIPT       : [action] SurvivorM_Peter:01 started FirearmActionAttachMagazine<9fb45070> item=Colt1911:027620
SCRIPT       : [action] SurvivorM_Peter:01 end FirearmActionAttachMagazine<9fb45070> item=Colt1911:027620
SCRIPT       : [emote] SurvivorM_Peter:01 play emote id=11 IH=Colt1911:027620
SCRIPT       : SurvivorM_Peter:01 STS=1568 event EEKilled, player has died at STS=1568
SCRIPT       : EEKilled - processing corpse
SCRIPT       : inv: DayZPlayerImplement::OnItemInHandsChanged: 
SCRIPT       : inv: DayZPlayerImplement::OnItemInHandsChanged - human not alive! calling ResetWeaponInHands
SCRIPT       : [Logout]: New player BvAfWEwkf1BS22gq16ncvW4M3Ycn_607DPSKzJe9pnU= with instant logout
SCRIPT       : [Logout]: Player BvAfWEwkf1BS22gq16ncvW4M3Ycn_607DPSKzJe9pnU= finished
SCRIPT       : inv: DayZPlayerImplement::OnItemInHandsChanged: 
SCRIPT    (E): NULL pointer to instance
Class:      'CustomMission'
Function: 'StartingEquipSetup'
Stack trace:
$CurrentDir:mpmissions\dayzOffline.chernarusplus\init.c:100
scripts/5_Mission/mission\missionserver.c:379
scripts/5_Mission/mission\missionserver.c:405
scripts/5_Mission/mission\missionserver.c:164
scripts/3_Game/dayzgame.c:1293
SCRIPT       : Saving stats in version: 106
SCRIPT       : SAVE CHECKSUM:2065646061
SCRIPT       : [action] SurvivorM_Peter:02 started FirearmActionAttachMagazine<9fb45070> item=Colt1911:06618
SCRIPT       : [action] SurvivorM_Peter:02 end FirearmActionAttachMagazine<9fb45070> item=Colt1911:06618
SCRIPT       : inv: DayZPlayerImplement::OnItemInHandsChanged: 
SCRIPT       : Saving stats in version: 106
SCRIPT       : SAVE CHECKSUM:2065646061
SCRIPT       : [action] SurvivorM_Peter:02 started ActionOpenCarDoors<a02c9590> item=null
SCRIPT       : string s =    'ActionBase.c | ActionBaseCB | OnFinish called : false'
SCRIPT       : [action] SurvivorM_Peter:02 end ActionOpenCarDoors<a02c9590> item=null
SCRIPT       : [action] SurvivorM_Peter:02 started ActionGetInTransport<9fb44bf0> item=null
SCRIPT       : OnVehicleSeatDriverEnter
SCRIPT       : [action] SurvivorM_Peter:02 end ActionGetInTransport<9fb44bf0> item=null
SCRIPT       : [action] SurvivorM_Peter:02 started ActionCloseCarDoors<a02c9c10> item=null
SCRIPT       : string s =    'ActionBase.c | ActionBaseCB | OnFinish called : false'
SCRIPT       : [action] SurvivorM_Peter:02 end ActionCloseCarDoors<a02c9c10> item=null
SCRIPT       : [action] SurvivorM_Peter:02 started ActionStartEngine<9ff25160> item=null
SCRIPT       : OnStartAnimationLoop
SCRIPT       : string s =    'ActionBase.c | ActionBaseCB | OnFinish called : false'
SCRIPT       : [action] SurvivorM_Peter:02 end ActionStartEngine<9ff25160> item=null
SCRIPT       : [action] SurvivorM_Peter:02 started ActionOpenCarDoors<a02c9590> item=null
SCRIPT       : string s =    'ActionBase.c | ActionBaseCB | OnFinish called : false'
SCRIPT       : [action] SurvivorM_Peter:02 end ActionOpenCarDoors<a02c9590> item=null
SCRIPT       : [action] SurvivorM_Peter:02 started ActionCloseCarDoors<a02c9c10> item=null
SCRIPT       : string s =    'ActionBase.c | ActionBaseCB | OnFinish called : false'
SCRIPT       : [action] SurvivorM_Peter:02 end ActionCloseCarDoors<a02c9c10> item=null
SCRIPT       : [action] SurvivorM_Peter:02 started ActionSwitchLights<a01ed430> item=null
SCRIPT       : string s =    'ActionBase.c | ActionBaseCB | OnFinish called : false'
SCRIPT       : [action] SurvivorM_Peter:02 end ActionSwitchLights<a01ed430> item=null
SCRIPT       : [action] SurvivorM_Peter:02 started ActionOpenCarDoors<a02c9590> item=null
SCRIPT       : string s =    'ActionBase.c | ActionBaseCB | OnFinish called : false'
SCRIPT       : [action] SurvivorM_Peter:02 end ActionOpenCarDoors<a02c9590> item=null
SCRIPT       : [action] SurvivorM_Peter:02 started ActionGetOutTransport<a01ebdb0> item=null
SCRIPT       : string s =    'ActionBase.c | ActionBaseCB | OnFinish called : false'
SCRIPT       : [action] SurvivorM_Peter:02 end ActionGetOutTransport<a01ebdb0> item=null
SCRIPT       : OnVehicleSeatDriverLeft
SCRIPT       : [Logout]: New player BvAfWEwkf1BS22gq16ncvW4M3Ycn_607DPSKzJe9pnU= with logout time 15
SCRIPT       : [emote] SurvivorM_Peter:02 play emote id=14 IH=null
SCRIPT       : [Logout]: Player BvAfWEwkf1BS22gq16ncvW4M3Ycn_607DPSKzJe9pnU= finished
SCRIPT       : Saving stats in version: 106
SCRIPT       : SAVE CHECKSUM:2065646061
SCRIPT       : ~DayZGame()
