---------------------------------------------
Log C:\Program Files (x86)\Steam\steamapps\common\DayZServer\ServerProfile\script_2020-07-11_08-18-37.log started at 11.07. 08:18:37

SCRIPT       : Registered 220 temporary action enum(s), UAN==220
SCRIPT       : CreateGame()
SCRIPT       : ... Backlit Effects Enabled
SCRIPT    (W): @"$CurrentDir:mpmissions\dayzOffline.chernarusplus\init.c,101": Unsafe down-casting, use 'EntityAI.Cast' for safe down-casting
SCRIPT       : childCount:34
SCRIPT       : AnimSoundObjectBuilderBank: Invalid sound set "generalgrunt_SoundVoice_Char_SoundSet".
SCRIPT       : AnimSoundObjectBuilderBank: Invalid sound set "greathelmet_generalgrunt_SoundVoice_Char_SoundSet".
SCRIPT       : AnimSoundObjectBuilderBank: Invalid sound set "Gasmask_generalgrunt_SoundVoice_Char_SoundSet".
SCRIPT       : AnimSoundObjectBuilderBank: Invalid sound set "Motohelmet_generalgrunt_SoundVoice_Char_SoundSet".
SCRIPT       : AnimSoundObjectBuilderBank: Invalid sound set "Gag_generalgrunt_SoundVoice_Char_SoundSet".
SCRIPT       : inv: DayZPlayerImplement::OnItemInHandsChanged: 
SCRIPT    (E): NULL pointer to instance
Class:      'CustomMission'
Function: 'StartingEquipSetup'
Stack trace:
$CurrentDir:mpmissions\dayzOffline.chernarusplus\init.c:99
scripts/5_Mission/mission\missionserver.c:379
scripts/5_Mission/mission\missionserver.c:405
scripts/5_Mission/mission\missionserver.c:164
scripts/3_Game/dayzgame.c:1293
SCRIPT       : [action] SurvivorM_Peter:01 started FirearmActionAttachMagazine<52d1c630> item=Colt1911:027781
SCRIPT       : [action] SurvivorM_Peter:01 end FirearmActionAttachMagazine<52d1c630> item=Colt1911:027781
SCRIPT       : inv: DayZPlayerImplement::OnItemInHandsChanged: 
SCRIPT       : [action] SurvivorM_Peter:01 started ActionOpenCarDoors<9ac08cf0> item=null
SCRIPT       : string s =    'ActionBase.c | ActionBaseCB | OnFinish called : false'
SCRIPT       : [action] SurvivorM_Peter:01 end ActionOpenCarDoors<9ac08cf0> item=null
SCRIPT       : [action] SurvivorM_Peter:01 started ActionGetInTransport<52d1ceb0> item=null
SCRIPT       : OnVehicleSeatDriverEnter
SCRIPT       : [action] SurvivorM_Peter:01 end ActionGetInTransport<52d1ceb0> item=null
SCRIPT       : [action] SurvivorM_Peter:01 started ActionCloseCarDoors<9ac06ad0> item=null
SCRIPT       : string s =    'ActionBase.c | ActionBaseCB | OnFinish called : false'
SCRIPT       : [action] SurvivorM_Peter:01 end ActionCloseCarDoors<9ac06ad0> item=null
SCRIPT       : [action] SurvivorM_Peter:01 started ActionStartEngine<8d9ecf00> item=null
SCRIPT       : OnStartAnimationLoop
SCRIPT       : string s =    'ActionBase.c | ActionBaseCB | OnFinish called : false'
SCRIPT       : [action] SurvivorM_Peter:01 end ActionStartEngine<8d9ecf00> item=null
SCRIPT       : Saving stats in version: 106
SCRIPT       : SAVE CHECKSUM:2065646061
SCRIPT       : [action] SurvivorM_Peter:01 started ActionStopEngine<73e50a70> item=null
SCRIPT       : string s =    'ActionBase.c | ActionBaseCB | OnFinish called : false'
SCRIPT       : [action] SurvivorM_Peter:01 end ActionStopEngine<73e50a70> item=null
SCRIPT       : [action] SurvivorM_Peter:01 started ActionOpenCarDoors<9ac08cf0> item=null
SCRIPT       : string s =    'ActionBase.c | ActionBaseCB | OnFinish called : false'
SCRIPT       : [action] SurvivorM_Peter:01 end ActionOpenCarDoors<9ac08cf0> item=null
SCRIPT       : [action] SurvivorM_Peter:01 started ActionGetOutTransport<9ae81ca0> item=null
SCRIPT       : string s =    'ActionBase.c | ActionBaseCB | OnFinish called : false'
SCRIPT       : [action] SurvivorM_Peter:01 end ActionGetOutTransport<9ae81ca0> item=null
SCRIPT       : OnVehicleSeatDriverLeft
SCRIPT       : [action] SurvivorM_Peter:01 started ActionOpenDoors<9ae82ec0> item=null
SCRIPT       : string s =    'ActionBase.c | ActionBaseCB | OnFinish called : false'
SCRIPT       : [action] SurvivorM_Peter:01 end ActionOpenDoors<9ae82ec0> item=null
SCRIPT       : [action] SurvivorM_Peter:01 started ActionOpenDoors<9ae82ec0> item=null
SCRIPT       : string s =    'ActionBase.c | ActionBaseCB | OnFinish called : true'
SCRIPT       : [action] SurvivorM_Peter:01 end ActionOpenDoors<9ae82ec0> item=null
SCRIPT       : [action] SurvivorM_Peter:01 started ActionOpenDoors<9ae82ec0> item=null
SCRIPT       : string s =    'ActionBase.c | ActionBaseCB | OnFinish called : false'
SCRIPT       : [action] SurvivorM_Peter:01 end ActionOpenDoors<9ae82ec0> item=null
SCRIPT       : [action] SurvivorM_Peter:01 started ActionOpenDoors<9ae82ec0> item=null
SCRIPT       : string s =    'ActionBase.c | ActionBaseCB | OnFinish called : false'
SCRIPT       : [action] SurvivorM_Peter:01 end ActionOpenDoors<9ae82ec0> item=null
SCRIPT       : [action] SurvivorM_Peter:01 started ActionGetInTransport<52d1ceb0> item=null
SCRIPT       : OnVehicleSeatDriverEnter
SCRIPT       : [action] SurvivorM_Peter:01 end ActionGetInTransport<52d1ceb0> item=null
SCRIPT       : [action] SurvivorM_Peter:01 started ActionCloseCarDoors<9ac06ad0> item=null
SCRIPT       : string s =    'ActionBase.c | ActionBaseCB | OnFinish called : false'
SCRIPT       : [action] SurvivorM_Peter:01 end ActionCloseCarDoors<9ac06ad0> item=null
SCRIPT       : [action] SurvivorM_Peter:01 started ActionStartEngine<8d9ecf00> item=null
SCRIPT       : OnStartAnimationLoop
SCRIPT       : string s =    'ActionBase.c | ActionBaseCB | OnFinish called : false'
SCRIPT       : [action] SurvivorM_Peter:01 end ActionStartEngine<8d9ecf00> item=null
SCRIPT       : [action] SurvivorM_Peter:01 started ActionStopEngine<73e50a70> item=null
SCRIPT       : string s =    'ActionBase.c | ActionBaseCB | OnFinish called : false'
SCRIPT       : [action] SurvivorM_Peter:01 end ActionStopEngine<73e50a70> item=null
SCRIPT       : [action] SurvivorM_Peter:01 started ActionOpenCarDoors<9ac08cf0> item=null
SCRIPT       : string s =    'ActionBase.c | ActionBaseCB | OnFinish called : false'
SCRIPT       : [action] SurvivorM_Peter:01 end ActionOpenCarDoors<9ac08cf0> item=null
SCRIPT       : [action] SurvivorM_Peter:01 started ActionGetOutTransport<9ae81ca0> item=null
SCRIPT       : string s =    'ActionBase.c | ActionBaseCB | OnFinish called : false'
SCRIPT       : [action] SurvivorM_Peter:01 end ActionGetOutTransport<9ae81ca0> item=null
SCRIPT       : OnVehicleSeatDriverLeft
SCRIPT       : [action] SurvivorM_Peter:01 started ActionOpenDoors<9ae82ec0> item=null
SCRIPT       : string s =    'ActionBase.c | ActionBaseCB | OnFinish called : false'
SCRIPT       : [action] SurvivorM_Peter:01 end ActionOpenDoors<9ae82ec0> item=null
SCRIPT       : [action] SurvivorM_Peter:01 started ActionOpenDoors<9ae82ec0> item=null
SCRIPT       : string s =    'ActionBase.c | ActionBaseCB | OnFinish called : false'
SCRIPT       : [action] SurvivorM_Peter:01 end ActionOpenDoors<9ae82ec0> item=null
SCRIPT       : [action] SurvivorM_Peter:01 started ActionGetInTransport<52d1ceb0> item=null
SCRIPT       : OnVehicleSeatDriverEnter
SCRIPT       : [action] SurvivorM_Peter:01 end ActionGetInTransport<52d1ceb0> item=null
SCRIPT       : [action] SurvivorM_Peter:01 started ActionCloseCarDoors<9ac06ad0> item=null
SCRIPT       : string s =    'ActionBase.c | ActionBaseCB | OnFinish called : false'
SCRIPT       : [action] SurvivorM_Peter:01 end ActionCloseCarDoors<9ac06ad0> item=null
SCRIPT       : [action] SurvivorM_Peter:01 started ActionStartEngine<8d9ecf00> item=null
SCRIPT       : OnStartAnimationLoop
SCRIPT       : string s =    'ActionBase.c | ActionBaseCB | OnFinish called : false'
SCRIPT       : [action] SurvivorM_Peter:01 end ActionStartEngine<8d9ecf00> item=null
SCRIPT       : Saving stats in version: 106
SCRIPT       : SAVE CHECKSUM:2065646061
SCRIPT       : [action] SurvivorM_Peter:01 started ActionStopEngine<73e50a70> item=null
SCRIPT       : string s =    'ActionBase.c | ActionBaseCB | OnFinish called : false'
SCRIPT       : [action] SurvivorM_Peter:01 end ActionStopEngine<73e50a70> item=null
SCRIPT       : [action] SurvivorM_Peter:01 started ActionOpenCarDoors<9ac08cf0> item=null
SCRIPT       : string s =    'ActionBase.c | ActionBaseCB | OnFinish called : false'
SCRIPT       : [action] SurvivorM_Peter:01 end ActionOpenCarDoors<9ac08cf0> item=null
SCRIPT       : [action] SurvivorM_Peter:01 started ActionGetOutTransport<9ae81ca0> item=null
SCRIPT       : string s =    'ActionBase.c | ActionBaseCB | OnFinish called : false'
SCRIPT       : [action] SurvivorM_Peter:01 end ActionGetOutTransport<9ae81ca0> item=null
SCRIPT       : OnVehicleSeatDriverLeft
SCRIPT       : [action] SurvivorM_Peter:01 started ActionTakeItem<9ae80e40> item=null
SCRIPT       : string s =    'ActionBase.c | ActionBaseCB | OnFinish called : false'
SCRIPT       : [action] SurvivorM_Peter:01 end ActionTakeItem<9ae80e40> item=null
SCRIPT       : [action] SurvivorM_Peter:01 started ActionCloseCarDoors<9ac06ad0> item=null
SCRIPT       : string s =    'ActionBase.c | ActionBaseCB | OnFinish called : false'
SCRIPT       : [action] SurvivorM_Peter:01 end ActionCloseCarDoors<9ac06ad0> item=null
SCRIPT       : [action] SurvivorM_Peter:01 started ActionOpenCarDoors<9ac08cf0> item=null
SCRIPT       : string s =    'ActionBase.c | ActionBaseCB | OnFinish called : false'
SCRIPT       : [action] SurvivorM_Peter:01 end ActionOpenCarDoors<9ac08cf0> item=null
SCRIPT       : [action] SurvivorM_Peter:01 started ActionGetInTransport<52d1ceb0> item=null
SCRIPT       : OnVehicleSeatDriverEnter
SCRIPT       : [action] SurvivorM_Peter:01 end ActionGetInTransport<52d1ceb0> item=null
SCRIPT       : [action] SurvivorM_Peter:01 started ActionCloseCarDoors<9ac06ad0> item=null
SCRIPT       : string s =    'ActionBase.c | ActionBaseCB | OnFinish called : false'
SCRIPT       : [action] SurvivorM_Peter:01 end ActionCloseCarDoors<9ac06ad0> item=null
SCRIPT       : [action] SurvivorM_Peter:01 started ActionStartEngine<8d9ecf00> item=null
SCRIPT       : OnStartAnimationLoop
SCRIPT       : string s =    'ActionBase.c | ActionBaseCB | OnFinish called : false'
SCRIPT       : [action] SurvivorM_Peter:01 end ActionStartEngine<8d9ecf00> item=null
SCRIPT       : Saving stats in version: 106
SCRIPT       : SAVE CHECKSUM:2065646061
SCRIPT       : [action] SurvivorM_Peter:01 started ActionStopEngine<73e50a70> item=null
SCRIPT       : string s =    'ActionBase.c | ActionBaseCB | OnFinish called : false'
SCRIPT       : [action] SurvivorM_Peter:01 end ActionStopEngine<73e50a70> item=null
SCRIPT       : [action] SurvivorM_Peter:01 started ActionOpenCarDoors<9ac08cf0> item=null
SCRIPT       : string s =    'ActionBase.c | ActionBaseCB | OnFinish called : false'
SCRIPT       : [action] SurvivorM_Peter:01 end ActionOpenCarDoors<9ac08cf0> item=null
SCRIPT       : [action] SurvivorM_Peter:01 started ActionGetOutTransport<9ae81ca0> item=null
SCRIPT       : string s =    'ActionBase.c | ActionBaseCB | OnFinish called : false'
SCRIPT       : [action] SurvivorM_Peter:01 end ActionGetOutTransport<9ae81ca0> item=null
SCRIPT       : OnVehicleSeatDriverLeft
SCRIPT       : [Logout]: New player BvAfWEwkf1BS22gq16ncvW4M3Ycn_607DPSKzJe9pnU= with logout time 15
SCRIPT       : [emote] SurvivorM_Peter:01 play emote id=14 IH=null
SCRIPT       : [Logout]: Player BvAfWEwkf1BS22gq16ncvW4M3Ycn_607DPSKzJe9pnU= finished
SCRIPT       : Saving stats in version: 106
SCRIPT       : SAVE CHECKSUM:2065646061
SCRIPT       : ~DayZGame()
