---------------------------------------------
Log C:\Program Files (x86)\Steam\steamapps\common\DayZServer\ServerProfile\script_2020-07-10_16-21-10.log started at 10.07. 16:21:10

SCRIPT       : Registered 220 temporary action enum(s), UAN==220
SCRIPT       : CreateGame()
SCRIPT       : ... Backlit Effects Enabled
SCRIPT    (W): @"$CurrentDir:mpmissions\dayzOffline.chernarusplus\init.c,102": Unsafe down-casting, use 'EntityAI.Cast' for safe down-casting
SCRIPT       : childCount:34
SCRIPT       : AnimSoundObjectBuilderBank: Invalid sound set "generalgrunt_SoundVoice_Char_SoundSet".
SCRIPT       : AnimSoundObjectBuilderBank: Invalid sound set "greathelmet_generalgrunt_SoundVoice_Char_SoundSet".
SCRIPT       : AnimSoundObjectBuilderBank: Invalid sound set "Gasmask_generalgrunt_SoundVoice_Char_SoundSet".
SCRIPT       : AnimSoundObjectBuilderBank: Invalid sound set "Motohelmet_generalgrunt_SoundVoice_Char_SoundSet".
SCRIPT       : AnimSoundObjectBuilderBank: Invalid sound set "Gag_generalgrunt_SoundVoice_Char_SoundSet".
SCRIPT       : ********* LoadStats loading version: 106
SCRIPT       : LOAD checksum:2065646061
SCRIPT       : ---- PlayerBase OnStoreLoad SUCCESS ----
SCRIPT       : inv: DayZPlayerImplement::OnItemInHandsChanged: 
SCRIPT    (E): NULL pointer to instance
Class:      'CustomMission'
Function: 'StartingEquipSetup'
Stack trace:
$CurrentDir:mpmissions\dayzOffline.chernarusplus\init.c:100
scripts/5_Mission/mission\missionserver.c:370
scripts/5_Mission/mission\missionserver.c:405
scripts/5_Mission/mission\missionserver.c:164
scripts/3_Game/dayzgame.c:1293
SCRIPT       : ********* LoadStats loading version: 106
SCRIPT       : LOAD checksum:2065646061
SCRIPT       : ---- PlayerBase OnStoreLoad SUCCESS ----
SCRIPT       : [action] SurvivorM_Hassan:02 started ActionOpenCarDoors<84742b40> item=null
SCRIPT       : string s =    'ActionBase.c | ActionBaseCB | OnFinish called : false'
SCRIPT       : [action] SurvivorM_Hassan:02 end ActionOpenCarDoors<84742b40> item=null
SCRIPT       : [Logout]: New player BvAfWEwkf1BS22gq16ncvW4M3Ycn_607DPSKzJe9pnU= with logout time 15
SCRIPT       : [emote] SurvivorM_Peter:01 play emote id=14 IH=null
SCRIPT       : [Logout]: New player g2dFRpJHjkFhN2nNo1Kv_jZt_jD5Wo4vMF7lAR14vy4= with logout time 15
SCRIPT       : [emote] SurvivorM_Hassan:02 play emote id=14 IH=Ruger1022:013946
SCRIPT       : [Logout]: New player 7NDJh96K6x1RxBha65ocGyIjcIR-hGhT0OTk52eEsiI= with logout time 15
SCRIPT       : [emote] SurvivorM_Niki:03 play emote id=14 IH=null
SCRIPT       : ~DayZGame()
